[0.015s] Invoking command in '/home/jellyfish/ws_moveit/build/moveit_resources_fanuc_moveit_config': AMENT_PREFIX_PATH=/home/jellyfish/ws_moveit/install/moveit_resources_fanuc_description:${AMENT_PREFIX_PATH} CMAKE_PREFIX_PATH=/home/jellyfish/ws_moveit/install/moveit_resources_fanuc_description:/opt/ros/humble /usr/bin/cmake /home/jellyfish/ws_moveit/src/moveit_resources/fanuc_moveit_config -DCMAKE_BUILD_TYPE=Release -DCMAKE_INSTALL_PREFIX=/home/jellyfish/ws_moveit/install/moveit_resources_fanuc_moveit_config
[0.095s] -- The C compiler identification is GNU 11.4.0
[0.181s] -- The CXX compiler identification is GNU 11.4.0
[0.189s] -- Detecting C compiler ABI info
[0.282s] -- Detecting C compiler ABI info - done
[0.288s] -- Check for working C compiler: /usr/bin/cc - skipped
[0.289s] -- Detecting C compile features
[0.289s] -- Detecting C compile features - done
[0.292s] -- Detecting CXX compiler ABI info
[0.437s] -- Detecting CXX compiler ABI info - done
[0.455s] -- Check for working CXX compiler: /usr/bin/c++ - skipped
[0.456s] -- Detecting CXX compile features
[0.457s] -- Detecting CXX compile features - done
[0.465s] -- Found ament_cmake: 1.3.9 (/opt/ros/humble/share/ament_cmake/cmake)
[0.766s] -- Found Python3: /usr/bin/python3 (found version "3.10.12") found components: Interpreter 
[0.995s] -- Configuring done
[0.998s] -- Generating done
[0.999s] -- Build files have been written to: /home/jellyfish/ws_moveit/build/moveit_resources_fanuc_moveit_config
[1.004s] Invoked command in '/home/jellyfish/ws_moveit/build/moveit_resources_fanuc_moveit_config' returned '0': AMENT_PREFIX_PATH=/home/jellyfish/ws_moveit/install/moveit_resources_fanuc_description:${AMENT_PREFIX_PATH} CMAKE_PREFIX_PATH=/home/jellyfish/ws_moveit/install/moveit_resources_fanuc_description:/opt/ros/humble /usr/bin/cmake /home/jellyfish/ws_moveit/src/moveit_resources/fanuc_moveit_config -DCMAKE_BUILD_TYPE=Release -DCMAKE_INSTALL_PREFIX=/home/jellyfish/ws_moveit/install/moveit_resources_fanuc_moveit_config
[1.007s] Invoking command in '/home/jellyfish/ws_moveit/build/moveit_resources_fanuc_moveit_config': AMENT_PREFIX_PATH=/home/jellyfish/ws_moveit/install/moveit_resources_fanuc_description:${AMENT_PREFIX_PATH} CMAKE_PREFIX_PATH=/home/jellyfish/ws_moveit/install/moveit_resources_fanuc_description:/opt/ros/humble /usr/bin/cmake --build /home/jellyfish/ws_moveit/build/moveit_resources_fanuc_moveit_config -- -j12 -l12
[1.087s] Invoked command in '/home/jellyfish/ws_moveit/build/moveit_resources_fanuc_moveit_config' returned '0': AMENT_PREFIX_PATH=/home/jellyfish/ws_moveit/install/moveit_resources_fanuc_description:${AMENT_PREFIX_PATH} CMAKE_PREFIX_PATH=/home/jellyfish/ws_moveit/install/moveit_resources_fanuc_description:/opt/ros/humble /usr/bin/cmake --build /home/jellyfish/ws_moveit/build/moveit_resources_fanuc_moveit_config -- -j12 -l12
[1.143s] Invoking command in '/home/jellyfish/ws_moveit/build/moveit_resources_fanuc_moveit_config': AMENT_PREFIX_PATH=/home/jellyfish/ws_moveit/install/moveit_resources_fanuc_description:${AMENT_PREFIX_PATH} CMAKE_PREFIX_PATH=/home/jellyfish/ws_moveit/install/moveit_resources_fanuc_description:/opt/ros/humble /usr/bin/cmake --install /home/jellyfish/ws_moveit/build/moveit_resources_fanuc_moveit_config
[1.151s] -- Install configuration: "Release"
[1.151s] -- Installing: /home/jellyfish/ws_moveit/install/moveit_resources_fanuc_moveit_config/share/ament_index/resource_index/package_run_dependencies/moveit_resources_fanuc_moveit_config
[1.152s] -- Installing: /home/jellyfish/ws_moveit/install/moveit_resources_fanuc_moveit_config/share/ament_index/resource_index/parent_prefix_path/moveit_resources_fanuc_moveit_config
[1.152s] -- Installing: /home/jellyfish/ws_moveit/install/moveit_resources_fanuc_moveit_config/share/moveit_resources_fanuc_moveit_config/environment/ament_prefix_path.sh
[1.152s] -- Installing: /home/jellyfish/ws_moveit/install/moveit_resources_fanuc_moveit_config/share/moveit_resources_fanuc_moveit_config/environment/ament_prefix_path.dsv
[1.152s] -- Installing: /home/jellyfish/ws_moveit/install/moveit_resources_fanuc_moveit_config/share/moveit_resources_fanuc_moveit_config/environment/path.sh
[1.152s] -- Installing: /home/jellyfish/ws_moveit/install/moveit_resources_fanuc_moveit_config/share/moveit_resources_fanuc_moveit_config/environment/path.dsv
[1.153s] -- Installing: /home/jellyfish/ws_moveit/install/moveit_resources_fanuc_moveit_config/share/moveit_resources_fanuc_moveit_config/local_setup.bash
[1.153s] -- Installing: /home/jellyfish/ws_moveit/install/moveit_resources_fanuc_moveit_config/share/moveit_resources_fanuc_moveit_config/local_setup.sh
[1.153s] -- Installing: /home/jellyfish/ws_moveit/install/moveit_resources_fanuc_moveit_config/share/moveit_resources_fanuc_moveit_config/local_setup.zsh
[1.153s] -- Installing: /home/jellyfish/ws_moveit/install/moveit_resources_fanuc_moveit_config/share/moveit_resources_fanuc_moveit_config/local_setup.dsv
[1.153s] -- Installing: /home/jellyfish/ws_moveit/install/moveit_resources_fanuc_moveit_config/share/moveit_resources_fanuc_moveit_config/package.dsv
[1.154s] -- Installing: /home/jellyfish/ws_moveit/install/moveit_resources_fanuc_moveit_config/share/ament_index/resource_index/packages/moveit_resources_fanuc_moveit_config
[1.154s] -- Installing: /home/jellyfish/ws_moveit/install/moveit_resources_fanuc_moveit_config/share/moveit_resources_fanuc_moveit_config/cmake/moveit_resources_fanuc_moveit_configConfig.cmake
[1.154s] -- Installing: /home/jellyfish/ws_moveit/install/moveit_resources_fanuc_moveit_config/share/moveit_resources_fanuc_moveit_config/cmake/moveit_resources_fanuc_moveit_configConfig-version.cmake
[1.154s] -- Installing: /home/jellyfish/ws_moveit/install/moveit_resources_fanuc_moveit_config/share/moveit_resources_fanuc_moveit_config/package.xml
[1.154s] -- Installing: /home/jellyfish/ws_moveit/install/moveit_resources_fanuc_moveit_config/share/moveit_resources_fanuc_moveit_config/launch
[1.154s] -- Installing: /home/jellyfish/ws_moveit/install/moveit_resources_fanuc_moveit_config/share/moveit_resources_fanuc_moveit_config/launch/moveit.rviz
[1.154s] -- Installing: /home/jellyfish/ws_moveit/install/moveit_resources_fanuc_moveit_config/share/moveit_resources_fanuc_moveit_config/launch/demo.launch.py
[1.154s] -- Installing: /home/jellyfish/ws_moveit/install/moveit_resources_fanuc_moveit_config/share/moveit_resources_fanuc_moveit_config/config
[1.154s] -- Installing: /home/jellyfish/ws_moveit/install/moveit_resources_fanuc_moveit_config/share/moveit_resources_fanuc_moveit_config/config/fanuc.srdf
[1.154s] -- Installing: /home/jellyfish/ws_moveit/install/moveit_resources_fanuc_moveit_config/share/moveit_resources_fanuc_moveit_config/config/ros2_controllers.yaml
[1.154s] -- Installing: /home/jellyfish/ws_moveit/install/moveit_resources_fanuc_moveit_config/share/moveit_resources_fanuc_moveit_config/config/sensors_3d.yaml
[1.155s] -- Installing: /home/jellyfish/ws_moveit/install/moveit_resources_fanuc_moveit_config/share/moveit_resources_fanuc_moveit_config/config/pilz_cartesian_limits.yaml
[1.155s] -- Installing: /home/jellyfish/ws_moveit/install/moveit_resources_fanuc_moveit_config/share/moveit_resources_fanuc_moveit_config/config/moveit_controllers.yaml
[1.155s] -- Installing: /home/jellyfish/ws_moveit/install/moveit_resources_fanuc_moveit_config/share/moveit_resources_fanuc_moveit_config/config/ompl_planning.yaml
[1.155s] -- Installing: /home/jellyfish/ws_moveit/install/moveit_resources_fanuc_moveit_config/share/moveit_resources_fanuc_moveit_config/config/chomp_planning.yaml
[1.155s] -- Installing: /home/jellyfish/ws_moveit/install/moveit_resources_fanuc_moveit_config/share/moveit_resources_fanuc_moveit_config/config/fanuc.ros2_control.xacro
[1.155s] -- Installing: /home/jellyfish/ws_moveit/install/moveit_resources_fanuc_moveit_config/share/moveit_resources_fanuc_moveit_config/config/initial_positions.yaml
[1.155s] -- Installing: /home/jellyfish/ws_moveit/install/moveit_resources_fanuc_moveit_config/share/moveit_resources_fanuc_moveit_config/config/fanuc.urdf.xacro
[1.155s] -- Installing: /home/jellyfish/ws_moveit/install/moveit_resources_fanuc_moveit_config/share/moveit_resources_fanuc_moveit_config/config/kinematics.yaml
[1.155s] -- Installing: /home/jellyfish/ws_moveit/install/moveit_resources_fanuc_moveit_config/share/moveit_resources_fanuc_moveit_config/config/joint_limits.yaml
[1.156s] -- Installing: /home/jellyfish/ws_moveit/install/moveit_resources_fanuc_moveit_config/share/moveit_resources_fanuc_moveit_config/.setup_assistant
[1.159s] Invoked command in '/home/jellyfish/ws_moveit/build/moveit_resources_fanuc_moveit_config' returned '0': AMENT_PREFIX_PATH=/home/jellyfish/ws_moveit/install/moveit_resources_fanuc_description:${AMENT_PREFIX_PATH} CMAKE_PREFIX_PATH=/home/jellyfish/ws_moveit/install/moveit_resources_fanuc_description:/opt/ros/humble /usr/bin/cmake --install /home/jellyfish/ws_moveit/build/moveit_resources_fanuc_moveit_config
