[0.011s] Invoking command in '/home/jellyfish/ws_moveit/build/moveit_common': CMAKE_PREFIX_PATH=/opt/ros/humble /usr/bin/cmake --build /home/jellyfish/ws_moveit/build/moveit_common -- -j12 -l12
[0.095s] Invoked command in '/home/jellyfish/ws_moveit/build/moveit_common' returned '0': CMAKE_PREFIX_PATH=/opt/ros/humble /usr/bin/cmake --build /home/jellyfish/ws_moveit/build/moveit_common -- -j12 -l12
[0.131s] Invoking command in '/home/jellyfish/ws_moveit/build/moveit_common': CMAKE_PREFIX_PATH=/opt/ros/humble /usr/bin/cmake --install /home/jellyfish/ws_moveit/build/moveit_common
[0.147s] -- Install configuration: "Release"
[0.148s] -- Up-to-date: /home/jellyfish/ws_moveit/install/moveit_common/share/ament_index/resource_index/package_run_dependencies/moveit_common
[0.148s] -- Up-to-date: /home/jellyfish/ws_moveit/install/moveit_common/share/ament_index/resource_index/parent_prefix_path/moveit_common
[0.148s] -- Up-to-date: /home/jellyfish/ws_moveit/install/moveit_common/share/moveit_common/environment/ament_prefix_path.sh
[0.148s] -- Up-to-date: /home/jellyfish/ws_moveit/install/moveit_common/share/moveit_common/environment/ament_prefix_path.dsv
[0.148s] -- Up-to-date: /home/jellyfish/ws_moveit/install/moveit_common/share/moveit_common/environment/path.sh
[0.149s] -- Up-to-date: /home/jellyfish/ws_moveit/install/moveit_common/share/moveit_common/environment/path.dsv
[0.149s] -- Up-to-date: /home/jellyfish/ws_moveit/install/moveit_common/share/moveit_common/local_setup.bash
[0.149s] -- Up-to-date: /home/jellyfish/ws_moveit/install/moveit_common/share/moveit_common/local_setup.sh
[0.149s] -- Up-to-date: /home/jellyfish/ws_moveit/install/moveit_common/share/moveit_common/local_setup.zsh
[0.149s] -- Up-to-date: /home/jellyfish/ws_moveit/install/moveit_common/share/moveit_common/local_setup.dsv
[0.149s] -- Up-to-date: /home/jellyfish/ws_moveit/install/moveit_common/share/moveit_common/package.dsv
[0.149s] -- Up-to-date: /home/jellyfish/ws_moveit/install/moveit_common/share/ament_index/resource_index/packages/moveit_common
[0.149s] -- Up-to-date: /home/jellyfish/ws_moveit/install/moveit_common/share/moveit_common/cmake/moveit_common-extras.cmake
[0.149s] -- Up-to-date: /home/jellyfish/ws_moveit/install/moveit_common/share/moveit_common/cmake/moveit_commonConfig.cmake
[0.150s] -- Up-to-date: /home/jellyfish/ws_moveit/install/moveit_common/share/moveit_common/cmake/moveit_commonConfig-version.cmake
[0.150s] -- Up-to-date: /home/jellyfish/ws_moveit/install/moveit_common/share/moveit_common/package.xml
[0.150s] -- Up-to-date: /home/jellyfish/ws_moveit/install/moveit_common/share/moveit_common/cmake
[0.150s] -- Up-to-date: /home/jellyfish/ws_moveit/install/moveit_common/share/moveit_common/cmake/moveit_package.cmake
[0.151s] Invoked command in '/home/jellyfish/ws_moveit/build/moveit_common' returned '0': CMAKE_PREFIX_PATH=/opt/ros/humble /usr/bin/cmake --install /home/jellyfish/ws_moveit/build/moveit_common
