[0.619s] Invoking command in '/home/jellyfish/ws_moveit/src/moveit2/moveit_configs_utils': AMENT_PREFIX_PATH=/home/jellyfish/ws_moveit/install/srdfdom:/home/jellyfish/ws_moveit/install/launch_param_builder:${AMENT_PREFIX_PATH} CMAKE_PREFIX_PATH=/home/jellyfish/ws_moveit/install/srdfdom LD_LIBRARY_PATH=/home/jellyfish/ws_moveit/install/srdfdom/lib:${LD_LIBRARY_PATH} PYTHONPATH=/home/jellyfish/ws_moveit/build/moveit_configs_utils/prefix_override:/usr/lib/python3/dist-packages/colcon_core/task/python/colcon_distutils_commands:/home/jellyfish/ws_moveit/install/moveit_configs_utils/lib/python3.10/site-packages:/home/jellyfish/ws_moveit/install/srdfdom/local/lib/python3.10/dist-packages:/home/jellyfish/ws_moveit/install/launch_param_builder/lib/python3.10/site-packages:${PYTHONPATH} /usr/bin/python3 -W ignore:setup.py install is deprecated setup.py egg_info --egg-base ../../../build/moveit_configs_utils build --build-base /home/jellyfish/ws_moveit/build/moveit_configs_utils/build install --record /home/jellyfish/ws_moveit/build/moveit_configs_utils/install.log --single-version-externally-managed install_data
[0.833s] running egg_info
[0.833s] creating ../../../build/moveit_configs_utils/moveit_configs_utils.egg-info
[0.833s] writing ../../../build/moveit_configs_utils/moveit_configs_utils.egg-info/PKG-INFO
[0.834s] writing dependency_links to ../../../build/moveit_configs_utils/moveit_configs_utils.egg-info/dependency_links.txt
[0.834s] writing entry points to ../../../build/moveit_configs_utils/moveit_configs_utils.egg-info/entry_points.txt
[0.834s] writing requirements to ../../../build/moveit_configs_utils/moveit_configs_utils.egg-info/requires.txt
[0.834s] writing top-level names to ../../../build/moveit_configs_utils/moveit_configs_utils.egg-info/top_level.txt
[0.835s] writing manifest file '../../../build/moveit_configs_utils/moveit_configs_utils.egg-info/SOURCES.txt'
[0.836s] reading manifest file '../../../build/moveit_configs_utils/moveit_configs_utils.egg-info/SOURCES.txt'
[0.838s] writing manifest file '../../../build/moveit_configs_utils/moveit_configs_utils.egg-info/SOURCES.txt'
[0.838s] running build
[0.838s] running build_py
[0.838s] creating /home/jellyfish/ws_moveit/build/moveit_configs_utils/build
[0.838s] creating /home/jellyfish/ws_moveit/build/moveit_configs_utils/build/lib
[0.839s] creating /home/jellyfish/ws_moveit/build/moveit_configs_utils/build/lib/moveit_configs_utils
[0.839s] copying moveit_configs_utils/__init__.py -> /home/jellyfish/ws_moveit/build/moveit_configs_utils/build/lib/moveit_configs_utils
[0.839s] copying moveit_configs_utils/launch_utils.py -> /home/jellyfish/ws_moveit/build/moveit_configs_utils/build/lib/moveit_configs_utils
[0.839s] copying moveit_configs_utils/launches.py -> /home/jellyfish/ws_moveit/build/moveit_configs_utils/build/lib/moveit_configs_utils
[0.839s] copying moveit_configs_utils/moveit_configs_builder.py -> /home/jellyfish/ws_moveit/build/moveit_configs_utils/build/lib/moveit_configs_utils
[0.840s] creating /home/jellyfish/ws_moveit/build/moveit_configs_utils/build/lib/moveit_configs_utils/substitutions
[0.840s] copying moveit_configs_utils/substitutions/xacro.py -> /home/jellyfish/ws_moveit/build/moveit_configs_utils/build/lib/moveit_configs_utils/substitutions
[0.840s] copying moveit_configs_utils/substitutions/__init__.py -> /home/jellyfish/ws_moveit/build/moveit_configs_utils/build/lib/moveit_configs_utils/substitutions
[0.840s] running install
[0.840s] running install_lib
[0.841s] creating /home/jellyfish/ws_moveit/install/moveit_configs_utils/lib/python3.10/site-packages/moveit_configs_utils
[0.841s] copying /home/jellyfish/ws_moveit/build/moveit_configs_utils/build/lib/moveit_configs_utils/__init__.py -> /home/jellyfish/ws_moveit/install/moveit_configs_utils/lib/python3.10/site-packages/moveit_configs_utils
[0.841s] copying /home/jellyfish/ws_moveit/build/moveit_configs_utils/build/lib/moveit_configs_utils/launch_utils.py -> /home/jellyfish/ws_moveit/install/moveit_configs_utils/lib/python3.10/site-packages/moveit_configs_utils
[0.841s] copying /home/jellyfish/ws_moveit/build/moveit_configs_utils/build/lib/moveit_configs_utils/launches.py -> /home/jellyfish/ws_moveit/install/moveit_configs_utils/lib/python3.10/site-packages/moveit_configs_utils
[0.842s] creating /home/jellyfish/ws_moveit/install/moveit_configs_utils/lib/python3.10/site-packages/moveit_configs_utils/substitutions
[0.842s] copying /home/jellyfish/ws_moveit/build/moveit_configs_utils/build/lib/moveit_configs_utils/substitutions/xacro.py -> /home/jellyfish/ws_moveit/install/moveit_configs_utils/lib/python3.10/site-packages/moveit_configs_utils/substitutions
[0.842s] copying /home/jellyfish/ws_moveit/build/moveit_configs_utils/build/lib/moveit_configs_utils/substitutions/__init__.py -> /home/jellyfish/ws_moveit/install/moveit_configs_utils/lib/python3.10/site-packages/moveit_configs_utils/substitutions
[0.842s] copying /home/jellyfish/ws_moveit/build/moveit_configs_utils/build/lib/moveit_configs_utils/moveit_configs_builder.py -> /home/jellyfish/ws_moveit/install/moveit_configs_utils/lib/python3.10/site-packages/moveit_configs_utils
[0.842s] byte-compiling /home/jellyfish/ws_moveit/install/moveit_configs_utils/lib/python3.10/site-packages/moveit_configs_utils/__init__.py to __init__.cpython-310.pyc
[0.842s] byte-compiling /home/jellyfish/ws_moveit/install/moveit_configs_utils/lib/python3.10/site-packages/moveit_configs_utils/launch_utils.py to launch_utils.cpython-310.pyc
[0.843s] byte-compiling /home/jellyfish/ws_moveit/install/moveit_configs_utils/lib/python3.10/site-packages/moveit_configs_utils/launches.py to launches.cpython-310.pyc
[0.843s] byte-compiling /home/jellyfish/ws_moveit/install/moveit_configs_utils/lib/python3.10/site-packages/moveit_configs_utils/substitutions/xacro.py to xacro.cpython-310.pyc
[0.843s] byte-compiling /home/jellyfish/ws_moveit/install/moveit_configs_utils/lib/python3.10/site-packages/moveit_configs_utils/substitutions/__init__.py to __init__.cpython-310.pyc
[0.843s] byte-compiling /home/jellyfish/ws_moveit/install/moveit_configs_utils/lib/python3.10/site-packages/moveit_configs_utils/moveit_configs_builder.py to moveit_configs_builder.cpython-310.pyc
[0.845s] running install_data
[0.845s] creating /home/jellyfish/ws_moveit/install/moveit_configs_utils/share/ament_index
[0.845s] creating /home/jellyfish/ws_moveit/install/moveit_configs_utils/share/ament_index/resource_index
[0.846s] creating /home/jellyfish/ws_moveit/install/moveit_configs_utils/share/ament_index/resource_index/packages
[0.846s] copying resource/moveit_configs_utils -> /home/jellyfish/ws_moveit/install/moveit_configs_utils/share/ament_index/resource_index/packages
[0.846s] copying package.xml -> /home/jellyfish/ws_moveit/install/moveit_configs_utils/share/moveit_configs_utils
[0.846s] creating /home/jellyfish/ws_moveit/install/moveit_configs_utils/share/moveit_configs_utils/default_configs
[0.846s] copying default_configs/ompl_defaults.yaml -> /home/jellyfish/ws_moveit/install/moveit_configs_utils/share/moveit_configs_utils/default_configs
[0.847s] copying default_configs/pilz_industrial_motion_planner_planning.yaml -> /home/jellyfish/ws_moveit/install/moveit_configs_utils/share/moveit_configs_utils/default_configs
[0.847s] copying default_configs/ompl_planning.yaml -> /home/jellyfish/ws_moveit/install/moveit_configs_utils/share/moveit_configs_utils/default_configs
[0.847s] copying default_configs/chomp_planning.yaml -> /home/jellyfish/ws_moveit/install/moveit_configs_utils/share/moveit_configs_utils/default_configs
[0.847s] running install_egg_info
[0.848s] Copying ../../../build/moveit_configs_utils/moveit_configs_utils.egg-info to /home/jellyfish/ws_moveit/install/moveit_configs_utils/lib/python3.10/site-packages/moveit_configs_utils-2.5.5-py3.10.egg-info
[0.848s] running install_scripts
[0.865s] writing list of installed files to '/home/jellyfish/ws_moveit/build/moveit_configs_utils/install.log'
[0.891s] Invoked command in '/home/jellyfish/ws_moveit/src/moveit2/moveit_configs_utils' returned '0': AMENT_PREFIX_PATH=/home/jellyfish/ws_moveit/install/srdfdom:/home/jellyfish/ws_moveit/install/launch_param_builder:${AMENT_PREFIX_PATH} CMAKE_PREFIX_PATH=/home/jellyfish/ws_moveit/install/srdfdom LD_LIBRARY_PATH=/home/jellyfish/ws_moveit/install/srdfdom/lib:${LD_LIBRARY_PATH} PYTHONPATH=/home/jellyfish/ws_moveit/build/moveit_configs_utils/prefix_override:/usr/lib/python3/dist-packages/colcon_core/task/python/colcon_distutils_commands:/home/jellyfish/ws_moveit/install/moveit_configs_utils/lib/python3.10/site-packages:/home/jellyfish/ws_moveit/install/srdfdom/local/lib/python3.10/dist-packages:/home/jellyfish/ws_moveit/install/launch_param_builder/lib/python3.10/site-packages:${PYTHONPATH} /usr/bin/python3 -W ignore:setup.py install is deprecated setup.py egg_info --egg-base ../../../build/moveit_configs_utils build --build-base /home/jellyfish/ws_moveit/build/moveit_configs_utils/build install --record /home/jellyfish/ws_moveit/build/moveit_configs_utils/install.log --single-version-externally-managed install_data
