[0.020s] Invoking command in '/home/jellyfish/ws_moveit/src/build/moveit_common': CMAKE_PREFIX_PATH=${CMAKE_PREFIX_PATH}:/home/jellyfish/ws_moveit/install/moveit_configs_utils:/home/jellyfish/ws_moveit/install/launch_param_builder:/opt/ros/humble /usr/bin/cmake /home/jellyfish/ws_moveit/src/moveit2/moveit_common -DCMAKE_BUILD_TYPE=Release -DCMAKE_INSTALL_PREFIX=/home/jellyfish/ws_moveit/src/install/moveit_common
[0.065s] -- Found ament_cmake: 1.3.9 (/opt/ros/humble/share/ament_cmake/cmake)
[0.394s] -- Found Python3: /usr/bin/python3 (found version "3.10.12") found components: Interpreter 
[0.667s] -- Found ament_lint_auto: 0.12.11 (/opt/ros/humble/share/ament_lint_auto/cmake)
[0.836s] -- Added test 'copyright' to check source files copyright and LICENSE
[0.838s] -- Added test 'lint_cmake' to check CMake code style
[0.840s] -- Added test 'xmllint' to check XML markup files
[0.844s] -- Configuring done
[0.847s] -- Generating done
[0.847s] -- Build files have been written to: /home/jellyfish/ws_moveit/src/build/moveit_common
[0.851s] Invoked command in '/home/jellyfish/ws_moveit/src/build/moveit_common' returned '0': CMAKE_PREFIX_PATH=${CMAKE_PREFIX_PATH}:/home/jellyfish/ws_moveit/install/moveit_configs_utils:/home/jellyfish/ws_moveit/install/launch_param_builder:/opt/ros/humble /usr/bin/cmake /home/jellyfish/ws_moveit/src/moveit2/moveit_common -DCMAKE_BUILD_TYPE=Release -DCMAKE_INSTALL_PREFIX=/home/jellyfish/ws_moveit/src/install/moveit_common
[0.853s] Invoking command in '/home/jellyfish/ws_moveit/src/build/moveit_common': CMAKE_PREFIX_PATH=${CMAKE_PREFIX_PATH}:/home/jellyfish/ws_moveit/install/moveit_configs_utils:/home/jellyfish/ws_moveit/install/launch_param_builder:/opt/ros/humble /usr/bin/cmake --build /home/jellyfish/ws_moveit/src/build/moveit_common -- -j12 -l12
[0.956s] Invoked command in '/home/jellyfish/ws_moveit/src/build/moveit_common' returned '0': CMAKE_PREFIX_PATH=${CMAKE_PREFIX_PATH}:/home/jellyfish/ws_moveit/install/moveit_configs_utils:/home/jellyfish/ws_moveit/install/launch_param_builder:/opt/ros/humble /usr/bin/cmake --build /home/jellyfish/ws_moveit/src/build/moveit_common -- -j12 -l12
[1.066s] Invoking command in '/home/jellyfish/ws_moveit/src/build/moveit_common': CMAKE_PREFIX_PATH=${CMAKE_PREFIX_PATH}:/home/jellyfish/ws_moveit/install/moveit_configs_utils:/home/jellyfish/ws_moveit/install/launch_param_builder:/opt/ros/humble /usr/bin/cmake --install /home/jellyfish/ws_moveit/src/build/moveit_common
[1.096s] -- Install configuration: "Release"
[1.096s] -- Installing: /home/jellyfish/ws_moveit/src/install/moveit_common/share/ament_index/resource_index/package_run_dependencies/moveit_common
[1.097s] -- Installing: /home/jellyfish/ws_moveit/src/install/moveit_common/share/ament_index/resource_index/parent_prefix_path/moveit_common
[1.098s] -- Installing: /home/jellyfish/ws_moveit/src/install/moveit_common/share/moveit_common/environment/ament_prefix_path.sh
[1.098s] -- Installing: /home/jellyfish/ws_moveit/src/install/moveit_common/share/moveit_common/environment/ament_prefix_path.dsv
[1.099s] -- Installing: /home/jellyfish/ws_moveit/src/install/moveit_common/share/moveit_common/environment/path.sh
[1.099s] -- Installing: /home/jellyfish/ws_moveit/src/install/moveit_common/share/moveit_common/environment/path.dsv
[1.100s] -- Installing: /home/jellyfish/ws_moveit/src/install/moveit_common/share/moveit_common/local_setup.bash
[1.100s] -- Installing: /home/jellyfish/ws_moveit/src/install/moveit_common/share/moveit_common/local_setup.sh
[1.101s] -- Installing: /home/jellyfish/ws_moveit/src/install/moveit_common/share/moveit_common/local_setup.zsh
[1.101s] -- Installing: /home/jellyfish/ws_moveit/src/install/moveit_common/share/moveit_common/local_setup.dsv
[1.101s] -- Installing: /home/jellyfish/ws_moveit/src/install/moveit_common/share/moveit_common/package.dsv
[1.102s] -- Installing: /home/jellyfish/ws_moveit/src/install/moveit_common/share/ament_index/resource_index/packages/moveit_common
[1.102s] -- Installing: /home/jellyfish/ws_moveit/src/install/moveit_common/share/moveit_common/cmake/moveit_common-extras.cmake
[1.102s] -- Installing: /home/jellyfish/ws_moveit/src/install/moveit_common/share/moveit_common/cmake/moveit_commonConfig.cmake
[1.102s] -- Installing: /home/jellyfish/ws_moveit/src/install/moveit_common/share/moveit_common/cmake/moveit_commonConfig-version.cmake
[1.103s] -- Installing: /home/jellyfish/ws_moveit/src/install/moveit_common/share/moveit_common/package.xml
[1.103s] -- Up-to-date: /home/jellyfish/ws_moveit/src/install/moveit_common/share/moveit_common/cmake
[1.103s] -- Installing: /home/jellyfish/ws_moveit/src/install/moveit_common/share/moveit_common/cmake/moveit_package.cmake
[1.108s] Invoked command in '/home/jellyfish/ws_moveit/src/build/moveit_common' returned '0': CMAKE_PREFIX_PATH=${CMAKE_PREFIX_PATH}:/home/jellyfish/ws_moveit/install/moveit_configs_utils:/home/jellyfish/ws_moveit/install/launch_param_builder:/opt/ros/humble /usr/bin/cmake --install /home/jellyfish/ws_moveit/src/build/moveit_common
