[0.063s] Invoking command in '/home/jellyfish/ws_moveit/build/moveit_setup_srdf_plugins': AMENT_PREFIX_PATH=/home/jellyfish/ws_moveit/install/moveit_setup_framework:/home/jellyfish/ws_moveit/install/moveit_ros_visualization:/home/jellyfish/ws_moveit/install/moveit_ros_planning_interface:/home/jellyfish/ws_moveit/install/moveit_ros_move_group:/home/jellyfish/ws_moveit/install/moveit_ros_warehouse:/home/jellyfish/ws_moveit/install/moveit_ros_robot_interaction:/home/jellyfish/ws_moveit/install/moveit_planners_ompl:/home/jellyfish/ws_moveit/install/moveit_kinematics:/home/jellyfish/ws_moveit/install/moveit_ros_planning:/home/jellyfish/ws_moveit/install/moveit_simple_controller_manager:/home/jellyfish/ws_moveit/install/moveit_ros_occupancy_map_monitor:/home/jellyfish/ws_moveit/install/moveit_core:/home/jellyfish/ws_moveit/install/moveit_resources_panda_moveit_config:/home/jellyfish/ws_moveit/install/moveit_resources_fanuc_moveit_config:/home/jellyfish/ws_moveit/install/moveit_configs_utils:/home/jellyfish/ws_moveit/install/srdfdom:/home/jellyfish/ws_moveit/install/moveit_resources_pr2_description:/home/jellyfish/ws_moveit/install/moveit_resources_panda_description:/home/jellyfish/ws_moveit/install/moveit_resources_fanuc_description:/home/jellyfish/ws_moveit/install/moveit_common:/home/jellyfish/ws_moveit/install/launch_param_builder:${AMENT_PREFIX_PATH} CMAKE_PREFIX_PATH=/home/jellyfish/ws_moveit/install/moveit_setup_framework:/home/jellyfish/ws_moveit/install/moveit_ros_visualization:/home/jellyfish/ws_moveit/install/moveit_ros_planning_interface:/home/jellyfish/ws_moveit/install/moveit_ros_move_group:/home/jellyfish/ws_moveit/install/moveit_ros_warehouse:/home/jellyfish/ws_moveit/install/moveit_ros_robot_interaction:/home/jellyfish/ws_moveit/install/moveit_planners_ompl:/home/jellyfish/ws_moveit/install/moveit_kinematics:/home/jellyfish/ws_moveit/install/moveit_ros_planning:/home/jellyfish/ws_moveit/install/moveit_simple_controller_manager:/home/jellyfish/ws_moveit/install/moveit_ros_occupancy_map_monitor:/home/jellyfish/ws_moveit/install/moveit_core:/home/jellyfish/ws_moveit/install/moveit_resources_panda_moveit_config:/home/jellyfish/ws_moveit/install/moveit_resources_fanuc_moveit_config:/home/jellyfish/ws_moveit/install/srdfdom:/home/jellyfish/ws_moveit/install/moveit_resources_pr2_description:/home/jellyfish/ws_moveit/install/moveit_resources_panda_description:/home/jellyfish/ws_moveit/install/moveit_resources_fanuc_description:/home/jellyfish/ws_moveit/install/moveit_common:/opt/ros/humble LD_LIBRARY_PATH=/home/jellyfish/ws_moveit/install/moveit_setup_framework/lib:/home/jellyfish/ws_moveit/install/moveit_ros_visualization/lib:/home/jellyfish/ws_moveit/install/moveit_ros_planning_interface/lib:/home/jellyfish/ws_moveit/install/moveit_ros_move_group/lib:/home/jellyfish/ws_moveit/install/moveit_ros_warehouse/lib:/home/jellyfish/ws_moveit/install/moveit_ros_robot_interaction/lib:/home/jellyfish/ws_moveit/install/moveit_planners_ompl/lib:/home/jellyfish/ws_moveit/install/moveit_kinematics/lib:/home/jellyfish/ws_moveit/install/moveit_ros_planning/lib:/home/jellyfish/ws_moveit/install/moveit_simple_controller_manager/lib:/home/jellyfish/ws_moveit/install/moveit_ros_occupancy_map_monitor/lib:/home/jellyfish/ws_moveit/install/moveit_core/lib:/home/jellyfish/ws_moveit/install/srdfdom/lib:${LD_LIBRARY_PATH} PATH=/home/jellyfish/ws_moveit/install/moveit_core/bin:${PATH} PYTHONPATH=/home/jellyfish/ws_moveit/install/moveit_configs_utils/lib/python3.10/site-packages:/home/jellyfish/ws_moveit/install/srdfdom/local/lib/python3.10/dist-packages:/home/jellyfish/ws_moveit/install/launch_param_builder/lib/python3.10/site-packages:${PYTHONPATH} /usr/bin/cmake /home/jellyfish/ws_moveit/src/moveit2/moveit_setup_assistant/moveit_setup_srdf_plugins -DCMAKE_BUILD_TYPE=Release -DCMAKE_INSTALL_PREFIX=/home/jellyfish/ws_moveit/install/moveit_setup_srdf_plugins
[0.151s] -- The C compiler identification is GNU 11.4.0
[0.232s] -- The CXX compiler identification is GNU 11.4.0
[0.243s] -- Detecting C compiler ABI info
[0.409s] -- Detecting C compiler ABI info - done
[0.428s] -- Check for working C compiler: /usr/bin/cc - skipped
[0.429s] -- Detecting C compile features
[0.430s] -- Detecting C compile features - done
[0.437s] -- Detecting CXX compiler ABI info
[0.587s] -- Detecting CXX compiler ABI info - done
[0.606s] -- Check for working CXX compiler: /usr/bin/c++ - skipped
[0.607s] -- Detecting CXX compile features
[0.608s] -- Detecting CXX compile features - done
[0.616s] -- Found moveit_common: 2.5.5 (/home/jellyfish/ws_moveit/install/moveit_common/share/moveit_common/cmake)
[0.628s] -- Found ament_cmake: 1.3.9 (/opt/ros/humble/share/ament_cmake/cmake)
[0.922s] -- Found Python3: /usr/bin/python3 (found version "3.10.12") found components: Interpreter 
[1.162s] -- Found libdw: /usr/lib/x86_64-linux-gnu/libdw.so  
[1.168s] -- Could NOT find libbfd (missing: LIBBFD_LIBRARY LIBBFD_INCLUDE_DIR) 
[1.168s] -- BACKWARD_HAS_UNWIND=1
[1.168s] -- BACKWARD_HAS_BACKTRACE=0
[1.169s] -- BACKWARD_HAS_BACKTRACE_SYMBOL=0
[1.169s] -- BACKWARD_HAS_DW=1
[1.169s] -- BACKWARD_HAS_BFD=0
[1.169s] -- Found Backward: /opt/ros/humble/share/backward_ros/cmake  
[1.173s] -- Found ament_cmake_ros: 0.10.0 (/opt/ros/humble/share/ament_cmake_ros/cmake)
[1.187s] -- Found moveit_setup_framework: 2.5.5 (/home/jellyfish/ws_moveit/install/moveit_setup_framework/share/moveit_setup_framework/cmake)
[1.252s] -- Found rosidl_generator_c: 3.1.5 (/opt/ros/humble/share/rosidl_generator_c/cmake)
[1.263s] -- Found rosidl_adapter: 3.1.5 (/opt/ros/humble/share/rosidl_adapter/cmake)
[1.276s] -- Found rosidl_generator_cpp: 3.1.5 (/opt/ros/humble/share/rosidl_generator_cpp/cmake)
[1.294s] -- Using all available rosidl_typesupport_c: rosidl_typesupport_fastrtps_c;rosidl_typesupport_introspection_c
[1.321s] -- Using all available rosidl_typesupport_cpp: rosidl_typesupport_fastrtps_cpp;rosidl_typesupport_introspection_cpp
[1.410s] -- Found rmw_implementation_cmake: 6.1.2 (/opt/ros/humble/share/rmw_implementation_cmake/cmake)
[1.416s] -- Found rmw_fastrtps_cpp: 6.2.6 (/opt/ros/humble/share/rmw_fastrtps_cpp/cmake)
[1.600s] -- Found OpenSSL: /usr/lib/x86_64-linux-gnu/libcrypto.so (found version "3.0.2")  
[1.635s] -- Found FastRTPS: /opt/ros/humble/include  
[1.707s] -- Using RMW implementation 'rmw_fastrtps_cpp' as default
[1.723s] -- Looking for pthread.h
[1.848s] -- Looking for pthread.h - found
[1.848s] -- Performing Test CMAKE_HAVE_LIBC_PTHREAD
[1.989s] -- Performing Test CMAKE_HAVE_LIBC_PTHREAD - Success
[1.990s] -- Found Threads: TRUE  
[2.250s] -- Found Boost: /usr/lib/x86_64-linux-gnu/cmake/Boost-1.74.0/BoostConfig.cmake (found version "1.74.0") found components: chrono date_time filesystem iostreams program_options regex serialization system thread 
[2.314s] -- Found parameter_traits: 0.3.8 (/opt/ros/humble/share/parameter_traits/cmake)
[2.337s] -- Found Eigen3: TRUE (found version "3.4.0") 
[2.342s] -- Found rclcpp_lifecycle: 16.0.9 (/opt/ros/humble/share/rclcpp_lifecycle/cmake)
[2.394s] -- Found Boost: /usr/lib/x86_64-linux-gnu/cmake/Boost-1.74.0/BoostConfig.cmake (found version "1.74.0") found components: filesystem 
[2.636s] -- library: /usr/lib/x86_64-linux-gnu/libcurl.so
[2.971s] -- Ensuring Eigen3 include directory is part of orocos-kdl CMake target
[4.146s] -- Found Boost: /usr/lib/x86_64-linux-gnu/cmake/Boost-1.74.0/BoostConfig.cmake (found version "1.74.0") found components: system filesystem date_time program_options thread chrono 
[4.639s] -- Found Boost: /usr/lib/x86_64-linux-gnu/cmake/Boost-1.74.0/BoostConfig.cmake (found version "1.74.0") found components: thread date_time system filesystem 
[4.716s] -- Found Boost: /usr/lib/x86_64-linux-gnu/cmake/Boost-1.74.0/BoostConfig.cmake (found version "1.74.0") found components: date_time filesystem program_options system thread 
[4.890s] -- Found Boost: /usr/lib/x86_64-linux-gnu/cmake/Boost-1.74.0/BoostConfig.cmake (found version "1.74.0") found components: thread system filesystem regex date_time program_options 
[5.117s] -- Found Boost: /usr/lib/x86_64-linux-gnu/cmake/Boost-1.74.0/BoostConfig.cmake (found version "1.74.0") found components: system filesystem date_time program_options thread 
[6.148s] -- Setting OGRE_DIR to: '/opt/ros/humble/share/rviz_ogre_vendor/cmake/../../../opt/rviz_ogre_vendor/lib/OGRE/cmake'
[6.151s] -- Found OGRE
[6.151s] --   static     : OFF
[6.151s] --   components : HLMS;MeshLodGenerator;Overlay;Paging;Property;RTShaderSystem;Terrain;Volume
[6.151s] --   plugins    : Plugin_BSPSceneManager;Plugin_OctreeSceneManager;Plugin_PCZSceneManager;Plugin_ParticleFX;RenderSystem_GL;RenderSystem_GL3Plus;Codec_STBI
[6.151s] --   media      : /opt/ros/humble/opt/rviz_ogre_vendor/share/OGRE/Media
[6.151s] -- OGRE_LIBRARIES: OgreHLMS;OgreMeshLodGenerator;OgreOverlay;OgrePaging;OgreProperty;OgreRTShaderSystem;OgreTerrain;OgreVolume;OgreMain
[6.151s] -- OGRE_LIBRARY_DIRS: /opt/ros/humble/opt/rviz_ogre_vendor/lib
[6.151s] -- OGRE_PLUGINS: Plugin_BSPSceneManager;Plugin_OctreeSceneManager;Plugin_PCZSceneManager;Plugin_ParticleFX;RenderSystem_GL;RenderSystem_GL3Plus;Codec_STBI
[6.151s] -- OGRE_PLUGIN_DIR: /opt/ros/humble/opt/rviz_ogre_vendor/lib/OGRE
[6.151s] -- rviz_ogre_vendor::OgreOverlay for IMPORTED_LOCATION_RELEASE: /opt/ros/humble/opt/rviz_ogre_vendor/lib/libOgreOverlay.so
[6.151s] -- rviz_ogre_vendor::OgreOverlay for IMPORTED_LOCATION_DEBUG: /opt/ros/humble/opt/rviz_ogre_vendor/lib/libOgreOverlay.so
[6.152s] -- rviz_ogre_vendor::OgreMain for IMPORTED_LOCATION_RELEASE: /opt/ros/humble/opt/rviz_ogre_vendor/lib/libOgreMain.so
[6.152s] -- rviz_ogre_vendor::OgreMain for IMPORTED_LOCATION_DEBUG: /opt/ros/humble/opt/rviz_ogre_vendor/lib/libOgreMain.so
[6.170s] -- Found ZLIB: /usr/lib/x86_64-linux-gnu/libz.so (found version "1.2.11") 
[6.175s] -- Found OpenGL: /usr/lib/x86_64-linux-gnu/libOpenGL.so   
[6.340s] -- Found X11: /usr/include   
[6.341s] -- Looking for XOpenDisplay in /usr/lib/x86_64-linux-gnu/libX11.so;/usr/lib/x86_64-linux-gnu/libXext.so
[6.529s] -- Looking for XOpenDisplay in /usr/lib/x86_64-linux-gnu/libX11.so;/usr/lib/x86_64-linux-gnu/libXext.so - found
[6.529s] -- Looking for gethostbyname
[6.696s] -- Looking for gethostbyname - found
[6.696s] -- Looking for connect
[6.848s] -- Looking for connect - found
[6.848s] -- Looking for remove
[6.996s] -- Looking for remove - found
[6.996s] -- Looking for shmat
[7.217s] -- Looking for shmat - found
[7.218s] -- Looking for IceConnectionNumber in ICE
[7.419s] -- Looking for IceConnectionNumber in ICE - found
[7.420s] -- rviz_ogre_vendor::RenderSystem_GL for IMPORTED_LOCATION_RELEASE: _render_system_gl_static_library_abs-NOTFOUND
[7.421s] -- rviz_ogre_vendor::RenderSystem_GL for IMPORTED_LOCATION_DEBUG: _render_system_gl_static_library_abs-NOTFOUND
[8.110s] -- Found ament_lint_auto: 0.12.11 (/opt/ros/humble/share/ament_lint_auto/cmake)
[8.142s] -- Found gtest sources under '/opt/ros/humble/src/gtest_vendor': C++ tests using 'Google Test' will be built
[8.151s] -- Added test 'lint_cmake' to check CMake code style
[8.152s] -- Added test 'xmllint' to check XML markup files
[8.155s] -- Configuring done
[8.243s] -- Generating done
[8.247s] -- Build files have been written to: /home/jellyfish/ws_moveit/build/moveit_setup_srdf_plugins
[8.265s] Invoked command in '/home/jellyfish/ws_moveit/build/moveit_setup_srdf_plugins' returned '0': AMENT_PREFIX_PATH=/home/jellyfish/ws_moveit/install/moveit_setup_framework:/home/jellyfish/ws_moveit/install/moveit_ros_visualization:/home/jellyfish/ws_moveit/install/moveit_ros_planning_interface:/home/jellyfish/ws_moveit/install/moveit_ros_move_group:/home/jellyfish/ws_moveit/install/moveit_ros_warehouse:/home/jellyfish/ws_moveit/install/moveit_ros_robot_interaction:/home/jellyfish/ws_moveit/install/moveit_planners_ompl:/home/jellyfish/ws_moveit/install/moveit_kinematics:/home/jellyfish/ws_moveit/install/moveit_ros_planning:/home/jellyfish/ws_moveit/install/moveit_simple_controller_manager:/home/jellyfish/ws_moveit/install/moveit_ros_occupancy_map_monitor:/home/jellyfish/ws_moveit/install/moveit_core:/home/jellyfish/ws_moveit/install/moveit_resources_panda_moveit_config:/home/jellyfish/ws_moveit/install/moveit_resources_fanuc_moveit_config:/home/jellyfish/ws_moveit/install/moveit_configs_utils:/home/jellyfish/ws_moveit/install/srdfdom:/home/jellyfish/ws_moveit/install/moveit_resources_pr2_description:/home/jellyfish/ws_moveit/install/moveit_resources_panda_description:/home/jellyfish/ws_moveit/install/moveit_resources_fanuc_description:/home/jellyfish/ws_moveit/install/moveit_common:/home/jellyfish/ws_moveit/install/launch_param_builder:${AMENT_PREFIX_PATH} CMAKE_PREFIX_PATH=/home/jellyfish/ws_moveit/install/moveit_setup_framework:/home/jellyfish/ws_moveit/install/moveit_ros_visualization:/home/jellyfish/ws_moveit/install/moveit_ros_planning_interface:/home/jellyfish/ws_moveit/install/moveit_ros_move_group:/home/jellyfish/ws_moveit/install/moveit_ros_warehouse:/home/jellyfish/ws_moveit/install/moveit_ros_robot_interaction:/home/jellyfish/ws_moveit/install/moveit_planners_ompl:/home/jellyfish/ws_moveit/install/moveit_kinematics:/home/jellyfish/ws_moveit/install/moveit_ros_planning:/home/jellyfish/ws_moveit/install/moveit_simple_controller_manager:/home/jellyfish/ws_moveit/install/moveit_ros_occupancy_map_monitor:/home/jellyfish/ws_moveit/install/moveit_core:/home/jellyfish/ws_moveit/install/moveit_resources_panda_moveit_config:/home/jellyfish/ws_moveit/install/moveit_resources_fanuc_moveit_config:/home/jellyfish/ws_moveit/install/srdfdom:/home/jellyfish/ws_moveit/install/moveit_resources_pr2_description:/home/jellyfish/ws_moveit/install/moveit_resources_panda_description:/home/jellyfish/ws_moveit/install/moveit_resources_fanuc_description:/home/jellyfish/ws_moveit/install/moveit_common:/opt/ros/humble LD_LIBRARY_PATH=/home/jellyfish/ws_moveit/install/moveit_setup_framework/lib:/home/jellyfish/ws_moveit/install/moveit_ros_visualization/lib:/home/jellyfish/ws_moveit/install/moveit_ros_planning_interface/lib:/home/jellyfish/ws_moveit/install/moveit_ros_move_group/lib:/home/jellyfish/ws_moveit/install/moveit_ros_warehouse/lib:/home/jellyfish/ws_moveit/install/moveit_ros_robot_interaction/lib:/home/jellyfish/ws_moveit/install/moveit_planners_ompl/lib:/home/jellyfish/ws_moveit/install/moveit_kinematics/lib:/home/jellyfish/ws_moveit/install/moveit_ros_planning/lib:/home/jellyfish/ws_moveit/install/moveit_simple_controller_manager/lib:/home/jellyfish/ws_moveit/install/moveit_ros_occupancy_map_monitor/lib:/home/jellyfish/ws_moveit/install/moveit_core/lib:/home/jellyfish/ws_moveit/install/srdfdom/lib:${LD_LIBRARY_PATH} PATH=/home/jellyfish/ws_moveit/install/moveit_core/bin:${PATH} PYTHONPATH=/home/jellyfish/ws_moveit/install/moveit_configs_utils/lib/python3.10/site-packages:/home/jellyfish/ws_moveit/install/srdfdom/local/lib/python3.10/dist-packages:/home/jellyfish/ws_moveit/install/launch_param_builder/lib/python3.10/site-packages:${PYTHONPATH} /usr/bin/cmake /home/jellyfish/ws_moveit/src/moveit2/moveit_setup_assistant/moveit_setup_srdf_plugins -DCMAKE_BUILD_TYPE=Release -DCMAKE_INSTALL_PREFIX=/home/jellyfish/ws_moveit/install/moveit_setup_srdf_plugins
[8.267s] Invoking command in '/home/jellyfish/ws_moveit/build/moveit_setup_srdf_plugins': AMENT_PREFIX_PATH=/home/jellyfish/ws_moveit/install/moveit_setup_framework:/home/jellyfish/ws_moveit/install/moveit_ros_visualization:/home/jellyfish/ws_moveit/install/moveit_ros_planning_interface:/home/jellyfish/ws_moveit/install/moveit_ros_move_group:/home/jellyfish/ws_moveit/install/moveit_ros_warehouse:/home/jellyfish/ws_moveit/install/moveit_ros_robot_interaction:/home/jellyfish/ws_moveit/install/moveit_planners_ompl:/home/jellyfish/ws_moveit/install/moveit_kinematics:/home/jellyfish/ws_moveit/install/moveit_ros_planning:/home/jellyfish/ws_moveit/install/moveit_simple_controller_manager:/home/jellyfish/ws_moveit/install/moveit_ros_occupancy_map_monitor:/home/jellyfish/ws_moveit/install/moveit_core:/home/jellyfish/ws_moveit/install/moveit_resources_panda_moveit_config:/home/jellyfish/ws_moveit/install/moveit_resources_fanuc_moveit_config:/home/jellyfish/ws_moveit/install/moveit_configs_utils:/home/jellyfish/ws_moveit/install/srdfdom:/home/jellyfish/ws_moveit/install/moveit_resources_pr2_description:/home/jellyfish/ws_moveit/install/moveit_resources_panda_description:/home/jellyfish/ws_moveit/install/moveit_resources_fanuc_description:/home/jellyfish/ws_moveit/install/moveit_common:/home/jellyfish/ws_moveit/install/launch_param_builder:${AMENT_PREFIX_PATH} CMAKE_PREFIX_PATH=/home/jellyfish/ws_moveit/install/moveit_setup_framework:/home/jellyfish/ws_moveit/install/moveit_ros_visualization:/home/jellyfish/ws_moveit/install/moveit_ros_planning_interface:/home/jellyfish/ws_moveit/install/moveit_ros_move_group:/home/jellyfish/ws_moveit/install/moveit_ros_warehouse:/home/jellyfish/ws_moveit/install/moveit_ros_robot_interaction:/home/jellyfish/ws_moveit/install/moveit_planners_ompl:/home/jellyfish/ws_moveit/install/moveit_kinematics:/home/jellyfish/ws_moveit/install/moveit_ros_planning:/home/jellyfish/ws_moveit/install/moveit_simple_controller_manager:/home/jellyfish/ws_moveit/install/moveit_ros_occupancy_map_monitor:/home/jellyfish/ws_moveit/install/moveit_core:/home/jellyfish/ws_moveit/install/moveit_resources_panda_moveit_config:/home/jellyfish/ws_moveit/install/moveit_resources_fanuc_moveit_config:/home/jellyfish/ws_moveit/install/srdfdom:/home/jellyfish/ws_moveit/install/moveit_resources_pr2_description:/home/jellyfish/ws_moveit/install/moveit_resources_panda_description:/home/jellyfish/ws_moveit/install/moveit_resources_fanuc_description:/home/jellyfish/ws_moveit/install/moveit_common:/opt/ros/humble LD_LIBRARY_PATH=/home/jellyfish/ws_moveit/install/moveit_setup_framework/lib:/home/jellyfish/ws_moveit/install/moveit_ros_visualization/lib:/home/jellyfish/ws_moveit/install/moveit_ros_planning_interface/lib:/home/jellyfish/ws_moveit/install/moveit_ros_move_group/lib:/home/jellyfish/ws_moveit/install/moveit_ros_warehouse/lib:/home/jellyfish/ws_moveit/install/moveit_ros_robot_interaction/lib:/home/jellyfish/ws_moveit/install/moveit_planners_ompl/lib:/home/jellyfish/ws_moveit/install/moveit_kinematics/lib:/home/jellyfish/ws_moveit/install/moveit_ros_planning/lib:/home/jellyfish/ws_moveit/install/moveit_simple_controller_manager/lib:/home/jellyfish/ws_moveit/install/moveit_ros_occupancy_map_monitor/lib:/home/jellyfish/ws_moveit/install/moveit_core/lib:/home/jellyfish/ws_moveit/install/srdfdom/lib:${LD_LIBRARY_PATH} PATH=/home/jellyfish/ws_moveit/install/moveit_core/bin:${PATH} PYTHONPATH=/home/jellyfish/ws_moveit/install/moveit_configs_utils/lib/python3.10/site-packages:/home/jellyfish/ws_moveit/install/srdfdom/local/lib/python3.10/dist-packages:/home/jellyfish/ws_moveit/install/launch_param_builder/lib/python3.10/site-packages:${PYTHONPATH} /usr/bin/cmake --build /home/jellyfish/ws_moveit/build/moveit_setup_srdf_plugins -- -j12 -l12
[8.378s] [  6%] [34m[1mGenerating include/moveit_setup_srdf_plugins/moc_group_edit_widget.cpp[0m
[8.378s] [  6%] [34m[1mGenerating include/moveit_setup_srdf_plugins/moc_collision_linear_model.cpp[0m
[8.378s] [  6%] [34m[1mGenerating include/moveit_setup_srdf_plugins/moc_virtual_joints_widget.cpp[0m
[8.378s] [  8%] [34m[1mGenerating include/moveit_setup_srdf_plugins/moc_kinematic_chain_widget.cpp[0m
[8.379s] [ 12%] [34m[1mGenerating include/moveit_setup_srdf_plugins/moc_passive_joints_widget.cpp[0m
[8.379s] [ 12%] [34m[1mGenerating include/moveit_setup_srdf_plugins/moc_end_effectors_widget.cpp[0m
[8.379s] [ 14%] [34m[1mGenerating include/moveit_setup_srdf_plugins/moc_planning_groups_widget.cpp[0m
[8.380s] [ 16%] [34m[1mGenerating include/moveit_setup_srdf_plugins/moc_robot_poses_widget.cpp[0m
[8.386s] [ 18%] [34m[1mGenerating include/moveit_setup_srdf_plugins/moc_collision_matrix_model.cpp[0m
[8.387s] [ 20%] [34m[1mGenerating include/moveit_setup_srdf_plugins/moc_default_collisions_widget.cpp[0m
[8.393s] [ 22%] [32mBuilding CXX object gtest/CMakeFiles/gtest.dir/src/gtest-all.cc.o[0m
[8.393s] [ 25%] [32mBuilding CXX object gtest/CMakeFiles/gtest_main.dir/src/gtest_main.cc.o[0m
[8.395s] [ 27%] [34m[1mGenerating include/moveit_setup_srdf_plugins/moc_rotated_header_view.cpp[0m
[8.402s] /home/jellyfish/ws_moveit/src/moveit2/moveit_setup_assistant/moveit_setup_srdf_plugins/include/moveit_setup_srdf_plugins/rotated_header_view.hpp:0: Note: No relevant classes found. No output generated.
[8.432s] [ 33%] [32mBuilding CXX object CMakeFiles/moveit_setup_srdf_plugins.dir/src/collision_linear_model.cpp.o[0m
[8.432s] [ 33%] [32mBuilding CXX object CMakeFiles/moveit_setup_srdf_plugins.dir/src/default_collisions_widget.cpp.o[0m
[8.432s] [ 33%] [32mBuilding CXX object CMakeFiles/moveit_setup_srdf_plugins.dir/src/compute_default_collisions.cpp.o[0m
[8.432s] [ 37%] [32mBuilding CXX object CMakeFiles/moveit_setup_srdf_plugins.dir/src/default_collisions.cpp.o[0m
[8.432s] [ 37%] [32mBuilding CXX object CMakeFiles/moveit_setup_srdf_plugins.dir/src/group_edit_widget.cpp.o[0m
[8.432s] [ 39%] [32mBuilding CXX object CMakeFiles/moveit_setup_srdf_plugins.dir/src/end_effectors.cpp.o[0m
[8.432s] [ 41%] [32mBuilding CXX object CMakeFiles/moveit_setup_srdf_plugins.dir/src/collision_matrix_model.cpp.o[0m
[8.433s] [ 43%] [32mBuilding CXX object CMakeFiles/moveit_setup_srdf_plugins.dir/src/end_effectors_widget.cpp.o[0m
[8.434s] [ 47%] [32mBuilding CXX object CMakeFiles/moveit_setup_srdf_plugins.dir/src/kinematic_chain_widget.cpp.o[0m
[8.434s] [ 47%] [32mBuilding CXX object CMakeFiles/moveit_setup_srdf_plugins.dir/src/group_meta_config.cpp.o[0m
[9.679s] [ 50%] [32m[1mLinking CXX static library libgtest_main.a[0m
[9.796s] [ 50%] Built target gtest_main
[9.814s] [ 52%] [32mBuilding CXX object CMakeFiles/moveit_setup_srdf_plugins.dir/src/passive_joints.cpp.o[0m
[10.643s] [ 54%] [32mBuilding CXX object CMakeFiles/moveit_setup_srdf_plugins.dir/src/passive_joints_widget.cpp.o[0m
[12.251s] [ 56%] [32mBuilding CXX object CMakeFiles/moveit_setup_srdf_plugins.dir/src/planning_groups.cpp.o[0m
[14.724s] [ 58%] [32mBuilding CXX object CMakeFiles/moveit_setup_srdf_plugins.dir/src/planning_groups_widget.cpp.o[0m
[19.298s] [ 60%] [32m[1mLinking CXX static library libgtest.a[0m
[19.431s] [ 60%] Built target gtest
[19.450s] [ 62%] [32mBuilding CXX object CMakeFiles/moveit_setup_srdf_plugins.dir/src/robot_poses.cpp.o[0m
[21.996s] [ 64%] [32mBuilding CXX object CMakeFiles/moveit_setup_srdf_plugins.dir/src/robot_poses_widget.cpp.o[0m
[23.626s] [ 66%] [32mBuilding CXX object CMakeFiles/moveit_setup_srdf_plugins.dir/src/rotated_header_view.cpp.o[0m
[24.969s] [ 68%] [32mBuilding CXX object CMakeFiles/moveit_setup_srdf_plugins.dir/src/virtual_joints.cpp.o[0m
[25.407s] [ 70%] [32mBuilding CXX object CMakeFiles/moveit_setup_srdf_plugins.dir/src/virtual_joints_widget.cpp.o[0m
[25.708s] [ 72%] [32mBuilding CXX object CMakeFiles/moveit_setup_srdf_plugins.dir/include/moveit_setup_srdf_plugins/moc_collision_linear_model.cpp.o[0m
[27.399s] [ 75%] [32mBuilding CXX object CMakeFiles/moveit_setup_srdf_plugins.dir/include/moveit_setup_srdf_plugins/moc_collision_matrix_model.cpp.o[0m
[29.094s] [ 77%] [32mBuilding CXX object CMakeFiles/moveit_setup_srdf_plugins.dir/include/moveit_setup_srdf_plugins/moc_default_collisions_widget.cpp.o[0m
[29.357s] [ 79%] [32mBuilding CXX object CMakeFiles/moveit_setup_srdf_plugins.dir/include/moveit_setup_srdf_plugins/moc_end_effectors_widget.cpp.o[0m
[29.707s] [ 81%] [32mBuilding CXX object CMakeFiles/moveit_setup_srdf_plugins.dir/include/moveit_setup_srdf_plugins/moc_group_edit_widget.cpp.o[0m
[31.204s] [ 83%] [32mBuilding CXX object CMakeFiles/moveit_setup_srdf_plugins.dir/include/moveit_setup_srdf_plugins/moc_kinematic_chain_widget.cpp.o[0m
[31.960s] [ 85%] [32mBuilding CXX object CMakeFiles/moveit_setup_srdf_plugins.dir/include/moveit_setup_srdf_plugins/moc_passive_joints_widget.cpp.o[0m
[32.996s] [ 87%] [32mBuilding CXX object CMakeFiles/moveit_setup_srdf_plugins.dir/include/moveit_setup_srdf_plugins/moc_planning_groups_widget.cpp.o[0m
[37.459s] [ 89%] [32mBuilding CXX object CMakeFiles/moveit_setup_srdf_plugins.dir/include/moveit_setup_srdf_plugins/moc_robot_poses_widget.cpp.o[0m
[38.303s] [ 91%] [32mBuilding CXX object CMakeFiles/moveit_setup_srdf_plugins.dir/include/moveit_setup_srdf_plugins/moc_rotated_header_view.cpp.o[0m
[38.347s] [ 93%] [32mBuilding CXX object CMakeFiles/moveit_setup_srdf_plugins.dir/include/moveit_setup_srdf_plugins/moc_virtual_joints_widget.cpp.o[0m
[53.081s] [ 95%] [32m[1mLinking CXX shared library libmoveit_setup_srdf_plugins.so[0m
[53.735s] [ 95%] Built target moveit_setup_srdf_plugins
[53.804s] [ 97%] [32mBuilding CXX object CMakeFiles/test_srdf.dir/test/test_srdf.cpp.o[0m
[66.029s] [100%] [32m[1mLinking CXX executable test_srdf[0m
[66.747s] [100%] Built target test_srdf
[66.784s] Invoked command in '/home/jellyfish/ws_moveit/build/moveit_setup_srdf_plugins' returned '0': AMENT_PREFIX_PATH=/home/jellyfish/ws_moveit/install/moveit_setup_framework:/home/jellyfish/ws_moveit/install/moveit_ros_visualization:/home/jellyfish/ws_moveit/install/moveit_ros_planning_interface:/home/jellyfish/ws_moveit/install/moveit_ros_move_group:/home/jellyfish/ws_moveit/install/moveit_ros_warehouse:/home/jellyfish/ws_moveit/install/moveit_ros_robot_interaction:/home/jellyfish/ws_moveit/install/moveit_planners_ompl:/home/jellyfish/ws_moveit/install/moveit_kinematics:/home/jellyfish/ws_moveit/install/moveit_ros_planning:/home/jellyfish/ws_moveit/install/moveit_simple_controller_manager:/home/jellyfish/ws_moveit/install/moveit_ros_occupancy_map_monitor:/home/jellyfish/ws_moveit/install/moveit_core:/home/jellyfish/ws_moveit/install/moveit_resources_panda_moveit_config:/home/jellyfish/ws_moveit/install/moveit_resources_fanuc_moveit_config:/home/jellyfish/ws_moveit/install/moveit_configs_utils:/home/jellyfish/ws_moveit/install/srdfdom:/home/jellyfish/ws_moveit/install/moveit_resources_pr2_description:/home/jellyfish/ws_moveit/install/moveit_resources_panda_description:/home/jellyfish/ws_moveit/install/moveit_resources_fanuc_description:/home/jellyfish/ws_moveit/install/moveit_common:/home/jellyfish/ws_moveit/install/launch_param_builder:${AMENT_PREFIX_PATH} CMAKE_PREFIX_PATH=/home/jellyfish/ws_moveit/install/moveit_setup_framework:/home/jellyfish/ws_moveit/install/moveit_ros_visualization:/home/jellyfish/ws_moveit/install/moveit_ros_planning_interface:/home/jellyfish/ws_moveit/install/moveit_ros_move_group:/home/jellyfish/ws_moveit/install/moveit_ros_warehouse:/home/jellyfish/ws_moveit/install/moveit_ros_robot_interaction:/home/jellyfish/ws_moveit/install/moveit_planners_ompl:/home/jellyfish/ws_moveit/install/moveit_kinematics:/home/jellyfish/ws_moveit/install/moveit_ros_planning:/home/jellyfish/ws_moveit/install/moveit_simple_controller_manager:/home/jellyfish/ws_moveit/install/moveit_ros_occupancy_map_monitor:/home/jellyfish/ws_moveit/install/moveit_core:/home/jellyfish/ws_moveit/install/moveit_resources_panda_moveit_config:/home/jellyfish/ws_moveit/install/moveit_resources_fanuc_moveit_config:/home/jellyfish/ws_moveit/install/srdfdom:/home/jellyfish/ws_moveit/install/moveit_resources_pr2_description:/home/jellyfish/ws_moveit/install/moveit_resources_panda_description:/home/jellyfish/ws_moveit/install/moveit_resources_fanuc_description:/home/jellyfish/ws_moveit/install/moveit_common:/opt/ros/humble LD_LIBRARY_PATH=/home/jellyfish/ws_moveit/install/moveit_setup_framework/lib:/home/jellyfish/ws_moveit/install/moveit_ros_visualization/lib:/home/jellyfish/ws_moveit/install/moveit_ros_planning_interface/lib:/home/jellyfish/ws_moveit/install/moveit_ros_move_group/lib:/home/jellyfish/ws_moveit/install/moveit_ros_warehouse/lib:/home/jellyfish/ws_moveit/install/moveit_ros_robot_interaction/lib:/home/jellyfish/ws_moveit/install/moveit_planners_ompl/lib:/home/jellyfish/ws_moveit/install/moveit_kinematics/lib:/home/jellyfish/ws_moveit/install/moveit_ros_planning/lib:/home/jellyfish/ws_moveit/install/moveit_simple_controller_manager/lib:/home/jellyfish/ws_moveit/install/moveit_ros_occupancy_map_monitor/lib:/home/jellyfish/ws_moveit/install/moveit_core/lib:/home/jellyfish/ws_moveit/install/srdfdom/lib:${LD_LIBRARY_PATH} PATH=/home/jellyfish/ws_moveit/install/moveit_core/bin:${PATH} PYTHONPATH=/home/jellyfish/ws_moveit/install/moveit_configs_utils/lib/python3.10/site-packages:/home/jellyfish/ws_moveit/install/srdfdom/local/lib/python3.10/dist-packages:/home/jellyfish/ws_moveit/install/launch_param_builder/lib/python3.10/site-packages:${PYTHONPATH} /usr/bin/cmake --build /home/jellyfish/ws_moveit/build/moveit_setup_srdf_plugins -- -j12 -l12
[66.912s] Invoking command in '/home/jellyfish/ws_moveit/build/moveit_setup_srdf_plugins': AMENT_PREFIX_PATH=/home/jellyfish/ws_moveit/install/moveit_setup_framework:/home/jellyfish/ws_moveit/install/moveit_ros_visualization:/home/jellyfish/ws_moveit/install/moveit_ros_planning_interface:/home/jellyfish/ws_moveit/install/moveit_ros_move_group:/home/jellyfish/ws_moveit/install/moveit_ros_warehouse:/home/jellyfish/ws_moveit/install/moveit_ros_robot_interaction:/home/jellyfish/ws_moveit/install/moveit_planners_ompl:/home/jellyfish/ws_moveit/install/moveit_kinematics:/home/jellyfish/ws_moveit/install/moveit_ros_planning:/home/jellyfish/ws_moveit/install/moveit_simple_controller_manager:/home/jellyfish/ws_moveit/install/moveit_ros_occupancy_map_monitor:/home/jellyfish/ws_moveit/install/moveit_core:/home/jellyfish/ws_moveit/install/moveit_resources_panda_moveit_config:/home/jellyfish/ws_moveit/install/moveit_resources_fanuc_moveit_config:/home/jellyfish/ws_moveit/install/moveit_configs_utils:/home/jellyfish/ws_moveit/install/srdfdom:/home/jellyfish/ws_moveit/install/moveit_resources_pr2_description:/home/jellyfish/ws_moveit/install/moveit_resources_panda_description:/home/jellyfish/ws_moveit/install/moveit_resources_fanuc_description:/home/jellyfish/ws_moveit/install/moveit_common:/home/jellyfish/ws_moveit/install/launch_param_builder:${AMENT_PREFIX_PATH} CMAKE_PREFIX_PATH=/home/jellyfish/ws_moveit/install/moveit_setup_framework:/home/jellyfish/ws_moveit/install/moveit_ros_visualization:/home/jellyfish/ws_moveit/install/moveit_ros_planning_interface:/home/jellyfish/ws_moveit/install/moveit_ros_move_group:/home/jellyfish/ws_moveit/install/moveit_ros_warehouse:/home/jellyfish/ws_moveit/install/moveit_ros_robot_interaction:/home/jellyfish/ws_moveit/install/moveit_planners_ompl:/home/jellyfish/ws_moveit/install/moveit_kinematics:/home/jellyfish/ws_moveit/install/moveit_ros_planning:/home/jellyfish/ws_moveit/install/moveit_simple_controller_manager:/home/jellyfish/ws_moveit/install/moveit_ros_occupancy_map_monitor:/home/jellyfish/ws_moveit/install/moveit_core:/home/jellyfish/ws_moveit/install/moveit_resources_panda_moveit_config:/home/jellyfish/ws_moveit/install/moveit_resources_fanuc_moveit_config:/home/jellyfish/ws_moveit/install/srdfdom:/home/jellyfish/ws_moveit/install/moveit_resources_pr2_description:/home/jellyfish/ws_moveit/install/moveit_resources_panda_description:/home/jellyfish/ws_moveit/install/moveit_resources_fanuc_description:/home/jellyfish/ws_moveit/install/moveit_common:/opt/ros/humble LD_LIBRARY_PATH=/home/jellyfish/ws_moveit/install/moveit_setup_framework/lib:/home/jellyfish/ws_moveit/install/moveit_ros_visualization/lib:/home/jellyfish/ws_moveit/install/moveit_ros_planning_interface/lib:/home/jellyfish/ws_moveit/install/moveit_ros_move_group/lib:/home/jellyfish/ws_moveit/install/moveit_ros_warehouse/lib:/home/jellyfish/ws_moveit/install/moveit_ros_robot_interaction/lib:/home/jellyfish/ws_moveit/install/moveit_planners_ompl/lib:/home/jellyfish/ws_moveit/install/moveit_kinematics/lib:/home/jellyfish/ws_moveit/install/moveit_ros_planning/lib:/home/jellyfish/ws_moveit/install/moveit_simple_controller_manager/lib:/home/jellyfish/ws_moveit/install/moveit_ros_occupancy_map_monitor/lib:/home/jellyfish/ws_moveit/install/moveit_core/lib:/home/jellyfish/ws_moveit/install/srdfdom/lib:${LD_LIBRARY_PATH} PATH=/home/jellyfish/ws_moveit/install/moveit_core/bin:${PATH} PYTHONPATH=/home/jellyfish/ws_moveit/install/moveit_configs_utils/lib/python3.10/site-packages:/home/jellyfish/ws_moveit/install/srdfdom/local/lib/python3.10/dist-packages:/home/jellyfish/ws_moveit/install/launch_param_builder/lib/python3.10/site-packages:${PYTHONPATH} /usr/bin/cmake --install /home/jellyfish/ws_moveit/build/moveit_setup_srdf_plugins
[66.934s] -- Install configuration: "Release"
[66.935s] -- Installing: /home/jellyfish/ws_moveit/install/moveit_setup_srdf_plugins/lib/libmoveit_setup_srdf_plugins.so
[66.942s] -- Set runtime path of "/home/jellyfish/ws_moveit/install/moveit_setup_srdf_plugins/lib/libmoveit_setup_srdf_plugins.so" to ""
[66.942s] -- Installing: /home/jellyfish/ws_moveit/install/moveit_setup_srdf_plugins/share/moveit_setup_srdf_plugins/moveit_setup_framework_plugins.xml
[66.943s] -- Installing: /home/jellyfish/ws_moveit/install/moveit_setup_srdf_plugins/include
[66.944s] -- Installing: /home/jellyfish/ws_moveit/install/moveit_setup_srdf_plugins/include/moveit_setup_srdf_plugins
[66.944s] -- Installing: /home/jellyfish/ws_moveit/install/moveit_setup_srdf_plugins/include/moveit_setup_srdf_plugins/default_collisions.hpp
[66.944s] -- Installing: /home/jellyfish/ws_moveit/install/moveit_setup_srdf_plugins/include/moveit_setup_srdf_plugins/passive_joints.hpp
[66.945s] -- Installing: /home/jellyfish/ws_moveit/install/moveit_setup_srdf_plugins/include/moveit_setup_srdf_plugins/planning_groups_widget.hpp
[66.945s] -- Installing: /home/jellyfish/ws_moveit/install/moveit_setup_srdf_plugins/include/moveit_setup_srdf_plugins/robot_poses.hpp
[66.945s] -- Installing: /home/jellyfish/ws_moveit/install/moveit_setup_srdf_plugins/include/moveit_setup_srdf_plugins/srdf_step.hpp
[66.945s] -- Installing: /home/jellyfish/ws_moveit/install/moveit_setup_srdf_plugins/include/moveit_setup_srdf_plugins/group_edit_widget.hpp
[66.946s] -- Installing: /home/jellyfish/ws_moveit/install/moveit_setup_srdf_plugins/include/moveit_setup_srdf_plugins/rotated_header_view.hpp
[66.946s] -- Installing: /home/jellyfish/ws_moveit/install/moveit_setup_srdf_plugins/include/moveit_setup_srdf_plugins/collision_linear_model.hpp
[66.946s] -- Installing: /home/jellyfish/ws_moveit/install/moveit_setup_srdf_plugins/include/moveit_setup_srdf_plugins/end_effectors.hpp
[66.946s] -- Installing: /home/jellyfish/ws_moveit/install/moveit_setup_srdf_plugins/include/moveit_setup_srdf_plugins/kinematic_chain_widget.hpp
[66.947s] -- Installing: /home/jellyfish/ws_moveit/install/moveit_setup_srdf_plugins/include/moveit_setup_srdf_plugins/planning_groups.hpp
[66.947s] -- Installing: /home/jellyfish/ws_moveit/install/moveit_setup_srdf_plugins/include/moveit_setup_srdf_plugins/virtual_joints_widget.hpp
[66.947s] -- Installing: /home/jellyfish/ws_moveit/install/moveit_setup_srdf_plugins/include/moveit_setup_srdf_plugins/compute_default_collisions.hpp
[66.947s] -- Installing: /home/jellyfish/ws_moveit/install/moveit_setup_srdf_plugins/include/moveit_setup_srdf_plugins/passive_joints_widget.hpp
[66.948s] -- Installing: /home/jellyfish/ws_moveit/install/moveit_setup_srdf_plugins/include/moveit_setup_srdf_plugins/default_collisions_widget.hpp
[66.948s] -- Installing: /home/jellyfish/ws_moveit/install/moveit_setup_srdf_plugins/include/moveit_setup_srdf_plugins/group_meta_config.hpp
[66.948s] -- Installing: /home/jellyfish/ws_moveit/install/moveit_setup_srdf_plugins/include/moveit_setup_srdf_plugins/end_effectors_widget.hpp
[66.948s] -- Installing: /home/jellyfish/ws_moveit/install/moveit_setup_srdf_plugins/include/moveit_setup_srdf_plugins/collision_matrix_model.hpp
[66.949s] -- Installing: /home/jellyfish/ws_moveit/install/moveit_setup_srdf_plugins/include/moveit_setup_srdf_plugins/virtual_joints.hpp
[66.949s] -- Installing: /home/jellyfish/ws_moveit/install/moveit_setup_srdf_plugins/include/moveit_setup_srdf_plugins/robot_poses_widget.hpp
[66.949s] -- Installing: /home/jellyfish/ws_moveit/install/moveit_setup_srdf_plugins/share/moveit_setup_srdf_plugins/environment/library_path.sh
[66.950s] -- Installing: /home/jellyfish/ws_moveit/install/moveit_setup_srdf_plugins/share/moveit_setup_srdf_plugins/environment/library_path.dsv
[66.950s] -- Up-to-date: /home/jellyfish/ws_moveit/install/moveit_setup_srdf_plugins/share/moveit_setup_srdf_plugins/moveit_setup_framework_plugins.xml
[66.950s] -- Installing: /home/jellyfish/ws_moveit/install/moveit_setup_srdf_plugins/share/ament_index/resource_index/package_run_dependencies/moveit_setup_srdf_plugins
[66.951s] -- Installing: /home/jellyfish/ws_moveit/install/moveit_setup_srdf_plugins/share/ament_index/resource_index/parent_prefix_path/moveit_setup_srdf_plugins
[66.951s] -- Installing: /home/jellyfish/ws_moveit/install/moveit_setup_srdf_plugins/share/moveit_setup_srdf_plugins/environment/ament_prefix_path.sh
[66.951s] -- Installing: /home/jellyfish/ws_moveit/install/moveit_setup_srdf_plugins/share/moveit_setup_srdf_plugins/environment/ament_prefix_path.dsv
[66.952s] -- Installing: /home/jellyfish/ws_moveit/install/moveit_setup_srdf_plugins/share/moveit_setup_srdf_plugins/environment/path.sh
[66.952s] -- Installing: /home/jellyfish/ws_moveit/install/moveit_setup_srdf_plugins/share/moveit_setup_srdf_plugins/environment/path.dsv
[66.952s] -- Installing: /home/jellyfish/ws_moveit/install/moveit_setup_srdf_plugins/share/moveit_setup_srdf_plugins/local_setup.bash
[66.953s] -- Installing: /home/jellyfish/ws_moveit/install/moveit_setup_srdf_plugins/share/moveit_setup_srdf_plugins/local_setup.sh
[66.953s] -- Installing: /home/jellyfish/ws_moveit/install/moveit_setup_srdf_plugins/share/moveit_setup_srdf_plugins/local_setup.zsh
[66.953s] -- Installing: /home/jellyfish/ws_moveit/install/moveit_setup_srdf_plugins/share/moveit_setup_srdf_plugins/local_setup.dsv
[66.953s] -- Installing: /home/jellyfish/ws_moveit/install/moveit_setup_srdf_plugins/share/moveit_setup_srdf_plugins/package.dsv
[66.954s] -- Installing: /home/jellyfish/ws_moveit/install/moveit_setup_srdf_plugins/share/ament_index/resource_index/packages/moveit_setup_srdf_plugins
[66.954s] -- Installing: /home/jellyfish/ws_moveit/install/moveit_setup_srdf_plugins/share/ament_index/resource_index/moveit_setup_framework__pluginlib__plugin/moveit_setup_srdf_plugins
[66.955s] -- Installing: /home/jellyfish/ws_moveit/install/moveit_setup_srdf_plugins/share/moveit_setup_srdf_plugins/cmake/export_moveit_setup_srdf_pluginsExport.cmake
[66.955s] -- Installing: /home/jellyfish/ws_moveit/install/moveit_setup_srdf_plugins/share/moveit_setup_srdf_plugins/cmake/export_moveit_setup_srdf_pluginsExport-release.cmake
[66.955s] -- Installing: /home/jellyfish/ws_moveit/install/moveit_setup_srdf_plugins/share/moveit_setup_srdf_plugins/cmake/ament_cmake_export_include_directories-extras.cmake
[66.956s] -- Installing: /home/jellyfish/ws_moveit/install/moveit_setup_srdf_plugins/share/moveit_setup_srdf_plugins/cmake/ament_cmake_export_libraries-extras.cmake
[66.956s] -- Installing: /home/jellyfish/ws_moveit/install/moveit_setup_srdf_plugins/share/moveit_setup_srdf_plugins/cmake/ament_cmake_export_targets-extras.cmake
[66.956s] -- Installing: /home/jellyfish/ws_moveit/install/moveit_setup_srdf_plugins/share/moveit_setup_srdf_plugins/cmake/moveit_setup_srdf_pluginsConfig.cmake
[66.956s] -- Installing: /home/jellyfish/ws_moveit/install/moveit_setup_srdf_plugins/share/moveit_setup_srdf_plugins/cmake/moveit_setup_srdf_pluginsConfig-version.cmake
[66.957s] -- Installing: /home/jellyfish/ws_moveit/install/moveit_setup_srdf_plugins/share/moveit_setup_srdf_plugins/package.xml
[66.962s] Invoked command in '/home/jellyfish/ws_moveit/build/moveit_setup_srdf_plugins' returned '0': AMENT_PREFIX_PATH=/home/jellyfish/ws_moveit/install/moveit_setup_framework:/home/jellyfish/ws_moveit/install/moveit_ros_visualization:/home/jellyfish/ws_moveit/install/moveit_ros_planning_interface:/home/jellyfish/ws_moveit/install/moveit_ros_move_group:/home/jellyfish/ws_moveit/install/moveit_ros_warehouse:/home/jellyfish/ws_moveit/install/moveit_ros_robot_interaction:/home/jellyfish/ws_moveit/install/moveit_planners_ompl:/home/jellyfish/ws_moveit/install/moveit_kinematics:/home/jellyfish/ws_moveit/install/moveit_ros_planning:/home/jellyfish/ws_moveit/install/moveit_simple_controller_manager:/home/jellyfish/ws_moveit/install/moveit_ros_occupancy_map_monitor:/home/jellyfish/ws_moveit/install/moveit_core:/home/jellyfish/ws_moveit/install/moveit_resources_panda_moveit_config:/home/jellyfish/ws_moveit/install/moveit_resources_fanuc_moveit_config:/home/jellyfish/ws_moveit/install/moveit_configs_utils:/home/jellyfish/ws_moveit/install/srdfdom:/home/jellyfish/ws_moveit/install/moveit_resources_pr2_description:/home/jellyfish/ws_moveit/install/moveit_resources_panda_description:/home/jellyfish/ws_moveit/install/moveit_resources_fanuc_description:/home/jellyfish/ws_moveit/install/moveit_common:/home/jellyfish/ws_moveit/install/launch_param_builder:${AMENT_PREFIX_PATH} CMAKE_PREFIX_PATH=/home/jellyfish/ws_moveit/install/moveit_setup_framework:/home/jellyfish/ws_moveit/install/moveit_ros_visualization:/home/jellyfish/ws_moveit/install/moveit_ros_planning_interface:/home/jellyfish/ws_moveit/install/moveit_ros_move_group:/home/jellyfish/ws_moveit/install/moveit_ros_warehouse:/home/jellyfish/ws_moveit/install/moveit_ros_robot_interaction:/home/jellyfish/ws_moveit/install/moveit_planners_ompl:/home/jellyfish/ws_moveit/install/moveit_kinematics:/home/jellyfish/ws_moveit/install/moveit_ros_planning:/home/jellyfish/ws_moveit/install/moveit_simple_controller_manager:/home/jellyfish/ws_moveit/install/moveit_ros_occupancy_map_monitor:/home/jellyfish/ws_moveit/install/moveit_core:/home/jellyfish/ws_moveit/install/moveit_resources_panda_moveit_config:/home/jellyfish/ws_moveit/install/moveit_resources_fanuc_moveit_config:/home/jellyfish/ws_moveit/install/srdfdom:/home/jellyfish/ws_moveit/install/moveit_resources_pr2_description:/home/jellyfish/ws_moveit/install/moveit_resources_panda_description:/home/jellyfish/ws_moveit/install/moveit_resources_fanuc_description:/home/jellyfish/ws_moveit/install/moveit_common:/opt/ros/humble LD_LIBRARY_PATH=/home/jellyfish/ws_moveit/install/moveit_setup_framework/lib:/home/jellyfish/ws_moveit/install/moveit_ros_visualization/lib:/home/jellyfish/ws_moveit/install/moveit_ros_planning_interface/lib:/home/jellyfish/ws_moveit/install/moveit_ros_move_group/lib:/home/jellyfish/ws_moveit/install/moveit_ros_warehouse/lib:/home/jellyfish/ws_moveit/install/moveit_ros_robot_interaction/lib:/home/jellyfish/ws_moveit/install/moveit_planners_ompl/lib:/home/jellyfish/ws_moveit/install/moveit_kinematics/lib:/home/jellyfish/ws_moveit/install/moveit_ros_planning/lib:/home/jellyfish/ws_moveit/install/moveit_simple_controller_manager/lib:/home/jellyfish/ws_moveit/install/moveit_ros_occupancy_map_monitor/lib:/home/jellyfish/ws_moveit/install/moveit_core/lib:/home/jellyfish/ws_moveit/install/srdfdom/lib:${LD_LIBRARY_PATH} PATH=/home/jellyfish/ws_moveit/install/moveit_core/bin:${PATH} PYTHONPATH=/home/jellyfish/ws_moveit/install/moveit_configs_utils/lib/python3.10/site-packages:/home/jellyfish/ws_moveit/install/srdfdom/local/lib/python3.10/dist-packages:/home/jellyfish/ws_moveit/install/launch_param_builder/lib/python3.10/site-packages:${PYTHONPATH} /usr/bin/cmake --install /home/jellyfish/ws_moveit/build/moveit_setup_srdf_plugins
