[0.019s] Invoking command in '/home/jellyfish/ws_moveit/build/srdfdom': CMAKE_PREFIX_PATH=${CMAKE_PREFIX_PATH}:/home/jellyfish/ws_moveit/install/moveit_configs_utils:/home/jellyfish/ws_moveit/install/launch_param_builder:/opt/ros/humble /usr/bin/cmake --build /home/jellyfish/ws_moveit/build/srdfdom -- -j12 -l12
[0.114s] [ 27%] Built target srdfdom
[0.115s] [ 45%] Built target gtest
[0.129s] [ 63%] Built target gtest_main
[0.130s] [ 63%] Built target ament_cmake_python_copy_srdfdom
[0.174s] [100%] Built target test_cpp_nl_NL.UTF-8
[0.174s] [100%] Built target test_cpp_C
[0.396s] running egg_info
[0.397s] writing srdfdom.egg-info/PKG-INFO
[0.397s] writing dependency_links to srdfdom.egg-info/dependency_links.txt
[0.397s] writing top-level names to srdfdom.egg-info/top_level.txt
[0.400s] reading manifest file 'srdfdom.egg-info/SOURCES.txt'
[0.401s] writing manifest file 'srdfdom.egg-info/SOURCES.txt'
[0.440s] [100%] Built target ament_cmake_python_build_srdfdom_egg
[0.465s] Invoked command in '/home/jellyfish/ws_moveit/build/srdfdom' returned '0': CMAKE_PREFIX_PATH=${CMAKE_PREFIX_PATH}:/home/jellyfish/ws_moveit/install/moveit_configs_utils:/home/jellyfish/ws_moveit/install/launch_param_builder:/opt/ros/humble /usr/bin/cmake --build /home/jellyfish/ws_moveit/build/srdfdom -- -j12 -l12
[0.566s] Invoking command in '/home/jellyfish/ws_moveit/build/srdfdom': CMAKE_PREFIX_PATH=${CMAKE_PREFIX_PATH}:/home/jellyfish/ws_moveit/install/moveit_configs_utils:/home/jellyfish/ws_moveit/install/launch_param_builder:/opt/ros/humble /usr/bin/cmake --install /home/jellyfish/ws_moveit/build/srdfdom
[0.581s] -- Install configuration: "Release"
[0.581s] -- Up-to-date: /home/jellyfish/ws_moveit/install/srdfdom/lib/libsrdfdom.so.2.0.4
[0.581s] -- Up-to-date: /home/jellyfish/ws_moveit/install/srdfdom/lib/libsrdfdom.so
[0.581s] -- Up-to-date: /home/jellyfish/ws_moveit/install/srdfdom/include/srdfdom
[0.581s] -- Up-to-date: /home/jellyfish/ws_moveit/install/srdfdom/include/srdfdom/visibility_control.h
[0.581s] -- Up-to-date: /home/jellyfish/ws_moveit/install/srdfdom/include/srdfdom/srdf_writer.h
[0.582s] -- Up-to-date: /home/jellyfish/ws_moveit/install/srdfdom/include/srdfdom/model.h
[0.582s] -- Up-to-date: /home/jellyfish/ws_moveit/install/srdfdom/lib/srdfdom/display_srdf
[0.582s] -- Up-to-date: /home/jellyfish/ws_moveit/install/srdfdom/share/srdfdom/environment/pythonpath.sh
[0.582s] -- Up-to-date: /home/jellyfish/ws_moveit/install/srdfdom/share/srdfdom/environment/pythonpath.dsv
[0.582s] -- Up-to-date: /home/jellyfish/ws_moveit/install/srdfdom/local/lib/python3.10/dist-packages/srdfdom-2.0.4-py3.10.egg-info
[0.582s] -- Installing: /home/jellyfish/ws_moveit/install/srdfdom/local/lib/python3.10/dist-packages/srdfdom-2.0.4-py3.10.egg-info/PKG-INFO
[0.582s] -- Installing: /home/jellyfish/ws_moveit/install/srdfdom/local/lib/python3.10/dist-packages/srdfdom-2.0.4-py3.10.egg-info/SOURCES.txt
[0.582s] -- Installing: /home/jellyfish/ws_moveit/install/srdfdom/local/lib/python3.10/dist-packages/srdfdom-2.0.4-py3.10.egg-info/dependency_links.txt
[0.582s] -- Installing: /home/jellyfish/ws_moveit/install/srdfdom/local/lib/python3.10/dist-packages/srdfdom-2.0.4-py3.10.egg-info/top_level.txt
[0.582s] -- Up-to-date: /home/jellyfish/ws_moveit/install/srdfdom/local/lib/python3.10/dist-packages/srdfdom
[0.582s] -- Up-to-date: /home/jellyfish/ws_moveit/install/srdfdom/local/lib/python3.10/dist-packages/srdfdom/__init__.py
[0.583s] -- Up-to-date: /home/jellyfish/ws_moveit/install/srdfdom/local/lib/python3.10/dist-packages/srdfdom/srdf.py
[0.615s] Listing '/home/jellyfish/ws_moveit/install/srdfdom/local/lib/python3.10/dist-packages/srdfdom'...
[0.619s] -- Up-to-date: /home/jellyfish/ws_moveit/install/srdfdom/share/srdfdom/environment/library_path.sh
[0.620s] -- Up-to-date: /home/jellyfish/ws_moveit/install/srdfdom/share/srdfdom/environment/library_path.dsv
[0.620s] -- Up-to-date: /home/jellyfish/ws_moveit/install/srdfdom/share/ament_index/resource_index/package_run_dependencies/srdfdom
[0.620s] -- Up-to-date: /home/jellyfish/ws_moveit/install/srdfdom/share/ament_index/resource_index/parent_prefix_path/srdfdom
[0.620s] -- Up-to-date: /home/jellyfish/ws_moveit/install/srdfdom/share/srdfdom/environment/ament_prefix_path.sh
[0.620s] -- Up-to-date: /home/jellyfish/ws_moveit/install/srdfdom/share/srdfdom/environment/ament_prefix_path.dsv
[0.620s] -- Up-to-date: /home/jellyfish/ws_moveit/install/srdfdom/share/srdfdom/environment/path.sh
[0.620s] -- Up-to-date: /home/jellyfish/ws_moveit/install/srdfdom/share/srdfdom/environment/path.dsv
[0.620s] -- Up-to-date: /home/jellyfish/ws_moveit/install/srdfdom/share/srdfdom/local_setup.bash
[0.620s] -- Up-to-date: /home/jellyfish/ws_moveit/install/srdfdom/share/srdfdom/local_setup.sh
[0.620s] -- Up-to-date: /home/jellyfish/ws_moveit/install/srdfdom/share/srdfdom/local_setup.zsh
[0.620s] -- Up-to-date: /home/jellyfish/ws_moveit/install/srdfdom/share/srdfdom/local_setup.dsv
[0.621s] -- Installing: /home/jellyfish/ws_moveit/install/srdfdom/share/srdfdom/package.dsv
[0.621s] -- Up-to-date: /home/jellyfish/ws_moveit/install/srdfdom/share/ament_index/resource_index/packages/srdfdom
[0.621s] -- Up-to-date: /home/jellyfish/ws_moveit/install/srdfdom/share/srdfdom/cmake/srdfdomTargetsExport.cmake
[0.621s] -- Up-to-date: /home/jellyfish/ws_moveit/install/srdfdom/share/srdfdom/cmake/srdfdomTargetsExport-release.cmake
[0.621s] -- Up-to-date: /home/jellyfish/ws_moveit/install/srdfdom/share/srdfdom/cmake/ament_cmake_export_targets-extras.cmake
[0.621s] -- Up-to-date: /home/jellyfish/ws_moveit/install/srdfdom/share/srdfdom/cmake/ament_cmake_export_dependencies-extras.cmake
[0.621s] -- Up-to-date: /home/jellyfish/ws_moveit/install/srdfdom/share/srdfdom/cmake/srdfdomConfig.cmake
[0.622s] -- Up-to-date: /home/jellyfish/ws_moveit/install/srdfdom/share/srdfdom/cmake/srdfdomConfig-version.cmake
[0.622s] -- Up-to-date: /home/jellyfish/ws_moveit/install/srdfdom/share/srdfdom/package.xml
[0.625s] Invoked command in '/home/jellyfish/ws_moveit/build/srdfdom' returned '0': CMAKE_PREFIX_PATH=${CMAKE_PREFIX_PATH}:/home/jellyfish/ws_moveit/install/moveit_configs_utils:/home/jellyfish/ws_moveit/install/launch_param_builder:/opt/ros/humble /usr/bin/cmake --install /home/jellyfish/ws_moveit/build/srdfdom
