[0.034s] Invoking command in '/home/jellyfish/ws_moveit/build/moveit_ros_perception': AMENT_PREFIX_PATH=/home/jellyfish/ws_moveit/install/moveit_ros_planning:/home/jellyfish/ws_moveit/install/moveit_ros_occupancy_map_monitor:/home/jellyfish/ws_moveit/install/moveit_core:/home/jellyfish/ws_moveit/install/moveit_resources_panda_moveit_config:/home/jellyfish/ws_moveit/install/srdfdom:/home/jellyfish/ws_moveit/install/moveit_resources_pr2_description:/home/jellyfish/ws_moveit/install/moveit_resources_panda_description:/home/jellyfish/ws_moveit/install/moveit_common:${AMENT_PREFIX_PATH} CMAKE_PREFIX_PATH=/home/jellyfish/ws_moveit/install/moveit_ros_planning:/home/jellyfish/ws_moveit/install/moveit_ros_occupancy_map_monitor:/home/jellyfish/ws_moveit/install/moveit_core:/home/jellyfish/ws_moveit/install/moveit_resources_panda_moveit_config:/home/jellyfish/ws_moveit/install/srdfdom:/home/jellyfish/ws_moveit/install/moveit_resources_pr2_description:/home/jellyfish/ws_moveit/install/moveit_resources_panda_description:/home/jellyfish/ws_moveit/install/moveit_common:/opt/ros/humble LD_LIBRARY_PATH=/home/jellyfish/ws_moveit/install/moveit_ros_planning/lib:/home/jellyfish/ws_moveit/install/moveit_ros_occupancy_map_monitor/lib:/home/jellyfish/ws_moveit/install/moveit_core/lib:/home/jellyfish/ws_moveit/install/srdfdom/lib:${LD_LIBRARY_PATH} PATH=/home/jellyfish/ws_moveit/install/moveit_core/bin:${PATH} PYTHONPATH=/home/jellyfish/ws_moveit/install/srdfdom/local/lib/python3.10/dist-packages:${PYTHONPATH} /usr/bin/cmake /home/jellyfish/ws_moveit/src/moveit2/moveit_ros/perception -DCMAKE_BUILD_TYPE=Release -DCMAKE_INSTALL_PREFIX=/home/jellyfish/ws_moveit/install/moveit_ros_perception
[0.152s] -- The C compiler identification is GNU 11.4.0
[0.265s] -- The CXX compiler identification is GNU 11.4.0
[0.284s] -- Detecting C compiler ABI info
[0.459s] -- Detecting C compiler ABI info - done
[0.478s] -- Check for working C compiler: /usr/bin/cc - skipped
[0.479s] -- Detecting C compile features
[0.479s] -- Detecting C compile features - done
[0.487s] -- Detecting CXX compiler ABI info
[0.655s] -- Detecting CXX compiler ABI info - done
[0.675s] -- Check for working CXX compiler: /usr/bin/c++ - skipped
[0.675s] -- Detecting CXX compile features
[0.676s] -- Detecting CXX compile features - done
[0.682s] -- Found moveit_common: 2.5.5 (/home/jellyfish/ws_moveit/install/moveit_common/share/moveit_common/cmake)
[0.693s] -- Found ament_cmake: 1.3.9 (/opt/ros/humble/share/ament_cmake/cmake)
[1.006s] -- Found Python3: /usr/bin/python3 (found version "3.10.12") found components: Interpreter 
[1.258s] -- Found libdw: /usr/lib/x86_64-linux-gnu/libdw.so  
[1.264s] -- Could NOT find libbfd (missing: LIBBFD_LIBRARY LIBBFD_INCLUDE_DIR) 
[1.264s] -- BACKWARD_HAS_UNWIND=1
[1.264s] -- BACKWARD_HAS_BACKTRACE=0
[1.264s] -- BACKWARD_HAS_BACKTRACE_SYMBOL=0
[1.265s] -- BACKWARD_HAS_DW=1
[1.265s] -- BACKWARD_HAS_BFD=0
[1.265s] -- Found Backward: /opt/ros/humble/share/backward_ros/cmake  
[1.270s] -- Found OpenGL: /usr/lib/x86_64-linux-gnu/libOpenGL.so   
[1.314s] -- Found GLEW: /usr/include (found version "2.2.0") 
[1.323s] -- Found PkgConfig: /usr/bin/pkg-config (found version "0.29.2") 
[1.324s] -- Checking for module 'glut'
[1.330s] --   No package 'glut' found
[1.332s] -- Found GLUT: /usr/lib/x86_64-linux-gnu/libglut.so  
[1.336s] -- Found cv_bridge: 3.2.1 (/opt/ros/humble/share/cv_bridge/cmake)
[1.387s] -- Found rosidl_generator_c: 3.1.5 (/opt/ros/humble/share/rosidl_generator_c/cmake)
[1.394s] -- Found rosidl_adapter: 3.1.5 (/opt/ros/humble/share/rosidl_adapter/cmake)
[1.404s] -- Found rosidl_generator_cpp: 3.1.5 (/opt/ros/humble/share/rosidl_generator_cpp/cmake)
[1.419s] -- Using all available rosidl_typesupport_c: rosidl_typesupport_fastrtps_c;rosidl_typesupport_introspection_c
[1.441s] -- Using all available rosidl_typesupport_cpp: rosidl_typesupport_fastrtps_cpp;rosidl_typesupport_introspection_cpp
[1.648s] -- Found moveit_core: 2.5.5 (/home/jellyfish/ws_moveit/install/moveit_core/share/moveit_core/cmake)
[2.033s] -- Found Boost: /usr/lib/x86_64-linux-gnu/cmake/Boost-1.74.0/BoostConfig.cmake (found version "1.74.0") found components: chrono date_time filesystem iostreams program_options regex serialization system thread 
[2.086s] -- Found parameter_traits: 0.3.8 (/opt/ros/humble/share/parameter_traits/cmake)
[2.158s] -- Found rmw_implementation_cmake: 6.1.2 (/opt/ros/humble/share/rmw_implementation_cmake/cmake)
[2.162s] -- Found rmw_fastrtps_cpp: 6.2.6 (/opt/ros/humble/share/rmw_fastrtps_cpp/cmake)
[2.321s] -- Found OpenSSL: /usr/lib/x86_64-linux-gnu/libcrypto.so (found version "3.0.2")  
[2.352s] -- Found FastRTPS: /opt/ros/humble/include  
[2.420s] -- Using RMW implementation 'rmw_fastrtps_cpp' as default
[2.432s] -- Found Threads: TRUE  
[2.577s] -- Found Eigen3: TRUE (found version "3.4.0") 
[2.581s] -- Found rclcpp_lifecycle: 16.0.9 (/opt/ros/humble/share/rclcpp_lifecycle/cmake)
[2.628s] -- Found Boost: /usr/lib/x86_64-linux-gnu/cmake/Boost-1.74.0/BoostConfig.cmake (found version "1.74.0") found components: filesystem 
[2.824s] -- library: /usr/lib/x86_64-linux-gnu/libcurl.so
[3.061s] -- Ensuring Eigen3 include directory is part of orocos-kdl CMake target
[4.119s] -- Found image_transport: 3.1.9 (/opt/ros/humble/share/image_transport/cmake)
[4.133s] -- Found moveit_ros_occupancy_map_monitor: 2.5.5 (/home/jellyfish/ws_moveit/install/moveit_ros_occupancy_map_monitor/share/moveit_ros_occupancy_map_monitor/cmake)
[4.897s] -- Found OpenMP_C: -fopenmp (found version "4.5") 
[5.113s] -- Found OpenMP_CXX: -fopenmp (found version "4.5") 
[5.114s] -- Found OpenMP: TRUE (found version "4.5")  
[5.118s] -- Found OpenCV: /usr (found version "4.5.4") 
[5.122s] -- Found Boost: /usr/lib/x86_64-linux-gnu/cmake/Boost-1.74.0/BoostConfig.cmake (found version "1.74.0") found components: thread 
[5.174s] -- Performing Test COMPILER_HAS_HIDDEN_VISIBILITY
[5.385s] -- Performing Test COMPILER_HAS_HIDDEN_VISIBILITY - Success
[5.386s] -- Performing Test COMPILER_HAS_HIDDEN_INLINE_VISIBILITY
[5.579s] -- Performing Test COMPILER_HAS_HIDDEN_INLINE_VISIBILITY - Success
[5.579s] -- Performing Test COMPILER_HAS_DEPRECATED_ATTR
[5.796s] -- Performing Test COMPILER_HAS_DEPRECATED_ATTR - Success
[5.861s] -- Found ament_lint_auto: 0.12.11 (/opt/ros/humble/share/ament_lint_auto/cmake)
[5.900s] -- Added test 'cppcheck' to perform static code analysis on C / C++ code
[5.901s] -- Configured cppcheck include dirs: /home/jellyfish/ws_moveit/src/moveit2/moveit_ros/perception/depth_image_octomap_updater/include;/home/jellyfish/ws_moveit/src/moveit2/moveit_ros/perception/lazy_free_space_updater/include;/home/jellyfish/ws_moveit/src/moveit2/moveit_ros/perception/mesh_filter/include;/home/jellyfish/ws_moveit/src/moveit2/moveit_ros/perception/point_containment_filter/include;/home/jellyfish/ws_moveit/src/moveit2/moveit_ros/perception/pointcloud_octomap_updater/include;/home/jellyfish/ws_moveit/src/moveit2/moveit_ros/perception/semantic_world/include
[5.901s] -- Configured cppcheck exclude dirs and/or files: 
[5.903s] -- Added test 'lint_cmake' to check CMake code style
[5.905s] -- Added test 'xmllint' to check XML markup files
[5.908s] -- Configuring done
[6.047s] -- Generating done
[6.050s] -- Build files have been written to: /home/jellyfish/ws_moveit/build/moveit_ros_perception
[6.070s] Invoked command in '/home/jellyfish/ws_moveit/build/moveit_ros_perception' returned '0': AMENT_PREFIX_PATH=/home/jellyfish/ws_moveit/install/moveit_ros_planning:/home/jellyfish/ws_moveit/install/moveit_ros_occupancy_map_monitor:/home/jellyfish/ws_moveit/install/moveit_core:/home/jellyfish/ws_moveit/install/moveit_resources_panda_moveit_config:/home/jellyfish/ws_moveit/install/srdfdom:/home/jellyfish/ws_moveit/install/moveit_resources_pr2_description:/home/jellyfish/ws_moveit/install/moveit_resources_panda_description:/home/jellyfish/ws_moveit/install/moveit_common:${AMENT_PREFIX_PATH} CMAKE_PREFIX_PATH=/home/jellyfish/ws_moveit/install/moveit_ros_planning:/home/jellyfish/ws_moveit/install/moveit_ros_occupancy_map_monitor:/home/jellyfish/ws_moveit/install/moveit_core:/home/jellyfish/ws_moveit/install/moveit_resources_panda_moveit_config:/home/jellyfish/ws_moveit/install/srdfdom:/home/jellyfish/ws_moveit/install/moveit_resources_pr2_description:/home/jellyfish/ws_moveit/install/moveit_resources_panda_description:/home/jellyfish/ws_moveit/install/moveit_common:/opt/ros/humble LD_LIBRARY_PATH=/home/jellyfish/ws_moveit/install/moveit_ros_planning/lib:/home/jellyfish/ws_moveit/install/moveit_ros_occupancy_map_monitor/lib:/home/jellyfish/ws_moveit/install/moveit_core/lib:/home/jellyfish/ws_moveit/install/srdfdom/lib:${LD_LIBRARY_PATH} PATH=/home/jellyfish/ws_moveit/install/moveit_core/bin:${PATH} PYTHONPATH=/home/jellyfish/ws_moveit/install/srdfdom/local/lib/python3.10/dist-packages:${PYTHONPATH} /usr/bin/cmake /home/jellyfish/ws_moveit/src/moveit2/moveit_ros/perception -DCMAKE_BUILD_TYPE=Release -DCMAKE_INSTALL_PREFIX=/home/jellyfish/ws_moveit/install/moveit_ros_perception
[6.073s] Invoking command in '/home/jellyfish/ws_moveit/build/moveit_ros_perception': AMENT_PREFIX_PATH=/home/jellyfish/ws_moveit/install/moveit_ros_planning:/home/jellyfish/ws_moveit/install/moveit_ros_occupancy_map_monitor:/home/jellyfish/ws_moveit/install/moveit_core:/home/jellyfish/ws_moveit/install/moveit_resources_panda_moveit_config:/home/jellyfish/ws_moveit/install/srdfdom:/home/jellyfish/ws_moveit/install/moveit_resources_pr2_description:/home/jellyfish/ws_moveit/install/moveit_resources_panda_description:/home/jellyfish/ws_moveit/install/moveit_common:${AMENT_PREFIX_PATH} CMAKE_PREFIX_PATH=/home/jellyfish/ws_moveit/install/moveit_ros_planning:/home/jellyfish/ws_moveit/install/moveit_ros_occupancy_map_monitor:/home/jellyfish/ws_moveit/install/moveit_core:/home/jellyfish/ws_moveit/install/moveit_resources_panda_moveit_config:/home/jellyfish/ws_moveit/install/srdfdom:/home/jellyfish/ws_moveit/install/moveit_resources_pr2_description:/home/jellyfish/ws_moveit/install/moveit_resources_panda_description:/home/jellyfish/ws_moveit/install/moveit_common:/opt/ros/humble LD_LIBRARY_PATH=/home/jellyfish/ws_moveit/install/moveit_ros_planning/lib:/home/jellyfish/ws_moveit/install/moveit_ros_occupancy_map_monitor/lib:/home/jellyfish/ws_moveit/install/moveit_core/lib:/home/jellyfish/ws_moveit/install/srdfdom/lib:${LD_LIBRARY_PATH} PATH=/home/jellyfish/ws_moveit/install/moveit_core/bin:${PATH} PYTHONPATH=/home/jellyfish/ws_moveit/install/srdfdom/local/lib/python3.10/dist-packages:${PYTHONPATH} /usr/bin/cmake --build /home/jellyfish/ws_moveit/build/moveit_ros_perception -- -j12 -l12
[6.153s] [  5%] [32mBuilding CXX object point_containment_filter/CMakeFiles/moveit_point_containment_filter.dir/src/shape_mask.cpp.o[0m
[6.164s] [ 15%] [32mBuilding CXX object mesh_filter/CMakeFiles/moveit_mesh_filter.dir/src/mesh_filter_base.cpp.o[0m
[6.164s] [ 15%] [32mBuilding CXX object lazy_free_space_updater/CMakeFiles/moveit_lazy_free_space_updater.dir/src/lazy_free_space_updater.cpp.o[0m
[6.165s] [ 20%] [32mBuilding CXX object semantic_world/CMakeFiles/moveit_semantic_world.dir/src/semantic_world.cpp.o[0m
[6.165s] [ 30%] [32mBuilding CXX object mesh_filter/CMakeFiles/moveit_mesh_filter.dir/src/gl_mesh.cpp.o[0m
[6.165s] [ 30%] [32mBuilding CXX object mesh_filter/CMakeFiles/moveit_mesh_filter.dir/src/gl_renderer.cpp.o[0m
[6.166s] [ 35%] [32mBuilding CXX object mesh_filter/CMakeFiles/moveit_mesh_filter.dir/src/sensor_model.cpp.o[0m
[6.168s] [ 40%] [32mBuilding CXX object mesh_filter/CMakeFiles/moveit_mesh_filter.dir/src/stereo_camera_model.cpp.o[0m
[8.133s] [ 45%] [32m[1mLinking CXX shared library libmoveit_lazy_free_space_updater.so[0m
[8.366s] [ 45%] Built target moveit_lazy_free_space_updater
[9.127s] [ 50%] [32m[1mLinking CXX shared library libmoveit_point_containment_filter.so[0m
[9.313s] [ 50%] Built target moveit_point_containment_filter
[9.361s] [ 55%] [32mBuilding CXX object pointcloud_octomap_updater/CMakeFiles/moveit_pointcloud_octomap_updater_core.dir/src/pointcloud_octomap_updater.cpp.o[0m
[9.607s] [ 60%] [32m[1mLinking CXX shared library libmoveit_mesh_filter.so[0m
[9.931s] [ 60%] Built target moveit_mesh_filter
[9.971s] [ 65%] [32mBuilding CXX object depth_image_octomap_updater/CMakeFiles/moveit_depth_image_octomap_updater_core.dir/src/depth_image_octomap_updater.cpp.o[0m
[16.070s] [ 70%] [32m[1mLinking CXX shared library libmoveit_depth_image_octomap_updater_core.so[0m
[16.312s] [ 70%] Built target moveit_depth_image_octomap_updater_core
[16.359s] [ 75%] [32mBuilding CXX object depth_image_octomap_updater/CMakeFiles/moveit_depth_image_octomap_updater.dir/src/updater_plugin.cpp.o[0m
[20.446s] [ 80%] [32m[1mLinking CXX shared library libmoveit_depth_image_octomap_updater.so[0m
[20.653s] [ 80%] Built target moveit_depth_image_octomap_updater
[22.123s] [ 85%] [32m[1mLinking CXX shared library libmoveit_pointcloud_octomap_updater_core.so[0m
[22.426s] [ 85%] Built target moveit_pointcloud_octomap_updater_core
[22.469s] [ 90%] [32mBuilding CXX object pointcloud_octomap_updater/CMakeFiles/moveit_pointcloud_octomap_updater.dir/src/plugin_init.cpp.o[0m
[23.824s] [ 95%] [32m[1mLinking CXX shared library libmoveit_semantic_world.so[0m
[24.145s] [ 95%] Built target moveit_semantic_world
[26.572s] [100%] [32m[1mLinking CXX shared library libmoveit_pointcloud_octomap_updater.so[0m
[26.813s] [100%] Built target moveit_pointcloud_octomap_updater
[26.828s] Invoked command in '/home/jellyfish/ws_moveit/build/moveit_ros_perception' returned '0': AMENT_PREFIX_PATH=/home/jellyfish/ws_moveit/install/moveit_ros_planning:/home/jellyfish/ws_moveit/install/moveit_ros_occupancy_map_monitor:/home/jellyfish/ws_moveit/install/moveit_core:/home/jellyfish/ws_moveit/install/moveit_resources_panda_moveit_config:/home/jellyfish/ws_moveit/install/srdfdom:/home/jellyfish/ws_moveit/install/moveit_resources_pr2_description:/home/jellyfish/ws_moveit/install/moveit_resources_panda_description:/home/jellyfish/ws_moveit/install/moveit_common:${AMENT_PREFIX_PATH} CMAKE_PREFIX_PATH=/home/jellyfish/ws_moveit/install/moveit_ros_planning:/home/jellyfish/ws_moveit/install/moveit_ros_occupancy_map_monitor:/home/jellyfish/ws_moveit/install/moveit_core:/home/jellyfish/ws_moveit/install/moveit_resources_panda_moveit_config:/home/jellyfish/ws_moveit/install/srdfdom:/home/jellyfish/ws_moveit/install/moveit_resources_pr2_description:/home/jellyfish/ws_moveit/install/moveit_resources_panda_description:/home/jellyfish/ws_moveit/install/moveit_common:/opt/ros/humble LD_LIBRARY_PATH=/home/jellyfish/ws_moveit/install/moveit_ros_planning/lib:/home/jellyfish/ws_moveit/install/moveit_ros_occupancy_map_monitor/lib:/home/jellyfish/ws_moveit/install/moveit_core/lib:/home/jellyfish/ws_moveit/install/srdfdom/lib:${LD_LIBRARY_PATH} PATH=/home/jellyfish/ws_moveit/install/moveit_core/bin:${PATH} PYTHONPATH=/home/jellyfish/ws_moveit/install/srdfdom/local/lib/python3.10/dist-packages:${PYTHONPATH} /usr/bin/cmake --build /home/jellyfish/ws_moveit/build/moveit_ros_perception -- -j12 -l12
[26.899s] Invoking command in '/home/jellyfish/ws_moveit/build/moveit_ros_perception': AMENT_PREFIX_PATH=/home/jellyfish/ws_moveit/install/moveit_ros_planning:/home/jellyfish/ws_moveit/install/moveit_ros_occupancy_map_monitor:/home/jellyfish/ws_moveit/install/moveit_core:/home/jellyfish/ws_moveit/install/moveit_resources_panda_moveit_config:/home/jellyfish/ws_moveit/install/srdfdom:/home/jellyfish/ws_moveit/install/moveit_resources_pr2_description:/home/jellyfish/ws_moveit/install/moveit_resources_panda_description:/home/jellyfish/ws_moveit/install/moveit_common:${AMENT_PREFIX_PATH} CMAKE_PREFIX_PATH=/home/jellyfish/ws_moveit/install/moveit_ros_planning:/home/jellyfish/ws_moveit/install/moveit_ros_occupancy_map_monitor:/home/jellyfish/ws_moveit/install/moveit_core:/home/jellyfish/ws_moveit/install/moveit_resources_panda_moveit_config:/home/jellyfish/ws_moveit/install/srdfdom:/home/jellyfish/ws_moveit/install/moveit_resources_pr2_description:/home/jellyfish/ws_moveit/install/moveit_resources_panda_description:/home/jellyfish/ws_moveit/install/moveit_common:/opt/ros/humble LD_LIBRARY_PATH=/home/jellyfish/ws_moveit/install/moveit_ros_planning/lib:/home/jellyfish/ws_moveit/install/moveit_ros_occupancy_map_monitor/lib:/home/jellyfish/ws_moveit/install/moveit_core/lib:/home/jellyfish/ws_moveit/install/srdfdom/lib:${LD_LIBRARY_PATH} PATH=/home/jellyfish/ws_moveit/install/moveit_core/bin:${PATH} PYTHONPATH=/home/jellyfish/ws_moveit/install/srdfdom/local/lib/python3.10/dist-packages:${PYTHONPATH} /usr/bin/cmake --install /home/jellyfish/ws_moveit/build/moveit_ros_perception
[26.919s] -- Install configuration: "Release"
[26.919s] -- Installing: /home/jellyfish/ws_moveit/install/moveit_ros_perception/include
[26.919s] -- Installing: /home/jellyfish/ws_moveit/install/moveit_ros_perception/include/moveit
[26.920s] -- Installing: /home/jellyfish/ws_moveit/install/moveit_ros_perception/include/moveit/lazy_free_space_updater
[26.920s] -- Installing: /home/jellyfish/ws_moveit/install/moveit_ros_perception/include/moveit/lazy_free_space_updater/lazy_free_space_updater.h
[26.920s] -- Up-to-date: /home/jellyfish/ws_moveit/install/moveit_ros_perception/include
[26.921s] -- Up-to-date: /home/jellyfish/ws_moveit/install/moveit_ros_perception/include/moveit
[26.921s] -- Installing: /home/jellyfish/ws_moveit/install/moveit_ros_perception/include/moveit/point_containment_filter
[26.921s] -- Installing: /home/jellyfish/ws_moveit/install/moveit_ros_perception/include/moveit/point_containment_filter/shape_mask.h
[26.922s] -- Up-to-date: /home/jellyfish/ws_moveit/install/moveit_ros_perception/include
[26.922s] -- Up-to-date: /home/jellyfish/ws_moveit/install/moveit_ros_perception/include/moveit
[26.922s] -- Installing: /home/jellyfish/ws_moveit/install/moveit_ros_perception/include/moveit/pointcloud_octomap_updater
[26.922s] -- Installing: /home/jellyfish/ws_moveit/install/moveit_ros_perception/include/moveit/pointcloud_octomap_updater/pointcloud_octomap_updater.h
[26.923s] -- Up-to-date: /home/jellyfish/ws_moveit/install/moveit_ros_perception/include
[26.923s] -- Up-to-date: /home/jellyfish/ws_moveit/install/moveit_ros_perception/include/moveit
[26.923s] -- Installing: /home/jellyfish/ws_moveit/install/moveit_ros_perception/include/moveit/mesh_filter
[26.923s] -- Installing: /home/jellyfish/ws_moveit/install/moveit_ros_perception/include/moveit/mesh_filter/gl_renderer.h
[26.924s] -- Installing: /home/jellyfish/ws_moveit/install/moveit_ros_perception/include/moveit/mesh_filter/stereo_camera_model.h
[26.924s] -- Installing: /home/jellyfish/ws_moveit/install/moveit_ros_perception/include/moveit/mesh_filter/depth_self_filter_nodelet.h
[26.924s] -- Installing: /home/jellyfish/ws_moveit/install/moveit_ros_perception/include/moveit/mesh_filter/filter_job.h
[26.924s] -- Installing: /home/jellyfish/ws_moveit/install/moveit_ros_perception/include/moveit/mesh_filter/transform_provider.h
[26.925s] -- Installing: /home/jellyfish/ws_moveit/install/moveit_ros_perception/include/moveit/mesh_filter/sensor_model.h
[26.925s] -- Installing: /home/jellyfish/ws_moveit/install/moveit_ros_perception/include/moveit/mesh_filter/gl_mesh.h
[26.925s] -- Installing: /home/jellyfish/ws_moveit/install/moveit_ros_perception/include/moveit/mesh_filter/mesh_filter_base.h
[26.926s] -- Installing: /home/jellyfish/ws_moveit/install/moveit_ros_perception/include/moveit/mesh_filter/mesh_filter.h
[26.926s] -- Installing: /home/jellyfish/ws_moveit/install/moveit_ros_perception/include/moveit_mesh_filter_export.h
[26.927s] -- Up-to-date: /home/jellyfish/ws_moveit/install/moveit_ros_perception/include
[26.927s] -- Up-to-date: /home/jellyfish/ws_moveit/install/moveit_ros_perception/include/moveit
[26.927s] -- Installing: /home/jellyfish/ws_moveit/install/moveit_ros_perception/include/moveit/depth_image_octomap_updater
[26.927s] -- Installing: /home/jellyfish/ws_moveit/install/moveit_ros_perception/include/moveit/depth_image_octomap_updater/depth_image_octomap_updater.h
[26.928s] -- Up-to-date: /home/jellyfish/ws_moveit/install/moveit_ros_perception/include
[26.928s] -- Up-to-date: /home/jellyfish/ws_moveit/install/moveit_ros_perception/include/moveit
[26.928s] -- Installing: /home/jellyfish/ws_moveit/install/moveit_ros_perception/include/moveit/semantic_world
[26.928s] -- Installing: /home/jellyfish/ws_moveit/install/moveit_ros_perception/include/moveit/semantic_world/semantic_world.h
[26.929s] -- Installing: /home/jellyfish/ws_moveit/install/moveit_ros_perception/lib/libmoveit_depth_image_octomap_updater.so.2.5.5
[26.930s] -- Set runtime path of "/home/jellyfish/ws_moveit/install/moveit_ros_perception/lib/libmoveit_depth_image_octomap_updater.so.2.5.5" to ""
[26.930s] -- Installing: /home/jellyfish/ws_moveit/install/moveit_ros_perception/lib/libmoveit_depth_image_octomap_updater.so
[26.930s] -- Installing: /home/jellyfish/ws_moveit/install/moveit_ros_perception/lib/libmoveit_depth_image_octomap_updater_core.so.2.5.5
[26.932s] -- Set runtime path of "/home/jellyfish/ws_moveit/install/moveit_ros_perception/lib/libmoveit_depth_image_octomap_updater_core.so.2.5.5" to ""
[26.932s] -- Installing: /home/jellyfish/ws_moveit/install/moveit_ros_perception/lib/libmoveit_depth_image_octomap_updater_core.so
[26.932s] -- Installing: /home/jellyfish/ws_moveit/install/moveit_ros_perception/lib/libmoveit_lazy_free_space_updater.so.2.5.5
[26.933s] -- Set runtime path of "/home/jellyfish/ws_moveit/install/moveit_ros_perception/lib/libmoveit_lazy_free_space_updater.so.2.5.5" to ""
[26.933s] -- Installing: /home/jellyfish/ws_moveit/install/moveit_ros_perception/lib/libmoveit_lazy_free_space_updater.so
[26.934s] -- Installing: /home/jellyfish/ws_moveit/install/moveit_ros_perception/lib/libmoveit_mesh_filter.so.2.5.5
[26.935s] -- Set runtime path of "/home/jellyfish/ws_moveit/install/moveit_ros_perception/lib/libmoveit_mesh_filter.so.2.5.5" to ""
[26.936s] -- Installing: /home/jellyfish/ws_moveit/install/moveit_ros_perception/lib/libmoveit_mesh_filter.so
[26.936s] -- Installing: /home/jellyfish/ws_moveit/install/moveit_ros_perception/lib/libmoveit_point_containment_filter.so.2.5.5
[26.937s] -- Set runtime path of "/home/jellyfish/ws_moveit/install/moveit_ros_perception/lib/libmoveit_point_containment_filter.so.2.5.5" to ""
[26.937s] -- Installing: /home/jellyfish/ws_moveit/install/moveit_ros_perception/lib/libmoveit_point_containment_filter.so
[26.937s] -- Installing: /home/jellyfish/ws_moveit/install/moveit_ros_perception/lib/libmoveit_pointcloud_octomap_updater.so.2.5.5
[26.938s] -- Set runtime path of "/home/jellyfish/ws_moveit/install/moveit_ros_perception/lib/libmoveit_pointcloud_octomap_updater.so.2.5.5" to ""
[26.938s] -- Installing: /home/jellyfish/ws_moveit/install/moveit_ros_perception/lib/libmoveit_pointcloud_octomap_updater.so
[26.938s] -- Installing: /home/jellyfish/ws_moveit/install/moveit_ros_perception/lib/libmoveit_pointcloud_octomap_updater_core.so.2.5.5
[26.944s] -- Set runtime path of "/home/jellyfish/ws_moveit/install/moveit_ros_perception/lib/libmoveit_pointcloud_octomap_updater_core.so.2.5.5" to ""
[26.944s] -- Installing: /home/jellyfish/ws_moveit/install/moveit_ros_perception/lib/libmoveit_pointcloud_octomap_updater_core.so
[26.944s] -- Installing: /home/jellyfish/ws_moveit/install/moveit_ros_perception/lib/libmoveit_semantic_world.so.2.5.5
[26.949s] -- Set runtime path of "/home/jellyfish/ws_moveit/install/moveit_ros_perception/lib/libmoveit_semantic_world.so.2.5.5" to ""
[26.949s] -- Installing: /home/jellyfish/ws_moveit/install/moveit_ros_perception/lib/libmoveit_semantic_world.so
[26.949s] -- Installing: /home/jellyfish/ws_moveit/install/moveit_ros_perception/share/moveit_ros_perception/environment/library_path.sh
[26.949s] -- Installing: /home/jellyfish/ws_moveit/install/moveit_ros_perception/share/moveit_ros_perception/environment/library_path.dsv
[26.950s] -- Installing: /home/jellyfish/ws_moveit/install/moveit_ros_perception/share/moveit_ros_perception/pointcloud_octomap_updater_plugin_description.xml
[26.950s] -- Installing: /home/jellyfish/ws_moveit/install/moveit_ros_perception/share/moveit_ros_perception/depth_image_octomap_updater_plugin_description.xml
[26.950s] -- Installing: /home/jellyfish/ws_moveit/install/moveit_ros_perception/share/ament_index/resource_index/package_run_dependencies/moveit_ros_perception
[26.951s] -- Installing: /home/jellyfish/ws_moveit/install/moveit_ros_perception/share/ament_index/resource_index/parent_prefix_path/moveit_ros_perception
[26.951s] -- Installing: /home/jellyfish/ws_moveit/install/moveit_ros_perception/share/moveit_ros_perception/environment/ament_prefix_path.sh
[26.951s] -- Installing: /home/jellyfish/ws_moveit/install/moveit_ros_perception/share/moveit_ros_perception/environment/ament_prefix_path.dsv
[26.951s] -- Installing: /home/jellyfish/ws_moveit/install/moveit_ros_perception/share/moveit_ros_perception/environment/path.sh
[26.951s] -- Installing: /home/jellyfish/ws_moveit/install/moveit_ros_perception/share/moveit_ros_perception/environment/path.dsv
[26.951s] -- Installing: /home/jellyfish/ws_moveit/install/moveit_ros_perception/share/moveit_ros_perception/local_setup.bash
[26.951s] -- Installing: /home/jellyfish/ws_moveit/install/moveit_ros_perception/share/moveit_ros_perception/local_setup.sh
[26.952s] -- Installing: /home/jellyfish/ws_moveit/install/moveit_ros_perception/share/moveit_ros_perception/local_setup.zsh
[26.952s] -- Installing: /home/jellyfish/ws_moveit/install/moveit_ros_perception/share/moveit_ros_perception/local_setup.dsv
[26.952s] -- Installing: /home/jellyfish/ws_moveit/install/moveit_ros_perception/share/moveit_ros_perception/package.dsv
[26.952s] -- Installing: /home/jellyfish/ws_moveit/install/moveit_ros_perception/share/ament_index/resource_index/packages/moveit_ros_perception
[26.952s] -- Installing: /home/jellyfish/ws_moveit/install/moveit_ros_perception/share/ament_index/resource_index/moveit_ros_occupancy_map_monitor__pluginlib__plugin/moveit_ros_perception
[26.952s] -- Installing: /home/jellyfish/ws_moveit/install/moveit_ros_perception/share/moveit_ros_perception/cmake/export_moveit_ros_perceptionExport.cmake
[26.953s] -- Installing: /home/jellyfish/ws_moveit/install/moveit_ros_perception/share/moveit_ros_perception/cmake/export_moveit_ros_perceptionExport-release.cmake
[26.953s] -- Installing: /home/jellyfish/ws_moveit/install/moveit_ros_perception/share/moveit_ros_perception/cmake/ConfigExtras.cmake
[26.953s] -- Installing: /home/jellyfish/ws_moveit/install/moveit_ros_perception/share/moveit_ros_perception/cmake/ament_cmake_export_targets-extras.cmake
[26.953s] -- Installing: /home/jellyfish/ws_moveit/install/moveit_ros_perception/share/moveit_ros_perception/cmake/ament_cmake_export_dependencies-extras.cmake
[26.953s] -- Installing: /home/jellyfish/ws_moveit/install/moveit_ros_perception/share/moveit_ros_perception/cmake/moveit_ros_perceptionConfig.cmake
[26.953s] -- Installing: /home/jellyfish/ws_moveit/install/moveit_ros_perception/share/moveit_ros_perception/cmake/moveit_ros_perceptionConfig-version.cmake
[26.953s] -- Installing: /home/jellyfish/ws_moveit/install/moveit_ros_perception/share/moveit_ros_perception/package.xml
[26.957s] Invoked command in '/home/jellyfish/ws_moveit/build/moveit_ros_perception' returned '0': AMENT_PREFIX_PATH=/home/jellyfish/ws_moveit/install/moveit_ros_planning:/home/jellyfish/ws_moveit/install/moveit_ros_occupancy_map_monitor:/home/jellyfish/ws_moveit/install/moveit_core:/home/jellyfish/ws_moveit/install/moveit_resources_panda_moveit_config:/home/jellyfish/ws_moveit/install/srdfdom:/home/jellyfish/ws_moveit/install/moveit_resources_pr2_description:/home/jellyfish/ws_moveit/install/moveit_resources_panda_description:/home/jellyfish/ws_moveit/install/moveit_common:${AMENT_PREFIX_PATH} CMAKE_PREFIX_PATH=/home/jellyfish/ws_moveit/install/moveit_ros_planning:/home/jellyfish/ws_moveit/install/moveit_ros_occupancy_map_monitor:/home/jellyfish/ws_moveit/install/moveit_core:/home/jellyfish/ws_moveit/install/moveit_resources_panda_moveit_config:/home/jellyfish/ws_moveit/install/srdfdom:/home/jellyfish/ws_moveit/install/moveit_resources_pr2_description:/home/jellyfish/ws_moveit/install/moveit_resources_panda_description:/home/jellyfish/ws_moveit/install/moveit_common:/opt/ros/humble LD_LIBRARY_PATH=/home/jellyfish/ws_moveit/install/moveit_ros_planning/lib:/home/jellyfish/ws_moveit/install/moveit_ros_occupancy_map_monitor/lib:/home/jellyfish/ws_moveit/install/moveit_core/lib:/home/jellyfish/ws_moveit/install/srdfdom/lib:${LD_LIBRARY_PATH} PATH=/home/jellyfish/ws_moveit/install/moveit_core/bin:${PATH} PYTHONPATH=/home/jellyfish/ws_moveit/install/srdfdom/local/lib/python3.10/dist-packages:${PYTHONPATH} /usr/bin/cmake --install /home/jellyfish/ws_moveit/build/moveit_ros_perception
