[0.014s] Invoking command in '/home/jellyfish/ws_moveit/build/srdfdom': CMAKE_PREFIX_PATH=${CMAKE_PREFIX_PATH}:/home/jellyfish/ws_moveit/install/moveit_configs_utils:/home/jellyfish/ws_moveit/install/launch_param_builder:/opt/ros/humble /usr/bin/cmake --build /home/jellyfish/ws_moveit/build/srdfdom -- -j12 -l12
[0.114s] [ 27%] Built target srdfdom
[0.115s] [ 45%] Built target gtest
[0.127s] [ 45%] Built target ament_cmake_python_copy_srdfdom
[0.132s] [ 63%] Built target gtest_main
[0.176s] [100%] Built target test_cpp_nl_NL.UTF-8
[0.176s] [100%] Built target test_cpp_C
[0.388s] running egg_info
[0.389s] writing srdfdom.egg-info/PKG-INFO
[0.389s] writing dependency_links to srdfdom.egg-info/dependency_links.txt
[0.389s] writing top-level names to srdfdom.egg-info/top_level.txt
[0.391s] reading manifest file 'srdfdom.egg-info/SOURCES.txt'
[0.392s] writing manifest file 'srdfdom.egg-info/SOURCES.txt'
[0.433s] [100%] Built target ament_cmake_python_build_srdfdom_egg
[0.454s] Invoked command in '/home/jellyfish/ws_moveit/build/srdfdom' returned '0': CMAKE_PREFIX_PATH=${CMAKE_PREFIX_PATH}:/home/jellyfish/ws_moveit/install/moveit_configs_utils:/home/jellyfish/ws_moveit/install/launch_param_builder:/opt/ros/humble /usr/bin/cmake --build /home/jellyfish/ws_moveit/build/srdfdom -- -j12 -l12
[0.606s] Invoking command in '/home/jellyfish/ws_moveit/build/srdfdom': CMAKE_PREFIX_PATH=${CMAKE_PREFIX_PATH}:/home/jellyfish/ws_moveit/install/moveit_configs_utils:/home/jellyfish/ws_moveit/install/launch_param_builder:/opt/ros/humble /usr/bin/cmake --install /home/jellyfish/ws_moveit/build/srdfdom
[0.636s] -- Install configuration: "Release"
[0.636s] -- Up-to-date: /home/jellyfish/ws_moveit/install/srdfdom/lib/libsrdfdom.so.2.0.4
[0.637s] -- Up-to-date: /home/jellyfish/ws_moveit/install/srdfdom/lib/libsrdfdom.so
[0.637s] -- Up-to-date: /home/jellyfish/ws_moveit/install/srdfdom/include/srdfdom
[0.637s] -- Up-to-date: /home/jellyfish/ws_moveit/install/srdfdom/include/srdfdom/visibility_control.h
[0.637s] -- Up-to-date: /home/jellyfish/ws_moveit/install/srdfdom/include/srdfdom/srdf_writer.h
[0.637s] -- Up-to-date: /home/jellyfish/ws_moveit/install/srdfdom/include/srdfdom/model.h
[0.637s] -- Up-to-date: /home/jellyfish/ws_moveit/install/srdfdom/lib/srdfdom/display_srdf
[0.637s] -- Up-to-date: /home/jellyfish/ws_moveit/install/srdfdom/share/srdfdom/environment/pythonpath.sh
[0.638s] -- Up-to-date: /home/jellyfish/ws_moveit/install/srdfdom/share/srdfdom/environment/pythonpath.dsv
[0.638s] -- Up-to-date: /home/jellyfish/ws_moveit/install/srdfdom/local/lib/python3.10/dist-packages/srdfdom-2.0.4-py3.10.egg-info
[0.638s] -- Installing: /home/jellyfish/ws_moveit/install/srdfdom/local/lib/python3.10/dist-packages/srdfdom-2.0.4-py3.10.egg-info/PKG-INFO
[0.638s] -- Installing: /home/jellyfish/ws_moveit/install/srdfdom/local/lib/python3.10/dist-packages/srdfdom-2.0.4-py3.10.egg-info/SOURCES.txt
[0.638s] -- Installing: /home/jellyfish/ws_moveit/install/srdfdom/local/lib/python3.10/dist-packages/srdfdom-2.0.4-py3.10.egg-info/dependency_links.txt
[0.638s] -- Installing: /home/jellyfish/ws_moveit/install/srdfdom/local/lib/python3.10/dist-packages/srdfdom-2.0.4-py3.10.egg-info/top_level.txt
[0.639s] -- Up-to-date: /home/jellyfish/ws_moveit/install/srdfdom/local/lib/python3.10/dist-packages/srdfdom
[0.639s] -- Up-to-date: /home/jellyfish/ws_moveit/install/srdfdom/local/lib/python3.10/dist-packages/srdfdom/__init__.py
[0.639s] -- Up-to-date: /home/jellyfish/ws_moveit/install/srdfdom/local/lib/python3.10/dist-packages/srdfdom/srdf.py
[0.699s] Listing '/home/jellyfish/ws_moveit/install/srdfdom/local/lib/python3.10/dist-packages/srdfdom'...
[0.704s] -- Up-to-date: /home/jellyfish/ws_moveit/install/srdfdom/share/srdfdom/environment/library_path.sh
[0.704s] -- Up-to-date: /home/jellyfish/ws_moveit/install/srdfdom/share/srdfdom/environment/library_path.dsv
[0.705s] -- Up-to-date: /home/jellyfish/ws_moveit/install/srdfdom/share/ament_index/resource_index/package_run_dependencies/srdfdom
[0.705s] -- Up-to-date: /home/jellyfish/ws_moveit/install/srdfdom/share/ament_index/resource_index/parent_prefix_path/srdfdom
[0.705s] -- Up-to-date: /home/jellyfish/ws_moveit/install/srdfdom/share/srdfdom/environment/ament_prefix_path.sh
[0.705s] -- Up-to-date: /home/jellyfish/ws_moveit/install/srdfdom/share/srdfdom/environment/ament_prefix_path.dsv
[0.705s] -- Up-to-date: /home/jellyfish/ws_moveit/install/srdfdom/share/srdfdom/environment/path.sh
[0.705s] -- Up-to-date: /home/jellyfish/ws_moveit/install/srdfdom/share/srdfdom/environment/path.dsv
[0.705s] -- Up-to-date: /home/jellyfish/ws_moveit/install/srdfdom/share/srdfdom/local_setup.bash
[0.705s] -- Up-to-date: /home/jellyfish/ws_moveit/install/srdfdom/share/srdfdom/local_setup.sh
[0.705s] -- Up-to-date: /home/jellyfish/ws_moveit/install/srdfdom/share/srdfdom/local_setup.zsh
[0.705s] -- Up-to-date: /home/jellyfish/ws_moveit/install/srdfdom/share/srdfdom/local_setup.dsv
[0.705s] -- Installing: /home/jellyfish/ws_moveit/install/srdfdom/share/srdfdom/package.dsv
[0.705s] -- Up-to-date: /home/jellyfish/ws_moveit/install/srdfdom/share/ament_index/resource_index/packages/srdfdom
[0.706s] -- Up-to-date: /home/jellyfish/ws_moveit/install/srdfdom/share/srdfdom/cmake/srdfdomTargetsExport.cmake
[0.706s] -- Up-to-date: /home/jellyfish/ws_moveit/install/srdfdom/share/srdfdom/cmake/srdfdomTargetsExport-release.cmake
[0.706s] -- Up-to-date: /home/jellyfish/ws_moveit/install/srdfdom/share/srdfdom/cmake/ament_cmake_export_targets-extras.cmake
[0.706s] -- Up-to-date: /home/jellyfish/ws_moveit/install/srdfdom/share/srdfdom/cmake/ament_cmake_export_dependencies-extras.cmake
[0.706s] -- Up-to-date: /home/jellyfish/ws_moveit/install/srdfdom/share/srdfdom/cmake/srdfdomConfig.cmake
[0.706s] -- Up-to-date: /home/jellyfish/ws_moveit/install/srdfdom/share/srdfdom/cmake/srdfdomConfig-version.cmake
[0.706s] -- Up-to-date: /home/jellyfish/ws_moveit/install/srdfdom/share/srdfdom/package.xml
[0.712s] Invoked command in '/home/jellyfish/ws_moveit/build/srdfdom' returned '0': CMAKE_PREFIX_PATH=${CMAKE_PREFIX_PATH}:/home/jellyfish/ws_moveit/install/moveit_configs_utils:/home/jellyfish/ws_moveit/install/launch_param_builder:/opt/ros/humble /usr/bin/cmake --install /home/jellyfish/ws_moveit/build/srdfdom
