[0.025s] Invoking command in '/home/jellyfish/ws_moveit/build/moveit_core': CMAKE_PREFIX_PATH=/home/jellyfish/ws_moveit/install/moveit_resources_panda_moveit_config:/home/jellyfish/ws_moveit/install/srdfdom:/home/jellyfish/ws_moveit/install/moveit_resources_pr2_description:/home/jellyfish/ws_moveit/install/moveit_resources_panda_description:/home/jellyfish/ws_moveit/install/moveit_common:/home/jellyfish/ws_moveit/install/hello_moveit:/home/jellyfish/ws_moveit/install/pilz_industrial_motion_planner_testutils:/home/jellyfish/ws_moveit/install/moveit_runtime:/home/jellyfish/ws_moveit/install/moveit2_tutorials:/home/jellyfish/ws_moveit/install/moveit:/home/jellyfish/ws_moveit/install/moveit_planners:/home/jellyfish/ws_moveit/install/pilz_industrial_motion_planner:/home/jellyfish/ws_moveit/install/moveit_visual_tools:/home/jellyfish/ws_moveit/install/moveit_task_constructor_visualization:/home/jellyfish/ws_moveit/install/moveit_task_constructor_demo:/home/jellyfish/ws_moveit/install/moveit_task_constructor_capabilities:/home/jellyfish/ws_moveit/install/moveit_task_constructor_core:/home/jellyfish/ws_moveit/install/moveit_ros_control_interface:/home/jellyfish/ws_moveit/install/moveit_plugins:/home/jellyfish/ws_moveit/install/moveit_simple_controller_manager:/home/jellyfish/ws_moveit/install/moveit_setup_assistant:/home/jellyfish/ws_moveit/install/moveit_setup_srdf_plugins:/home/jellyfish/ws_moveit/install/moveit_setup_core_plugins:/home/jellyfish/ws_moveit/install/moveit_setup_controllers:/home/jellyfish/ws_moveit/install/moveit_setup_app_plugins:/home/jellyfish/ws_moveit/install/moveit_setup_framework:/home/jellyfish/ws_moveit/install/moveit_servo:/home/jellyfish/ws_moveit/install/moveit_ros:/home/jellyfish/ws_moveit/install/moveit_ros_visualization:/home/jellyfish/ws_moveit/install/moveit_hybrid_planning:/home/jellyfish/ws_moveit/install/moveit_ros_planning_interface:/home/jellyfish/ws_moveit/install/moveit_ros_benchmarks:/home/jellyfish/ws_moveit/install/moveit_ros_warehouse:/home/jellyfish/ws_moveit/install/moveit_ros_robot_interaction:/home/jellyfish/ws_moveit/install/moveit_ros_perception:/home/jellyfish/ws_moveit/install/moveit_resources_prbt_pg70_support:/home/jellyfish/ws_moveit/install/moveit_resources_prbt_moveit_config:/home/jellyfish/ws_moveit/install/moveit_ros_move_group:/home/jellyfish/ws_moveit/install/moveit_planners_ompl:/home/jellyfish/ws_moveit/install/moveit_ros_planning:/home/jellyfish/ws_moveit/install/moveit_ros_occupancy_map_monitor:/home/jellyfish/ws_moveit/install/moveit_resources_prbt_ikfast_manipulator_plugin:/home/jellyfish/ws_moveit/install/moveit_planners_chomp:/home/jellyfish/ws_moveit/install/moveit_kinematics:/home/jellyfish/ws_moveit/install/moveit_chomp_optimizer_adapter:/home/jellyfish/ws_moveit/install/chomp_motion_planner:/home/jellyfish/ws_moveit/install/moveit_core:/home/jellyfish/ws_moveit/install/rviz_marker_tools:/home/jellyfish/ws_moveit/install/rosparam_shortcuts:/home/jellyfish/ws_moveit/install/moveit_task_constructor_msgs:/home/jellyfish/ws_moveit/install/moveit_resources_prbt_support:/home/jellyfish/ws_moveit/install/moveit_resources:/home/jellyfish/ws_moveit/install/moveit_resources_fanuc_moveit_config:/home/jellyfish/ws_moveit/install/moveit_resources_fanuc_description:/home/jellyfish/ws_moveit/install/moveit_configs_utils:/home/jellyfish/ws_moveit/install/launch_param_builder:/opt/ros/humble LD_LIBRARY_PATH=/home/jellyfish/ws_moveit/install/srdfdom/lib:/home/jellyfish/ws_moveit/install/pilz_industrial_motion_planner_testutils/lib:/home/jellyfish/ws_moveit/install/pilz_industrial_motion_planner/lib:/home/jellyfish/ws_moveit/install/moveit_visual_tools/lib:/home/jellyfish/ws_moveit/install/moveit_task_constructor_visualization/lib:/home/jellyfish/ws_moveit/install/moveit_task_constructor_demo/lib:/home/jellyfish/ws_moveit/install/moveit_task_constructor_capabilities/lib:/home/jellyfish/ws_moveit/install/moveit_task_constructor_core/lib:/home/jellyfish/ws_moveit/install/moveit_ros_control_interface/lib:/home/jellyfish/ws_moveit/install/moveit_simple_controller_manager/lib:/home/jellyfish/ws_moveit/install/moveit_setup_assistant/lib:/home/jellyfish/ws_moveit/install/moveit_setup_srdf_plugins/lib:/home/jellyfish/ws_moveit/install/moveit_setup_core_plugins/lib:/home/jellyfish/ws_moveit/install/moveit_setup_controllers/lib:/home/jellyfish/ws_moveit/install/moveit_setup_app_plugins/lib:/home/jellyfish/ws_moveit/install/moveit_setup_framework/lib:/home/jellyfish/ws_moveit/install/moveit_servo/lib:/home/jellyfish/ws_moveit/install/moveit_ros_visualization/lib:/home/jellyfish/ws_moveit/install/moveit_hybrid_planning/lib:/home/jellyfish/ws_moveit/install/moveit_ros_planning_interface/lib:/home/jellyfish/ws_moveit/install/moveit_ros_benchmarks/lib:/home/jellyfish/ws_moveit/install/moveit_ros_warehouse/lib:/home/jellyfish/ws_moveit/install/moveit_ros_robot_interaction/lib:/home/jellyfish/ws_moveit/install/moveit_ros_perception/lib:/home/jellyfish/ws_moveit/install/moveit_ros_move_group/lib:/home/jellyfish/ws_moveit/install/moveit_planners_ompl/lib:/home/jellyfish/ws_moveit/install/moveit_ros_planning/lib:/home/jellyfish/ws_moveit/install/moveit_ros_occupancy_map_monitor/lib:/home/jellyfish/ws_moveit/install/moveit_resources_prbt_ikfast_manipulator_plugin/lib:/home/jellyfish/ws_moveit/install/moveit_planners_chomp/lib:/home/jellyfish/ws_moveit/install/moveit_kinematics/lib:/home/jellyfish/ws_moveit/install/moveit_chomp_optimizer_adapter/lib:/home/jellyfish/ws_moveit/install/chomp_motion_planner/lib:/home/jellyfish/ws_moveit/install/moveit_core/lib:/home/jellyfish/ws_moveit/install/rviz_marker_tools/lib:/home/jellyfish/ws_moveit/install/rosparam_shortcuts/lib:/home/jellyfish/ws_moveit/install/moveit_task_constructor_msgs/lib:/usr/lib/x86_64-linux-gnu/gazebo-11/plugins:/opt/ros/humble/opt/rviz_ogre_vendor/lib:/opt/ros/humble/lib/x86_64-linux-gnu:/opt/ros/humble/lib /usr/bin/cmake --build /home/jellyfish/ws_moveit/build/moveit_core -- -j12 -l12
[0.153s] [  2%] Built target moveit_utils
[0.155s] [  3%] Built target gtest_main
[0.156s] [  5%] Built target gmock
[0.159s] [  6%] Built target gtest
[0.160s] [  7%] Built target moveit_transforms
[0.162s] [  8%] Built target moveit_smoothing_base
[0.162s] [  9%] Built target moveit_kinematics_base
[0.166s] [ 10%] Built target gmock_main
[0.169s] [ 11%] Built target moveit_exceptions
[0.169s] [ 12%] Built target moveit_butterworth_parameters
[0.174s] [ 14%] Built target moveit_version
[0.175s] [ 16%] Built target moveit_distance_field
[0.216s] [ 17%] Built target test_transforms
[0.223s] [ 18%] Built target test_voxel_grid
[0.230s] [ 25%] Built target moveit_robot_model
[0.230s] [ 26%] Built target test_distance_field
[0.281s] [ 27%] Built target moveit_butterworth_filter
[0.283s] [ 28%] Built target moveit_test_utils
[0.286s] [ 31%] Built target moveit_robot_state
[0.354s] [ 32%] Built target test_robot_model
[0.356s] [ 33%] Built target test_butterworth_filter
[0.360s] [ 35%] Built target moveit_dynamics_solver
[0.360s] [ 36%] Built target test_robot_state_benchmark
[0.362s] [ 38%] Built target moveit_kinematics_metrics
[0.362s] [ 38%] Built target test_robot_state_complex
[0.363s] [ 40%] Built target test_robot_state
[0.367s] [ 41%] Built target test_cartesian_interpolator
[0.368s] [ 42%] Built target moveit_robot_trajectory
[0.373s] [ 43%] Built target test_aabb
[0.383s] [ 49%] Built target moveit_collision_detection
[0.433s] [ 51%] Built target moveit_planning_interface
[0.437s] [ 52%] Built target test_robot_trajectory
[0.441s] [ 56%] Built target moveit_trajectory_processing
[0.443s] [ 58%] Built target test_world_diff
[0.443s] [ 59%] Built target test_world
[0.446s] [ 60%] Built target test_all_valid
[0.449s] [ 62%] Built target moveit_collision_detection_fcl
[0.467s] [ 67%] Built target moveit_collision_detection_bullet
[0.512s] [ 69%] Built target test_time_optimal_trajectory_generation
[0.513s] [ 70%] Built target test_time_parameterization
[0.513s] [ 71%] Built target test_ruckig_traj_smoothing
[0.524s] [ 73%] Built target test_fcl_collision_env
[0.527s] [ 74%] Built target test_fcl_collision_detection
[0.529s] [ 75%] Built target test_fcl_collision_detection_panda
[0.532s] [ 77%] Built target moveit_kinematic_constraints
[0.542s] [ 78%] Built target test_bullet_collision_detection
[0.546s] [ 79%] Built target test_bullet_collision_detection_panda
[0.548s] [ 81%] Built target test_bullet_continuous_collision_checking
[0.588s] [ 83%] Built target test_constraints
[0.589s] [ 83%] Built target test_orientation_constraints
[0.596s] [ 84%] Built target moveit_planning_scene
[0.661s] [ 85%] Built target test_multi_threaded
[0.663s] [ 88%] Built target test_collision_objects
[0.663s] [ 89%] Built target moveit_constraint_samplers
[0.663s] [ 90%] Built target moveit_planning_request_adapter
[0.666s] [ 91%] Built target collision_detector_bullet_plugin
[0.667s] [ 92%] Built target collision_detector_fcl_plugin
[0.671s] [ 93%] Built target test_planning_scene
[0.673s] [ 96%] Built target moveit_collision_distance_field
[0.722s] [ 99%] Built target test_constraint_samplers
[0.726s] [100%] Built target test_collision_distance_field
[0.749s] Invoked command in '/home/jellyfish/ws_moveit/build/moveit_core' returned '0': CMAKE_PREFIX_PATH=/home/jellyfish/ws_moveit/install/moveit_resources_panda_moveit_config:/home/jellyfish/ws_moveit/install/srdfdom:/home/jellyfish/ws_moveit/install/moveit_resources_pr2_description:/home/jellyfish/ws_moveit/install/moveit_resources_panda_description:/home/jellyfish/ws_moveit/install/moveit_common:/home/jellyfish/ws_moveit/install/hello_moveit:/home/jellyfish/ws_moveit/install/pilz_industrial_motion_planner_testutils:/home/jellyfish/ws_moveit/install/moveit_runtime:/home/jellyfish/ws_moveit/install/moveit2_tutorials:/home/jellyfish/ws_moveit/install/moveit:/home/jellyfish/ws_moveit/install/moveit_planners:/home/jellyfish/ws_moveit/install/pilz_industrial_motion_planner:/home/jellyfish/ws_moveit/install/moveit_visual_tools:/home/jellyfish/ws_moveit/install/moveit_task_constructor_visualization:/home/jellyfish/ws_moveit/install/moveit_task_constructor_demo:/home/jellyfish/ws_moveit/install/moveit_task_constructor_capabilities:/home/jellyfish/ws_moveit/install/moveit_task_constructor_core:/home/jellyfish/ws_moveit/install/moveit_ros_control_interface:/home/jellyfish/ws_moveit/install/moveit_plugins:/home/jellyfish/ws_moveit/install/moveit_simple_controller_manager:/home/jellyfish/ws_moveit/install/moveit_setup_assistant:/home/jellyfish/ws_moveit/install/moveit_setup_srdf_plugins:/home/jellyfish/ws_moveit/install/moveit_setup_core_plugins:/home/jellyfish/ws_moveit/install/moveit_setup_controllers:/home/jellyfish/ws_moveit/install/moveit_setup_app_plugins:/home/jellyfish/ws_moveit/install/moveit_setup_framework:/home/jellyfish/ws_moveit/install/moveit_servo:/home/jellyfish/ws_moveit/install/moveit_ros:/home/jellyfish/ws_moveit/install/moveit_ros_visualization:/home/jellyfish/ws_moveit/install/moveit_hybrid_planning:/home/jellyfish/ws_moveit/install/moveit_ros_planning_interface:/home/jellyfish/ws_moveit/install/moveit_ros_benchmarks:/home/jellyfish/ws_moveit/install/moveit_ros_warehouse:/home/jellyfish/ws_moveit/install/moveit_ros_robot_interaction:/home/jellyfish/ws_moveit/install/moveit_ros_perception:/home/jellyfish/ws_moveit/install/moveit_resources_prbt_pg70_support:/home/jellyfish/ws_moveit/install/moveit_resources_prbt_moveit_config:/home/jellyfish/ws_moveit/install/moveit_ros_move_group:/home/jellyfish/ws_moveit/install/moveit_planners_ompl:/home/jellyfish/ws_moveit/install/moveit_ros_planning:/home/jellyfish/ws_moveit/install/moveit_ros_occupancy_map_monitor:/home/jellyfish/ws_moveit/install/moveit_resources_prbt_ikfast_manipulator_plugin:/home/jellyfish/ws_moveit/install/moveit_planners_chomp:/home/jellyfish/ws_moveit/install/moveit_kinematics:/home/jellyfish/ws_moveit/install/moveit_chomp_optimizer_adapter:/home/jellyfish/ws_moveit/install/chomp_motion_planner:/home/jellyfish/ws_moveit/install/moveit_core:/home/jellyfish/ws_moveit/install/rviz_marker_tools:/home/jellyfish/ws_moveit/install/rosparam_shortcuts:/home/jellyfish/ws_moveit/install/moveit_task_constructor_msgs:/home/jellyfish/ws_moveit/install/moveit_resources_prbt_support:/home/jellyfish/ws_moveit/install/moveit_resources:/home/jellyfish/ws_moveit/install/moveit_resources_fanuc_moveit_config:/home/jellyfish/ws_moveit/install/moveit_resources_fanuc_description:/home/jellyfish/ws_moveit/install/moveit_configs_utils:/home/jellyfish/ws_moveit/install/launch_param_builder:/opt/ros/humble LD_LIBRARY_PATH=/home/jellyfish/ws_moveit/install/srdfdom/lib:/home/jellyfish/ws_moveit/install/pilz_industrial_motion_planner_testutils/lib:/home/jellyfish/ws_moveit/install/pilz_industrial_motion_planner/lib:/home/jellyfish/ws_moveit/install/moveit_visual_tools/lib:/home/jellyfish/ws_moveit/install/moveit_task_constructor_visualization/lib:/home/jellyfish/ws_moveit/install/moveit_task_constructor_demo/lib:/home/jellyfish/ws_moveit/install/moveit_task_constructor_capabilities/lib:/home/jellyfish/ws_moveit/install/moveit_task_constructor_core/lib:/home/jellyfish/ws_moveit/install/moveit_ros_control_interface/lib:/home/jellyfish/ws_moveit/install/moveit_simple_controller_manager/lib:/home/jellyfish/ws_moveit/install/moveit_setup_assistant/lib:/home/jellyfish/ws_moveit/install/moveit_setup_srdf_plugins/lib:/home/jellyfish/ws_moveit/install/moveit_setup_core_plugins/lib:/home/jellyfish/ws_moveit/install/moveit_setup_controllers/lib:/home/jellyfish/ws_moveit/install/moveit_setup_app_plugins/lib:/home/jellyfish/ws_moveit/install/moveit_setup_framework/lib:/home/jellyfish/ws_moveit/install/moveit_servo/lib:/home/jellyfish/ws_moveit/install/moveit_ros_visualization/lib:/home/jellyfish/ws_moveit/install/moveit_hybrid_planning/lib:/home/jellyfish/ws_moveit/install/moveit_ros_planning_interface/lib:/home/jellyfish/ws_moveit/install/moveit_ros_benchmarks/lib:/home/jellyfish/ws_moveit/install/moveit_ros_warehouse/lib:/home/jellyfish/ws_moveit/install/moveit_ros_robot_interaction/lib:/home/jellyfish/ws_moveit/install/moveit_ros_perception/lib:/home/jellyfish/ws_moveit/install/moveit_ros_move_group/lib:/home/jellyfish/ws_moveit/install/moveit_planners_ompl/lib:/home/jellyfish/ws_moveit/install/moveit_ros_planning/lib:/home/jellyfish/ws_moveit/install/moveit_ros_occupancy_map_monitor/lib:/home/jellyfish/ws_moveit/install/moveit_resources_prbt_ikfast_manipulator_plugin/lib:/home/jellyfish/ws_moveit/install/moveit_planners_chomp/lib:/home/jellyfish/ws_moveit/install/moveit_kinematics/lib:/home/jellyfish/ws_moveit/install/moveit_chomp_optimizer_adapter/lib:/home/jellyfish/ws_moveit/install/chomp_motion_planner/lib:/home/jellyfish/ws_moveit/install/moveit_core/lib:/home/jellyfish/ws_moveit/install/rviz_marker_tools/lib:/home/jellyfish/ws_moveit/install/rosparam_shortcuts/lib:/home/jellyfish/ws_moveit/install/moveit_task_constructor_msgs/lib:/usr/lib/x86_64-linux-gnu/gazebo-11/plugins:/opt/ros/humble/opt/rviz_ogre_vendor/lib:/opt/ros/humble/lib/x86_64-linux-gnu:/opt/ros/humble/lib /usr/bin/cmake --build /home/jellyfish/ws_moveit/build/moveit_core -- -j12 -l12
[0.980s] Invoking command in '/home/jellyfish/ws_moveit/build/moveit_core': CMAKE_PREFIX_PATH=/home/jellyfish/ws_moveit/install/moveit_resources_panda_moveit_config:/home/jellyfish/ws_moveit/install/srdfdom:/home/jellyfish/ws_moveit/install/moveit_resources_pr2_description:/home/jellyfish/ws_moveit/install/moveit_resources_panda_description:/home/jellyfish/ws_moveit/install/moveit_common:/home/jellyfish/ws_moveit/install/hello_moveit:/home/jellyfish/ws_moveit/install/pilz_industrial_motion_planner_testutils:/home/jellyfish/ws_moveit/install/moveit_runtime:/home/jellyfish/ws_moveit/install/moveit2_tutorials:/home/jellyfish/ws_moveit/install/moveit:/home/jellyfish/ws_moveit/install/moveit_planners:/home/jellyfish/ws_moveit/install/pilz_industrial_motion_planner:/home/jellyfish/ws_moveit/install/moveit_visual_tools:/home/jellyfish/ws_moveit/install/moveit_task_constructor_visualization:/home/jellyfish/ws_moveit/install/moveit_task_constructor_demo:/home/jellyfish/ws_moveit/install/moveit_task_constructor_capabilities:/home/jellyfish/ws_moveit/install/moveit_task_constructor_core:/home/jellyfish/ws_moveit/install/moveit_ros_control_interface:/home/jellyfish/ws_moveit/install/moveit_plugins:/home/jellyfish/ws_moveit/install/moveit_simple_controller_manager:/home/jellyfish/ws_moveit/install/moveit_setup_assistant:/home/jellyfish/ws_moveit/install/moveit_setup_srdf_plugins:/home/jellyfish/ws_moveit/install/moveit_setup_core_plugins:/home/jellyfish/ws_moveit/install/moveit_setup_controllers:/home/jellyfish/ws_moveit/install/moveit_setup_app_plugins:/home/jellyfish/ws_moveit/install/moveit_setup_framework:/home/jellyfish/ws_moveit/install/moveit_servo:/home/jellyfish/ws_moveit/install/moveit_ros:/home/jellyfish/ws_moveit/install/moveit_ros_visualization:/home/jellyfish/ws_moveit/install/moveit_hybrid_planning:/home/jellyfish/ws_moveit/install/moveit_ros_planning_interface:/home/jellyfish/ws_moveit/install/moveit_ros_benchmarks:/home/jellyfish/ws_moveit/install/moveit_ros_warehouse:/home/jellyfish/ws_moveit/install/moveit_ros_robot_interaction:/home/jellyfish/ws_moveit/install/moveit_ros_perception:/home/jellyfish/ws_moveit/install/moveit_resources_prbt_pg70_support:/home/jellyfish/ws_moveit/install/moveit_resources_prbt_moveit_config:/home/jellyfish/ws_moveit/install/moveit_ros_move_group:/home/jellyfish/ws_moveit/install/moveit_planners_ompl:/home/jellyfish/ws_moveit/install/moveit_ros_planning:/home/jellyfish/ws_moveit/install/moveit_ros_occupancy_map_monitor:/home/jellyfish/ws_moveit/install/moveit_resources_prbt_ikfast_manipulator_plugin:/home/jellyfish/ws_moveit/install/moveit_planners_chomp:/home/jellyfish/ws_moveit/install/moveit_kinematics:/home/jellyfish/ws_moveit/install/moveit_chomp_optimizer_adapter:/home/jellyfish/ws_moveit/install/chomp_motion_planner:/home/jellyfish/ws_moveit/install/moveit_core:/home/jellyfish/ws_moveit/install/rviz_marker_tools:/home/jellyfish/ws_moveit/install/rosparam_shortcuts:/home/jellyfish/ws_moveit/install/moveit_task_constructor_msgs:/home/jellyfish/ws_moveit/install/moveit_resources_prbt_support:/home/jellyfish/ws_moveit/install/moveit_resources:/home/jellyfish/ws_moveit/install/moveit_resources_fanuc_moveit_config:/home/jellyfish/ws_moveit/install/moveit_resources_fanuc_description:/home/jellyfish/ws_moveit/install/moveit_configs_utils:/home/jellyfish/ws_moveit/install/launch_param_builder:/opt/ros/humble LD_LIBRARY_PATH=/home/jellyfish/ws_moveit/install/srdfdom/lib:/home/jellyfish/ws_moveit/install/pilz_industrial_motion_planner_testutils/lib:/home/jellyfish/ws_moveit/install/pilz_industrial_motion_planner/lib:/home/jellyfish/ws_moveit/install/moveit_visual_tools/lib:/home/jellyfish/ws_moveit/install/moveit_task_constructor_visualization/lib:/home/jellyfish/ws_moveit/install/moveit_task_constructor_demo/lib:/home/jellyfish/ws_moveit/install/moveit_task_constructor_capabilities/lib:/home/jellyfish/ws_moveit/install/moveit_task_constructor_core/lib:/home/jellyfish/ws_moveit/install/moveit_ros_control_interface/lib:/home/jellyfish/ws_moveit/install/moveit_simple_controller_manager/lib:/home/jellyfish/ws_moveit/install/moveit_setup_assistant/lib:/home/jellyfish/ws_moveit/install/moveit_setup_srdf_plugins/lib:/home/jellyfish/ws_moveit/install/moveit_setup_core_plugins/lib:/home/jellyfish/ws_moveit/install/moveit_setup_controllers/lib:/home/jellyfish/ws_moveit/install/moveit_setup_app_plugins/lib:/home/jellyfish/ws_moveit/install/moveit_setup_framework/lib:/home/jellyfish/ws_moveit/install/moveit_servo/lib:/home/jellyfish/ws_moveit/install/moveit_ros_visualization/lib:/home/jellyfish/ws_moveit/install/moveit_hybrid_planning/lib:/home/jellyfish/ws_moveit/install/moveit_ros_planning_interface/lib:/home/jellyfish/ws_moveit/install/moveit_ros_benchmarks/lib:/home/jellyfish/ws_moveit/install/moveit_ros_warehouse/lib:/home/jellyfish/ws_moveit/install/moveit_ros_robot_interaction/lib:/home/jellyfish/ws_moveit/install/moveit_ros_perception/lib:/home/jellyfish/ws_moveit/install/moveit_ros_move_group/lib:/home/jellyfish/ws_moveit/install/moveit_planners_ompl/lib:/home/jellyfish/ws_moveit/install/moveit_ros_planning/lib:/home/jellyfish/ws_moveit/install/moveit_ros_occupancy_map_monitor/lib:/home/jellyfish/ws_moveit/install/moveit_resources_prbt_ikfast_manipulator_plugin/lib:/home/jellyfish/ws_moveit/install/moveit_planners_chomp/lib:/home/jellyfish/ws_moveit/install/moveit_kinematics/lib:/home/jellyfish/ws_moveit/install/moveit_chomp_optimizer_adapter/lib:/home/jellyfish/ws_moveit/install/chomp_motion_planner/lib:/home/jellyfish/ws_moveit/install/moveit_core/lib:/home/jellyfish/ws_moveit/install/rviz_marker_tools/lib:/home/jellyfish/ws_moveit/install/rosparam_shortcuts/lib:/home/jellyfish/ws_moveit/install/moveit_task_constructor_msgs/lib:/usr/lib/x86_64-linux-gnu/gazebo-11/plugins:/opt/ros/humble/opt/rviz_ogre_vendor/lib:/opt/ros/humble/lib/x86_64-linux-gnu:/opt/ros/humble/lib /usr/bin/cmake --install /home/jellyfish/ws_moveit/build/moveit_core
[1.011s] -- Install configuration: "Release"
[1.012s] -- Up-to-date: /home/jellyfish/ws_moveit/install/moveit_core/include/moveit/version.h
[1.012s] -- Up-to-date: /home/jellyfish/ws_moveit/install/moveit_core/include
[1.012s] -- Up-to-date: /home/jellyfish/ws_moveit/install/moveit_core/include/moveit
[1.013s] -- Up-to-date: /home/jellyfish/ws_moveit/install/moveit_core/include/moveit/collision_distance_field
[1.013s] -- Up-to-date: /home/jellyfish/ws_moveit/install/moveit_core/include/moveit/collision_distance_field/collision_detector_allocator_hybrid.h
[1.013s] -- Up-to-date: /home/jellyfish/ws_moveit/install/moveit_core/include/moveit/collision_distance_field/collision_common_distance_field.h
[1.013s] -- Up-to-date: /home/jellyfish/ws_moveit/install/moveit_core/include/moveit/collision_distance_field/collision_env_hybrid.h
[1.013s] -- Up-to-date: /home/jellyfish/ws_moveit/install/moveit_core/include/moveit/collision_distance_field/collision_distance_field_types.h
[1.013s] -- Up-to-date: /home/jellyfish/ws_moveit/install/moveit_core/include/moveit/collision_distance_field/collision_env_distance_field.h
[1.013s] -- Up-to-date: /home/jellyfish/ws_moveit/install/moveit_core/include/moveit/collision_distance_field/collision_detector_allocator_distance_field.h
[1.013s] -- Up-to-date: /home/jellyfish/ws_moveit/install/moveit_core/include/moveit_collision_distance_field_export.h
[1.013s] -- Up-to-date: /home/jellyfish/ws_moveit/install/moveit_core/include
[1.013s] -- Up-to-date: /home/jellyfish/ws_moveit/install/moveit_core/include/moveit
[1.013s] -- Up-to-date: /home/jellyfish/ws_moveit/install/moveit_core/include/moveit/constraint_samplers
[1.014s] -- Up-to-date: /home/jellyfish/ws_moveit/install/moveit_core/include/moveit/constraint_samplers/constraint_sampler_manager.h
[1.014s] -- Up-to-date: /home/jellyfish/ws_moveit/install/moveit_core/include/moveit/constraint_samplers/union_constraint_sampler.h
[1.014s] -- Up-to-date: /home/jellyfish/ws_moveit/install/moveit_core/include/moveit/constraint_samplers/constraint_sampler_allocator.h
[1.014s] -- Up-to-date: /home/jellyfish/ws_moveit/install/moveit_core/include/moveit/constraint_samplers/default_constraint_samplers.h
[1.014s] -- Up-to-date: /home/jellyfish/ws_moveit/install/moveit_core/include/moveit/constraint_samplers/constraint_sampler.h
[1.014s] -- Up-to-date: /home/jellyfish/ws_moveit/install/moveit_core/include/moveit/constraint_samplers/constraint_sampler_tools.h
[1.014s] -- Up-to-date: /home/jellyfish/ws_moveit/install/moveit_core/include
[1.014s] -- Up-to-date: /home/jellyfish/ws_moveit/install/moveit_core/include/moveit
[1.014s] -- Up-to-date: /home/jellyfish/ws_moveit/install/moveit_core/include/moveit/controller_manager
[1.014s] -- Up-to-date: /home/jellyfish/ws_moveit/install/moveit_core/include/moveit/controller_manager/controller_manager.h
[1.015s] -- Up-to-date: /home/jellyfish/ws_moveit/install/moveit_core/include
[1.015s] -- Up-to-date: /home/jellyfish/ws_moveit/install/moveit_core/include/moveit
[1.015s] -- Up-to-date: /home/jellyfish/ws_moveit/install/moveit_core/include/moveit/distance_field
[1.015s] -- Up-to-date: /home/jellyfish/ws_moveit/install/moveit_core/include/moveit/distance_field/distance_field.h
[1.015s] -- Up-to-date: /home/jellyfish/ws_moveit/install/moveit_core/include/moveit/distance_field/find_internal_points.h
[1.015s] -- Up-to-date: /home/jellyfish/ws_moveit/install/moveit_core/include/moveit/distance_field/voxel_grid.h
[1.015s] -- Up-to-date: /home/jellyfish/ws_moveit/install/moveit_core/include/moveit/distance_field/propagation_distance_field.h
[1.015s] -- Up-to-date: /home/jellyfish/ws_moveit/install/moveit_core/include
[1.015s] -- Up-to-date: /home/jellyfish/ws_moveit/install/moveit_core/include/moveit
[1.015s] -- Up-to-date: /home/jellyfish/ws_moveit/install/moveit_core/include/moveit/dynamics_solver
[1.016s] -- Up-to-date: /home/jellyfish/ws_moveit/install/moveit_core/include/moveit/dynamics_solver/dynamics_solver.h
[1.016s] -- Up-to-date: /home/jellyfish/ws_moveit/install/moveit_core/include
[1.016s] -- Up-to-date: /home/jellyfish/ws_moveit/install/moveit_core/include/moveit
[1.016s] -- Up-to-date: /home/jellyfish/ws_moveit/install/moveit_core/include/moveit/exceptions
[1.016s] -- Up-to-date: /home/jellyfish/ws_moveit/install/moveit_core/include/moveit/exceptions/exceptions.h
[1.016s] -- Up-to-date: /home/jellyfish/ws_moveit/install/moveit_core/include
[1.016s] -- Up-to-date: /home/jellyfish/ws_moveit/install/moveit_core/include/moveit
[1.016s] -- Up-to-date: /home/jellyfish/ws_moveit/install/moveit_core/include/moveit/kinematics_base
[1.017s] -- Up-to-date: /home/jellyfish/ws_moveit/install/moveit_core/include/moveit/kinematics_base/kinematics_base.h
[1.017s] -- Up-to-date: /home/jellyfish/ws_moveit/install/moveit_core/include/moveit_kinematics_base_export.h
[1.017s] -- Up-to-date: /home/jellyfish/ws_moveit/install/moveit_core/include
[1.017s] -- Up-to-date: /home/jellyfish/ws_moveit/install/moveit_core/include/moveit
[1.017s] -- Up-to-date: /home/jellyfish/ws_moveit/install/moveit_core/include/moveit/kinematic_constraints
[1.017s] -- Up-to-date: /home/jellyfish/ws_moveit/install/moveit_core/include/moveit/kinematic_constraints/utils.h
[1.017s] -- Up-to-date: /home/jellyfish/ws_moveit/install/moveit_core/include/moveit/kinematic_constraints/kinematic_constraint.h
[1.019s] -- Up-to-date: /home/jellyfish/ws_moveit/install/moveit_core/include
[1.019s] -- Up-to-date: /home/jellyfish/ws_moveit/install/moveit_core/include/moveit
[1.019s] -- Up-to-date: /home/jellyfish/ws_moveit/install/moveit_core/include/moveit/kinematics_metrics
[1.019s] -- Up-to-date: /home/jellyfish/ws_moveit/install/moveit_core/include/moveit/kinematics_metrics/kinematics_metrics.h
[1.019s] -- Up-to-date: /home/jellyfish/ws_moveit/install/moveit_core/include
[1.019s] -- Up-to-date: /home/jellyfish/ws_moveit/install/moveit_core/include/moveit
[1.019s] -- Up-to-date: /home/jellyfish/ws_moveit/install/moveit_core/include/moveit/macros
[1.020s] -- Up-to-date: /home/jellyfish/ws_moveit/install/moveit_core/include/moveit/macros/class_forward.h
[1.020s] -- Up-to-date: /home/jellyfish/ws_moveit/install/moveit_core/include/moveit/macros/declare_ptr.h
[1.020s] -- Up-to-date: /home/jellyfish/ws_moveit/install/moveit_core/include/moveit/macros/deprecation.h
[1.020s] -- Up-to-date: /home/jellyfish/ws_moveit/install/moveit_core/include/moveit/macros/console_colors.h
[1.020s] -- Up-to-date: /home/jellyfish/ws_moveit/install/moveit_core/include/moveit_butterworth_parameters
[1.020s] -- Up-to-date: /home/jellyfish/ws_moveit/install/moveit_core/include/moveit_butterworth_parameters/moveit_butterworth_parameters.hpp
[1.021s] -- Up-to-date: /home/jellyfish/ws_moveit/install/moveit_core/include
[1.021s] -- Up-to-date: /home/jellyfish/ws_moveit/install/moveit_core/include/moveit
[1.021s] -- Up-to-date: /home/jellyfish/ws_moveit/install/moveit_core/include/moveit/online_signal_smoothing
[1.021s] -- Up-to-date: /home/jellyfish/ws_moveit/install/moveit_core/include/moveit/online_signal_smoothing/butterworth_filter.h
[1.021s] -- Up-to-date: /home/jellyfish/ws_moveit/install/moveit_core/include/moveit/online_signal_smoothing/smoothing_base_class.h
[1.021s] -- Up-to-date: /home/jellyfish/ws_moveit/install/moveit_core/include/moveit_smoothing_base_export.h
[1.022s] -- Up-to-date: /home/jellyfish/ws_moveit/install/moveit_core/include/moveit_butterworth_filter_export.h
[1.022s] -- Up-to-date: /home/jellyfish/ws_moveit/install/moveit_core/include
[1.022s] -- Up-to-date: /home/jellyfish/ws_moveit/install/moveit_core/include/moveit
[1.022s] -- Up-to-date: /home/jellyfish/ws_moveit/install/moveit_core/include/moveit/planning_interface
[1.022s] -- Up-to-date: /home/jellyfish/ws_moveit/install/moveit_core/include/moveit/planning_interface/planning_response.h
[1.022s] -- Up-to-date: /home/jellyfish/ws_moveit/install/moveit_core/include/moveit/planning_interface/planning_request.h
[1.022s] -- Up-to-date: /home/jellyfish/ws_moveit/install/moveit_core/include/moveit/planning_interface/planning_interface.h
[1.023s] -- Up-to-date: /home/jellyfish/ws_moveit/install/moveit_core/include
[1.023s] -- Up-to-date: /home/jellyfish/ws_moveit/install/moveit_core/include/moveit
[1.023s] -- Up-to-date: /home/jellyfish/ws_moveit/install/moveit_core/include/moveit/planning_request_adapter
[1.023s] -- Up-to-date: /home/jellyfish/ws_moveit/install/moveit_core/include/moveit/planning_request_adapter/planning_request_adapter.h
[1.023s] -- Up-to-date: /home/jellyfish/ws_moveit/install/moveit_core/include
[1.023s] -- Up-to-date: /home/jellyfish/ws_moveit/install/moveit_core/include/moveit
[1.023s] -- Up-to-date: /home/jellyfish/ws_moveit/install/moveit_core/include/moveit/planning_scene
[1.023s] -- Up-to-date: /home/jellyfish/ws_moveit/install/moveit_core/include/moveit/planning_scene/planning_scene.h
[1.023s] -- Up-to-date: /home/jellyfish/ws_moveit/install/moveit_core/include/moveit_planning_scene_export.h
[1.023s] -- Up-to-date: /home/jellyfish/ws_moveit/install/moveit_core/include
[1.023s] -- Up-to-date: /home/jellyfish/ws_moveit/install/moveit_core/include/moveit
[1.024s] -- Up-to-date: /home/jellyfish/ws_moveit/install/moveit_core/include/moveit/robot_model
[1.024s] -- Up-to-date: /home/jellyfish/ws_moveit/install/moveit_core/include/moveit/robot_model/joint_model_group.h
[1.024s] -- Up-to-date: /home/jellyfish/ws_moveit/install/moveit_core/include/moveit/robot_model/revolute_joint_model.h
[1.024s] -- Up-to-date: /home/jellyfish/ws_moveit/install/moveit_core/include/moveit/robot_model/floating_joint_model.h
[1.024s] -- Up-to-date: /home/jellyfish/ws_moveit/install/moveit_core/include/moveit/robot_model/planar_joint_model.h
[1.024s] -- Up-to-date: /home/jellyfish/ws_moveit/install/moveit_core/include/moveit/robot_model/joint_model.h
[1.024s] -- Up-to-date: /home/jellyfish/ws_moveit/install/moveit_core/include/moveit/robot_model/robot_model.h
[1.024s] -- Up-to-date: /home/jellyfish/ws_moveit/install/moveit_core/include/moveit/robot_model/fixed_joint_model.h
[1.024s] -- Up-to-date: /home/jellyfish/ws_moveit/install/moveit_core/include/moveit/robot_model/prismatic_joint_model.h
[1.024s] -- Up-to-date: /home/jellyfish/ws_moveit/install/moveit_core/include/moveit/robot_model/aabb.h
[1.024s] -- Up-to-date: /home/jellyfish/ws_moveit/install/moveit_core/include/moveit/robot_model/link_model.h
[1.024s] -- Up-to-date: /home/jellyfish/ws_moveit/install/moveit_core/include
[1.025s] -- Up-to-date: /home/jellyfish/ws_moveit/install/moveit_core/include/moveit
[1.025s] -- Up-to-date: /home/jellyfish/ws_moveit/install/moveit_core/include/moveit/robot_state
[1.025s] -- Up-to-date: /home/jellyfish/ws_moveit/install/moveit_core/include/moveit/robot_state/cartesian_interpolator.h
[1.025s] -- Up-to-date: /home/jellyfish/ws_moveit/install/moveit_core/include/moveit/robot_state/robot_state.h
[1.025s] -- Up-to-date: /home/jellyfish/ws_moveit/install/moveit_core/include/moveit/robot_state/attached_body.h
[1.025s] -- Up-to-date: /home/jellyfish/ws_moveit/install/moveit_core/include/moveit/robot_state/conversions.h
[1.025s] -- Up-to-date: /home/jellyfish/ws_moveit/install/moveit_core/include
[1.025s] -- Up-to-date: /home/jellyfish/ws_moveit/install/moveit_core/include/moveit
[1.025s] -- Up-to-date: /home/jellyfish/ws_moveit/install/moveit_core/include/moveit/robot_trajectory
[1.025s] -- Up-to-date: /home/jellyfish/ws_moveit/install/moveit_core/include/moveit/robot_trajectory/robot_trajectory.h
[1.026s] -- Up-to-date: /home/jellyfish/ws_moveit/install/moveit_core/include
[1.026s] -- Up-to-date: /home/jellyfish/ws_moveit/install/moveit_core/include/moveit
[1.026s] -- Up-to-date: /home/jellyfish/ws_moveit/install/moveit_core/include/moveit/sensor_manager
[1.026s] -- Up-to-date: /home/jellyfish/ws_moveit/install/moveit_core/include/moveit/sensor_manager/sensor_manager.h
[1.026s] -- Up-to-date: /home/jellyfish/ws_moveit/install/moveit_core/include
[1.026s] -- Up-to-date: /home/jellyfish/ws_moveit/install/moveit_core/include/moveit
[1.026s] -- Up-to-date: /home/jellyfish/ws_moveit/install/moveit_core/include/moveit/trajectory_processing
[1.026s] -- Up-to-date: /home/jellyfish/ws_moveit/install/moveit_core/include/moveit/trajectory_processing/time_optimal_trajectory_generation.h
[1.026s] -- Up-to-date: /home/jellyfish/ws_moveit/install/moveit_core/include/moveit/trajectory_processing/time_parameterization.h
[1.026s] -- Up-to-date: /home/jellyfish/ws_moveit/install/moveit_core/include/moveit/trajectory_processing/ruckig_traj_smoothing.h
[1.026s] -- Up-to-date: /home/jellyfish/ws_moveit/install/moveit_core/include/moveit/trajectory_processing/trajectory_tools.h
[1.026s] -- Up-to-date: /home/jellyfish/ws_moveit/install/moveit_core/include/moveit/trajectory_processing/iterative_time_parameterization.h
[1.026s] -- Up-to-date: /home/jellyfish/ws_moveit/install/moveit_core/include/moveit/trajectory_processing/iterative_spline_parameterization.h
[1.027s] -- Up-to-date: /home/jellyfish/ws_moveit/install/moveit_core/include
[1.027s] -- Up-to-date: /home/jellyfish/ws_moveit/install/moveit_core/include/moveit
[1.027s] -- Up-to-date: /home/jellyfish/ws_moveit/install/moveit_core/include/moveit/transforms
[1.027s] -- Up-to-date: /home/jellyfish/ws_moveit/install/moveit_core/include/moveit/transforms/transforms.h
[1.027s] -- Up-to-date: /home/jellyfish/ws_moveit/install/moveit_core/include
[1.027s] -- Up-to-date: /home/jellyfish/ws_moveit/install/moveit_core/include/moveit
[1.027s] -- Up-to-date: /home/jellyfish/ws_moveit/install/moveit_core/include/moveit/utils
[1.027s] -- Up-to-date: /home/jellyfish/ws_moveit/install/moveit_core/include/moveit/utils/moveit_error_code.h
[1.027s] -- Up-to-date: /home/jellyfish/ws_moveit/install/moveit_core/include/moveit/utils/rclcpp_utils.h
[1.027s] -- Up-to-date: /home/jellyfish/ws_moveit/install/moveit_core/include/moveit/utils/robot_model_test_utils.h
[1.027s] -- Up-to-date: /home/jellyfish/ws_moveit/install/moveit_core/include/moveit/utils/lexical_casts.h
[1.027s] -- Up-to-date: /home/jellyfish/ws_moveit/install/moveit_core/include/moveit/utils/message_checks.h
[1.027s] -- Up-to-date: /home/jellyfish/ws_moveit/install/moveit_core/bin/moveit_version
[1.027s] -- Up-to-date: /home/jellyfish/ws_moveit/install/moveit_core/include
[1.027s] -- Up-to-date: /home/jellyfish/ws_moveit/install/moveit_core/include/moveit
[1.027s] -- Up-to-date: /home/jellyfish/ws_moveit/install/moveit_core/include/moveit/collision_detection
[1.028s] -- Up-to-date: /home/jellyfish/ws_moveit/install/moveit_core/include/moveit/collision_detection/allvalid
[1.028s] -- Up-to-date: /home/jellyfish/ws_moveit/install/moveit_core/include/moveit/collision_detection/allvalid/collision_env_allvalid.h
[1.028s] -- Up-to-date: /home/jellyfish/ws_moveit/install/moveit_core/include/moveit/collision_detection/allvalid/collision_detector_allocator_allvalid.h
[1.028s] -- Up-to-date: /home/jellyfish/ws_moveit/install/moveit_core/include/moveit/collision_detection/collision_tools.h
[1.028s] -- Up-to-date: /home/jellyfish/ws_moveit/install/moveit_core/include/moveit/collision_detection/collision_matrix.h
[1.028s] -- Up-to-date: /home/jellyfish/ws_moveit/install/moveit_core/include/moveit/collision_detection/collision_octomap_filter.h
[1.028s] -- Up-to-date: /home/jellyfish/ws_moveit/install/moveit_core/include/moveit/collision_detection/occupancy_map.h
[1.028s] -- Up-to-date: /home/jellyfish/ws_moveit/install/moveit_core/include/moveit/collision_detection/world_diff.h
[1.028s] -- Up-to-date: /home/jellyfish/ws_moveit/install/moveit_core/include/moveit/collision_detection/world.h
[1.028s] -- Up-to-date: /home/jellyfish/ws_moveit/install/moveit_core/include/moveit/collision_detection/test_collision_common_pr2.h
[1.028s] -- Up-to-date: /home/jellyfish/ws_moveit/install/moveit_core/include/moveit/collision_detection/collision_detector_allocator.h
[1.028s] -- Up-to-date: /home/jellyfish/ws_moveit/install/moveit_core/include/moveit/collision_detection/collision_common.h
[1.028s] -- Up-to-date: /home/jellyfish/ws_moveit/install/moveit_core/include/moveit/collision_detection/collision_env.h
[1.028s] -- Up-to-date: /home/jellyfish/ws_moveit/install/moveit_core/include/moveit/collision_detection/test_collision_common_panda.h
[1.028s] -- Up-to-date: /home/jellyfish/ws_moveit/install/moveit_core/include/moveit/collision_detection/collision_plugin.h
[1.028s] -- Up-to-date: /home/jellyfish/ws_moveit/install/moveit_core/include/moveit/collision_detection/collision_plugin_cache.h
[1.029s] -- Up-to-date: /home/jellyfish/ws_moveit/install/moveit_core/include/moveit_collision_detection_export.h
[1.029s] -- Up-to-date: /home/jellyfish/ws_moveit/install/moveit_core/include
[1.029s] -- Up-to-date: /home/jellyfish/ws_moveit/install/moveit_core/include/moveit
[1.029s] -- Up-to-date: /home/jellyfish/ws_moveit/install/moveit_core/include/moveit/collision_detection_bullet
[1.029s] -- Up-to-date: /home/jellyfish/ws_moveit/install/moveit_core/include/moveit/collision_detection_bullet/collision_env_bullet.h
[1.029s] -- Up-to-date: /home/jellyfish/ws_moveit/install/moveit_core/include/moveit/collision_detection_bullet/collision_detector_bullet_plugin_loader.h
[1.029s] -- Up-to-date: /home/jellyfish/ws_moveit/install/moveit_core/include/moveit/collision_detection_bullet/collision_detector_allocator_bullet.h
[1.029s] -- Up-to-date: /home/jellyfish/ws_moveit/install/moveit_core/include/moveit/collision_detection_bullet/bullet_integration
[1.029s] -- Up-to-date: /home/jellyfish/ws_moveit/install/moveit_core/include/moveit/collision_detection_bullet/bullet_integration/basic_types.h
[1.029s] -- Up-to-date: /home/jellyfish/ws_moveit/install/moveit_core/include/moveit/collision_detection_bullet/bullet_integration/ros_bullet_utils.h
[1.029s] -- Up-to-date: /home/jellyfish/ws_moveit/install/moveit_core/include/moveit/collision_detection_bullet/bullet_integration/bullet_utils.h
[1.029s] -- Up-to-date: /home/jellyfish/ws_moveit/install/moveit_core/include/moveit/collision_detection_bullet/bullet_integration/contact_checker_common.h
[1.029s] -- Up-to-date: /home/jellyfish/ws_moveit/install/moveit_core/include/moveit/collision_detection_bullet/bullet_integration/bullet_discrete_bvh_manager.h
[1.029s] -- Up-to-date: /home/jellyfish/ws_moveit/install/moveit_core/include/moveit/collision_detection_bullet/bullet_integration/bullet_bvh_manager.h
[1.029s] -- Up-to-date: /home/jellyfish/ws_moveit/install/moveit_core/include/moveit/collision_detection_bullet/bullet_integration/bullet_cast_bvh_manager.h
[1.030s] -- Up-to-date: /home/jellyfish/ws_moveit/install/moveit_core/include/moveit_collision_detection_bullet_export.h
[1.030s] -- Up-to-date: /home/jellyfish/ws_moveit/install/moveit_core/include
[1.030s] -- Up-to-date: /home/jellyfish/ws_moveit/install/moveit_core/include/moveit
[1.030s] -- Up-to-date: /home/jellyfish/ws_moveit/install/moveit_core/include/moveit/collision_detection_fcl
[1.030s] -- Up-to-date: /home/jellyfish/ws_moveit/install/moveit_core/include/moveit/collision_detection_fcl/collision_env_fcl.h
[1.030s] -- Up-to-date: /home/jellyfish/ws_moveit/install/moveit_core/include/moveit/collision_detection_fcl/collision_detector_allocator_fcl.h
[1.030s] -- Up-to-date: /home/jellyfish/ws_moveit/install/moveit_core/include/moveit/collision_detection_fcl/collision_detector_fcl_plugin_loader.h
[1.030s] -- Up-to-date: /home/jellyfish/ws_moveit/install/moveit_core/include/moveit/collision_detection_fcl/fcl_compat.h
[1.030s] -- Up-to-date: /home/jellyfish/ws_moveit/install/moveit_core/include/moveit/collision_detection_fcl/collision_common.h
[1.030s] -- Up-to-date: /home/jellyfish/ws_moveit/install/moveit_core/include/moveit_collision_detection_fcl_export.h
[1.030s] -- Up-to-date: /home/jellyfish/ws_moveit/install/moveit_core/lib/libcollision_detector_bullet_plugin.so.2.5.5
[1.030s] -- Up-to-date: /home/jellyfish/ws_moveit/install/moveit_core/lib/libcollision_detector_bullet_plugin.so
[1.030s] -- Up-to-date: /home/jellyfish/ws_moveit/install/moveit_core/lib/libmoveit_butterworth_filter.so.2.5.5
[1.030s] -- Up-to-date: /home/jellyfish/ws_moveit/install/moveit_core/lib/libmoveit_butterworth_filter.so
[1.030s] -- Up-to-date: /home/jellyfish/ws_moveit/install/moveit_core/lib/libmoveit_collision_distance_field.so.2.5.5
[1.031s] -- Up-to-date: /home/jellyfish/ws_moveit/install/moveit_core/lib/libmoveit_collision_distance_field.so
[1.031s] -- Up-to-date: /home/jellyfish/ws_moveit/install/moveit_core/lib/libmoveit_collision_detection.so.2.5.5
[1.031s] -- Up-to-date: /home/jellyfish/ws_moveit/install/moveit_core/lib/libmoveit_collision_detection.so
[1.031s] -- Up-to-date: /home/jellyfish/ws_moveit/install/moveit_core/lib/libmoveit_collision_detection_fcl.so.2.5.5
[1.031s] -- Up-to-date: /home/jellyfish/ws_moveit/install/moveit_core/lib/libmoveit_collision_detection_fcl.so
[1.031s] -- Up-to-date: /home/jellyfish/ws_moveit/install/moveit_core/lib/libmoveit_collision_detection_bullet.so.2.5.5
[1.031s] -- Up-to-date: /home/jellyfish/ws_moveit/install/moveit_core/lib/libmoveit_collision_detection_bullet.so
[1.031s] -- Up-to-date: /home/jellyfish/ws_moveit/install/moveit_core/lib/libmoveit_dynamics_solver.so.2.5.5
[1.031s] -- Up-to-date: /home/jellyfish/ws_moveit/install/moveit_core/lib/libmoveit_dynamics_solver.so
[1.031s] -- Up-to-date: /home/jellyfish/ws_moveit/install/moveit_core/lib/libmoveit_constraint_samplers.so.2.5.5
[1.031s] -- Up-to-date: /home/jellyfish/ws_moveit/install/moveit_core/lib/libmoveit_constraint_samplers.so
[1.031s] -- Up-to-date: /home/jellyfish/ws_moveit/install/moveit_core/lib/libmoveit_distance_field.so.2.5.5
[1.031s] -- Up-to-date: /home/jellyfish/ws_moveit/install/moveit_core/lib/libmoveit_distance_field.so
[1.031s] -- Up-to-date: /home/jellyfish/ws_moveit/install/moveit_core/lib/libmoveit_exceptions.so.2.5.5
[1.031s] -- Up-to-date: /home/jellyfish/ws_moveit/install/moveit_core/lib/libmoveit_exceptions.so
[1.031s] -- Up-to-date: /home/jellyfish/ws_moveit/install/moveit_core/lib/libmoveit_kinematics_base.so
[1.032s] -- Up-to-date: /home/jellyfish/ws_moveit/install/moveit_core/lib/libmoveit_kinematic_constraints.so.2.5.5
[1.032s] -- Up-to-date: /home/jellyfish/ws_moveit/install/moveit_core/lib/libmoveit_kinematic_constraints.so
[1.032s] -- Up-to-date: /home/jellyfish/ws_moveit/install/moveit_core/lib/libmoveit_kinematics_metrics.so.2.5.5
[1.032s] -- Up-to-date: /home/jellyfish/ws_moveit/install/moveit_core/lib/libmoveit_kinematics_metrics.so
[1.032s] -- Up-to-date: /home/jellyfish/ws_moveit/install/moveit_core/lib/libmoveit_planning_interface.so.2.5.5
[1.032s] -- Up-to-date: /home/jellyfish/ws_moveit/install/moveit_core/lib/libmoveit_planning_interface.so
[1.032s] -- Up-to-date: /home/jellyfish/ws_moveit/install/moveit_core/lib/libmoveit_planning_scene.so.2.5.5
[1.032s] -- Up-to-date: /home/jellyfish/ws_moveit/install/moveit_core/lib/libmoveit_planning_scene.so
[1.032s] -- Up-to-date: /home/jellyfish/ws_moveit/install/moveit_core/lib/libmoveit_planning_request_adapter.so.2.5.5
[1.033s] -- Up-to-date: /home/jellyfish/ws_moveit/install/moveit_core/lib/libmoveit_planning_request_adapter.so
[1.033s] -- Up-to-date: /home/jellyfish/ws_moveit/install/moveit_core/lib/libmoveit_robot_model.so.2.5.5
[1.033s] -- Up-to-date: /home/jellyfish/ws_moveit/install/moveit_core/lib/libmoveit_robot_model.so
[1.033s] -- Up-to-date: /home/jellyfish/ws_moveit/install/moveit_core/lib/libmoveit_robot_state.so.2.5.5
[1.034s] -- Up-to-date: /home/jellyfish/ws_moveit/install/moveit_core/lib/libmoveit_robot_state.so
[1.034s] -- Up-to-date: /home/jellyfish/ws_moveit/install/moveit_core/lib/libmoveit_robot_trajectory.so.2.5.5
[1.034s] -- Up-to-date: /home/jellyfish/ws_moveit/install/moveit_core/lib/libmoveit_robot_trajectory.so
[1.034s] -- Up-to-date: /home/jellyfish/ws_moveit/install/moveit_core/lib/libmoveit_smoothing_base.so.2.5.5
[1.034s] -- Up-to-date: /home/jellyfish/ws_moveit/install/moveit_core/lib/libmoveit_smoothing_base.so
[1.034s] -- Up-to-date: /home/jellyfish/ws_moveit/install/moveit_core/lib/libmoveit_test_utils.so.2.5.5
[1.035s] -- Up-to-date: /home/jellyfish/ws_moveit/install/moveit_core/lib/libmoveit_test_utils.so
[1.035s] -- Up-to-date: /home/jellyfish/ws_moveit/install/moveit_core/lib/libmoveit_trajectory_processing.so.2.5.5
[1.035s] -- Up-to-date: /home/jellyfish/ws_moveit/install/moveit_core/lib/libmoveit_trajectory_processing.so
[1.035s] -- Up-to-date: /home/jellyfish/ws_moveit/install/moveit_core/lib/libmoveit_transforms.so.2.5.5
[1.035s] -- Up-to-date: /home/jellyfish/ws_moveit/install/moveit_core/lib/libmoveit_transforms.so
[1.036s] -- Up-to-date: /home/jellyfish/ws_moveit/install/moveit_core/lib/libmoveit_utils.so.2.5.5
[1.036s] -- Up-to-date: /home/jellyfish/ws_moveit/install/moveit_core/lib/libmoveit_utils.so
[1.036s] -- Up-to-date: /home/jellyfish/ws_moveit/install/moveit_core/share/moveit_core/environment/library_path.sh
[1.036s] -- Up-to-date: /home/jellyfish/ws_moveit/install/moveit_core/share/moveit_core/environment/library_path.dsv
[1.036s] -- Up-to-date: /home/jellyfish/ws_moveit/install/moveit_core/share/moveit_core/collision_detector_fcl_description.xml
[1.036s] -- Up-to-date: /home/jellyfish/ws_moveit/install/moveit_core/share/moveit_core/collision_detector_bullet_description.xml
[1.036s] -- Up-to-date: /home/jellyfish/ws_moveit/install/moveit_core/share/moveit_core/filter_plugin_butterworth.xml
[1.036s] -- Up-to-date: /home/jellyfish/ws_moveit/install/moveit_core/share/ament_index/resource_index/package_run_dependencies/moveit_core
[1.036s] -- Up-to-date: /home/jellyfish/ws_moveit/install/moveit_core/share/ament_index/resource_index/parent_prefix_path/moveit_core
[1.036s] -- Up-to-date: /home/jellyfish/ws_moveit/install/moveit_core/share/moveit_core/environment/ament_prefix_path.sh
[1.036s] -- Up-to-date: /home/jellyfish/ws_moveit/install/moveit_core/share/moveit_core/environment/ament_prefix_path.dsv
[1.037s] -- Up-to-date: /home/jellyfish/ws_moveit/install/moveit_core/share/moveit_core/environment/path.sh
[1.037s] -- Up-to-date: /home/jellyfish/ws_moveit/install/moveit_core/share/moveit_core/environment/path.dsv
[1.037s] -- Up-to-date: /home/jellyfish/ws_moveit/install/moveit_core/share/moveit_core/local_setup.bash
[1.037s] -- Up-to-date: /home/jellyfish/ws_moveit/install/moveit_core/share/moveit_core/local_setup.sh
[1.037s] -- Up-to-date: /home/jellyfish/ws_moveit/install/moveit_core/share/moveit_core/local_setup.zsh
[1.037s] -- Up-to-date: /home/jellyfish/ws_moveit/install/moveit_core/share/moveit_core/local_setup.dsv
[1.037s] -- Installing: /home/jellyfish/ws_moveit/install/moveit_core/share/moveit_core/package.dsv
[1.037s] -- Up-to-date: /home/jellyfish/ws_moveit/install/moveit_core/share/ament_index/resource_index/packages/moveit_core
[1.037s] -- Up-to-date: /home/jellyfish/ws_moveit/install/moveit_core/share/ament_index/resource_index/moveit_core__pluginlib__plugin/moveit_core
[1.037s] -- Up-to-date: /home/jellyfish/ws_moveit/install/moveit_core/share/moveit_core/cmake/export_moveit_coreExport.cmake
[1.037s] -- Up-to-date: /home/jellyfish/ws_moveit/install/moveit_core/share/moveit_core/cmake/export_moveit_coreExport-release.cmake
[1.037s] -- Up-to-date: /home/jellyfish/ws_moveit/install/moveit_core/share/moveit_core/cmake/ConfigExtras.cmake
[1.037s] -- Up-to-date: /home/jellyfish/ws_moveit/install/moveit_core/share/moveit_core/cmake/ament_cmake_export_targets-extras.cmake
[1.038s] -- Up-to-date: /home/jellyfish/ws_moveit/install/moveit_core/share/moveit_core/cmake/ament_cmake_export_dependencies-extras.cmake
[1.038s] -- Up-to-date: /home/jellyfish/ws_moveit/install/moveit_core/share/moveit_core/cmake/moveit_coreConfig.cmake
[1.038s] -- Up-to-date: /home/jellyfish/ws_moveit/install/moveit_core/share/moveit_core/cmake/moveit_coreConfig-version.cmake
[1.038s] -- Up-to-date: /home/jellyfish/ws_moveit/install/moveit_core/share/moveit_core/package.xml
[1.040s] Invoked command in '/home/jellyfish/ws_moveit/build/moveit_core' returned '0': CMAKE_PREFIX_PATH=/home/jellyfish/ws_moveit/install/moveit_resources_panda_moveit_config:/home/jellyfish/ws_moveit/install/srdfdom:/home/jellyfish/ws_moveit/install/moveit_resources_pr2_description:/home/jellyfish/ws_moveit/install/moveit_resources_panda_description:/home/jellyfish/ws_moveit/install/moveit_common:/home/jellyfish/ws_moveit/install/hello_moveit:/home/jellyfish/ws_moveit/install/pilz_industrial_motion_planner_testutils:/home/jellyfish/ws_moveit/install/moveit_runtime:/home/jellyfish/ws_moveit/install/moveit2_tutorials:/home/jellyfish/ws_moveit/install/moveit:/home/jellyfish/ws_moveit/install/moveit_planners:/home/jellyfish/ws_moveit/install/pilz_industrial_motion_planner:/home/jellyfish/ws_moveit/install/moveit_visual_tools:/home/jellyfish/ws_moveit/install/moveit_task_constructor_visualization:/home/jellyfish/ws_moveit/install/moveit_task_constructor_demo:/home/jellyfish/ws_moveit/install/moveit_task_constructor_capabilities:/home/jellyfish/ws_moveit/install/moveit_task_constructor_core:/home/jellyfish/ws_moveit/install/moveit_ros_control_interface:/home/jellyfish/ws_moveit/install/moveit_plugins:/home/jellyfish/ws_moveit/install/moveit_simple_controller_manager:/home/jellyfish/ws_moveit/install/moveit_setup_assistant:/home/jellyfish/ws_moveit/install/moveit_setup_srdf_plugins:/home/jellyfish/ws_moveit/install/moveit_setup_core_plugins:/home/jellyfish/ws_moveit/install/moveit_setup_controllers:/home/jellyfish/ws_moveit/install/moveit_setup_app_plugins:/home/jellyfish/ws_moveit/install/moveit_setup_framework:/home/jellyfish/ws_moveit/install/moveit_servo:/home/jellyfish/ws_moveit/install/moveit_ros:/home/jellyfish/ws_moveit/install/moveit_ros_visualization:/home/jellyfish/ws_moveit/install/moveit_hybrid_planning:/home/jellyfish/ws_moveit/install/moveit_ros_planning_interface:/home/jellyfish/ws_moveit/install/moveit_ros_benchmarks:/home/jellyfish/ws_moveit/install/moveit_ros_warehouse:/home/jellyfish/ws_moveit/install/moveit_ros_robot_interaction:/home/jellyfish/ws_moveit/install/moveit_ros_perception:/home/jellyfish/ws_moveit/install/moveit_resources_prbt_pg70_support:/home/jellyfish/ws_moveit/install/moveit_resources_prbt_moveit_config:/home/jellyfish/ws_moveit/install/moveit_ros_move_group:/home/jellyfish/ws_moveit/install/moveit_planners_ompl:/home/jellyfish/ws_moveit/install/moveit_ros_planning:/home/jellyfish/ws_moveit/install/moveit_ros_occupancy_map_monitor:/home/jellyfish/ws_moveit/install/moveit_resources_prbt_ikfast_manipulator_plugin:/home/jellyfish/ws_moveit/install/moveit_planners_chomp:/home/jellyfish/ws_moveit/install/moveit_kinematics:/home/jellyfish/ws_moveit/install/moveit_chomp_optimizer_adapter:/home/jellyfish/ws_moveit/install/chomp_motion_planner:/home/jellyfish/ws_moveit/install/moveit_core:/home/jellyfish/ws_moveit/install/rviz_marker_tools:/home/jellyfish/ws_moveit/install/rosparam_shortcuts:/home/jellyfish/ws_moveit/install/moveit_task_constructor_msgs:/home/jellyfish/ws_moveit/install/moveit_resources_prbt_support:/home/jellyfish/ws_moveit/install/moveit_resources:/home/jellyfish/ws_moveit/install/moveit_resources_fanuc_moveit_config:/home/jellyfish/ws_moveit/install/moveit_resources_fanuc_description:/home/jellyfish/ws_moveit/install/moveit_configs_utils:/home/jellyfish/ws_moveit/install/launch_param_builder:/opt/ros/humble LD_LIBRARY_PATH=/home/jellyfish/ws_moveit/install/srdfdom/lib:/home/jellyfish/ws_moveit/install/pilz_industrial_motion_planner_testutils/lib:/home/jellyfish/ws_moveit/install/pilz_industrial_motion_planner/lib:/home/jellyfish/ws_moveit/install/moveit_visual_tools/lib:/home/jellyfish/ws_moveit/install/moveit_task_constructor_visualization/lib:/home/jellyfish/ws_moveit/install/moveit_task_constructor_demo/lib:/home/jellyfish/ws_moveit/install/moveit_task_constructor_capabilities/lib:/home/jellyfish/ws_moveit/install/moveit_task_constructor_core/lib:/home/jellyfish/ws_moveit/install/moveit_ros_control_interface/lib:/home/jellyfish/ws_moveit/install/moveit_simple_controller_manager/lib:/home/jellyfish/ws_moveit/install/moveit_setup_assistant/lib:/home/jellyfish/ws_moveit/install/moveit_setup_srdf_plugins/lib:/home/jellyfish/ws_moveit/install/moveit_setup_core_plugins/lib:/home/jellyfish/ws_moveit/install/moveit_setup_controllers/lib:/home/jellyfish/ws_moveit/install/moveit_setup_app_plugins/lib:/home/jellyfish/ws_moveit/install/moveit_setup_framework/lib:/home/jellyfish/ws_moveit/install/moveit_servo/lib:/home/jellyfish/ws_moveit/install/moveit_ros_visualization/lib:/home/jellyfish/ws_moveit/install/moveit_hybrid_planning/lib:/home/jellyfish/ws_moveit/install/moveit_ros_planning_interface/lib:/home/jellyfish/ws_moveit/install/moveit_ros_benchmarks/lib:/home/jellyfish/ws_moveit/install/moveit_ros_warehouse/lib:/home/jellyfish/ws_moveit/install/moveit_ros_robot_interaction/lib:/home/jellyfish/ws_moveit/install/moveit_ros_perception/lib:/home/jellyfish/ws_moveit/install/moveit_ros_move_group/lib:/home/jellyfish/ws_moveit/install/moveit_planners_ompl/lib:/home/jellyfish/ws_moveit/install/moveit_ros_planning/lib:/home/jellyfish/ws_moveit/install/moveit_ros_occupancy_map_monitor/lib:/home/jellyfish/ws_moveit/install/moveit_resources_prbt_ikfast_manipulator_plugin/lib:/home/jellyfish/ws_moveit/install/moveit_planners_chomp/lib:/home/jellyfish/ws_moveit/install/moveit_kinematics/lib:/home/jellyfish/ws_moveit/install/moveit_chomp_optimizer_adapter/lib:/home/jellyfish/ws_moveit/install/chomp_motion_planner/lib:/home/jellyfish/ws_moveit/install/moveit_core/lib:/home/jellyfish/ws_moveit/install/rviz_marker_tools/lib:/home/jellyfish/ws_moveit/install/rosparam_shortcuts/lib:/home/jellyfish/ws_moveit/install/moveit_task_constructor_msgs/lib:/usr/lib/x86_64-linux-gnu/gazebo-11/plugins:/opt/ros/humble/opt/rviz_ogre_vendor/lib:/opt/ros/humble/lib/x86_64-linux-gnu:/opt/ros/humble/lib /usr/bin/cmake --install /home/jellyfish/ws_moveit/build/moveit_core
