[0.007s] Invoking command in '/home/jellyfish/ws_moveit/build/rosparam_shortcuts': CMAKE_PREFIX_PATH=/opt/ros/humble /usr/bin/cmake /home/jellyfish/ws_moveit/src/rosparam_shortcuts -DCMAKE_BUILD_TYPE=Release -DCMAKE_INSTALL_PREFIX=/home/jellyfish/ws_moveit/install/rosparam_shortcuts
[0.098s] -- The C compiler identification is GNU 11.4.0
[0.222s] -- The CXX compiler identification is GNU 11.4.0
[0.232s] -- Detecting C compiler ABI info
[0.326s] -- Detecting C compiler ABI info - done
[0.333s] -- Check for working C compiler: /usr/bin/cc - skipped
[0.333s] -- Detecting C compile features
[0.333s] -- Detecting C compile features - done
[0.336s] -- Detecting CXX compiler ABI info
[0.513s] -- Detecting CXX compiler ABI info - done
[0.529s] -- Check for working CXX compiler: /usr/bin/c++ - skipped
[0.529s] -- Detecting CXX compile features
[0.530s] -- Detecting CXX compile features - done
[0.537s] -- Found ament_cmake: 1.3.9 (/opt/ros/humble/share/ament_cmake/cmake)
[0.856s] -- Found Python3: /usr/bin/python3 (found version "3.10.12") found components: Interpreter 
[0.985s] -- Found eigen3_cmake_module: 0.1.1 (/opt/ros/humble/share/eigen3_cmake_module/cmake)
[0.996s] -- Found Eigen3: TRUE (found version "3.4.0") 
[0.997s] -- Found geometry_msgs: 4.2.4 (/opt/ros/humble/share/geometry_msgs/cmake)
[1.034s] -- Found rosidl_generator_c: 3.1.5 (/opt/ros/humble/share/rosidl_generator_c/cmake)
[1.038s] -- Found rosidl_adapter: 3.1.5 (/opt/ros/humble/share/rosidl_adapter/cmake)
[1.046s] -- Found rosidl_generator_cpp: 3.1.5 (/opt/ros/humble/share/rosidl_generator_cpp/cmake)
[1.059s] -- Using all available rosidl_typesupport_c: rosidl_typesupport_fastrtps_c;rosidl_typesupport_introspection_c
[1.077s] -- Using all available rosidl_typesupport_cpp: rosidl_typesupport_fastrtps_cpp;rosidl_typesupport_introspection_cpp
[1.190s] -- Found rclcpp: 16.0.9 (/opt/ros/humble/share/rclcpp/cmake)
[1.270s] -- Found rmw_implementation_cmake: 6.1.2 (/opt/ros/humble/share/rmw_implementation_cmake/cmake)
[1.273s] -- Found rmw_fastrtps_cpp: 6.2.6 (/opt/ros/humble/share/rmw_fastrtps_cpp/cmake)
[1.453s] -- Found OpenSSL: /usr/lib/x86_64-linux-gnu/libcrypto.so (found version "3.0.2")  
[1.517s] -- Found FastRTPS: /opt/ros/humble/include  
[1.575s] -- Using RMW implementation 'rmw_fastrtps_cpp' as default
[1.587s] -- Looking for pthread.h
[1.686s] -- Looking for pthread.h - found
[1.686s] -- Performing Test CMAKE_HAVE_LIBC_PTHREAD
[1.812s] -- Performing Test CMAKE_HAVE_LIBC_PTHREAD - Success
[1.815s] -- Found Threads: TRUE  
[1.947s] -- Found tf2_eigen: 0.25.7 (/opt/ros/humble/share/tf2_eigen/cmake)
[2.306s] -- Found ament_lint_auto: 0.12.11 (/opt/ros/humble/share/ament_lint_auto/cmake)
[2.308s] -- Found ament_cmake_gtest: 1.3.9 (/opt/ros/humble/share/ament_cmake_gtest/cmake)
[2.310s] -- Found ros_testing: 0.4.0 (/opt/ros/humble/share/ros_testing/cmake)
[2.313s] -- Found launch_testing_ament_cmake: 1.0.6 (/opt/ros/humble/share/launch_testing_ament_cmake/cmake)
[2.315s] -- Found python_cmake_module: 0.10.0 (/opt/ros/humble/share/python_cmake_module/cmake)
[2.335s] -- Found PythonInterp: /usr/bin/python3 (found suitable version "3.10.12", minimum required is "3.6") 
[2.339s] -- Found PythonLibs: /usr/lib/x86_64-linux-gnu/libpython3.10.so (found suitable version "3.10.12", minimum required is "3.5") 
[2.339s] -- Using PYTHON_EXECUTABLE: /usr/bin/python3
[2.339s] -- Using PYTHON_INCLUDE_DIRS: /usr/include/python3.10
[2.340s] -- Using PYTHON_LIBRARIES: /usr/lib/x86_64-linux-gnu/libpython3.10.so
[2.360s] -- Found PythonExtra: .so  
[2.467s] -- Found gtest sources under '/opt/ros/humble/src/gtest_vendor': C++ tests using 'Google Test' will be built
[2.487s] -- Added test 'copyright' to check source files copyright and LICENSE
[2.491s] -- Added test 'lint_cmake' to check CMake code style
[2.493s] -- Added test 'pep257' to check Python code against some of the docstring style conventions in PEP 257
[2.495s] -- Added test 'xmllint' to check XML markup files
[2.499s] -- Configuring done
[2.534s] -- Generating done
[2.536s] -- Build files have been written to: /home/jellyfish/ws_moveit/build/rosparam_shortcuts
[2.548s] Invoked command in '/home/jellyfish/ws_moveit/build/rosparam_shortcuts' returned '0': CMAKE_PREFIX_PATH=/opt/ros/humble /usr/bin/cmake /home/jellyfish/ws_moveit/src/rosparam_shortcuts -DCMAKE_BUILD_TYPE=Release -DCMAKE_INSTALL_PREFIX=/home/jellyfish/ws_moveit/install/rosparam_shortcuts
[2.550s] Invoking command in '/home/jellyfish/ws_moveit/build/rosparam_shortcuts': CMAKE_PREFIX_PATH=/opt/ros/humble /usr/bin/cmake --build /home/jellyfish/ws_moveit/build/rosparam_shortcuts -- -j12 -l12
[2.651s] [  7%] [32mBuilding CXX object gtest/CMakeFiles/gtest_main.dir/src/gtest_main.cc.o[0m
[2.661s] [ 23%] [32mBuilding CXX object CMakeFiles/rosparam_shortcuts.dir/src/node_parameters.cpp.o[0m
[2.661s] [ 23%] [32mBuilding CXX object CMakeFiles/rosparam_shortcuts.dir/src/rosparam_shortcuts.cpp.o[0m
[2.661s] [ 30%] [32mBuilding CXX object gtest/CMakeFiles/gtest.dir/src/gtest-all.cc.o[0m
[3.424s] [ 38%] [32m[1mLinking CXX static library libgtest_main.a[0m
[3.600s] [ 38%] Built target gtest_main
[8.053s] [ 46%] [32m[1mLinking CXX shared library librosparam_shortcuts.so[0m
[8.197s] [ 46%] Built target rosparam_shortcuts
[8.237s] [ 53%] [32mBuilding CXX object CMakeFiles/rosparam_shortcuts_node_parameters_example.dir/src/node_parameters_example.cpp.o[0m
[8.239s] [ 61%] [32mBuilding CXX object CMakeFiles/rosparam_shortcuts_example.dir/src/example.cpp.o[0m
[8.653s] [ 69%] [32m[1mLinking CXX static library libgtest.a[0m
[8.750s] [ 69%] Built target gtest
[8.791s] [ 76%] [32mBuilding CXX object CMakeFiles/test_node_parameters.dir/test/test_node_parameters.cpp.o[0m
[11.464s] [ 84%] [32m[1mLinking CXX executable node_parameters_example[0m
[11.609s] [ 84%] Built target rosparam_shortcuts_node_parameters_example
[11.637s] [ 92%] [32m[1mLinking CXX executable example[0m
[11.786s] [ 92%] Built target rosparam_shortcuts_example
[13.367s] [100%] [32m[1mLinking CXX executable test_node_parameters[0m
[13.548s] [100%] Built target test_node_parameters
[13.566s] Invoked command in '/home/jellyfish/ws_moveit/build/rosparam_shortcuts' returned '0': CMAKE_PREFIX_PATH=/opt/ros/humble /usr/bin/cmake --build /home/jellyfish/ws_moveit/build/rosparam_shortcuts -- -j12 -l12
[13.632s] Invoking command in '/home/jellyfish/ws_moveit/build/rosparam_shortcuts': CMAKE_PREFIX_PATH=/opt/ros/humble /usr/bin/cmake --install /home/jellyfish/ws_moveit/build/rosparam_shortcuts
[13.648s] -- Install configuration: "Release"
[13.649s] -- Installing: /home/jellyfish/ws_moveit/install/rosparam_shortcuts/lib/librosparam_shortcuts.so
[13.650s] -- Set runtime path of "/home/jellyfish/ws_moveit/install/rosparam_shortcuts/lib/librosparam_shortcuts.so" to ""
[13.650s] -- Installing: /home/jellyfish/ws_moveit/install/rosparam_shortcuts/lib/rosparam_shortcuts/example
[13.652s] -- Set runtime path of "/home/jellyfish/ws_moveit/install/rosparam_shortcuts/lib/rosparam_shortcuts/example" to ""
[13.652s] -- Installing: /home/jellyfish/ws_moveit/install/rosparam_shortcuts/lib/rosparam_shortcuts/node_parameters_example
[13.653s] -- Set runtime path of "/home/jellyfish/ws_moveit/install/rosparam_shortcuts/lib/rosparam_shortcuts/node_parameters_example" to ""
[13.653s] -- Installing: /home/jellyfish/ws_moveit/install/rosparam_shortcuts/include
[13.653s] -- Installing: /home/jellyfish/ws_moveit/install/rosparam_shortcuts/include/rosparam_shortcuts
[13.653s] -- Installing: /home/jellyfish/ws_moveit/install/rosparam_shortcuts/include/rosparam_shortcuts/node_parameters.h
[13.654s] -- Installing: /home/jellyfish/ws_moveit/install/rosparam_shortcuts/include/rosparam_shortcuts/rosparam_shortcuts.h
[13.654s] -- Installing: /home/jellyfish/ws_moveit/install/rosparam_shortcuts/share/rosparam_shortcuts/launch
[13.654s] -- Installing: /home/jellyfish/ws_moveit/install/rosparam_shortcuts/share/rosparam_shortcuts/launch/example.launch.py
[13.655s] -- Installing: /home/jellyfish/ws_moveit/install/rosparam_shortcuts/share/rosparam_shortcuts/config
[13.655s] -- Installing: /home/jellyfish/ws_moveit/install/rosparam_shortcuts/share/rosparam_shortcuts/config/example.yaml
[13.655s] -- Installing: /home/jellyfish/ws_moveit/install/rosparam_shortcuts/share/rosparam_shortcuts/environment/library_path.sh
[13.656s] -- Installing: /home/jellyfish/ws_moveit/install/rosparam_shortcuts/share/rosparam_shortcuts/environment/library_path.dsv
[13.657s] -- Installing: /home/jellyfish/ws_moveit/install/rosparam_shortcuts/share/ament_index/resource_index/package_run_dependencies/rosparam_shortcuts
[13.657s] -- Installing: /home/jellyfish/ws_moveit/install/rosparam_shortcuts/share/ament_index/resource_index/parent_prefix_path/rosparam_shortcuts
[13.657s] -- Installing: /home/jellyfish/ws_moveit/install/rosparam_shortcuts/share/rosparam_shortcuts/environment/ament_prefix_path.sh
[13.658s] -- Installing: /home/jellyfish/ws_moveit/install/rosparam_shortcuts/share/rosparam_shortcuts/environment/ament_prefix_path.dsv
[13.658s] -- Installing: /home/jellyfish/ws_moveit/install/rosparam_shortcuts/share/rosparam_shortcuts/environment/path.sh
[13.659s] -- Installing: /home/jellyfish/ws_moveit/install/rosparam_shortcuts/share/rosparam_shortcuts/environment/path.dsv
[13.659s] -- Installing: /home/jellyfish/ws_moveit/install/rosparam_shortcuts/share/rosparam_shortcuts/local_setup.bash
[13.659s] -- Installing: /home/jellyfish/ws_moveit/install/rosparam_shortcuts/share/rosparam_shortcuts/local_setup.sh
[13.660s] -- Installing: /home/jellyfish/ws_moveit/install/rosparam_shortcuts/share/rosparam_shortcuts/local_setup.zsh
[13.660s] -- Installing: /home/jellyfish/ws_moveit/install/rosparam_shortcuts/share/rosparam_shortcuts/local_setup.dsv
[13.660s] -- Installing: /home/jellyfish/ws_moveit/install/rosparam_shortcuts/share/rosparam_shortcuts/package.dsv
[13.661s] -- Installing: /home/jellyfish/ws_moveit/install/rosparam_shortcuts/share/ament_index/resource_index/packages/rosparam_shortcuts
[13.661s] -- Installing: /home/jellyfish/ws_moveit/install/rosparam_shortcuts/share/rosparam_shortcuts/cmake/export_rosparam_shortcutsExport.cmake
[13.662s] -- Installing: /home/jellyfish/ws_moveit/install/rosparam_shortcuts/share/rosparam_shortcuts/cmake/export_rosparam_shortcutsExport-release.cmake
[13.662s] -- Installing: /home/jellyfish/ws_moveit/install/rosparam_shortcuts/share/rosparam_shortcuts/cmake/ament_cmake_export_targets-extras.cmake
[13.663s] -- Installing: /home/jellyfish/ws_moveit/install/rosparam_shortcuts/share/rosparam_shortcuts/cmake/ament_cmake_export_dependencies-extras.cmake
[13.663s] -- Installing: /home/jellyfish/ws_moveit/install/rosparam_shortcuts/share/rosparam_shortcuts/cmake/rosparam_shortcutsConfig.cmake
[13.663s] -- Installing: /home/jellyfish/ws_moveit/install/rosparam_shortcuts/share/rosparam_shortcuts/cmake/rosparam_shortcutsConfig-version.cmake
[13.664s] -- Installing: /home/jellyfish/ws_moveit/install/rosparam_shortcuts/share/rosparam_shortcuts/package.xml
[13.669s] Invoked command in '/home/jellyfish/ws_moveit/build/rosparam_shortcuts' returned '0': CMAKE_PREFIX_PATH=/opt/ros/humble /usr/bin/cmake --install /home/jellyfish/ws_moveit/build/rosparam_shortcuts
