[0.020s] Invoking command in '/home/jellyfish/ws_moveit/build/chomp_motion_planner': AMENT_PREFIX_PATH=/home/jellyfish/ws_moveit/install/moveit_core:/home/jellyfish/ws_moveit/install/moveit_resources_panda_moveit_config:/home/jellyfish/ws_moveit/install/srdfdom:/home/jellyfish/ws_moveit/install/moveit_resources_pr2_description:/home/jellyfish/ws_moveit/install/moveit_resources_panda_description:/home/jellyfish/ws_moveit/install/moveit_common:${AMENT_PREFIX_PATH} CMAKE_PREFIX_PATH=/home/jellyfish/ws_moveit/install/moveit_core:/home/jellyfish/ws_moveit/install/moveit_resources_panda_moveit_config:/home/jellyfish/ws_moveit/install/srdfdom:/home/jellyfish/ws_moveit/install/moveit_resources_pr2_description:/home/jellyfish/ws_moveit/install/moveit_resources_panda_description:/home/jellyfish/ws_moveit/install/moveit_common:/opt/ros/humble LD_LIBRARY_PATH=/home/jellyfish/ws_moveit/install/moveit_core/lib:/home/jellyfish/ws_moveit/install/srdfdom/lib:${LD_LIBRARY_PATH} PATH=/home/jellyfish/ws_moveit/install/moveit_core/bin:${PATH} PYTHONPATH=/home/jellyfish/ws_moveit/install/srdfdom/local/lib/python3.10/dist-packages:${PYTHONPATH} /usr/bin/cmake /home/jellyfish/ws_moveit/src/moveit2/moveit_planners/chomp/chomp_motion_planner -DCMAKE_BUILD_TYPE=Release -DCMAKE_INSTALL_PREFIX=/home/jellyfish/ws_moveit/install/chomp_motion_planner
[0.099s] -- The C compiler identification is GNU 11.4.0
[0.180s] -- The CXX compiler identification is GNU 11.4.0
[0.188s] -- Detecting C compiler ABI info
[0.293s] -- Detecting C compiler ABI info - done
[0.299s] -- Check for working C compiler: /usr/bin/cc - skipped
[0.300s] -- Detecting C compile features
[0.301s] -- Detecting C compile features - done
[0.304s] -- Detecting CXX compiler ABI info
[0.403s] -- Detecting CXX compiler ABI info - done
[0.413s] -- Check for working CXX compiler: /usr/bin/c++ - skipped
[0.414s] -- Detecting CXX compile features
[0.415s] -- Detecting CXX compile features - done
[0.419s] -- Found moveit_common: 2.5.5 (/home/jellyfish/ws_moveit/install/moveit_common/share/moveit_common/cmake)
[0.427s] -- Found ament_cmake: 1.3.9 (/opt/ros/humble/share/ament_cmake/cmake)
[0.686s] -- Found Python3: /usr/bin/python3 (found version "3.10.12") found components: Interpreter 
[0.940s] -- Found libdw: /usr/lib/x86_64-linux-gnu/libdw.so  
[0.948s] -- Could NOT find libbfd (missing: LIBBFD_LIBRARY LIBBFD_INCLUDE_DIR) 
[0.948s] -- BACKWARD_HAS_UNWIND=1
[0.948s] -- BACKWARD_HAS_BACKTRACE=0
[0.948s] -- BACKWARD_HAS_BACKTRACE_SYMBOL=0
[0.948s] -- BACKWARD_HAS_DW=1
[0.948s] -- BACKWARD_HAS_BFD=0
[0.949s] -- Found Backward: /opt/ros/humble/share/backward_ros/cmake  
[0.950s] -- Found moveit_core: 2.5.5 (/home/jellyfish/ws_moveit/install/moveit_core/share/moveit_core/cmake)
[1.300s] -- Found Boost: /usr/lib/x86_64-linux-gnu/cmake/Boost-1.74.0/BoostConfig.cmake (found version "1.74.0") found components: chrono date_time filesystem iostreams program_options regex serialization system thread 
[1.393s] -- Found parameter_traits: 0.3.8 (/opt/ros/humble/share/parameter_traits/cmake)
[1.439s] -- Found rosidl_generator_c: 3.1.5 (/opt/ros/humble/share/rosidl_generator_c/cmake)
[1.445s] -- Found rosidl_adapter: 3.1.5 (/opt/ros/humble/share/rosidl_adapter/cmake)
[1.455s] -- Found rosidl_generator_cpp: 3.1.5 (/opt/ros/humble/share/rosidl_generator_cpp/cmake)
[1.470s] -- Using all available rosidl_typesupport_c: rosidl_typesupport_fastrtps_c;rosidl_typesupport_introspection_c
[1.492s] -- Using all available rosidl_typesupport_cpp: rosidl_typesupport_fastrtps_cpp;rosidl_typesupport_introspection_cpp
[1.567s] -- Found rmw_implementation_cmake: 6.1.2 (/opt/ros/humble/share/rmw_implementation_cmake/cmake)
[1.570s] -- Found rmw_fastrtps_cpp: 6.2.6 (/opt/ros/humble/share/rmw_fastrtps_cpp/cmake)
[1.736s] -- Found OpenSSL: /usr/lib/x86_64-linux-gnu/libcrypto.so (found version "3.0.2")  
[1.776s] -- Found FastRTPS: /opt/ros/humble/include  
[1.847s] -- Using RMW implementation 'rmw_fastrtps_cpp' as default
[1.859s] -- Found Threads: TRUE  
[2.034s] -- Found Eigen3: TRUE (found version "3.4.0") 
[2.037s] -- Found rclcpp_lifecycle: 16.0.9 (/opt/ros/humble/share/rclcpp_lifecycle/cmake)
[2.085s] -- Found Boost: /usr/lib/x86_64-linux-gnu/cmake/Boost-1.74.0/BoostConfig.cmake (found version "1.74.0") found components: filesystem 
[2.269s] -- library: /usr/lib/x86_64-linux-gnu/libcurl.so
[2.592s] -- Ensuring Eigen3 include directory is part of orocos-kdl CMake target
[3.708s] -- Found ament_lint_auto: 0.12.11 (/opt/ros/humble/share/ament_lint_auto/cmake)
[3.724s] -- Added test 'cppcheck' to perform static code analysis on C / C++ code
[3.724s] -- Configured cppcheck include dirs: /home/jellyfish/ws_moveit/src/moveit2/moveit_planners/chomp/chomp_motion_planner/include
[3.724s] -- Configured cppcheck exclude dirs and/or files: 
[3.725s] -- Added test 'xmllint' to check XML markup files
[3.727s] -- Configuring done
[3.756s] -- Generating done
[3.758s] -- Build files have been written to: /home/jellyfish/ws_moveit/build/chomp_motion_planner
[3.772s] Invoked command in '/home/jellyfish/ws_moveit/build/chomp_motion_planner' returned '0': AMENT_PREFIX_PATH=/home/jellyfish/ws_moveit/install/moveit_core:/home/jellyfish/ws_moveit/install/moveit_resources_panda_moveit_config:/home/jellyfish/ws_moveit/install/srdfdom:/home/jellyfish/ws_moveit/install/moveit_resources_pr2_description:/home/jellyfish/ws_moveit/install/moveit_resources_panda_description:/home/jellyfish/ws_moveit/install/moveit_common:${AMENT_PREFIX_PATH} CMAKE_PREFIX_PATH=/home/jellyfish/ws_moveit/install/moveit_core:/home/jellyfish/ws_moveit/install/moveit_resources_panda_moveit_config:/home/jellyfish/ws_moveit/install/srdfdom:/home/jellyfish/ws_moveit/install/moveit_resources_pr2_description:/home/jellyfish/ws_moveit/install/moveit_resources_panda_description:/home/jellyfish/ws_moveit/install/moveit_common:/opt/ros/humble LD_LIBRARY_PATH=/home/jellyfish/ws_moveit/install/moveit_core/lib:/home/jellyfish/ws_moveit/install/srdfdom/lib:${LD_LIBRARY_PATH} PATH=/home/jellyfish/ws_moveit/install/moveit_core/bin:${PATH} PYTHONPATH=/home/jellyfish/ws_moveit/install/srdfdom/local/lib/python3.10/dist-packages:${PYTHONPATH} /usr/bin/cmake /home/jellyfish/ws_moveit/src/moveit2/moveit_planners/chomp/chomp_motion_planner -DCMAKE_BUILD_TYPE=Release -DCMAKE_INSTALL_PREFIX=/home/jellyfish/ws_moveit/install/chomp_motion_planner
[3.775s] Invoking command in '/home/jellyfish/ws_moveit/build/chomp_motion_planner': AMENT_PREFIX_PATH=/home/jellyfish/ws_moveit/install/moveit_core:/home/jellyfish/ws_moveit/install/moveit_resources_panda_moveit_config:/home/jellyfish/ws_moveit/install/srdfdom:/home/jellyfish/ws_moveit/install/moveit_resources_pr2_description:/home/jellyfish/ws_moveit/install/moveit_resources_panda_description:/home/jellyfish/ws_moveit/install/moveit_common:${AMENT_PREFIX_PATH} CMAKE_PREFIX_PATH=/home/jellyfish/ws_moveit/install/moveit_core:/home/jellyfish/ws_moveit/install/moveit_resources_panda_moveit_config:/home/jellyfish/ws_moveit/install/srdfdom:/home/jellyfish/ws_moveit/install/moveit_resources_pr2_description:/home/jellyfish/ws_moveit/install/moveit_resources_panda_description:/home/jellyfish/ws_moveit/install/moveit_common:/opt/ros/humble LD_LIBRARY_PATH=/home/jellyfish/ws_moveit/install/moveit_core/lib:/home/jellyfish/ws_moveit/install/srdfdom/lib:${LD_LIBRARY_PATH} PATH=/home/jellyfish/ws_moveit/install/moveit_core/bin:${PATH} PYTHONPATH=/home/jellyfish/ws_moveit/install/srdfdom/local/lib/python3.10/dist-packages:${PYTHONPATH} /usr/bin/cmake --build /home/jellyfish/ws_moveit/build/chomp_motion_planner -- -j12 -l12
[3.891s] [ 16%] [32mBuilding CXX object CMakeFiles/chomp_motion_planner.dir/src/chomp_trajectory.cpp.o[0m
[3.891s] [ 33%] [32mBuilding CXX object CMakeFiles/chomp_motion_planner.dir/src/chomp_optimizer.cpp.o[0m
[3.897s] [ 50%] [32mBuilding CXX object CMakeFiles/chomp_motion_planner.dir/src/chomp_cost.cpp.o[0m
[3.899s] [ 66%] [32mBuilding CXX object CMakeFiles/chomp_motion_planner.dir/src/chomp_parameters.cpp.o[0m
[3.899s] [ 83%] [32mBuilding CXX object CMakeFiles/chomp_motion_planner.dir/src/chomp_planner.cpp.o[0m
[22.089s] [100%] [32m[1mLinking CXX shared library libchomp_motion_planner.so[0m
[22.333s] [100%] Built target chomp_motion_planner
[22.348s] Invoked command in '/home/jellyfish/ws_moveit/build/chomp_motion_planner' returned '0': AMENT_PREFIX_PATH=/home/jellyfish/ws_moveit/install/moveit_core:/home/jellyfish/ws_moveit/install/moveit_resources_panda_moveit_config:/home/jellyfish/ws_moveit/install/srdfdom:/home/jellyfish/ws_moveit/install/moveit_resources_pr2_description:/home/jellyfish/ws_moveit/install/moveit_resources_panda_description:/home/jellyfish/ws_moveit/install/moveit_common:${AMENT_PREFIX_PATH} CMAKE_PREFIX_PATH=/home/jellyfish/ws_moveit/install/moveit_core:/home/jellyfish/ws_moveit/install/moveit_resources_panda_moveit_config:/home/jellyfish/ws_moveit/install/srdfdom:/home/jellyfish/ws_moveit/install/moveit_resources_pr2_description:/home/jellyfish/ws_moveit/install/moveit_resources_panda_description:/home/jellyfish/ws_moveit/install/moveit_common:/opt/ros/humble LD_LIBRARY_PATH=/home/jellyfish/ws_moveit/install/moveit_core/lib:/home/jellyfish/ws_moveit/install/srdfdom/lib:${LD_LIBRARY_PATH} PATH=/home/jellyfish/ws_moveit/install/moveit_core/bin:${PATH} PYTHONPATH=/home/jellyfish/ws_moveit/install/srdfdom/local/lib/python3.10/dist-packages:${PYTHONPATH} /usr/bin/cmake --build /home/jellyfish/ws_moveit/build/chomp_motion_planner -- -j12 -l12
[22.384s] Invoking command in '/home/jellyfish/ws_moveit/build/chomp_motion_planner': AMENT_PREFIX_PATH=/home/jellyfish/ws_moveit/install/moveit_core:/home/jellyfish/ws_moveit/install/moveit_resources_panda_moveit_config:/home/jellyfish/ws_moveit/install/srdfdom:/home/jellyfish/ws_moveit/install/moveit_resources_pr2_description:/home/jellyfish/ws_moveit/install/moveit_resources_panda_description:/home/jellyfish/ws_moveit/install/moveit_common:${AMENT_PREFIX_PATH} CMAKE_PREFIX_PATH=/home/jellyfish/ws_moveit/install/moveit_core:/home/jellyfish/ws_moveit/install/moveit_resources_panda_moveit_config:/home/jellyfish/ws_moveit/install/srdfdom:/home/jellyfish/ws_moveit/install/moveit_resources_pr2_description:/home/jellyfish/ws_moveit/install/moveit_resources_panda_description:/home/jellyfish/ws_moveit/install/moveit_common:/opt/ros/humble LD_LIBRARY_PATH=/home/jellyfish/ws_moveit/install/moveit_core/lib:/home/jellyfish/ws_moveit/install/srdfdom/lib:${LD_LIBRARY_PATH} PATH=/home/jellyfish/ws_moveit/install/moveit_core/bin:${PATH} PYTHONPATH=/home/jellyfish/ws_moveit/install/srdfdom/local/lib/python3.10/dist-packages:${PYTHONPATH} /usr/bin/cmake --install /home/jellyfish/ws_moveit/build/chomp_motion_planner
[22.392s] -- Install configuration: "Release"
[22.392s] -- Installing: /home/jellyfish/ws_moveit/install/chomp_motion_planner/lib/libchomp_motion_planner.so.2.5.5
[22.393s] -- Set runtime path of "/home/jellyfish/ws_moveit/install/chomp_motion_planner/lib/libchomp_motion_planner.so.2.5.5" to ""
[22.393s] -- Installing: /home/jellyfish/ws_moveit/install/chomp_motion_planner/lib/libchomp_motion_planner.so
[22.393s] -- Installing: /home/jellyfish/ws_moveit/install/chomp_motion_planner/include
[22.393s] -- Installing: /home/jellyfish/ws_moveit/install/chomp_motion_planner/include/chomp_motion_planner
[22.393s] -- Installing: /home/jellyfish/ws_moveit/install/chomp_motion_planner/include/chomp_motion_planner/chomp_planner.h
[22.393s] -- Installing: /home/jellyfish/ws_moveit/install/chomp_motion_planner/include/chomp_motion_planner/chomp_utils.h
[22.393s] -- Installing: /home/jellyfish/ws_moveit/install/chomp_motion_planner/include/chomp_motion_planner/chomp_optimizer.h
[22.394s] -- Installing: /home/jellyfish/ws_moveit/install/chomp_motion_planner/include/chomp_motion_planner/chomp_cost.h
[22.394s] -- Installing: /home/jellyfish/ws_moveit/install/chomp_motion_planner/include/chomp_motion_planner/chomp_parameters.h
[22.394s] -- Installing: /home/jellyfish/ws_moveit/install/chomp_motion_planner/include/chomp_motion_planner/multivariate_gaussian.h
[22.394s] -- Installing: /home/jellyfish/ws_moveit/install/chomp_motion_planner/include/chomp_motion_planner/chomp_trajectory.h
[22.394s] -- Installing: /home/jellyfish/ws_moveit/install/chomp_motion_planner/share/chomp_motion_planner/environment/library_path.sh
[22.394s] -- Installing: /home/jellyfish/ws_moveit/install/chomp_motion_planner/share/chomp_motion_planner/environment/library_path.dsv
[22.394s] -- Installing: /home/jellyfish/ws_moveit/install/chomp_motion_planner/share/ament_index/resource_index/package_run_dependencies/chomp_motion_planner
[22.395s] -- Installing: /home/jellyfish/ws_moveit/install/chomp_motion_planner/share/ament_index/resource_index/parent_prefix_path/chomp_motion_planner
[22.395s] -- Installing: /home/jellyfish/ws_moveit/install/chomp_motion_planner/share/chomp_motion_planner/environment/ament_prefix_path.sh
[22.395s] -- Installing: /home/jellyfish/ws_moveit/install/chomp_motion_planner/share/chomp_motion_planner/environment/ament_prefix_path.dsv
[22.395s] -- Installing: /home/jellyfish/ws_moveit/install/chomp_motion_planner/share/chomp_motion_planner/environment/path.sh
[22.395s] -- Installing: /home/jellyfish/ws_moveit/install/chomp_motion_planner/share/chomp_motion_planner/environment/path.dsv
[22.396s] -- Installing: /home/jellyfish/ws_moveit/install/chomp_motion_planner/share/chomp_motion_planner/local_setup.bash
[22.396s] -- Installing: /home/jellyfish/ws_moveit/install/chomp_motion_planner/share/chomp_motion_planner/local_setup.sh
[22.396s] -- Installing: /home/jellyfish/ws_moveit/install/chomp_motion_planner/share/chomp_motion_planner/local_setup.zsh
[22.396s] -- Installing: /home/jellyfish/ws_moveit/install/chomp_motion_planner/share/chomp_motion_planner/local_setup.dsv
[22.396s] -- Installing: /home/jellyfish/ws_moveit/install/chomp_motion_planner/share/chomp_motion_planner/package.dsv
[22.396s] -- Installing: /home/jellyfish/ws_moveit/install/chomp_motion_planner/share/ament_index/resource_index/packages/chomp_motion_planner
[22.396s] -- Installing: /home/jellyfish/ws_moveit/install/chomp_motion_planner/share/chomp_motion_planner/cmake/chomp_motion_plannerTargetsExport.cmake
[22.397s] -- Installing: /home/jellyfish/ws_moveit/install/chomp_motion_planner/share/chomp_motion_planner/cmake/chomp_motion_plannerTargetsExport-release.cmake
[22.397s] -- Installing: /home/jellyfish/ws_moveit/install/chomp_motion_planner/share/chomp_motion_planner/cmake/ament_cmake_export_targets-extras.cmake
[22.397s] -- Installing: /home/jellyfish/ws_moveit/install/chomp_motion_planner/share/chomp_motion_planner/cmake/chomp_motion_plannerConfig.cmake
[22.397s] -- Installing: /home/jellyfish/ws_moveit/install/chomp_motion_planner/share/chomp_motion_planner/cmake/chomp_motion_plannerConfig-version.cmake
[22.397s] -- Installing: /home/jellyfish/ws_moveit/install/chomp_motion_planner/share/chomp_motion_planner/package.xml
[22.400s] Invoked command in '/home/jellyfish/ws_moveit/build/chomp_motion_planner' returned '0': AMENT_PREFIX_PATH=/home/jellyfish/ws_moveit/install/moveit_core:/home/jellyfish/ws_moveit/install/moveit_resources_panda_moveit_config:/home/jellyfish/ws_moveit/install/srdfdom:/home/jellyfish/ws_moveit/install/moveit_resources_pr2_description:/home/jellyfish/ws_moveit/install/moveit_resources_panda_description:/home/jellyfish/ws_moveit/install/moveit_common:${AMENT_PREFIX_PATH} CMAKE_PREFIX_PATH=/home/jellyfish/ws_moveit/install/moveit_core:/home/jellyfish/ws_moveit/install/moveit_resources_panda_moveit_config:/home/jellyfish/ws_moveit/install/srdfdom:/home/jellyfish/ws_moveit/install/moveit_resources_pr2_description:/home/jellyfish/ws_moveit/install/moveit_resources_panda_description:/home/jellyfish/ws_moveit/install/moveit_common:/opt/ros/humble LD_LIBRARY_PATH=/home/jellyfish/ws_moveit/install/moveit_core/lib:/home/jellyfish/ws_moveit/install/srdfdom/lib:${LD_LIBRARY_PATH} PATH=/home/jellyfish/ws_moveit/install/moveit_core/bin:${PATH} PYTHONPATH=/home/jellyfish/ws_moveit/install/srdfdom/local/lib/python3.10/dist-packages:${PYTHONPATH} /usr/bin/cmake --install /home/jellyfish/ws_moveit/build/chomp_motion_planner
