[0.036s] Invoking command in '/home/jellyfish/ws_moveit/build/moveit_planners_chomp': AMENT_PREFIX_PATH=/home/jellyfish/ws_moveit/install/chomp_motion_planner:/home/jellyfish/ws_moveit/install/moveit_core:/home/jellyfish/ws_moveit/install/moveit_resources_panda_moveit_config:/home/jellyfish/ws_moveit/install/srdfdom:/home/jellyfish/ws_moveit/install/moveit_resources_pr2_description:/home/jellyfish/ws_moveit/install/moveit_resources_panda_description:/home/jellyfish/ws_moveit/install/moveit_common:${AMENT_PREFIX_PATH} CMAKE_PREFIX_PATH=/home/jellyfish/ws_moveit/install/chomp_motion_planner:/home/jellyfish/ws_moveit/install/moveit_core:/home/jellyfish/ws_moveit/install/moveit_resources_panda_moveit_config:/home/jellyfish/ws_moveit/install/srdfdom:/home/jellyfish/ws_moveit/install/moveit_resources_pr2_description:/home/jellyfish/ws_moveit/install/moveit_resources_panda_description:/home/jellyfish/ws_moveit/install/moveit_common:/opt/ros/humble LD_LIBRARY_PATH=/home/jellyfish/ws_moveit/install/chomp_motion_planner/lib:/home/jellyfish/ws_moveit/install/moveit_core/lib:/home/jellyfish/ws_moveit/install/srdfdom/lib:${LD_LIBRARY_PATH} PATH=/home/jellyfish/ws_moveit/install/moveit_core/bin:${PATH} PYTHONPATH=/home/jellyfish/ws_moveit/install/srdfdom/local/lib/python3.10/dist-packages:${PYTHONPATH} /usr/bin/cmake --build /home/jellyfish/ws_moveit/build/moveit_planners_chomp -- -j12 -l12
[0.092s] [35m[1mConsolidate compiler generated dependencies of target moveit_chomp_interface[0m
[0.125s] [ 60%] Built target moveit_chomp_interface
[0.141s] [35m[1mConsolidate compiler generated dependencies of target moveit_chomp_planner_plugin[0m
[0.173s] [100%] Built target moveit_chomp_planner_plugin
[0.186s] Invoked command in '/home/jellyfish/ws_moveit/build/moveit_planners_chomp' returned '0': AMENT_PREFIX_PATH=/home/jellyfish/ws_moveit/install/chomp_motion_planner:/home/jellyfish/ws_moveit/install/moveit_core:/home/jellyfish/ws_moveit/install/moveit_resources_panda_moveit_config:/home/jellyfish/ws_moveit/install/srdfdom:/home/jellyfish/ws_moveit/install/moveit_resources_pr2_description:/home/jellyfish/ws_moveit/install/moveit_resources_panda_description:/home/jellyfish/ws_moveit/install/moveit_common:${AMENT_PREFIX_PATH} CMAKE_PREFIX_PATH=/home/jellyfish/ws_moveit/install/chomp_motion_planner:/home/jellyfish/ws_moveit/install/moveit_core:/home/jellyfish/ws_moveit/install/moveit_resources_panda_moveit_config:/home/jellyfish/ws_moveit/install/srdfdom:/home/jellyfish/ws_moveit/install/moveit_resources_pr2_description:/home/jellyfish/ws_moveit/install/moveit_resources_panda_description:/home/jellyfish/ws_moveit/install/moveit_common:/opt/ros/humble LD_LIBRARY_PATH=/home/jellyfish/ws_moveit/install/chomp_motion_planner/lib:/home/jellyfish/ws_moveit/install/moveit_core/lib:/home/jellyfish/ws_moveit/install/srdfdom/lib:${LD_LIBRARY_PATH} PATH=/home/jellyfish/ws_moveit/install/moveit_core/bin:${PATH} PYTHONPATH=/home/jellyfish/ws_moveit/install/srdfdom/local/lib/python3.10/dist-packages:${PYTHONPATH} /usr/bin/cmake --build /home/jellyfish/ws_moveit/build/moveit_planners_chomp -- -j12 -l12
[0.250s] Invoking command in '/home/jellyfish/ws_moveit/build/moveit_planners_chomp': AMENT_PREFIX_PATH=/home/jellyfish/ws_moveit/install/chomp_motion_planner:/home/jellyfish/ws_moveit/install/moveit_core:/home/jellyfish/ws_moveit/install/moveit_resources_panda_moveit_config:/home/jellyfish/ws_moveit/install/srdfdom:/home/jellyfish/ws_moveit/install/moveit_resources_pr2_description:/home/jellyfish/ws_moveit/install/moveit_resources_panda_description:/home/jellyfish/ws_moveit/install/moveit_common:${AMENT_PREFIX_PATH} CMAKE_PREFIX_PATH=/home/jellyfish/ws_moveit/install/chomp_motion_planner:/home/jellyfish/ws_moveit/install/moveit_core:/home/jellyfish/ws_moveit/install/moveit_resources_panda_moveit_config:/home/jellyfish/ws_moveit/install/srdfdom:/home/jellyfish/ws_moveit/install/moveit_resources_pr2_description:/home/jellyfish/ws_moveit/install/moveit_resources_panda_description:/home/jellyfish/ws_moveit/install/moveit_common:/opt/ros/humble LD_LIBRARY_PATH=/home/jellyfish/ws_moveit/install/chomp_motion_planner/lib:/home/jellyfish/ws_moveit/install/moveit_core/lib:/home/jellyfish/ws_moveit/install/srdfdom/lib:${LD_LIBRARY_PATH} PATH=/home/jellyfish/ws_moveit/install/moveit_core/bin:${PATH} PYTHONPATH=/home/jellyfish/ws_moveit/install/srdfdom/local/lib/python3.10/dist-packages:${PYTHONPATH} /usr/bin/cmake --install /home/jellyfish/ws_moveit/build/moveit_planners_chomp
[0.259s] -- Install configuration: "Release"
[0.260s] -- Up-to-date: /home/jellyfish/ws_moveit/install/moveit_planners_chomp/lib/libmoveit_chomp_interface.so.2.5.5
[0.261s] -- Up-to-date: /home/jellyfish/ws_moveit/install/moveit_planners_chomp/lib/libmoveit_chomp_interface.so
[0.261s] -- Up-to-date: /home/jellyfish/ws_moveit/install/moveit_planners_chomp/lib/libmoveit_chomp_planner_plugin.so
[0.262s] -- Up-to-date: /home/jellyfish/ws_moveit/install/moveit_planners_chomp/share/moveit_planners_chomp/environment/library_path.sh
[0.262s] -- Up-to-date: /home/jellyfish/ws_moveit/install/moveit_planners_chomp/share/moveit_planners_chomp/environment/library_path.dsv
[0.262s] -- Up-to-date: /home/jellyfish/ws_moveit/install/moveit_planners_chomp/share/moveit_planners_chomp/chomp_interface_plugin_description.xml
[0.263s] -- Up-to-date: /home/jellyfish/ws_moveit/install/moveit_planners_chomp/share/ament_index/resource_index/package_run_dependencies/moveit_planners_chomp
[0.263s] -- Up-to-date: /home/jellyfish/ws_moveit/install/moveit_planners_chomp/share/ament_index/resource_index/parent_prefix_path/moveit_planners_chomp
[0.263s] -- Up-to-date: /home/jellyfish/ws_moveit/install/moveit_planners_chomp/share/moveit_planners_chomp/environment/ament_prefix_path.sh
[0.263s] -- Up-to-date: /home/jellyfish/ws_moveit/install/moveit_planners_chomp/share/moveit_planners_chomp/environment/ament_prefix_path.dsv
[0.264s] -- Up-to-date: /home/jellyfish/ws_moveit/install/moveit_planners_chomp/share/moveit_planners_chomp/environment/path.sh
[0.264s] -- Up-to-date: /home/jellyfish/ws_moveit/install/moveit_planners_chomp/share/moveit_planners_chomp/environment/path.dsv
[0.264s] -- Up-to-date: /home/jellyfish/ws_moveit/install/moveit_planners_chomp/share/moveit_planners_chomp/local_setup.bash
[0.264s] -- Up-to-date: /home/jellyfish/ws_moveit/install/moveit_planners_chomp/share/moveit_planners_chomp/local_setup.sh
[0.264s] -- Up-to-date: /home/jellyfish/ws_moveit/install/moveit_planners_chomp/share/moveit_planners_chomp/local_setup.zsh
[0.264s] -- Up-to-date: /home/jellyfish/ws_moveit/install/moveit_planners_chomp/share/moveit_planners_chomp/local_setup.dsv
[0.264s] -- Installing: /home/jellyfish/ws_moveit/install/moveit_planners_chomp/share/moveit_planners_chomp/package.dsv
[0.265s] -- Up-to-date: /home/jellyfish/ws_moveit/install/moveit_planners_chomp/share/ament_index/resource_index/packages/moveit_planners_chomp
[0.265s] -- Up-to-date: /home/jellyfish/ws_moveit/install/moveit_planners_chomp/share/ament_index/resource_index/moveit_core__pluginlib__plugin/moveit_planners_chomp
[0.266s] -- Up-to-date: /home/jellyfish/ws_moveit/install/moveit_planners_chomp/share/moveit_planners_chomp/cmake/moveit_planners_chompTargetsExport.cmake
[0.267s] -- Up-to-date: /home/jellyfish/ws_moveit/install/moveit_planners_chomp/share/moveit_planners_chomp/cmake/moveit_planners_chompTargetsExport-release.cmake
[0.267s] -- Up-to-date: /home/jellyfish/ws_moveit/install/moveit_planners_chomp/share/moveit_planners_chomp/cmake/ament_cmake_export_targets-extras.cmake
[0.267s] -- Up-to-date: /home/jellyfish/ws_moveit/install/moveit_planners_chomp/share/moveit_planners_chomp/cmake/ament_cmake_export_dependencies-extras.cmake
[0.267s] -- Up-to-date: /home/jellyfish/ws_moveit/install/moveit_planners_chomp/share/moveit_planners_chomp/cmake/moveit_planners_chompConfig.cmake
[0.267s] -- Up-to-date: /home/jellyfish/ws_moveit/install/moveit_planners_chomp/share/moveit_planners_chomp/cmake/moveit_planners_chompConfig-version.cmake
[0.267s] -- Up-to-date: /home/jellyfish/ws_moveit/install/moveit_planners_chomp/share/moveit_planners_chomp/package.xml
[0.269s] Invoked command in '/home/jellyfish/ws_moveit/build/moveit_planners_chomp' returned '0': AMENT_PREFIX_PATH=/home/jellyfish/ws_moveit/install/chomp_motion_planner:/home/jellyfish/ws_moveit/install/moveit_core:/home/jellyfish/ws_moveit/install/moveit_resources_panda_moveit_config:/home/jellyfish/ws_moveit/install/srdfdom:/home/jellyfish/ws_moveit/install/moveit_resources_pr2_description:/home/jellyfish/ws_moveit/install/moveit_resources_panda_description:/home/jellyfish/ws_moveit/install/moveit_common:${AMENT_PREFIX_PATH} CMAKE_PREFIX_PATH=/home/jellyfish/ws_moveit/install/chomp_motion_planner:/home/jellyfish/ws_moveit/install/moveit_core:/home/jellyfish/ws_moveit/install/moveit_resources_panda_moveit_config:/home/jellyfish/ws_moveit/install/srdfdom:/home/jellyfish/ws_moveit/install/moveit_resources_pr2_description:/home/jellyfish/ws_moveit/install/moveit_resources_panda_description:/home/jellyfish/ws_moveit/install/moveit_common:/opt/ros/humble LD_LIBRARY_PATH=/home/jellyfish/ws_moveit/install/chomp_motion_planner/lib:/home/jellyfish/ws_moveit/install/moveit_core/lib:/home/jellyfish/ws_moveit/install/srdfdom/lib:${LD_LIBRARY_PATH} PATH=/home/jellyfish/ws_moveit/install/moveit_core/bin:${PATH} PYTHONPATH=/home/jellyfish/ws_moveit/install/srdfdom/local/lib/python3.10/dist-packages:${PYTHONPATH} /usr/bin/cmake --install /home/jellyfish/ws_moveit/build/moveit_planners_chomp
