[0.024s] Invoking command in '/home/jellyfish/ws_moveit/build/moveit_planners_ompl': AMENT_PREFIX_PATH=/home/jellyfish/ws_moveit/install/moveit_ros_planning:/home/jellyfish/ws_moveit/install/moveit_ros_occupancy_map_monitor:/home/jellyfish/ws_moveit/install/moveit_core:/home/jellyfish/ws_moveit/install/moveit_resources_panda_moveit_config:/home/jellyfish/ws_moveit/install/moveit_resources_fanuc_moveit_config:/home/jellyfish/ws_moveit/install/srdfdom:/home/jellyfish/ws_moveit/install/moveit_resources_pr2_description:/home/jellyfish/ws_moveit/install/moveit_resources_panda_description:/home/jellyfish/ws_moveit/install/moveit_resources_fanuc_description:/home/jellyfish/ws_moveit/install/moveit_common:${AMENT_PREFIX_PATH} CMAKE_PREFIX_PATH=/home/jellyfish/ws_moveit/install/moveit_ros_planning:/home/jellyfish/ws_moveit/install/moveit_ros_occupancy_map_monitor:/home/jellyfish/ws_moveit/install/moveit_core:/home/jellyfish/ws_moveit/install/moveit_resources_panda_moveit_config:/home/jellyfish/ws_moveit/install/moveit_resources_fanuc_moveit_config:/home/jellyfish/ws_moveit/install/srdfdom:/home/jellyfish/ws_moveit/install/moveit_resources_pr2_description:/home/jellyfish/ws_moveit/install/moveit_resources_panda_description:/home/jellyfish/ws_moveit/install/moveit_resources_fanuc_description:/home/jellyfish/ws_moveit/install/moveit_common:/opt/ros/humble LD_LIBRARY_PATH=/home/jellyfish/ws_moveit/install/moveit_ros_planning/lib:/home/jellyfish/ws_moveit/install/moveit_ros_occupancy_map_monitor/lib:/home/jellyfish/ws_moveit/install/moveit_core/lib:/home/jellyfish/ws_moveit/install/srdfdom/lib:${LD_LIBRARY_PATH} PATH=/home/jellyfish/ws_moveit/install/moveit_core/bin:${PATH} PYTHONPATH=/home/jellyfish/ws_moveit/install/srdfdom/local/lib/python3.10/dist-packages:${PYTHONPATH} /usr/bin/cmake --build /home/jellyfish/ws_moveit/build/moveit_planners_ompl -- -j12 -l12
[0.077s] [35m[1mConsolidate compiler generated dependencies of target gtest_main[0m
[0.079s] [35m[1mConsolidate compiler generated dependencies of target gtest[0m
[0.093s] [  4%] Built target gtest_main
[0.095s] [  9%] Built target gtest
[0.106s] [35m[1mConsolidate compiler generated dependencies of target moveit_ompl_interface[0m
[0.261s] [ 60%] Built target moveit_ompl_interface
[0.278s] [35m[1mConsolidate compiler generated dependencies of target moveit_ompl_planner_plugin[0m
[0.278s] [35m[1mConsolidate compiler generated dependencies of target test_state_validity_checker[0m
[0.278s] [35m[1mConsolidate compiler generated dependencies of target test_planning_context_manager[0m
[0.278s] [35m[1mConsolidate compiler generated dependencies of target moveit_generate_state_database[0m
[0.279s] [35m[1mConsolidate compiler generated dependencies of target test_state_space[0m
[0.280s] [35m[1mConsolidate compiler generated dependencies of target test_threadsafe_state_storage[0m
[0.281s] [35m[1mConsolidate compiler generated dependencies of target test_constrained_planning_state_space[0m
[0.281s] [35m[1mConsolidate compiler generated dependencies of target test_constrained_state_validity_checker[0m
[0.311s] [ 68%] Built target test_state_space
[0.311s] [ 70%] Built target test_threadsafe_state_storage
[0.315s] [ 75%] Built target moveit_ompl_planner_plugin
[0.316s] [ 82%] Built target test_constrained_planning_state_space
[0.317s] [ 85%] Built target test_state_validity_checker
[0.317s] [ 90%] Built target test_planning_context_manager
[0.321s] [ 95%] Built target moveit_generate_state_database
[0.326s] [100%] Built target test_constrained_state_validity_checker
[0.341s] Invoked command in '/home/jellyfish/ws_moveit/build/moveit_planners_ompl' returned '0': AMENT_PREFIX_PATH=/home/jellyfish/ws_moveit/install/moveit_ros_planning:/home/jellyfish/ws_moveit/install/moveit_ros_occupancy_map_monitor:/home/jellyfish/ws_moveit/install/moveit_core:/home/jellyfish/ws_moveit/install/moveit_resources_panda_moveit_config:/home/jellyfish/ws_moveit/install/moveit_resources_fanuc_moveit_config:/home/jellyfish/ws_moveit/install/srdfdom:/home/jellyfish/ws_moveit/install/moveit_resources_pr2_description:/home/jellyfish/ws_moveit/install/moveit_resources_panda_description:/home/jellyfish/ws_moveit/install/moveit_resources_fanuc_description:/home/jellyfish/ws_moveit/install/moveit_common:${AMENT_PREFIX_PATH} CMAKE_PREFIX_PATH=/home/jellyfish/ws_moveit/install/moveit_ros_planning:/home/jellyfish/ws_moveit/install/moveit_ros_occupancy_map_monitor:/home/jellyfish/ws_moveit/install/moveit_core:/home/jellyfish/ws_moveit/install/moveit_resources_panda_moveit_config:/home/jellyfish/ws_moveit/install/moveit_resources_fanuc_moveit_config:/home/jellyfish/ws_moveit/install/srdfdom:/home/jellyfish/ws_moveit/install/moveit_resources_pr2_description:/home/jellyfish/ws_moveit/install/moveit_resources_panda_description:/home/jellyfish/ws_moveit/install/moveit_resources_fanuc_description:/home/jellyfish/ws_moveit/install/moveit_common:/opt/ros/humble LD_LIBRARY_PATH=/home/jellyfish/ws_moveit/install/moveit_ros_planning/lib:/home/jellyfish/ws_moveit/install/moveit_ros_occupancy_map_monitor/lib:/home/jellyfish/ws_moveit/install/moveit_core/lib:/home/jellyfish/ws_moveit/install/srdfdom/lib:${LD_LIBRARY_PATH} PATH=/home/jellyfish/ws_moveit/install/moveit_core/bin:${PATH} PYTHONPATH=/home/jellyfish/ws_moveit/install/srdfdom/local/lib/python3.10/dist-packages:${PYTHONPATH} /usr/bin/cmake --build /home/jellyfish/ws_moveit/build/moveit_planners_ompl -- -j12 -l12
[0.373s] Invoking command in '/home/jellyfish/ws_moveit/build/moveit_planners_ompl': AMENT_PREFIX_PATH=/home/jellyfish/ws_moveit/install/moveit_ros_planning:/home/jellyfish/ws_moveit/install/moveit_ros_occupancy_map_monitor:/home/jellyfish/ws_moveit/install/moveit_core:/home/jellyfish/ws_moveit/install/moveit_resources_panda_moveit_config:/home/jellyfish/ws_moveit/install/moveit_resources_fanuc_moveit_config:/home/jellyfish/ws_moveit/install/srdfdom:/home/jellyfish/ws_moveit/install/moveit_resources_pr2_description:/home/jellyfish/ws_moveit/install/moveit_resources_panda_description:/home/jellyfish/ws_moveit/install/moveit_resources_fanuc_description:/home/jellyfish/ws_moveit/install/moveit_common:${AMENT_PREFIX_PATH} CMAKE_PREFIX_PATH=/home/jellyfish/ws_moveit/install/moveit_ros_planning:/home/jellyfish/ws_moveit/install/moveit_ros_occupancy_map_monitor:/home/jellyfish/ws_moveit/install/moveit_core:/home/jellyfish/ws_moveit/install/moveit_resources_panda_moveit_config:/home/jellyfish/ws_moveit/install/moveit_resources_fanuc_moveit_config:/home/jellyfish/ws_moveit/install/srdfdom:/home/jellyfish/ws_moveit/install/moveit_resources_pr2_description:/home/jellyfish/ws_moveit/install/moveit_resources_panda_description:/home/jellyfish/ws_moveit/install/moveit_resources_fanuc_description:/home/jellyfish/ws_moveit/install/moveit_common:/opt/ros/humble LD_LIBRARY_PATH=/home/jellyfish/ws_moveit/install/moveit_ros_planning/lib:/home/jellyfish/ws_moveit/install/moveit_ros_occupancy_map_monitor/lib:/home/jellyfish/ws_moveit/install/moveit_core/lib:/home/jellyfish/ws_moveit/install/srdfdom/lib:${LD_LIBRARY_PATH} PATH=/home/jellyfish/ws_moveit/install/moveit_core/bin:${PATH} PYTHONPATH=/home/jellyfish/ws_moveit/install/srdfdom/local/lib/python3.10/dist-packages:${PYTHONPATH} /usr/bin/cmake --install /home/jellyfish/ws_moveit/build/moveit_planners_ompl
[0.381s] -- Install configuration: "Release"
[0.382s] -- Up-to-date: /home/jellyfish/ws_moveit/install/moveit_planners_ompl/lib/moveit_planners_ompl/generate_state_database
[0.382s] -- Up-to-date: /home/jellyfish/ws_moveit/install/moveit_planners_ompl/include
[0.383s] -- Up-to-date: /home/jellyfish/ws_moveit/install/moveit_planners_ompl/include/moveit
[0.383s] -- Up-to-date: /home/jellyfish/ws_moveit/install/moveit_planners_ompl/include/moveit/ompl_interface
[0.383s] -- Up-to-date: /home/jellyfish/ws_moveit/install/moveit_planners_ompl/include/moveit/ompl_interface/planning_context_manager.h
[0.383s] -- Up-to-date: /home/jellyfish/ws_moveit/install/moveit_planners_ompl/include/moveit/ompl_interface/parameterization
[0.383s] -- Up-to-date: /home/jellyfish/ws_moveit/install/moveit_planners_ompl/include/moveit/ompl_interface/parameterization/model_based_state_space_factory.h
[0.383s] -- Up-to-date: /home/jellyfish/ws_moveit/install/moveit_planners_ompl/include/moveit/ompl_interface/parameterization/model_based_state_space.h
[0.383s] -- Up-to-date: /home/jellyfish/ws_moveit/install/moveit_planners_ompl/include/moveit/ompl_interface/parameterization/joint_space
[0.383s] -- Up-to-date: /home/jellyfish/ws_moveit/install/moveit_planners_ompl/include/moveit/ompl_interface/parameterization/joint_space/constrained_planning_state_space.h
[0.383s] -- Up-to-date: /home/jellyfish/ws_moveit/install/moveit_planners_ompl/include/moveit/ompl_interface/parameterization/joint_space/joint_model_state_space_factory.h
[0.384s] -- Up-to-date: /home/jellyfish/ws_moveit/install/moveit_planners_ompl/include/moveit/ompl_interface/parameterization/joint_space/constrained_planning_state_space_factory.h
[0.384s] -- Up-to-date: /home/jellyfish/ws_moveit/install/moveit_planners_ompl/include/moveit/ompl_interface/parameterization/joint_space/joint_model_state_space.h
[0.384s] -- Up-to-date: /home/jellyfish/ws_moveit/install/moveit_planners_ompl/include/moveit/ompl_interface/parameterization/work_space
[0.384s] -- Up-to-date: /home/jellyfish/ws_moveit/install/moveit_planners_ompl/include/moveit/ompl_interface/parameterization/work_space/pose_model_state_space.h
[0.384s] -- Up-to-date: /home/jellyfish/ws_moveit/install/moveit_planners_ompl/include/moveit/ompl_interface/parameterization/work_space/pose_model_state_space_factory.h
[0.384s] -- Up-to-date: /home/jellyfish/ws_moveit/install/moveit_planners_ompl/include/moveit/ompl_interface/model_based_planning_context.h
[0.384s] -- Up-to-date: /home/jellyfish/ws_moveit/install/moveit_planners_ompl/include/moveit/ompl_interface/ompl_interface.h
[0.384s] -- Up-to-date: /home/jellyfish/ws_moveit/install/moveit_planners_ompl/include/moveit/ompl_interface/detail
[0.384s] -- Up-to-date: /home/jellyfish/ws_moveit/install/moveit_planners_ompl/include/moveit/ompl_interface/detail/state_validity_checker.h
[0.384s] -- Up-to-date: /home/jellyfish/ws_moveit/install/moveit_planners_ompl/include/moveit/ompl_interface/detail/goal_union.h
[0.384s] -- Up-to-date: /home/jellyfish/ws_moveit/install/moveit_planners_ompl/include/moveit/ompl_interface/detail/threadsafe_state_storage.h
[0.384s] -- Up-to-date: /home/jellyfish/ws_moveit/install/moveit_planners_ompl/include/moveit/ompl_interface/detail/constrained_goal_sampler.h
[0.384s] -- Up-to-date: /home/jellyfish/ws_moveit/install/moveit_planners_ompl/include/moveit/ompl_interface/detail/constraints_library.h
[0.384s] -- Up-to-date: /home/jellyfish/ws_moveit/install/moveit_planners_ompl/include/moveit/ompl_interface/detail/constrained_sampler.h
[0.384s] -- Up-to-date: /home/jellyfish/ws_moveit/install/moveit_planners_ompl/include/moveit/ompl_interface/detail/ompl_constraints.h
[0.384s] -- Up-to-date: /home/jellyfish/ws_moveit/install/moveit_planners_ompl/include/moveit/ompl_interface/detail/constraint_approximations.h
[0.384s] -- Up-to-date: /home/jellyfish/ws_moveit/install/moveit_planners_ompl/include/moveit/ompl_interface/detail/projection_evaluators.h
[0.385s] -- Up-to-date: /home/jellyfish/ws_moveit/install/moveit_planners_ompl/include/moveit/ompl_interface/detail/constrained_valid_state_sampler.h
[0.385s] -- Up-to-date: /home/jellyfish/ws_moveit/install/moveit_planners_ompl/lib/libmoveit_ompl_interface.so.2.5.5
[0.385s] -- Up-to-date: /home/jellyfish/ws_moveit/install/moveit_planners_ompl/lib/libmoveit_ompl_interface.so
[0.385s] -- Up-to-date: /home/jellyfish/ws_moveit/install/moveit_planners_ompl/lib/libmoveit_ompl_planner_plugin.so.2.5.5
[0.385s] -- Up-to-date: /home/jellyfish/ws_moveit/install/moveit_planners_ompl/lib/libmoveit_ompl_planner_plugin.so
[0.385s] -- Up-to-date: /home/jellyfish/ws_moveit/install/moveit_planners_ompl/share/moveit_planners_ompl/environment/library_path.sh
[0.385s] -- Up-to-date: /home/jellyfish/ws_moveit/install/moveit_planners_ompl/share/moveit_planners_ompl/environment/library_path.dsv
[0.385s] -- Up-to-date: /home/jellyfish/ws_moveit/install/moveit_planners_ompl/share/moveit_planners_ompl/ompl_interface_plugin_description.xml
[0.385s] -- Up-to-date: /home/jellyfish/ws_moveit/install/moveit_planners_ompl/share/ament_index/resource_index/package_run_dependencies/moveit_planners_ompl
[0.385s] -- Up-to-date: /home/jellyfish/ws_moveit/install/moveit_planners_ompl/share/ament_index/resource_index/parent_prefix_path/moveit_planners_ompl
[0.386s] -- Up-to-date: /home/jellyfish/ws_moveit/install/moveit_planners_ompl/share/moveit_planners_ompl/environment/ament_prefix_path.sh
[0.386s] -- Up-to-date: /home/jellyfish/ws_moveit/install/moveit_planners_ompl/share/moveit_planners_ompl/environment/ament_prefix_path.dsv
[0.386s] -- Up-to-date: /home/jellyfish/ws_moveit/install/moveit_planners_ompl/share/moveit_planners_ompl/environment/path.sh
[0.386s] -- Up-to-date: /home/jellyfish/ws_moveit/install/moveit_planners_ompl/share/moveit_planners_ompl/environment/path.dsv
[0.386s] -- Up-to-date: /home/jellyfish/ws_moveit/install/moveit_planners_ompl/share/moveit_planners_ompl/local_setup.bash
[0.386s] -- Up-to-date: /home/jellyfish/ws_moveit/install/moveit_planners_ompl/share/moveit_planners_ompl/local_setup.sh
[0.386s] -- Up-to-date: /home/jellyfish/ws_moveit/install/moveit_planners_ompl/share/moveit_planners_ompl/local_setup.zsh
[0.386s] -- Up-to-date: /home/jellyfish/ws_moveit/install/moveit_planners_ompl/share/moveit_planners_ompl/local_setup.dsv
[0.386s] -- Installing: /home/jellyfish/ws_moveit/install/moveit_planners_ompl/share/moveit_planners_ompl/package.dsv
[0.386s] -- Up-to-date: /home/jellyfish/ws_moveit/install/moveit_planners_ompl/share/ament_index/resource_index/packages/moveit_planners_ompl
[0.386s] -- Up-to-date: /home/jellyfish/ws_moveit/install/moveit_planners_ompl/share/ament_index/resource_index/moveit_core__pluginlib__plugin/moveit_planners_ompl
[0.387s] -- Up-to-date: /home/jellyfish/ws_moveit/install/moveit_planners_ompl/share/moveit_planners_ompl/cmake/export_moveit_planners_omplExport.cmake
[0.387s] -- Up-to-date: /home/jellyfish/ws_moveit/install/moveit_planners_ompl/share/moveit_planners_ompl/cmake/export_moveit_planners_omplExport-release.cmake
[0.387s] -- Up-to-date: /home/jellyfish/ws_moveit/install/moveit_planners_ompl/share/moveit_planners_ompl/cmake/ament_cmake_export_targets-extras.cmake
[0.387s] -- Up-to-date: /home/jellyfish/ws_moveit/install/moveit_planners_ompl/share/moveit_planners_ompl/cmake/ament_cmake_export_dependencies-extras.cmake
[0.387s] -- Up-to-date: /home/jellyfish/ws_moveit/install/moveit_planners_ompl/share/moveit_planners_ompl/cmake/moveit_planners_omplConfig.cmake
[0.387s] -- Up-to-date: /home/jellyfish/ws_moveit/install/moveit_planners_ompl/share/moveit_planners_ompl/cmake/moveit_planners_omplConfig-version.cmake
[0.387s] -- Up-to-date: /home/jellyfish/ws_moveit/install/moveit_planners_ompl/share/moveit_planners_ompl/package.xml
[0.389s] Invoked command in '/home/jellyfish/ws_moveit/build/moveit_planners_ompl' returned '0': AMENT_PREFIX_PATH=/home/jellyfish/ws_moveit/install/moveit_ros_planning:/home/jellyfish/ws_moveit/install/moveit_ros_occupancy_map_monitor:/home/jellyfish/ws_moveit/install/moveit_core:/home/jellyfish/ws_moveit/install/moveit_resources_panda_moveit_config:/home/jellyfish/ws_moveit/install/moveit_resources_fanuc_moveit_config:/home/jellyfish/ws_moveit/install/srdfdom:/home/jellyfish/ws_moveit/install/moveit_resources_pr2_description:/home/jellyfish/ws_moveit/install/moveit_resources_panda_description:/home/jellyfish/ws_moveit/install/moveit_resources_fanuc_description:/home/jellyfish/ws_moveit/install/moveit_common:${AMENT_PREFIX_PATH} CMAKE_PREFIX_PATH=/home/jellyfish/ws_moveit/install/moveit_ros_planning:/home/jellyfish/ws_moveit/install/moveit_ros_occupancy_map_monitor:/home/jellyfish/ws_moveit/install/moveit_core:/home/jellyfish/ws_moveit/install/moveit_resources_panda_moveit_config:/home/jellyfish/ws_moveit/install/moveit_resources_fanuc_moveit_config:/home/jellyfish/ws_moveit/install/srdfdom:/home/jellyfish/ws_moveit/install/moveit_resources_pr2_description:/home/jellyfish/ws_moveit/install/moveit_resources_panda_description:/home/jellyfish/ws_moveit/install/moveit_resources_fanuc_description:/home/jellyfish/ws_moveit/install/moveit_common:/opt/ros/humble LD_LIBRARY_PATH=/home/jellyfish/ws_moveit/install/moveit_ros_planning/lib:/home/jellyfish/ws_moveit/install/moveit_ros_occupancy_map_monitor/lib:/home/jellyfish/ws_moveit/install/moveit_core/lib:/home/jellyfish/ws_moveit/install/srdfdom/lib:${LD_LIBRARY_PATH} PATH=/home/jellyfish/ws_moveit/install/moveit_core/bin:${PATH} PYTHONPATH=/home/jellyfish/ws_moveit/install/srdfdom/local/lib/python3.10/dist-packages:${PYTHONPATH} /usr/bin/cmake --install /home/jellyfish/ws_moveit/build/moveit_planners_ompl
