[0.027s] Invoking command in '/home/jellyfish/ws_moveit/build/moveit_core': CMAKE_PREFIX_PATH=/home/jellyfish/ws_moveit/install/moveit_resources_panda_moveit_config:/home/jellyfish/ws_moveit/install/srdfdom:/home/jellyfish/ws_moveit/install/moveit_resources_pr2_description:/home/jellyfish/ws_moveit/install/moveit_resources_panda_description:/home/jellyfish/ws_moveit/install/moveit_common:/home/jellyfish/ws_moveit/install/pilz_industrial_motion_planner_testutils:/home/jellyfish/ws_moveit/install/moveit_runtime:/home/jellyfish/ws_moveit/install/moveit2_tutorials:/home/jellyfish/ws_moveit/install/moveit:/home/jellyfish/ws_moveit/install/moveit_planners:/home/jellyfish/ws_moveit/install/pilz_industrial_motion_planner:/home/jellyfish/ws_moveit/install/moveit_visual_tools:/home/jellyfish/ws_moveit/install/moveit_task_constructor_visualization:/home/jellyfish/ws_moveit/install/moveit_task_constructor_demo:/home/jellyfish/ws_moveit/install/moveit_task_constructor_capabilities:/home/jellyfish/ws_moveit/install/moveit_task_constructor_core:/home/jellyfish/ws_moveit/install/moveit_ros_control_interface:/home/jellyfish/ws_moveit/install/moveit_plugins:/home/jellyfish/ws_moveit/install/moveit_simple_controller_manager:/home/jellyfish/ws_moveit/install/moveit_setup_assistant:/home/jellyfish/ws_moveit/install/moveit_setup_srdf_plugins:/home/jellyfish/ws_moveit/install/moveit_setup_core_plugins:/home/jellyfish/ws_moveit/install/moveit_setup_controllers:/home/jellyfish/ws_moveit/install/moveit_setup_app_plugins:/home/jellyfish/ws_moveit/install/moveit_setup_framework:/home/jellyfish/ws_moveit/install/moveit_servo:/home/jellyfish/ws_moveit/install/moveit_ros:/home/jellyfish/ws_moveit/install/moveit_ros_visualization:/home/jellyfish/ws_moveit/install/moveit_hybrid_planning:/home/jellyfish/ws_moveit/install/moveit_ros_planning_interface:/home/jellyfish/ws_moveit/install/moveit_ros_benchmarks:/home/jellyfish/ws_moveit/install/moveit_ros_warehouse:/home/jellyfish/ws_moveit/install/moveit_ros_robot_interaction:/home/jellyfish/ws_moveit/install/moveit_ros_perception:/home/jellyfish/ws_moveit/install/moveit_resources_prbt_pg70_support:/home/jellyfish/ws_moveit/install/moveit_resources_prbt_moveit_config:/home/jellyfish/ws_moveit/install/moveit_ros_move_group:/home/jellyfish/ws_moveit/install/moveit_planners_ompl:/home/jellyfish/ws_moveit/install/moveit_ros_planning:/home/jellyfish/ws_moveit/install/moveit_ros_occupancy_map_monitor:/home/jellyfish/ws_moveit/install/moveit_resources_prbt_ikfast_manipulator_plugin:/home/jellyfish/ws_moveit/install/moveit_planners_chomp:/home/jellyfish/ws_moveit/install/moveit_kinematics:/home/jellyfish/ws_moveit/install/moveit_chomp_optimizer_adapter:/home/jellyfish/ws_moveit/install/chomp_motion_planner:/home/jellyfish/ws_moveit/install/moveit_core:/home/jellyfish/ws_moveit/install/rviz_marker_tools:/home/jellyfish/ws_moveit/install/rosparam_shortcuts:/home/jellyfish/ws_moveit/install/moveit_task_constructor_msgs:/home/jellyfish/ws_moveit/install/moveit_resources_prbt_support:/home/jellyfish/ws_moveit/install/moveit_resources:/home/jellyfish/ws_moveit/install/moveit_resources_fanuc_moveit_config:/home/jellyfish/ws_moveit/install/moveit_resources_fanuc_description:/home/jellyfish/ws_moveit/install/moveit_configs_utils:/home/jellyfish/ws_moveit/install/launch_param_builder:/opt/ros/humble LD_LIBRARY_PATH=/home/jellyfish/ws_moveit/install/srdfdom/lib:/home/jellyfish/ws_moveit/install/pilz_industrial_motion_planner_testutils/lib:/home/jellyfish/ws_moveit/install/pilz_industrial_motion_planner/lib:/home/jellyfish/ws_moveit/install/moveit_visual_tools/lib:/home/jellyfish/ws_moveit/install/moveit_task_constructor_visualization/lib:/home/jellyfish/ws_moveit/install/moveit_task_constructor_demo/lib:/home/jellyfish/ws_moveit/install/moveit_task_constructor_capabilities/lib:/home/jellyfish/ws_moveit/install/moveit_task_constructor_core/lib:/home/jellyfish/ws_moveit/install/moveit_ros_control_interface/lib:/home/jellyfish/ws_moveit/install/moveit_simple_controller_manager/lib:/home/jellyfish/ws_moveit/install/moveit_setup_assistant/lib:/home/jellyfish/ws_moveit/install/moveit_setup_srdf_plugins/lib:/home/jellyfish/ws_moveit/install/moveit_setup_core_plugins/lib:/home/jellyfish/ws_moveit/install/moveit_setup_controllers/lib:/home/jellyfish/ws_moveit/install/moveit_setup_app_plugins/lib:/home/jellyfish/ws_moveit/install/moveit_setup_framework/lib:/home/jellyfish/ws_moveit/install/moveit_servo/lib:/home/jellyfish/ws_moveit/install/moveit_ros_visualization/lib:/home/jellyfish/ws_moveit/install/moveit_hybrid_planning/lib:/home/jellyfish/ws_moveit/install/moveit_ros_planning_interface/lib:/home/jellyfish/ws_moveit/install/moveit_ros_benchmarks/lib:/home/jellyfish/ws_moveit/install/moveit_ros_warehouse/lib:/home/jellyfish/ws_moveit/install/moveit_ros_robot_interaction/lib:/home/jellyfish/ws_moveit/install/moveit_ros_perception/lib:/home/jellyfish/ws_moveit/install/moveit_ros_move_group/lib:/home/jellyfish/ws_moveit/install/moveit_planners_ompl/lib:/home/jellyfish/ws_moveit/install/moveit_ros_planning/lib:/home/jellyfish/ws_moveit/install/moveit_ros_occupancy_map_monitor/lib:/home/jellyfish/ws_moveit/install/moveit_resources_prbt_ikfast_manipulator_plugin/lib:/home/jellyfish/ws_moveit/install/moveit_planners_chomp/lib:/home/jellyfish/ws_moveit/install/moveit_kinematics/lib:/home/jellyfish/ws_moveit/install/moveit_chomp_optimizer_adapter/lib:/home/jellyfish/ws_moveit/install/chomp_motion_planner/lib:/home/jellyfish/ws_moveit/install/moveit_core/lib:/home/jellyfish/ws_moveit/install/rviz_marker_tools/lib:/home/jellyfish/ws_moveit/install/rosparam_shortcuts/lib:/home/jellyfish/ws_moveit/install/moveit_task_constructor_msgs/lib:/usr/lib/x86_64-linux-gnu/gazebo-11/plugins:/opt/ros/humble/opt/rviz_ogre_vendor/lib:/opt/ros/humble/lib/x86_64-linux-gnu:/opt/ros/humble/lib /usr/bin/cmake --build /home/jellyfish/ws_moveit/build/moveit_core -- -j12 -l12
[0.141s] [  3%] Built target gtest_main
[0.141s] [  3%] Built target moveit_version
[0.142s] [  4%] Built target moveit_exceptions
[0.143s] [  6%] Built target gmock_main
[0.143s] [  7%] Built target moveit_utils
[0.146s] [  9%] Built target gmock
[0.149s] [ 10%] Built target moveit_butterworth_parameters
[0.149s] [ 11%] Built target gtest
[0.152s] [ 12%] Built target moveit_kinematics_base
[0.154s] [ 13%] Built target moveit_smoothing_base
[0.159s] [ 14%] Built target moveit_transforms
[0.168s] [ 16%] Built target moveit_distance_field
[0.205s] [ 17%] Built target test_transforms
[0.213s] [ 24%] Built target moveit_robot_model
[0.220s] [ 25%] Built target test_voxel_grid
[0.227s] [ 26%] Built target test_distance_field
[0.267s] [ 27%] Built target moveit_butterworth_filter
[0.269s] [ 28%] Built target moveit_test_utils
[0.274s] [ 31%] Built target moveit_robot_state
[0.335s] [ 32%] Built target test_robot_model
[0.338s] [ 33%] Built target test_butterworth_filter
[0.341s] [ 35%] Built target test_robot_state
[0.343s] [ 36%] Built target moveit_kinematics_metrics
[0.345s] [ 37%] Built target test_robot_state_benchmark
[0.351s] [ 38%] Built target test_cartesian_interpolator
[0.352s] [ 40%] Built target moveit_dynamics_solver
[0.353s] [ 42%] Built target moveit_robot_trajectory
[0.353s] [ 42%] Built target test_robot_state_complex
[0.354s] [ 43%] Built target test_aabb
[0.361s] [ 49%] Built target moveit_collision_detection
[0.415s] [ 50%] Built target test_robot_trajectory
[0.417s] [ 51%] Built target test_world
[0.419s] [ 53%] Built target test_world_diff
[0.422s] [ 55%] Built target moveit_planning_interface
[0.427s] [ 60%] Built target moveit_trajectory_processing
[0.427s] [ 61%] Built target moveit_collision_detection_fcl
[0.428s] [ 62%] Built target test_all_valid
[0.445s] [ 67%] Built target moveit_collision_detection_bullet
[0.494s] [ 68%] Built target test_ruckig_traj_smoothing
[0.496s] [ 70%] Built target test_time_parameterization
[0.496s] [ 71%] Built target test_time_optimal_trajectory_generation
[0.501s] [ 73%] Built target test_fcl_collision_env
[0.504s] [ 74%] Built target test_fcl_collision_detection
[0.508s] [ 76%] Built target moveit_kinematic_constraints
[0.509s] [ 77%] Built target test_fcl_collision_detection_panda
[0.518s] [ 78%] Built target test_bullet_collision_detection
[0.520s] [ 79%] Built target test_bullet_collision_detection_panda
[0.524s] [ 81%] Built target test_bullet_continuous_collision_checking
[0.563s] [ 82%] Built target test_orientation_constraints
[0.563s] [ 83%] Built target test_constraints
[0.574s] [ 84%] Built target moveit_planning_scene
[0.639s] [ 85%] Built target moveit_planning_request_adapter
[0.642s] [ 86%] Built target test_collision_objects
[0.643s] [ 87%] Built target test_multi_threaded
[0.644s] [ 88%] Built target test_planning_scene
[0.645s] [ 89%] Built target collision_detector_bullet_plugin
[0.646s] [ 90%] Built target collision_detector_fcl_plugin
[0.650s] [ 93%] Built target moveit_constraint_samplers
[0.651s] [ 96%] Built target moveit_collision_distance_field
[0.708s] [ 97%] Built target test_collision_distance_field
[0.709s] [100%] Built target test_constraint_samplers
[0.731s] Invoked command in '/home/jellyfish/ws_moveit/build/moveit_core' returned '0': CMAKE_PREFIX_PATH=/home/jellyfish/ws_moveit/install/moveit_resources_panda_moveit_config:/home/jellyfish/ws_moveit/install/srdfdom:/home/jellyfish/ws_moveit/install/moveit_resources_pr2_description:/home/jellyfish/ws_moveit/install/moveit_resources_panda_description:/home/jellyfish/ws_moveit/install/moveit_common:/home/jellyfish/ws_moveit/install/pilz_industrial_motion_planner_testutils:/home/jellyfish/ws_moveit/install/moveit_runtime:/home/jellyfish/ws_moveit/install/moveit2_tutorials:/home/jellyfish/ws_moveit/install/moveit:/home/jellyfish/ws_moveit/install/moveit_planners:/home/jellyfish/ws_moveit/install/pilz_industrial_motion_planner:/home/jellyfish/ws_moveit/install/moveit_visual_tools:/home/jellyfish/ws_moveit/install/moveit_task_constructor_visualization:/home/jellyfish/ws_moveit/install/moveit_task_constructor_demo:/home/jellyfish/ws_moveit/install/moveit_task_constructor_capabilities:/home/jellyfish/ws_moveit/install/moveit_task_constructor_core:/home/jellyfish/ws_moveit/install/moveit_ros_control_interface:/home/jellyfish/ws_moveit/install/moveit_plugins:/home/jellyfish/ws_moveit/install/moveit_simple_controller_manager:/home/jellyfish/ws_moveit/install/moveit_setup_assistant:/home/jellyfish/ws_moveit/install/moveit_setup_srdf_plugins:/home/jellyfish/ws_moveit/install/moveit_setup_core_plugins:/home/jellyfish/ws_moveit/install/moveit_setup_controllers:/home/jellyfish/ws_moveit/install/moveit_setup_app_plugins:/home/jellyfish/ws_moveit/install/moveit_setup_framework:/home/jellyfish/ws_moveit/install/moveit_servo:/home/jellyfish/ws_moveit/install/moveit_ros:/home/jellyfish/ws_moveit/install/moveit_ros_visualization:/home/jellyfish/ws_moveit/install/moveit_hybrid_planning:/home/jellyfish/ws_moveit/install/moveit_ros_planning_interface:/home/jellyfish/ws_moveit/install/moveit_ros_benchmarks:/home/jellyfish/ws_moveit/install/moveit_ros_warehouse:/home/jellyfish/ws_moveit/install/moveit_ros_robot_interaction:/home/jellyfish/ws_moveit/install/moveit_ros_perception:/home/jellyfish/ws_moveit/install/moveit_resources_prbt_pg70_support:/home/jellyfish/ws_moveit/install/moveit_resources_prbt_moveit_config:/home/jellyfish/ws_moveit/install/moveit_ros_move_group:/home/jellyfish/ws_moveit/install/moveit_planners_ompl:/home/jellyfish/ws_moveit/install/moveit_ros_planning:/home/jellyfish/ws_moveit/install/moveit_ros_occupancy_map_monitor:/home/jellyfish/ws_moveit/install/moveit_resources_prbt_ikfast_manipulator_plugin:/home/jellyfish/ws_moveit/install/moveit_planners_chomp:/home/jellyfish/ws_moveit/install/moveit_kinematics:/home/jellyfish/ws_moveit/install/moveit_chomp_optimizer_adapter:/home/jellyfish/ws_moveit/install/chomp_motion_planner:/home/jellyfish/ws_moveit/install/moveit_core:/home/jellyfish/ws_moveit/install/rviz_marker_tools:/home/jellyfish/ws_moveit/install/rosparam_shortcuts:/home/jellyfish/ws_moveit/install/moveit_task_constructor_msgs:/home/jellyfish/ws_moveit/install/moveit_resources_prbt_support:/home/jellyfish/ws_moveit/install/moveit_resources:/home/jellyfish/ws_moveit/install/moveit_resources_fanuc_moveit_config:/home/jellyfish/ws_moveit/install/moveit_resources_fanuc_description:/home/jellyfish/ws_moveit/install/moveit_configs_utils:/home/jellyfish/ws_moveit/install/launch_param_builder:/opt/ros/humble LD_LIBRARY_PATH=/home/jellyfish/ws_moveit/install/srdfdom/lib:/home/jellyfish/ws_moveit/install/pilz_industrial_motion_planner_testutils/lib:/home/jellyfish/ws_moveit/install/pilz_industrial_motion_planner/lib:/home/jellyfish/ws_moveit/install/moveit_visual_tools/lib:/home/jellyfish/ws_moveit/install/moveit_task_constructor_visualization/lib:/home/jellyfish/ws_moveit/install/moveit_task_constructor_demo/lib:/home/jellyfish/ws_moveit/install/moveit_task_constructor_capabilities/lib:/home/jellyfish/ws_moveit/install/moveit_task_constructor_core/lib:/home/jellyfish/ws_moveit/install/moveit_ros_control_interface/lib:/home/jellyfish/ws_moveit/install/moveit_simple_controller_manager/lib:/home/jellyfish/ws_moveit/install/moveit_setup_assistant/lib:/home/jellyfish/ws_moveit/install/moveit_setup_srdf_plugins/lib:/home/jellyfish/ws_moveit/install/moveit_setup_core_plugins/lib:/home/jellyfish/ws_moveit/install/moveit_setup_controllers/lib:/home/jellyfish/ws_moveit/install/moveit_setup_app_plugins/lib:/home/jellyfish/ws_moveit/install/moveit_setup_framework/lib:/home/jellyfish/ws_moveit/install/moveit_servo/lib:/home/jellyfish/ws_moveit/install/moveit_ros_visualization/lib:/home/jellyfish/ws_moveit/install/moveit_hybrid_planning/lib:/home/jellyfish/ws_moveit/install/moveit_ros_planning_interface/lib:/home/jellyfish/ws_moveit/install/moveit_ros_benchmarks/lib:/home/jellyfish/ws_moveit/install/moveit_ros_warehouse/lib:/home/jellyfish/ws_moveit/install/moveit_ros_robot_interaction/lib:/home/jellyfish/ws_moveit/install/moveit_ros_perception/lib:/home/jellyfish/ws_moveit/install/moveit_ros_move_group/lib:/home/jellyfish/ws_moveit/install/moveit_planners_ompl/lib:/home/jellyfish/ws_moveit/install/moveit_ros_planning/lib:/home/jellyfish/ws_moveit/install/moveit_ros_occupancy_map_monitor/lib:/home/jellyfish/ws_moveit/install/moveit_resources_prbt_ikfast_manipulator_plugin/lib:/home/jellyfish/ws_moveit/install/moveit_planners_chomp/lib:/home/jellyfish/ws_moveit/install/moveit_kinematics/lib:/home/jellyfish/ws_moveit/install/moveit_chomp_optimizer_adapter/lib:/home/jellyfish/ws_moveit/install/chomp_motion_planner/lib:/home/jellyfish/ws_moveit/install/moveit_core/lib:/home/jellyfish/ws_moveit/install/rviz_marker_tools/lib:/home/jellyfish/ws_moveit/install/rosparam_shortcuts/lib:/home/jellyfish/ws_moveit/install/moveit_task_constructor_msgs/lib:/usr/lib/x86_64-linux-gnu/gazebo-11/plugins:/opt/ros/humble/opt/rviz_ogre_vendor/lib:/opt/ros/humble/lib/x86_64-linux-gnu:/opt/ros/humble/lib /usr/bin/cmake --build /home/jellyfish/ws_moveit/build/moveit_core -- -j12 -l12
[0.955s] Invoking command in '/home/jellyfish/ws_moveit/build/moveit_core': CMAKE_PREFIX_PATH=/home/jellyfish/ws_moveit/install/moveit_resources_panda_moveit_config:/home/jellyfish/ws_moveit/install/srdfdom:/home/jellyfish/ws_moveit/install/moveit_resources_pr2_description:/home/jellyfish/ws_moveit/install/moveit_resources_panda_description:/home/jellyfish/ws_moveit/install/moveit_common:/home/jellyfish/ws_moveit/install/pilz_industrial_motion_planner_testutils:/home/jellyfish/ws_moveit/install/moveit_runtime:/home/jellyfish/ws_moveit/install/moveit2_tutorials:/home/jellyfish/ws_moveit/install/moveit:/home/jellyfish/ws_moveit/install/moveit_planners:/home/jellyfish/ws_moveit/install/pilz_industrial_motion_planner:/home/jellyfish/ws_moveit/install/moveit_visual_tools:/home/jellyfish/ws_moveit/install/moveit_task_constructor_visualization:/home/jellyfish/ws_moveit/install/moveit_task_constructor_demo:/home/jellyfish/ws_moveit/install/moveit_task_constructor_capabilities:/home/jellyfish/ws_moveit/install/moveit_task_constructor_core:/home/jellyfish/ws_moveit/install/moveit_ros_control_interface:/home/jellyfish/ws_moveit/install/moveit_plugins:/home/jellyfish/ws_moveit/install/moveit_simple_controller_manager:/home/jellyfish/ws_moveit/install/moveit_setup_assistant:/home/jellyfish/ws_moveit/install/moveit_setup_srdf_plugins:/home/jellyfish/ws_moveit/install/moveit_setup_core_plugins:/home/jellyfish/ws_moveit/install/moveit_setup_controllers:/home/jellyfish/ws_moveit/install/moveit_setup_app_plugins:/home/jellyfish/ws_moveit/install/moveit_setup_framework:/home/jellyfish/ws_moveit/install/moveit_servo:/home/jellyfish/ws_moveit/install/moveit_ros:/home/jellyfish/ws_moveit/install/moveit_ros_visualization:/home/jellyfish/ws_moveit/install/moveit_hybrid_planning:/home/jellyfish/ws_moveit/install/moveit_ros_planning_interface:/home/jellyfish/ws_moveit/install/moveit_ros_benchmarks:/home/jellyfish/ws_moveit/install/moveit_ros_warehouse:/home/jellyfish/ws_moveit/install/moveit_ros_robot_interaction:/home/jellyfish/ws_moveit/install/moveit_ros_perception:/home/jellyfish/ws_moveit/install/moveit_resources_prbt_pg70_support:/home/jellyfish/ws_moveit/install/moveit_resources_prbt_moveit_config:/home/jellyfish/ws_moveit/install/moveit_ros_move_group:/home/jellyfish/ws_moveit/install/moveit_planners_ompl:/home/jellyfish/ws_moveit/install/moveit_ros_planning:/home/jellyfish/ws_moveit/install/moveit_ros_occupancy_map_monitor:/home/jellyfish/ws_moveit/install/moveit_resources_prbt_ikfast_manipulator_plugin:/home/jellyfish/ws_moveit/install/moveit_planners_chomp:/home/jellyfish/ws_moveit/install/moveit_kinematics:/home/jellyfish/ws_moveit/install/moveit_chomp_optimizer_adapter:/home/jellyfish/ws_moveit/install/chomp_motion_planner:/home/jellyfish/ws_moveit/install/moveit_core:/home/jellyfish/ws_moveit/install/rviz_marker_tools:/home/jellyfish/ws_moveit/install/rosparam_shortcuts:/home/jellyfish/ws_moveit/install/moveit_task_constructor_msgs:/home/jellyfish/ws_moveit/install/moveit_resources_prbt_support:/home/jellyfish/ws_moveit/install/moveit_resources:/home/jellyfish/ws_moveit/install/moveit_resources_fanuc_moveit_config:/home/jellyfish/ws_moveit/install/moveit_resources_fanuc_description:/home/jellyfish/ws_moveit/install/moveit_configs_utils:/home/jellyfish/ws_moveit/install/launch_param_builder:/opt/ros/humble LD_LIBRARY_PATH=/home/jellyfish/ws_moveit/install/srdfdom/lib:/home/jellyfish/ws_moveit/install/pilz_industrial_motion_planner_testutils/lib:/home/jellyfish/ws_moveit/install/pilz_industrial_motion_planner/lib:/home/jellyfish/ws_moveit/install/moveit_visual_tools/lib:/home/jellyfish/ws_moveit/install/moveit_task_constructor_visualization/lib:/home/jellyfish/ws_moveit/install/moveit_task_constructor_demo/lib:/home/jellyfish/ws_moveit/install/moveit_task_constructor_capabilities/lib:/home/jellyfish/ws_moveit/install/moveit_task_constructor_core/lib:/home/jellyfish/ws_moveit/install/moveit_ros_control_interface/lib:/home/jellyfish/ws_moveit/install/moveit_simple_controller_manager/lib:/home/jellyfish/ws_moveit/install/moveit_setup_assistant/lib:/home/jellyfish/ws_moveit/install/moveit_setup_srdf_plugins/lib:/home/jellyfish/ws_moveit/install/moveit_setup_core_plugins/lib:/home/jellyfish/ws_moveit/install/moveit_setup_controllers/lib:/home/jellyfish/ws_moveit/install/moveit_setup_app_plugins/lib:/home/jellyfish/ws_moveit/install/moveit_setup_framework/lib:/home/jellyfish/ws_moveit/install/moveit_servo/lib:/home/jellyfish/ws_moveit/install/moveit_ros_visualization/lib:/home/jellyfish/ws_moveit/install/moveit_hybrid_planning/lib:/home/jellyfish/ws_moveit/install/moveit_ros_planning_interface/lib:/home/jellyfish/ws_moveit/install/moveit_ros_benchmarks/lib:/home/jellyfish/ws_moveit/install/moveit_ros_warehouse/lib:/home/jellyfish/ws_moveit/install/moveit_ros_robot_interaction/lib:/home/jellyfish/ws_moveit/install/moveit_ros_perception/lib:/home/jellyfish/ws_moveit/install/moveit_ros_move_group/lib:/home/jellyfish/ws_moveit/install/moveit_planners_ompl/lib:/home/jellyfish/ws_moveit/install/moveit_ros_planning/lib:/home/jellyfish/ws_moveit/install/moveit_ros_occupancy_map_monitor/lib:/home/jellyfish/ws_moveit/install/moveit_resources_prbt_ikfast_manipulator_plugin/lib:/home/jellyfish/ws_moveit/install/moveit_planners_chomp/lib:/home/jellyfish/ws_moveit/install/moveit_kinematics/lib:/home/jellyfish/ws_moveit/install/moveit_chomp_optimizer_adapter/lib:/home/jellyfish/ws_moveit/install/chomp_motion_planner/lib:/home/jellyfish/ws_moveit/install/moveit_core/lib:/home/jellyfish/ws_moveit/install/rviz_marker_tools/lib:/home/jellyfish/ws_moveit/install/rosparam_shortcuts/lib:/home/jellyfish/ws_moveit/install/moveit_task_constructor_msgs/lib:/usr/lib/x86_64-linux-gnu/gazebo-11/plugins:/opt/ros/humble/opt/rviz_ogre_vendor/lib:/opt/ros/humble/lib/x86_64-linux-gnu:/opt/ros/humble/lib /usr/bin/cmake --install /home/jellyfish/ws_moveit/build/moveit_core
[0.970s] -- Install configuration: "Release"
[0.970s] -- Up-to-date: /home/jellyfish/ws_moveit/install/moveit_core/include/moveit/version.h
[0.971s] -- Up-to-date: /home/jellyfish/ws_moveit/install/moveit_core/include
[0.971s] -- Up-to-date: /home/jellyfish/ws_moveit/install/moveit_core/include/moveit
[0.971s] -- Up-to-date: /home/jellyfish/ws_moveit/install/moveit_core/include/moveit/collision_distance_field
[0.971s] -- Up-to-date: /home/jellyfish/ws_moveit/install/moveit_core/include/moveit/collision_distance_field/collision_detector_allocator_hybrid.h
[0.971s] -- Up-to-date: /home/jellyfish/ws_moveit/install/moveit_core/include/moveit/collision_distance_field/collision_common_distance_field.h
[0.971s] -- Up-to-date: /home/jellyfish/ws_moveit/install/moveit_core/include/moveit/collision_distance_field/collision_env_hybrid.h
[0.971s] -- Up-to-date: /home/jellyfish/ws_moveit/install/moveit_core/include/moveit/collision_distance_field/collision_distance_field_types.h
[0.971s] -- Up-to-date: /home/jellyfish/ws_moveit/install/moveit_core/include/moveit/collision_distance_field/collision_env_distance_field.h
[0.971s] -- Up-to-date: /home/jellyfish/ws_moveit/install/moveit_core/include/moveit/collision_distance_field/collision_detector_allocator_distance_field.h
[0.971s] -- Up-to-date: /home/jellyfish/ws_moveit/install/moveit_core/include/moveit_collision_distance_field_export.h
[0.972s] -- Up-to-date: /home/jellyfish/ws_moveit/install/moveit_core/include
[0.972s] -- Up-to-date: /home/jellyfish/ws_moveit/install/moveit_core/include/moveit
[0.972s] -- Up-to-date: /home/jellyfish/ws_moveit/install/moveit_core/include/moveit/constraint_samplers
[0.972s] -- Up-to-date: /home/jellyfish/ws_moveit/install/moveit_core/include/moveit/constraint_samplers/constraint_sampler_manager.h
[0.972s] -- Up-to-date: /home/jellyfish/ws_moveit/install/moveit_core/include/moveit/constraint_samplers/union_constraint_sampler.h
[0.972s] -- Up-to-date: /home/jellyfish/ws_moveit/install/moveit_core/include/moveit/constraint_samplers/constraint_sampler_allocator.h
[0.972s] -- Up-to-date: /home/jellyfish/ws_moveit/install/moveit_core/include/moveit/constraint_samplers/default_constraint_samplers.h
[0.973s] -- Up-to-date: /home/jellyfish/ws_moveit/install/moveit_core/include/moveit/constraint_samplers/constraint_sampler.h
[0.973s] -- Up-to-date: /home/jellyfish/ws_moveit/install/moveit_core/include/moveit/constraint_samplers/constraint_sampler_tools.h
[0.973s] -- Up-to-date: /home/jellyfish/ws_moveit/install/moveit_core/include
[0.973s] -- Up-to-date: /home/jellyfish/ws_moveit/install/moveit_core/include/moveit
[0.973s] -- Up-to-date: /home/jellyfish/ws_moveit/install/moveit_core/include/moveit/controller_manager
[0.973s] -- Up-to-date: /home/jellyfish/ws_moveit/install/moveit_core/include/moveit/controller_manager/controller_manager.h
[0.974s] -- Up-to-date: /home/jellyfish/ws_moveit/install/moveit_core/include
[0.974s] -- Up-to-date: /home/jellyfish/ws_moveit/install/moveit_core/include/moveit
[0.974s] -- Up-to-date: /home/jellyfish/ws_moveit/install/moveit_core/include/moveit/distance_field
[0.974s] -- Up-to-date: /home/jellyfish/ws_moveit/install/moveit_core/include/moveit/distance_field/distance_field.h
[0.974s] -- Up-to-date: /home/jellyfish/ws_moveit/install/moveit_core/include/moveit/distance_field/find_internal_points.h
[0.974s] -- Up-to-date: /home/jellyfish/ws_moveit/install/moveit_core/include/moveit/distance_field/voxel_grid.h
[0.974s] -- Up-to-date: /home/jellyfish/ws_moveit/install/moveit_core/include/moveit/distance_field/propagation_distance_field.h
[0.974s] -- Up-to-date: /home/jellyfish/ws_moveit/install/moveit_core/include
[0.974s] -- Up-to-date: /home/jellyfish/ws_moveit/install/moveit_core/include/moveit
[0.974s] -- Up-to-date: /home/jellyfish/ws_moveit/install/moveit_core/include/moveit/dynamics_solver
[0.974s] -- Up-to-date: /home/jellyfish/ws_moveit/install/moveit_core/include/moveit/dynamics_solver/dynamics_solver.h
[0.975s] -- Up-to-date: /home/jellyfish/ws_moveit/install/moveit_core/include
[0.975s] -- Up-to-date: /home/jellyfish/ws_moveit/install/moveit_core/include/moveit
[0.975s] -- Up-to-date: /home/jellyfish/ws_moveit/install/moveit_core/include/moveit/exceptions
[0.975s] -- Up-to-date: /home/jellyfish/ws_moveit/install/moveit_core/include/moveit/exceptions/exceptions.h
[0.975s] -- Up-to-date: /home/jellyfish/ws_moveit/install/moveit_core/include
[0.975s] -- Up-to-date: /home/jellyfish/ws_moveit/install/moveit_core/include/moveit
[0.975s] -- Up-to-date: /home/jellyfish/ws_moveit/install/moveit_core/include/moveit/kinematics_base
[0.975s] -- Up-to-date: /home/jellyfish/ws_moveit/install/moveit_core/include/moveit/kinematics_base/kinematics_base.h
[0.976s] -- Up-to-date: /home/jellyfish/ws_moveit/install/moveit_core/include/moveit_kinematics_base_export.h
[0.976s] -- Up-to-date: /home/jellyfish/ws_moveit/install/moveit_core/include
[0.976s] -- Up-to-date: /home/jellyfish/ws_moveit/install/moveit_core/include/moveit
[0.976s] -- Up-to-date: /home/jellyfish/ws_moveit/install/moveit_core/include/moveit/kinematic_constraints
[0.976s] -- Up-to-date: /home/jellyfish/ws_moveit/install/moveit_core/include/moveit/kinematic_constraints/utils.h
[0.976s] -- Up-to-date: /home/jellyfish/ws_moveit/install/moveit_core/include/moveit/kinematic_constraints/kinematic_constraint.h
[0.976s] -- Up-to-date: /home/jellyfish/ws_moveit/install/moveit_core/include
[0.976s] -- Up-to-date: /home/jellyfish/ws_moveit/install/moveit_core/include/moveit
[0.976s] -- Up-to-date: /home/jellyfish/ws_moveit/install/moveit_core/include/moveit/kinematics_metrics
[0.977s] -- Up-to-date: /home/jellyfish/ws_moveit/install/moveit_core/include/moveit/kinematics_metrics/kinematics_metrics.h
[0.977s] -- Up-to-date: /home/jellyfish/ws_moveit/install/moveit_core/include
[0.977s] -- Up-to-date: /home/jellyfish/ws_moveit/install/moveit_core/include/moveit
[0.977s] -- Up-to-date: /home/jellyfish/ws_moveit/install/moveit_core/include/moveit/macros
[0.977s] -- Up-to-date: /home/jellyfish/ws_moveit/install/moveit_core/include/moveit/macros/class_forward.h
[0.977s] -- Up-to-date: /home/jellyfish/ws_moveit/install/moveit_core/include/moveit/macros/declare_ptr.h
[0.977s] -- Up-to-date: /home/jellyfish/ws_moveit/install/moveit_core/include/moveit/macros/deprecation.h
[0.977s] -- Up-to-date: /home/jellyfish/ws_moveit/install/moveit_core/include/moveit/macros/console_colors.h
[0.977s] -- Up-to-date: /home/jellyfish/ws_moveit/install/moveit_core/include/moveit_butterworth_parameters
[0.978s] -- Up-to-date: /home/jellyfish/ws_moveit/install/moveit_core/include/moveit_butterworth_parameters/moveit_butterworth_parameters.hpp
[0.978s] -- Up-to-date: /home/jellyfish/ws_moveit/install/moveit_core/include
[0.978s] -- Up-to-date: /home/jellyfish/ws_moveit/install/moveit_core/include/moveit
[0.978s] -- Up-to-date: /home/jellyfish/ws_moveit/install/moveit_core/include/moveit/online_signal_smoothing
[0.978s] -- Up-to-date: /home/jellyfish/ws_moveit/install/moveit_core/include/moveit/online_signal_smoothing/butterworth_filter.h
[0.978s] -- Up-to-date: /home/jellyfish/ws_moveit/install/moveit_core/include/moveit/online_signal_smoothing/smoothing_base_class.h
[0.978s] -- Up-to-date: /home/jellyfish/ws_moveit/install/moveit_core/include/moveit_smoothing_base_export.h
[0.978s] -- Up-to-date: /home/jellyfish/ws_moveit/install/moveit_core/include/moveit_butterworth_filter_export.h
[0.978s] -- Up-to-date: /home/jellyfish/ws_moveit/install/moveit_core/include
[0.978s] -- Up-to-date: /home/jellyfish/ws_moveit/install/moveit_core/include/moveit
[0.979s] -- Up-to-date: /home/jellyfish/ws_moveit/install/moveit_core/include/moveit/planning_interface
[0.979s] -- Up-to-date: /home/jellyfish/ws_moveit/install/moveit_core/include/moveit/planning_interface/planning_response.h
[0.979s] -- Up-to-date: /home/jellyfish/ws_moveit/install/moveit_core/include/moveit/planning_interface/planning_request.h
[0.979s] -- Up-to-date: /home/jellyfish/ws_moveit/install/moveit_core/include/moveit/planning_interface/planning_interface.h
[0.979s] -- Up-to-date: /home/jellyfish/ws_moveit/install/moveit_core/include
[0.979s] -- Up-to-date: /home/jellyfish/ws_moveit/install/moveit_core/include/moveit
[0.980s] -- Up-to-date: /home/jellyfish/ws_moveit/install/moveit_core/include/moveit/planning_request_adapter
[0.980s] -- Up-to-date: /home/jellyfish/ws_moveit/install/moveit_core/include/moveit/planning_request_adapter/planning_request_adapter.h
[0.980s] -- Up-to-date: /home/jellyfish/ws_moveit/install/moveit_core/include
[0.980s] -- Up-to-date: /home/jellyfish/ws_moveit/install/moveit_core/include/moveit
[0.980s] -- Up-to-date: /home/jellyfish/ws_moveit/install/moveit_core/include/moveit/planning_scene
[0.980s] -- Up-to-date: /home/jellyfish/ws_moveit/install/moveit_core/include/moveit/planning_scene/planning_scene.h
[0.980s] -- Up-to-date: /home/jellyfish/ws_moveit/install/moveit_core/include/moveit_planning_scene_export.h
[0.980s] -- Up-to-date: /home/jellyfish/ws_moveit/install/moveit_core/include
[0.981s] -- Up-to-date: /home/jellyfish/ws_moveit/install/moveit_core/include/moveit
[0.981s] -- Up-to-date: /home/jellyfish/ws_moveit/install/moveit_core/include/moveit/robot_model
[0.981s] -- Up-to-date: /home/jellyfish/ws_moveit/install/moveit_core/include/moveit/robot_model/joint_model_group.h
[0.981s] -- Up-to-date: /home/jellyfish/ws_moveit/install/moveit_core/include/moveit/robot_model/revolute_joint_model.h
[0.981s] -- Up-to-date: /home/jellyfish/ws_moveit/install/moveit_core/include/moveit/robot_model/floating_joint_model.h
[0.981s] -- Up-to-date: /home/jellyfish/ws_moveit/install/moveit_core/include/moveit/robot_model/planar_joint_model.h
[0.981s] -- Up-to-date: /home/jellyfish/ws_moveit/install/moveit_core/include/moveit/robot_model/joint_model.h
[0.981s] -- Up-to-date: /home/jellyfish/ws_moveit/install/moveit_core/include/moveit/robot_model/robot_model.h
[0.981s] -- Up-to-date: /home/jellyfish/ws_moveit/install/moveit_core/include/moveit/robot_model/fixed_joint_model.h
[0.981s] -- Up-to-date: /home/jellyfish/ws_moveit/install/moveit_core/include/moveit/robot_model/prismatic_joint_model.h
[0.981s] -- Up-to-date: /home/jellyfish/ws_moveit/install/moveit_core/include/moveit/robot_model/aabb.h
[0.981s] -- Up-to-date: /home/jellyfish/ws_moveit/install/moveit_core/include/moveit/robot_model/link_model.h
[0.982s] -- Up-to-date: /home/jellyfish/ws_moveit/install/moveit_core/include
[0.982s] -- Up-to-date: /home/jellyfish/ws_moveit/install/moveit_core/include/moveit
[0.982s] -- Up-to-date: /home/jellyfish/ws_moveit/install/moveit_core/include/moveit/robot_state
[0.982s] -- Up-to-date: /home/jellyfish/ws_moveit/install/moveit_core/include/moveit/robot_state/cartesian_interpolator.h
[0.982s] -- Up-to-date: /home/jellyfish/ws_moveit/install/moveit_core/include/moveit/robot_state/robot_state.h
[0.982s] -- Up-to-date: /home/jellyfish/ws_moveit/install/moveit_core/include/moveit/robot_state/attached_body.h
[0.982s] -- Up-to-date: /home/jellyfish/ws_moveit/install/moveit_core/include/moveit/robot_state/conversions.h
[0.982s] -- Up-to-date: /home/jellyfish/ws_moveit/install/moveit_core/include
[0.982s] -- Up-to-date: /home/jellyfish/ws_moveit/install/moveit_core/include/moveit
[0.982s] -- Up-to-date: /home/jellyfish/ws_moveit/install/moveit_core/include/moveit/robot_trajectory
[0.983s] -- Up-to-date: /home/jellyfish/ws_moveit/install/moveit_core/include/moveit/robot_trajectory/robot_trajectory.h
[0.983s] -- Up-to-date: /home/jellyfish/ws_moveit/install/moveit_core/include
[0.983s] -- Up-to-date: /home/jellyfish/ws_moveit/install/moveit_core/include/moveit
[0.983s] -- Up-to-date: /home/jellyfish/ws_moveit/install/moveit_core/include/moveit/sensor_manager
[0.983s] -- Up-to-date: /home/jellyfish/ws_moveit/install/moveit_core/include/moveit/sensor_manager/sensor_manager.h
[0.983s] -- Up-to-date: /home/jellyfish/ws_moveit/install/moveit_core/include
[0.983s] -- Up-to-date: /home/jellyfish/ws_moveit/install/moveit_core/include/moveit
[0.983s] -- Up-to-date: /home/jellyfish/ws_moveit/install/moveit_core/include/moveit/trajectory_processing
[0.983s] -- Up-to-date: /home/jellyfish/ws_moveit/install/moveit_core/include/moveit/trajectory_processing/time_optimal_trajectory_generation.h
[0.983s] -- Up-to-date: /home/jellyfish/ws_moveit/install/moveit_core/include/moveit/trajectory_processing/time_parameterization.h
[0.983s] -- Up-to-date: /home/jellyfish/ws_moveit/install/moveit_core/include/moveit/trajectory_processing/ruckig_traj_smoothing.h
[0.984s] -- Up-to-date: /home/jellyfish/ws_moveit/install/moveit_core/include/moveit/trajectory_processing/trajectory_tools.h
[0.984s] -- Up-to-date: /home/jellyfish/ws_moveit/install/moveit_core/include/moveit/trajectory_processing/iterative_time_parameterization.h
[0.984s] -- Up-to-date: /home/jellyfish/ws_moveit/install/moveit_core/include/moveit/trajectory_processing/iterative_spline_parameterization.h
[0.984s] -- Up-to-date: /home/jellyfish/ws_moveit/install/moveit_core/include
[0.984s] -- Up-to-date: /home/jellyfish/ws_moveit/install/moveit_core/include/moveit
[0.984s] -- Up-to-date: /home/jellyfish/ws_moveit/install/moveit_core/include/moveit/transforms
[0.984s] -- Up-to-date: /home/jellyfish/ws_moveit/install/moveit_core/include/moveit/transforms/transforms.h
[0.984s] -- Up-to-date: /home/jellyfish/ws_moveit/install/moveit_core/include
[0.984s] -- Up-to-date: /home/jellyfish/ws_moveit/install/moveit_core/include/moveit
[0.985s] -- Up-to-date: /home/jellyfish/ws_moveit/install/moveit_core/include/moveit/utils
[0.985s] -- Up-to-date: /home/jellyfish/ws_moveit/install/moveit_core/include/moveit/utils/moveit_error_code.h
[0.985s] -- Up-to-date: /home/jellyfish/ws_moveit/install/moveit_core/include/moveit/utils/rclcpp_utils.h
[0.985s] -- Up-to-date: /home/jellyfish/ws_moveit/install/moveit_core/include/moveit/utils/robot_model_test_utils.h
[0.985s] -- Up-to-date: /home/jellyfish/ws_moveit/install/moveit_core/include/moveit/utils/lexical_casts.h
[0.985s] -- Up-to-date: /home/jellyfish/ws_moveit/install/moveit_core/include/moveit/utils/message_checks.h
[0.985s] -- Up-to-date: /home/jellyfish/ws_moveit/install/moveit_core/bin/moveit_version
[0.985s] -- Up-to-date: /home/jellyfish/ws_moveit/install/moveit_core/include
[0.986s] -- Up-to-date: /home/jellyfish/ws_moveit/install/moveit_core/include/moveit
[0.986s] -- Up-to-date: /home/jellyfish/ws_moveit/install/moveit_core/include/moveit/collision_detection
[0.986s] -- Up-to-date: /home/jellyfish/ws_moveit/install/moveit_core/include/moveit/collision_detection/allvalid
[0.986s] -- Up-to-date: /home/jellyfish/ws_moveit/install/moveit_core/include/moveit/collision_detection/allvalid/collision_env_allvalid.h
[0.986s] -- Up-to-date: /home/jellyfish/ws_moveit/install/moveit_core/include/moveit/collision_detection/allvalid/collision_detector_allocator_allvalid.h
[0.986s] -- Up-to-date: /home/jellyfish/ws_moveit/install/moveit_core/include/moveit/collision_detection/collision_tools.h
[0.986s] -- Up-to-date: /home/jellyfish/ws_moveit/install/moveit_core/include/moveit/collision_detection/collision_matrix.h
[0.986s] -- Up-to-date: /home/jellyfish/ws_moveit/install/moveit_core/include/moveit/collision_detection/collision_octomap_filter.h
[0.986s] -- Up-to-date: /home/jellyfish/ws_moveit/install/moveit_core/include/moveit/collision_detection/occupancy_map.h
[0.986s] -- Up-to-date: /home/jellyfish/ws_moveit/install/moveit_core/include/moveit/collision_detection/world_diff.h
[0.986s] -- Up-to-date: /home/jellyfish/ws_moveit/install/moveit_core/include/moveit/collision_detection/world.h
[0.987s] -- Up-to-date: /home/jellyfish/ws_moveit/install/moveit_core/include/moveit/collision_detection/test_collision_common_pr2.h
[0.987s] -- Up-to-date: /home/jellyfish/ws_moveit/install/moveit_core/include/moveit/collision_detection/collision_detector_allocator.h
[0.987s] -- Up-to-date: /home/jellyfish/ws_moveit/install/moveit_core/include/moveit/collision_detection/collision_common.h
[0.987s] -- Up-to-date: /home/jellyfish/ws_moveit/install/moveit_core/include/moveit/collision_detection/collision_env.h
[0.987s] -- Up-to-date: /home/jellyfish/ws_moveit/install/moveit_core/include/moveit/collision_detection/test_collision_common_panda.h
[0.987s] -- Up-to-date: /home/jellyfish/ws_moveit/install/moveit_core/include/moveit/collision_detection/collision_plugin.h
[0.987s] -- Up-to-date: /home/jellyfish/ws_moveit/install/moveit_core/include/moveit/collision_detection/collision_plugin_cache.h
[0.987s] -- Up-to-date: /home/jellyfish/ws_moveit/install/moveit_core/include/moveit_collision_detection_export.h
[0.987s] -- Up-to-date: /home/jellyfish/ws_moveit/install/moveit_core/include
[0.987s] -- Up-to-date: /home/jellyfish/ws_moveit/install/moveit_core/include/moveit
[0.987s] -- Up-to-date: /home/jellyfish/ws_moveit/install/moveit_core/include/moveit/collision_detection_bullet
[0.987s] -- Up-to-date: /home/jellyfish/ws_moveit/install/moveit_core/include/moveit/collision_detection_bullet/collision_env_bullet.h
[0.987s] -- Up-to-date: /home/jellyfish/ws_moveit/install/moveit_core/include/moveit/collision_detection_bullet/collision_detector_bullet_plugin_loader.h
[0.988s] -- Up-to-date: /home/jellyfish/ws_moveit/install/moveit_core/include/moveit/collision_detection_bullet/collision_detector_allocator_bullet.h
[0.988s] -- Up-to-date: /home/jellyfish/ws_moveit/install/moveit_core/include/moveit/collision_detection_bullet/bullet_integration
[0.988s] -- Up-to-date: /home/jellyfish/ws_moveit/install/moveit_core/include/moveit/collision_detection_bullet/bullet_integration/basic_types.h
[0.988s] -- Up-to-date: /home/jellyfish/ws_moveit/install/moveit_core/include/moveit/collision_detection_bullet/bullet_integration/ros_bullet_utils.h
[0.988s] -- Up-to-date: /home/jellyfish/ws_moveit/install/moveit_core/include/moveit/collision_detection_bullet/bullet_integration/bullet_utils.h
[0.988s] -- Up-to-date: /home/jellyfish/ws_moveit/install/moveit_core/include/moveit/collision_detection_bullet/bullet_integration/contact_checker_common.h
[0.988s] -- Up-to-date: /home/jellyfish/ws_moveit/install/moveit_core/include/moveit/collision_detection_bullet/bullet_integration/bullet_discrete_bvh_manager.h
[0.988s] -- Up-to-date: /home/jellyfish/ws_moveit/install/moveit_core/include/moveit/collision_detection_bullet/bullet_integration/bullet_bvh_manager.h
[0.988s] -- Up-to-date: /home/jellyfish/ws_moveit/install/moveit_core/include/moveit/collision_detection_bullet/bullet_integration/bullet_cast_bvh_manager.h
[0.988s] -- Up-to-date: /home/jellyfish/ws_moveit/install/moveit_core/include/moveit_collision_detection_bullet_export.h
[0.988s] -- Up-to-date: /home/jellyfish/ws_moveit/install/moveit_core/include
[0.988s] -- Up-to-date: /home/jellyfish/ws_moveit/install/moveit_core/include/moveit
[0.988s] -- Up-to-date: /home/jellyfish/ws_moveit/install/moveit_core/include/moveit/collision_detection_fcl
[0.988s] -- Up-to-date: /home/jellyfish/ws_moveit/install/moveit_core/include/moveit/collision_detection_fcl/collision_env_fcl.h
[0.988s] -- Up-to-date: /home/jellyfish/ws_moveit/install/moveit_core/include/moveit/collision_detection_fcl/collision_detector_allocator_fcl.h
[0.988s] -- Up-to-date: /home/jellyfish/ws_moveit/install/moveit_core/include/moveit/collision_detection_fcl/collision_detector_fcl_plugin_loader.h
[0.989s] -- Up-to-date: /home/jellyfish/ws_moveit/install/moveit_core/include/moveit/collision_detection_fcl/fcl_compat.h
[0.989s] -- Up-to-date: /home/jellyfish/ws_moveit/install/moveit_core/include/moveit/collision_detection_fcl/collision_common.h
[0.989s] -- Up-to-date: /home/jellyfish/ws_moveit/install/moveit_core/include/moveit_collision_detection_fcl_export.h
[0.989s] -- Up-to-date: /home/jellyfish/ws_moveit/install/moveit_core/lib/libcollision_detector_bullet_plugin.so.2.5.5
[0.989s] -- Up-to-date: /home/jellyfish/ws_moveit/install/moveit_core/lib/libcollision_detector_bullet_plugin.so
[0.989s] -- Up-to-date: /home/jellyfish/ws_moveit/install/moveit_core/lib/libmoveit_butterworth_filter.so.2.5.5
[0.989s] -- Up-to-date: /home/jellyfish/ws_moveit/install/moveit_core/lib/libmoveit_butterworth_filter.so
[0.989s] -- Up-to-date: /home/jellyfish/ws_moveit/install/moveit_core/lib/libmoveit_collision_distance_field.so.2.5.5
[0.989s] -- Up-to-date: /home/jellyfish/ws_moveit/install/moveit_core/lib/libmoveit_collision_distance_field.so
[0.989s] -- Up-to-date: /home/jellyfish/ws_moveit/install/moveit_core/lib/libmoveit_collision_detection.so.2.5.5
[0.989s] -- Up-to-date: /home/jellyfish/ws_moveit/install/moveit_core/lib/libmoveit_collision_detection.so
[0.989s] -- Up-to-date: /home/jellyfish/ws_moveit/install/moveit_core/lib/libmoveit_collision_detection_fcl.so.2.5.5
[0.989s] -- Up-to-date: /home/jellyfish/ws_moveit/install/moveit_core/lib/libmoveit_collision_detection_fcl.so
[0.990s] -- Up-to-date: /home/jellyfish/ws_moveit/install/moveit_core/lib/libmoveit_collision_detection_bullet.so.2.5.5
[0.990s] -- Up-to-date: /home/jellyfish/ws_moveit/install/moveit_core/lib/libmoveit_collision_detection_bullet.so
[0.990s] -- Up-to-date: /home/jellyfish/ws_moveit/install/moveit_core/lib/libmoveit_dynamics_solver.so.2.5.5
[0.990s] -- Up-to-date: /home/jellyfish/ws_moveit/install/moveit_core/lib/libmoveit_dynamics_solver.so
[0.990s] -- Up-to-date: /home/jellyfish/ws_moveit/install/moveit_core/lib/libmoveit_constraint_samplers.so.2.5.5
[0.991s] -- Up-to-date: /home/jellyfish/ws_moveit/install/moveit_core/lib/libmoveit_constraint_samplers.so
[0.991s] -- Up-to-date: /home/jellyfish/ws_moveit/install/moveit_core/lib/libmoveit_distance_field.so.2.5.5
[0.991s] -- Up-to-date: /home/jellyfish/ws_moveit/install/moveit_core/lib/libmoveit_distance_field.so
[0.991s] -- Up-to-date: /home/jellyfish/ws_moveit/install/moveit_core/lib/libmoveit_exceptions.so.2.5.5
[0.991s] -- Up-to-date: /home/jellyfish/ws_moveit/install/moveit_core/lib/libmoveit_exceptions.so
[0.991s] -- Up-to-date: /home/jellyfish/ws_moveit/install/moveit_core/lib/libmoveit_kinematics_base.so
[0.992s] -- Up-to-date: /home/jellyfish/ws_moveit/install/moveit_core/lib/libmoveit_kinematic_constraints.so.2.5.5
[0.992s] -- Up-to-date: /home/jellyfish/ws_moveit/install/moveit_core/lib/libmoveit_kinematic_constraints.so
[0.992s] -- Up-to-date: /home/jellyfish/ws_moveit/install/moveit_core/lib/libmoveit_kinematics_metrics.so.2.5.5
[0.992s] -- Up-to-date: /home/jellyfish/ws_moveit/install/moveit_core/lib/libmoveit_kinematics_metrics.so
[0.993s] -- Up-to-date: /home/jellyfish/ws_moveit/install/moveit_core/lib/libmoveit_planning_interface.so.2.5.5
[0.993s] -- Up-to-date: /home/jellyfish/ws_moveit/install/moveit_core/lib/libmoveit_planning_interface.so
[0.993s] -- Up-to-date: /home/jellyfish/ws_moveit/install/moveit_core/lib/libmoveit_planning_scene.so.2.5.5
[0.993s] -- Up-to-date: /home/jellyfish/ws_moveit/install/moveit_core/lib/libmoveit_planning_scene.so
[0.993s] -- Up-to-date: /home/jellyfish/ws_moveit/install/moveit_core/lib/libmoveit_planning_request_adapter.so.2.5.5
[0.994s] -- Up-to-date: /home/jellyfish/ws_moveit/install/moveit_core/lib/libmoveit_planning_request_adapter.so
[0.994s] -- Up-to-date: /home/jellyfish/ws_moveit/install/moveit_core/lib/libmoveit_robot_model.so.2.5.5
[0.994s] -- Up-to-date: /home/jellyfish/ws_moveit/install/moveit_core/lib/libmoveit_robot_model.so
[0.994s] -- Up-to-date: /home/jellyfish/ws_moveit/install/moveit_core/lib/libmoveit_robot_state.so.2.5.5
[0.994s] -- Up-to-date: /home/jellyfish/ws_moveit/install/moveit_core/lib/libmoveit_robot_state.so
[0.994s] -- Up-to-date: /home/jellyfish/ws_moveit/install/moveit_core/lib/libmoveit_robot_trajectory.so.2.5.5
[0.995s] -- Up-to-date: /home/jellyfish/ws_moveit/install/moveit_core/lib/libmoveit_robot_trajectory.so
[0.995s] -- Up-to-date: /home/jellyfish/ws_moveit/install/moveit_core/lib/libmoveit_smoothing_base.so.2.5.5
[0.995s] -- Up-to-date: /home/jellyfish/ws_moveit/install/moveit_core/lib/libmoveit_smoothing_base.so
[0.995s] -- Up-to-date: /home/jellyfish/ws_moveit/install/moveit_core/lib/libmoveit_test_utils.so.2.5.5
[0.995s] -- Up-to-date: /home/jellyfish/ws_moveit/install/moveit_core/lib/libmoveit_test_utils.so
[0.996s] -- Up-to-date: /home/jellyfish/ws_moveit/install/moveit_core/lib/libmoveit_trajectory_processing.so.2.5.5
[0.996s] -- Up-to-date: /home/jellyfish/ws_moveit/install/moveit_core/lib/libmoveit_trajectory_processing.so
[0.996s] -- Up-to-date: /home/jellyfish/ws_moveit/install/moveit_core/lib/libmoveit_transforms.so.2.5.5
[0.996s] -- Up-to-date: /home/jellyfish/ws_moveit/install/moveit_core/lib/libmoveit_transforms.so
[0.996s] -- Up-to-date: /home/jellyfish/ws_moveit/install/moveit_core/lib/libmoveit_utils.so.2.5.5
[0.996s] -- Up-to-date: /home/jellyfish/ws_moveit/install/moveit_core/lib/libmoveit_utils.so
[0.997s] -- Up-to-date: /home/jellyfish/ws_moveit/install/moveit_core/share/moveit_core/environment/library_path.sh
[0.997s] -- Up-to-date: /home/jellyfish/ws_moveit/install/moveit_core/share/moveit_core/environment/library_path.dsv
[0.997s] -- Up-to-date: /home/jellyfish/ws_moveit/install/moveit_core/share/moveit_core/collision_detector_fcl_description.xml
[0.997s] -- Up-to-date: /home/jellyfish/ws_moveit/install/moveit_core/share/moveit_core/collision_detector_bullet_description.xml
[0.997s] -- Up-to-date: /home/jellyfish/ws_moveit/install/moveit_core/share/moveit_core/filter_plugin_butterworth.xml
[0.997s] -- Up-to-date: /home/jellyfish/ws_moveit/install/moveit_core/share/ament_index/resource_index/package_run_dependencies/moveit_core
[0.997s] -- Up-to-date: /home/jellyfish/ws_moveit/install/moveit_core/share/ament_index/resource_index/parent_prefix_path/moveit_core
[0.997s] -- Up-to-date: /home/jellyfish/ws_moveit/install/moveit_core/share/moveit_core/environment/ament_prefix_path.sh
[0.997s] -- Up-to-date: /home/jellyfish/ws_moveit/install/moveit_core/share/moveit_core/environment/ament_prefix_path.dsv
[0.997s] -- Up-to-date: /home/jellyfish/ws_moveit/install/moveit_core/share/moveit_core/environment/path.sh
[0.998s] -- Up-to-date: /home/jellyfish/ws_moveit/install/moveit_core/share/moveit_core/environment/path.dsv
[0.998s] -- Up-to-date: /home/jellyfish/ws_moveit/install/moveit_core/share/moveit_core/local_setup.bash
[0.998s] -- Up-to-date: /home/jellyfish/ws_moveit/install/moveit_core/share/moveit_core/local_setup.sh
[0.998s] -- Up-to-date: /home/jellyfish/ws_moveit/install/moveit_core/share/moveit_core/local_setup.zsh
[0.998s] -- Up-to-date: /home/jellyfish/ws_moveit/install/moveit_core/share/moveit_core/local_setup.dsv
[0.998s] -- Installing: /home/jellyfish/ws_moveit/install/moveit_core/share/moveit_core/package.dsv
[0.998s] -- Up-to-date: /home/jellyfish/ws_moveit/install/moveit_core/share/ament_index/resource_index/packages/moveit_core
[0.998s] -- Up-to-date: /home/jellyfish/ws_moveit/install/moveit_core/share/ament_index/resource_index/moveit_core__pluginlib__plugin/moveit_core
[0.999s] -- Up-to-date: /home/jellyfish/ws_moveit/install/moveit_core/share/moveit_core/cmake/export_moveit_coreExport.cmake
[1.000s] -- Up-to-date: /home/jellyfish/ws_moveit/install/moveit_core/share/moveit_core/cmake/export_moveit_coreExport-release.cmake
[1.000s] -- Up-to-date: /home/jellyfish/ws_moveit/install/moveit_core/share/moveit_core/cmake/ConfigExtras.cmake
[1.000s] -- Up-to-date: /home/jellyfish/ws_moveit/install/moveit_core/share/moveit_core/cmake/ament_cmake_export_targets-extras.cmake
[1.000s] -- Up-to-date: /home/jellyfish/ws_moveit/install/moveit_core/share/moveit_core/cmake/ament_cmake_export_dependencies-extras.cmake
[1.000s] -- Up-to-date: /home/jellyfish/ws_moveit/install/moveit_core/share/moveit_core/cmake/moveit_coreConfig.cmake
[1.000s] -- Up-to-date: /home/jellyfish/ws_moveit/install/moveit_core/share/moveit_core/cmake/moveit_coreConfig-version.cmake
[1.000s] -- Up-to-date: /home/jellyfish/ws_moveit/install/moveit_core/share/moveit_core/package.xml
[1.003s] Invoked command in '/home/jellyfish/ws_moveit/build/moveit_core' returned '0': CMAKE_PREFIX_PATH=/home/jellyfish/ws_moveit/install/moveit_resources_panda_moveit_config:/home/jellyfish/ws_moveit/install/srdfdom:/home/jellyfish/ws_moveit/install/moveit_resources_pr2_description:/home/jellyfish/ws_moveit/install/moveit_resources_panda_description:/home/jellyfish/ws_moveit/install/moveit_common:/home/jellyfish/ws_moveit/install/pilz_industrial_motion_planner_testutils:/home/jellyfish/ws_moveit/install/moveit_runtime:/home/jellyfish/ws_moveit/install/moveit2_tutorials:/home/jellyfish/ws_moveit/install/moveit:/home/jellyfish/ws_moveit/install/moveit_planners:/home/jellyfish/ws_moveit/install/pilz_industrial_motion_planner:/home/jellyfish/ws_moveit/install/moveit_visual_tools:/home/jellyfish/ws_moveit/install/moveit_task_constructor_visualization:/home/jellyfish/ws_moveit/install/moveit_task_constructor_demo:/home/jellyfish/ws_moveit/install/moveit_task_constructor_capabilities:/home/jellyfish/ws_moveit/install/moveit_task_constructor_core:/home/jellyfish/ws_moveit/install/moveit_ros_control_interface:/home/jellyfish/ws_moveit/install/moveit_plugins:/home/jellyfish/ws_moveit/install/moveit_simple_controller_manager:/home/jellyfish/ws_moveit/install/moveit_setup_assistant:/home/jellyfish/ws_moveit/install/moveit_setup_srdf_plugins:/home/jellyfish/ws_moveit/install/moveit_setup_core_plugins:/home/jellyfish/ws_moveit/install/moveit_setup_controllers:/home/jellyfish/ws_moveit/install/moveit_setup_app_plugins:/home/jellyfish/ws_moveit/install/moveit_setup_framework:/home/jellyfish/ws_moveit/install/moveit_servo:/home/jellyfish/ws_moveit/install/moveit_ros:/home/jellyfish/ws_moveit/install/moveit_ros_visualization:/home/jellyfish/ws_moveit/install/moveit_hybrid_planning:/home/jellyfish/ws_moveit/install/moveit_ros_planning_interface:/home/jellyfish/ws_moveit/install/moveit_ros_benchmarks:/home/jellyfish/ws_moveit/install/moveit_ros_warehouse:/home/jellyfish/ws_moveit/install/moveit_ros_robot_interaction:/home/jellyfish/ws_moveit/install/moveit_ros_perception:/home/jellyfish/ws_moveit/install/moveit_resources_prbt_pg70_support:/home/jellyfish/ws_moveit/install/moveit_resources_prbt_moveit_config:/home/jellyfish/ws_moveit/install/moveit_ros_move_group:/home/jellyfish/ws_moveit/install/moveit_planners_ompl:/home/jellyfish/ws_moveit/install/moveit_ros_planning:/home/jellyfish/ws_moveit/install/moveit_ros_occupancy_map_monitor:/home/jellyfish/ws_moveit/install/moveit_resources_prbt_ikfast_manipulator_plugin:/home/jellyfish/ws_moveit/install/moveit_planners_chomp:/home/jellyfish/ws_moveit/install/moveit_kinematics:/home/jellyfish/ws_moveit/install/moveit_chomp_optimizer_adapter:/home/jellyfish/ws_moveit/install/chomp_motion_planner:/home/jellyfish/ws_moveit/install/moveit_core:/home/jellyfish/ws_moveit/install/rviz_marker_tools:/home/jellyfish/ws_moveit/install/rosparam_shortcuts:/home/jellyfish/ws_moveit/install/moveit_task_constructor_msgs:/home/jellyfish/ws_moveit/install/moveit_resources_prbt_support:/home/jellyfish/ws_moveit/install/moveit_resources:/home/jellyfish/ws_moveit/install/moveit_resources_fanuc_moveit_config:/home/jellyfish/ws_moveit/install/moveit_resources_fanuc_description:/home/jellyfish/ws_moveit/install/moveit_configs_utils:/home/jellyfish/ws_moveit/install/launch_param_builder:/opt/ros/humble LD_LIBRARY_PATH=/home/jellyfish/ws_moveit/install/srdfdom/lib:/home/jellyfish/ws_moveit/install/pilz_industrial_motion_planner_testutils/lib:/home/jellyfish/ws_moveit/install/pilz_industrial_motion_planner/lib:/home/jellyfish/ws_moveit/install/moveit_visual_tools/lib:/home/jellyfish/ws_moveit/install/moveit_task_constructor_visualization/lib:/home/jellyfish/ws_moveit/install/moveit_task_constructor_demo/lib:/home/jellyfish/ws_moveit/install/moveit_task_constructor_capabilities/lib:/home/jellyfish/ws_moveit/install/moveit_task_constructor_core/lib:/home/jellyfish/ws_moveit/install/moveit_ros_control_interface/lib:/home/jellyfish/ws_moveit/install/moveit_simple_controller_manager/lib:/home/jellyfish/ws_moveit/install/moveit_setup_assistant/lib:/home/jellyfish/ws_moveit/install/moveit_setup_srdf_plugins/lib:/home/jellyfish/ws_moveit/install/moveit_setup_core_plugins/lib:/home/jellyfish/ws_moveit/install/moveit_setup_controllers/lib:/home/jellyfish/ws_moveit/install/moveit_setup_app_plugins/lib:/home/jellyfish/ws_moveit/install/moveit_setup_framework/lib:/home/jellyfish/ws_moveit/install/moveit_servo/lib:/home/jellyfish/ws_moveit/install/moveit_ros_visualization/lib:/home/jellyfish/ws_moveit/install/moveit_hybrid_planning/lib:/home/jellyfish/ws_moveit/install/moveit_ros_planning_interface/lib:/home/jellyfish/ws_moveit/install/moveit_ros_benchmarks/lib:/home/jellyfish/ws_moveit/install/moveit_ros_warehouse/lib:/home/jellyfish/ws_moveit/install/moveit_ros_robot_interaction/lib:/home/jellyfish/ws_moveit/install/moveit_ros_perception/lib:/home/jellyfish/ws_moveit/install/moveit_ros_move_group/lib:/home/jellyfish/ws_moveit/install/moveit_planners_ompl/lib:/home/jellyfish/ws_moveit/install/moveit_ros_planning/lib:/home/jellyfish/ws_moveit/install/moveit_ros_occupancy_map_monitor/lib:/home/jellyfish/ws_moveit/install/moveit_resources_prbt_ikfast_manipulator_plugin/lib:/home/jellyfish/ws_moveit/install/moveit_planners_chomp/lib:/home/jellyfish/ws_moveit/install/moveit_kinematics/lib:/home/jellyfish/ws_moveit/install/moveit_chomp_optimizer_adapter/lib:/home/jellyfish/ws_moveit/install/chomp_motion_planner/lib:/home/jellyfish/ws_moveit/install/moveit_core/lib:/home/jellyfish/ws_moveit/install/rviz_marker_tools/lib:/home/jellyfish/ws_moveit/install/rosparam_shortcuts/lib:/home/jellyfish/ws_moveit/install/moveit_task_constructor_msgs/lib:/usr/lib/x86_64-linux-gnu/gazebo-11/plugins:/opt/ros/humble/opt/rviz_ogre_vendor/lib:/opt/ros/humble/lib/x86_64-linux-gnu:/opt/ros/humble/lib /usr/bin/cmake --install /home/jellyfish/ws_moveit/build/moveit_core
