[01m[K/home/jellyfish/ws_moveit/src/first_pkg/src/first_pkg.cpp:[m[K In function ‘[01m[Kint main(int, char**)[m[K’:
[01m[K/home/jellyfish/ws_moveit/src/first_pkg/src/first_pkg.cpp:32:55:[m[K [01;31m[Kerror: [m[Kexpected ‘[01m[K;[m[K’ before ‘[01m[KMoveGroupInterface[m[K’
   32 |   using moveit::planning_interface::MoveGroupInterface[01;31m[K [m[K[32m[KMoveGroupInterface[m[K(node, "panda_arm");
      |                                                       [01;31m[K^[m[K[32m[K~~~~~~~~~~~~~~~~~~[m[K
      |                                                       [32m[K;[m[K
[01m[K/home/jellyfish/ws_moveit/src/first_pkg/src/first_pkg.cpp:51:21:[m[K [01;31m[Kerror: [m[Kexpected unqualified-id before ‘[01m[K.[m[K’ token
   51 |   MoveGroupInterface[01;31m[K.[m[KsetPoseTarget(GoalPose);
      |                     [01;31m[K^[m[K
[01m[K/home/jellyfish/ws_moveit/src/first_pkg/src/first_pkg.cpp:57:60:[m[K [01;31m[Kerror: [m[Kexpected primary-expression before ‘[01m[K.[m[K’ token
   57 |   auto const outcome = static_cast<bool>(MoveGroupInterface[01;31m[K.[m[Kplan(first_plan));
      |                                                            [01;31m[K^[m[K
[01m[K/home/jellyfish/ws_moveit/src/first_pkg/src/first_pkg.cpp:62:23:[m[K [01;31m[Kerror: [m[Kexpected unqualified-id before ‘[01m[K.[m[K’ token
   62 |     MoveGroupInterface[01;31m[K.[m[Kexecute(first_plan);
      |                       [01;31m[K^[m[K
[01m[K/home/jellyfish/ws_moveit/src/first_pkg/src/first_pkg.cpp:70:9:[m[K [01;31m[Kerror: [m[Kexpected primary-expression before ‘[01m[K.[m[K’ token
   70 |   rclcpp[01;31m[K.[m[Kshutdown();
      |         [01;31m[K^[m[K
gmake[2]: *** [CMakeFiles/first_pkg.dir/build.make:76: CMakeFiles/first_pkg.dir/src/first_pkg.cpp.o] Error 1
gmake[1]: *** [CMakeFiles/Makefile2:137: CMakeFiles/first_pkg.dir/all] Error 2
gmake: *** [Makefile:146: all] Error 2
