[0.730s] Invoking command in '/home/jellyfish/ws_moveit/src/launch_param_builder': PYTHONPATH=/home/jellyfish/ws_moveit/build/launch_param_builder/prefix_override:/usr/lib/python3/dist-packages/colcon_core/task/python/colcon_distutils_commands:/home/jellyfish/ws_moveit/install/launch_param_builder/lib/python3.10/site-packages:${PYTHONPATH} /usr/bin/python3 -W ignore:setup.py install is deprecated setup.py egg_info --egg-base ../../build/launch_param_builder build --build-base /home/jellyfish/ws_moveit/build/launch_param_builder/build install --record /home/jellyfish/ws_moveit/build/launch_param_builder/install.log --single-version-externally-managed install_data
[0.974s] running egg_info
[0.975s] writing ../../build/launch_param_builder/launch_param_builder.egg-info/PKG-INFO
[0.975s] writing dependency_links to ../../build/launch_param_builder/launch_param_builder.egg-info/dependency_links.txt
[0.975s] writing entry points to ../../build/launch_param_builder/launch_param_builder.egg-info/entry_points.txt
[0.975s] writing requirements to ../../build/launch_param_builder/launch_param_builder.egg-info/requires.txt
[0.976s] writing top-level names to ../../build/launch_param_builder/launch_param_builder.egg-info/top_level.txt
[0.977s] reading manifest file '../../build/launch_param_builder/launch_param_builder.egg-info/SOURCES.txt'
[0.977s] adding license file 'LICENSE'
[0.979s] writing manifest file '../../build/launch_param_builder/launch_param_builder.egg-info/SOURCES.txt'
[0.980s] running build
[0.980s] running build_py
[0.980s] running install
[0.980s] running install_lib
[0.981s] running install_data
[0.981s] running install_egg_info
[0.983s] removing '/home/jellyfish/ws_moveit/install/launch_param_builder/lib/python3.10/site-packages/launch_param_builder-0.1.1-py3.10.egg-info' (and everything under it)
[0.983s] Copying ../../build/launch_param_builder/launch_param_builder.egg-info to /home/jellyfish/ws_moveit/install/launch_param_builder/lib/python3.10/site-packages/launch_param_builder-0.1.1-py3.10.egg-info
[0.984s] running install_scripts
[1.003s] writing list of installed files to '/home/jellyfish/ws_moveit/build/launch_param_builder/install.log'
[1.032s] Invoked command in '/home/jellyfish/ws_moveit/src/launch_param_builder' returned '0': PYTHONPATH=/home/jellyfish/ws_moveit/build/launch_param_builder/prefix_override:/usr/lib/python3/dist-packages/colcon_core/task/python/colcon_distutils_commands:/home/jellyfish/ws_moveit/install/launch_param_builder/lib/python3.10/site-packages:${PYTHONPATH} /usr/bin/python3 -W ignore:setup.py install is deprecated setup.py egg_info --egg-base ../../build/launch_param_builder build --build-base /home/jellyfish/ws_moveit/build/launch_param_builder/build install --record /home/jellyfish/ws_moveit/build/launch_param_builder/install.log --single-version-externally-managed install_data
