[0.019s] Invoking command in '/home/jellyfish/ws_moveit/build/moveit_resources': AMENT_PREFIX_PATH=/home/jellyfish/ws_moveit/install/moveit_resources_panda_moveit_config:/home/jellyfish/ws_moveit/install/moveit_resources_fanuc_moveit_config:/home/jellyfish/ws_moveit/install/moveit_resources_pr2_description:/home/jellyfish/ws_moveit/install/moveit_resources_panda_description:/home/jellyfish/ws_moveit/install/moveit_resources_fanuc_description:${AMENT_PREFIX_PATH} CMAKE_PREFIX_PATH=/home/jellyfish/ws_moveit/install/moveit_resources_panda_moveit_config:/home/jellyfish/ws_moveit/install/moveit_resources_fanuc_moveit_config:/home/jellyfish/ws_moveit/install/moveit_resources_pr2_description:/home/jellyfish/ws_moveit/install/moveit_resources_panda_description:/home/jellyfish/ws_moveit/install/moveit_resources_fanuc_description:/opt/ros/humble /usr/bin/cmake --build /home/jellyfish/ws_moveit/build/moveit_resources -- -j12 -l12
[0.066s] Invoked command in '/home/jellyfish/ws_moveit/build/moveit_resources' returned '0': AMENT_PREFIX_PATH=/home/jellyfish/ws_moveit/install/moveit_resources_panda_moveit_config:/home/jellyfish/ws_moveit/install/moveit_resources_fanuc_moveit_config:/home/jellyfish/ws_moveit/install/moveit_resources_pr2_description:/home/jellyfish/ws_moveit/install/moveit_resources_panda_description:/home/jellyfish/ws_moveit/install/moveit_resources_fanuc_description:${AMENT_PREFIX_PATH} CMAKE_PREFIX_PATH=/home/jellyfish/ws_moveit/install/moveit_resources_panda_moveit_config:/home/jellyfish/ws_moveit/install/moveit_resources_fanuc_moveit_config:/home/jellyfish/ws_moveit/install/moveit_resources_pr2_description:/home/jellyfish/ws_moveit/install/moveit_resources_panda_description:/home/jellyfish/ws_moveit/install/moveit_resources_fanuc_description:/opt/ros/humble /usr/bin/cmake --build /home/jellyfish/ws_moveit/build/moveit_resources -- -j12 -l12
[0.095s] Invoking command in '/home/jellyfish/ws_moveit/build/moveit_resources': AMENT_PREFIX_PATH=/home/jellyfish/ws_moveit/install/moveit_resources_panda_moveit_config:/home/jellyfish/ws_moveit/install/moveit_resources_fanuc_moveit_config:/home/jellyfish/ws_moveit/install/moveit_resources_pr2_description:/home/jellyfish/ws_moveit/install/moveit_resources_panda_description:/home/jellyfish/ws_moveit/install/moveit_resources_fanuc_description:${AMENT_PREFIX_PATH} CMAKE_PREFIX_PATH=/home/jellyfish/ws_moveit/install/moveit_resources_panda_moveit_config:/home/jellyfish/ws_moveit/install/moveit_resources_fanuc_moveit_config:/home/jellyfish/ws_moveit/install/moveit_resources_pr2_description:/home/jellyfish/ws_moveit/install/moveit_resources_panda_description:/home/jellyfish/ws_moveit/install/moveit_resources_fanuc_description:/opt/ros/humble /usr/bin/cmake --install /home/jellyfish/ws_moveit/build/moveit_resources
[0.103s] -- Install configuration: "Release"
[0.104s] -- Up-to-date: /home/jellyfish/ws_moveit/install/moveit_resources/share/ament_index/resource_index/package_run_dependencies/moveit_resources
[0.104s] -- Up-to-date: /home/jellyfish/ws_moveit/install/moveit_resources/share/ament_index/resource_index/parent_prefix_path/moveit_resources
[0.104s] -- Up-to-date: /home/jellyfish/ws_moveit/install/moveit_resources/share/moveit_resources/environment/ament_prefix_path.sh
[0.104s] -- Up-to-date: /home/jellyfish/ws_moveit/install/moveit_resources/share/moveit_resources/environment/ament_prefix_path.dsv
[0.104s] -- Up-to-date: /home/jellyfish/ws_moveit/install/moveit_resources/share/moveit_resources/environment/path.sh
[0.105s] -- Up-to-date: /home/jellyfish/ws_moveit/install/moveit_resources/share/moveit_resources/environment/path.dsv
[0.105s] -- Up-to-date: /home/jellyfish/ws_moveit/install/moveit_resources/share/moveit_resources/local_setup.bash
[0.105s] -- Up-to-date: /home/jellyfish/ws_moveit/install/moveit_resources/share/moveit_resources/local_setup.sh
[0.105s] -- Up-to-date: /home/jellyfish/ws_moveit/install/moveit_resources/share/moveit_resources/local_setup.zsh
[0.105s] -- Up-to-date: /home/jellyfish/ws_moveit/install/moveit_resources/share/moveit_resources/local_setup.dsv
[0.105s] -- Up-to-date: /home/jellyfish/ws_moveit/install/moveit_resources/share/moveit_resources/package.dsv
[0.106s] -- Up-to-date: /home/jellyfish/ws_moveit/install/moveit_resources/share/ament_index/resource_index/packages/moveit_resources
[0.106s] -- Up-to-date: /home/jellyfish/ws_moveit/install/moveit_resources/share/moveit_resources/cmake/moveit_resourcesConfig.cmake
[0.106s] -- Up-to-date: /home/jellyfish/ws_moveit/install/moveit_resources/share/moveit_resources/cmake/moveit_resourcesConfig-version.cmake
[0.106s] -- Up-to-date: /home/jellyfish/ws_moveit/install/moveit_resources/share/moveit_resources/package.xml
[0.108s] Invoked command in '/home/jellyfish/ws_moveit/build/moveit_resources' returned '0': AMENT_PREFIX_PATH=/home/jellyfish/ws_moveit/install/moveit_resources_panda_moveit_config:/home/jellyfish/ws_moveit/install/moveit_resources_fanuc_moveit_config:/home/jellyfish/ws_moveit/install/moveit_resources_pr2_description:/home/jellyfish/ws_moveit/install/moveit_resources_panda_description:/home/jellyfish/ws_moveit/install/moveit_resources_fanuc_description:${AMENT_PREFIX_PATH} CMAKE_PREFIX_PATH=/home/jellyfish/ws_moveit/install/moveit_resources_panda_moveit_config:/home/jellyfish/ws_moveit/install/moveit_resources_fanuc_moveit_config:/home/jellyfish/ws_moveit/install/moveit_resources_pr2_description:/home/jellyfish/ws_moveit/install/moveit_resources_panda_description:/home/jellyfish/ws_moveit/install/moveit_resources_fanuc_description:/opt/ros/humble /usr/bin/cmake --install /home/jellyfish/ws_moveit/build/moveit_resources
