[0.017s] Invoking command in '/home/jellyfish/ws_moveit/build/moveit_core': AMENT_PREFIX_PATH=/home/jellyfish/ws_moveit/install/moveit_resources_panda_moveit_config:/home/jellyfish/ws_moveit/install/srdfdom:/home/jellyfish/ws_moveit/install/moveit_resources_pr2_description:/home/jellyfish/ws_moveit/install/moveit_resources_panda_description:/home/jellyfish/ws_moveit/install/moveit_common:${AMENT_PREFIX_PATH} CMAKE_PREFIX_PATH=/home/jellyfish/ws_moveit/install/moveit_resources_panda_moveit_config:/home/jellyfish/ws_moveit/install/srdfdom:/home/jellyfish/ws_moveit/install/moveit_resources_pr2_description:/home/jellyfish/ws_moveit/install/moveit_resources_panda_description:/home/jellyfish/ws_moveit/install/moveit_common:/opt/ros/humble LD_LIBRARY_PATH=/home/jellyfish/ws_moveit/install/srdfdom/lib:${LD_LIBRARY_PATH} PYTHONPATH=/home/jellyfish/ws_moveit/install/srdfdom/local/lib/python3.10/dist-packages:${PYTHONPATH} /usr/bin/cmake --build /home/jellyfish/ws_moveit/build/moveit_core -- -j12 -l12
[0.083s] [35m[1mConsolidate compiler generated dependencies of target gtest_main[0m
[0.083s] [35m[1mConsolidate compiler generated dependencies of target moveit_exceptions[0m
[0.083s] [35m[1mConsolidate compiler generated dependencies of target moveit_version[0m
[0.083s] [35m[1mConsolidate compiler generated dependencies of target gtest[0m
[0.084s] [35m[1mConsolidate compiler generated dependencies of target moveit_kinematics_base[0m
[0.084s] [35m[1mConsolidate compiler generated dependencies of target moveit_smoothing_base[0m
[0.084s] [35m[1mConsolidate compiler generated dependencies of target moveit_utils[0m
[0.084s] [35m[1mConsolidate compiler generated dependencies of target gmock[0m
[0.087s] [35m[1mConsolidate compiler generated dependencies of target moveit_distance_field[0m
[0.090s] [35m[1mConsolidate compiler generated dependencies of target gmock_main[0m
[0.091s] [35m[1mConsolidate compiler generated dependencies of target moveit_transforms[0m
[0.097s] [  3%] Built target moveit_butterworth_parameters
[0.097s] [  3%] Built target moveit_version
[0.102s] [  4%] Built target gtest_main
[0.104s] [  5%] Built target gtest
[0.105s] [  6%] Built target moveit_exceptions
[0.105s] [  8%] Built target moveit_utils
[0.105s] [ 10%] Built target gmock
[0.109s] [ 12%] Built target gmock_main
[0.109s] [ 12%] Built target moveit_smoothing_base
[0.115s] [ 13%] Built target moveit_kinematics_base
[0.121s] [ 14%] Built target moveit_transforms
[0.134s] [35m[1mConsolidate compiler generated dependencies of target test_transforms[0m
[0.135s] [35m[1mConsolidate compiler generated dependencies of target moveit_robot_model[0m
[0.136s] [ 16%] Built target moveit_distance_field
[0.150s] [35m[1mConsolidate compiler generated dependencies of target test_voxel_grid[0m
[0.150s] [35m[1mConsolidate compiler generated dependencies of target test_distance_field[0m
[0.153s] [ 17%] Built target test_transforms
[0.173s] [ 18%] Built target test_voxel_grid
[0.182s] [ 19%] Built target test_distance_field
[0.188s] [ 26%] Built target moveit_robot_model
[0.201s] [35m[1mConsolidate compiler generated dependencies of target moveit_butterworth_filter[0m
[0.201s] [35m[1mConsolidate compiler generated dependencies of target moveit_test_utils[0m
[0.204s] [35m[1mConsolidate compiler generated dependencies of target moveit_robot_state[0m
[0.229s] [ 27%] Built target moveit_butterworth_filter
[0.236s] [ 28%] Built target moveit_test_utils
[0.242s] [35m[1mConsolidate compiler generated dependencies of target test_butterworth_filter[0m
[0.247s] [ 31%] Built target moveit_robot_state
[0.248s] [35m[1mConsolidate compiler generated dependencies of target test_robot_model[0m
[0.262s] [35m[1mConsolidate compiler generated dependencies of target moveit_dynamics_solver[0m
[0.262s] [35m[1mConsolidate compiler generated dependencies of target test_robot_state_benchmark[0m
[0.263s] [35m[1mConsolidate compiler generated dependencies of target moveit_robot_trajectory[0m
[0.263s] [35m[1mConsolidate compiler generated dependencies of target test_robot_state_complex[0m
[0.263s] [35m[1mConsolidate compiler generated dependencies of target test_robot_state[0m
[0.265s] [35m[1mConsolidate compiler generated dependencies of target moveit_kinematics_metrics[0m
[0.265s] [35m[1mConsolidate compiler generated dependencies of target test_aabb[0m
[0.266s] [35m[1mConsolidate compiler generated dependencies of target test_cartesian_interpolator[0m
[0.271s] [ 32%] Built target test_butterworth_filter
[0.273s] [35m[1mConsolidate compiler generated dependencies of target moveit_collision_detection[0m
[0.279s] [ 33%] Built target test_robot_model
[0.292s] [ 35%] Built target moveit_dynamics_solver
[0.292s] [ 36%] Built target test_robot_state_benchmark
[0.294s] [ 37%] Built target test_robot_state_complex
[0.295s] [ 39%] Built target moveit_kinematics_metrics
[0.295s] [ 39%] Built target test_cartesian_interpolator
[0.298s] [ 42%] Built target test_robot_state
[0.298s] [ 42%] Built target moveit_robot_trajectory
[0.299s] [ 43%] Built target test_aabb
[0.311s] [35m[1mConsolidate compiler generated dependencies of target test_robot_trajectory[0m
[0.313s] [35m[1mConsolidate compiler generated dependencies of target moveit_planning_interface[0m
[0.315s] [35m[1mConsolidate compiler generated dependencies of target moveit_trajectory_processing[0m
[0.333s] [ 49%] Built target moveit_collision_detection
[0.340s] [ 50%] Built target test_robot_trajectory
[0.346s] [35m[1mConsolidate compiler generated dependencies of target test_world_diff[0m
[0.346s] [35m[1mConsolidate compiler generated dependencies of target test_world[0m
[0.349s] [35m[1mConsolidate compiler generated dependencies of target test_all_valid[0m
[0.349s] [ 52%] Built target moveit_planning_interface
[0.350s] [35m[1mConsolidate compiler generated dependencies of target moveit_collision_detection_fcl[0m
[0.357s] [ 56%] Built target moveit_trajectory_processing
[0.357s] [35m[1mConsolidate compiler generated dependencies of target moveit_collision_detection_bullet[0m
[0.366s] [ 58%] Built target test_world_diff
[0.367s] [ 59%] Built target test_world
[0.371s] [35m[1mConsolidate compiler generated dependencies of target test_time_optimal_trajectory_generation[0m
[0.371s] [35m[1mConsolidate compiler generated dependencies of target test_time_parameterization[0m
[0.371s] [35m[1mConsolidate compiler generated dependencies of target test_ruckig_traj_smoothing[0m
[0.375s] [ 60%] Built target test_all_valid
[0.389s] [ 62%] Built target moveit_collision_detection_fcl
[0.399s] [ 64%] Built target test_time_optimal_trajectory_generation
[0.400s] [ 65%] Built target test_ruckig_traj_smoothing
[0.401s] [ 66%] Built target test_time_parameterization
[0.404s] [35m[1mConsolidate compiler generated dependencies of target test_fcl_collision_detection_panda[0m
[0.405s] [35m[1mConsolidate compiler generated dependencies of target test_fcl_collision_detection[0m
[0.405s] [35m[1mConsolidate compiler generated dependencies of target test_fcl_collision_env[0m
[0.406s] [35m[1mConsolidate compiler generated dependencies of target moveit_kinematic_constraints[0m
[0.423s] [ 71%] Built target moveit_collision_detection_bullet
[0.437s] [35m[1mConsolidate compiler generated dependencies of target test_bullet_collision_detection[0m
[0.439s] [ 72%] Built target test_fcl_collision_detection
[0.439s] [35m[1mConsolidate compiler generated dependencies of target test_bullet_collision_detection_panda[0m
[0.439s] [35m[1mConsolidate compiler generated dependencies of target test_bullet_continuous_collision_checking[0m
[0.439s] [ 73%] Built target test_fcl_collision_detection_panda
[0.444s] [ 75%] Built target test_fcl_collision_env
[0.450s] [ 77%] Built target moveit_kinematic_constraints
[0.463s] [35m[1mConsolidate compiler generated dependencies of target test_orientation_constraints[0m
[0.464s] [35m[1mConsolidate compiler generated dependencies of target moveit_planning_scene[0m
[0.464s] [35m[1mConsolidate compiler generated dependencies of target test_constraints[0m
[0.469s] [ 78%] Built target test_bullet_collision_detection
[0.473s] [ 79%] Built target test_bullet_collision_detection_panda
[0.476s] [ 81%] Built target test_bullet_continuous_collision_checking
[0.491s] [ 83%] Built target test_orientation_constraints
[0.491s] [ 83%] Built target test_constraints
[0.502s] [ 84%] Built target moveit_planning_scene
[0.517s] [35m[1mConsolidate compiler generated dependencies of target test_collision_objects[0m
[0.517s] [35m[1mConsolidate compiler generated dependencies of target collision_detector_bullet_plugin[0m
[0.517s] [35m[1mConsolidate compiler generated dependencies of target test_planning_scene[0m
[0.517s] [35m[1mConsolidate compiler generated dependencies of target collision_detector_fcl_plugin[0m
[0.518s] [35m[1mConsolidate compiler generated dependencies of target moveit_planning_request_adapter[0m
[0.519s] [35m[1mConsolidate compiler generated dependencies of target test_multi_threaded[0m
[0.523s] [35m[1mConsolidate compiler generated dependencies of target moveit_collision_distance_field[0m
[0.524s] [35m[1mConsolidate compiler generated dependencies of target moveit_constraint_samplers[0m
[0.545s] [ 86%] Built target collision_detector_bullet_plugin
[0.545s] [ 86%] Built target test_collision_objects
[0.550s] [ 87%] Built target collision_detector_fcl_plugin
[0.553s] [ 88%] Built target moveit_planning_request_adapter
[0.553s] [ 90%] Built target test_planning_scene
[0.554s] [ 90%] Built target test_multi_threaded
[0.574s] [ 93%] Built target moveit_constraint_samplers
[0.578s] [ 96%] Built target moveit_collision_distance_field
[0.590s] [35m[1mConsolidate compiler generated dependencies of target test_constraint_samplers[0m
[0.592s] [35m[1mConsolidate compiler generated dependencies of target test_collision_distance_field[0m
[0.627s] [ 97%] Built target test_collision_distance_field
[0.633s] [100%] Built target test_constraint_samplers
[0.648s] Invoked command in '/home/jellyfish/ws_moveit/build/moveit_core' returned '0': AMENT_PREFIX_PATH=/home/jellyfish/ws_moveit/install/moveit_resources_panda_moveit_config:/home/jellyfish/ws_moveit/install/srdfdom:/home/jellyfish/ws_moveit/install/moveit_resources_pr2_description:/home/jellyfish/ws_moveit/install/moveit_resources_panda_description:/home/jellyfish/ws_moveit/install/moveit_common:${AMENT_PREFIX_PATH} CMAKE_PREFIX_PATH=/home/jellyfish/ws_moveit/install/moveit_resources_panda_moveit_config:/home/jellyfish/ws_moveit/install/srdfdom:/home/jellyfish/ws_moveit/install/moveit_resources_pr2_description:/home/jellyfish/ws_moveit/install/moveit_resources_panda_description:/home/jellyfish/ws_moveit/install/moveit_common:/opt/ros/humble LD_LIBRARY_PATH=/home/jellyfish/ws_moveit/install/srdfdom/lib:${LD_LIBRARY_PATH} PYTHONPATH=/home/jellyfish/ws_moveit/install/srdfdom/local/lib/python3.10/dist-packages:${PYTHONPATH} /usr/bin/cmake --build /home/jellyfish/ws_moveit/build/moveit_core -- -j12 -l12
[0.726s] Invoking command in '/home/jellyfish/ws_moveit/build/moveit_core': AMENT_PREFIX_PATH=/home/jellyfish/ws_moveit/install/moveit_resources_panda_moveit_config:/home/jellyfish/ws_moveit/install/srdfdom:/home/jellyfish/ws_moveit/install/moveit_resources_pr2_description:/home/jellyfish/ws_moveit/install/moveit_resources_panda_description:/home/jellyfish/ws_moveit/install/moveit_common:${AMENT_PREFIX_PATH} CMAKE_PREFIX_PATH=/home/jellyfish/ws_moveit/install/moveit_resources_panda_moveit_config:/home/jellyfish/ws_moveit/install/srdfdom:/home/jellyfish/ws_moveit/install/moveit_resources_pr2_description:/home/jellyfish/ws_moveit/install/moveit_resources_panda_description:/home/jellyfish/ws_moveit/install/moveit_common:/opt/ros/humble LD_LIBRARY_PATH=/home/jellyfish/ws_moveit/install/srdfdom/lib:${LD_LIBRARY_PATH} PYTHONPATH=/home/jellyfish/ws_moveit/install/srdfdom/local/lib/python3.10/dist-packages:${PYTHONPATH} /usr/bin/cmake --install /home/jellyfish/ws_moveit/build/moveit_core
[0.736s] -- Install configuration: "Release"
[0.736s] -- Up-to-date: /home/jellyfish/ws_moveit/install/moveit_core/include/moveit/version.h
[0.736s] -- Up-to-date: /home/jellyfish/ws_moveit/install/moveit_core/include
[0.737s] -- Up-to-date: /home/jellyfish/ws_moveit/install/moveit_core/include/moveit
[0.737s] -- Up-to-date: /home/jellyfish/ws_moveit/install/moveit_core/include/moveit/collision_distance_field
[0.737s] -- Up-to-date: /home/jellyfish/ws_moveit/install/moveit_core/include/moveit/collision_distance_field/collision_detector_allocator_hybrid.h
[0.737s] -- Up-to-date: /home/jellyfish/ws_moveit/install/moveit_core/include/moveit/collision_distance_field/collision_common_distance_field.h
[0.737s] -- Up-to-date: /home/jellyfish/ws_moveit/install/moveit_core/include/moveit/collision_distance_field/collision_env_hybrid.h
[0.737s] -- Up-to-date: /home/jellyfish/ws_moveit/install/moveit_core/include/moveit/collision_distance_field/collision_distance_field_types.h
[0.737s] -- Up-to-date: /home/jellyfish/ws_moveit/install/moveit_core/include/moveit/collision_distance_field/collision_env_distance_field.h
[0.737s] -- Up-to-date: /home/jellyfish/ws_moveit/install/moveit_core/include/moveit/collision_distance_field/collision_detector_allocator_distance_field.h
[0.737s] -- Up-to-date: /home/jellyfish/ws_moveit/install/moveit_core/include/moveit_collision_distance_field_export.h
[0.738s] -- Up-to-date: /home/jellyfish/ws_moveit/install/moveit_core/include
[0.738s] -- Up-to-date: /home/jellyfish/ws_moveit/install/moveit_core/include/moveit
[0.738s] -- Up-to-date: /home/jellyfish/ws_moveit/install/moveit_core/include/moveit/constraint_samplers
[0.738s] -- Up-to-date: /home/jellyfish/ws_moveit/install/moveit_core/include/moveit/constraint_samplers/constraint_sampler_manager.h
[0.738s] -- Up-to-date: /home/jellyfish/ws_moveit/install/moveit_core/include/moveit/constraint_samplers/union_constraint_sampler.h
[0.738s] -- Up-to-date: /home/jellyfish/ws_moveit/install/moveit_core/include/moveit/constraint_samplers/constraint_sampler_allocator.h
[0.738s] -- Up-to-date: /home/jellyfish/ws_moveit/install/moveit_core/include/moveit/constraint_samplers/default_constraint_samplers.h
[0.738s] -- Up-to-date: /home/jellyfish/ws_moveit/install/moveit_core/include/moveit/constraint_samplers/constraint_sampler.h
[0.738s] -- Up-to-date: /home/jellyfish/ws_moveit/install/moveit_core/include/moveit/constraint_samplers/constraint_sampler_tools.h
[0.738s] -- Up-to-date: /home/jellyfish/ws_moveit/install/moveit_core/include
[0.738s] -- Up-to-date: /home/jellyfish/ws_moveit/install/moveit_core/include/moveit
[0.739s] -- Up-to-date: /home/jellyfish/ws_moveit/install/moveit_core/include/moveit/controller_manager
[0.739s] -- Up-to-date: /home/jellyfish/ws_moveit/install/moveit_core/include/moveit/controller_manager/controller_manager.h
[0.739s] -- Up-to-date: /home/jellyfish/ws_moveit/install/moveit_core/include
[0.739s] -- Up-to-date: /home/jellyfish/ws_moveit/install/moveit_core/include/moveit
[0.739s] -- Up-to-date: /home/jellyfish/ws_moveit/install/moveit_core/include/moveit/distance_field
[0.740s] -- Up-to-date: /home/jellyfish/ws_moveit/install/moveit_core/include/moveit/distance_field/distance_field.h
[0.740s] -- Up-to-date: /home/jellyfish/ws_moveit/install/moveit_core/include/moveit/distance_field/find_internal_points.h
[0.740s] -- Up-to-date: /home/jellyfish/ws_moveit/install/moveit_core/include/moveit/distance_field/voxel_grid.h
[0.740s] -- Up-to-date: /home/jellyfish/ws_moveit/install/moveit_core/include/moveit/distance_field/propagation_distance_field.h
[0.740s] -- Up-to-date: /home/jellyfish/ws_moveit/install/moveit_core/include
[0.740s] -- Up-to-date: /home/jellyfish/ws_moveit/install/moveit_core/include/moveit
[0.740s] -- Up-to-date: /home/jellyfish/ws_moveit/install/moveit_core/include/moveit/dynamics_solver
[0.740s] -- Up-to-date: /home/jellyfish/ws_moveit/install/moveit_core/include/moveit/dynamics_solver/dynamics_solver.h
[0.741s] -- Up-to-date: /home/jellyfish/ws_moveit/install/moveit_core/include
[0.741s] -- Up-to-date: /home/jellyfish/ws_moveit/install/moveit_core/include/moveit
[0.741s] -- Up-to-date: /home/jellyfish/ws_moveit/install/moveit_core/include/moveit/exceptions
[0.741s] -- Up-to-date: /home/jellyfish/ws_moveit/install/moveit_core/include/moveit/exceptions/exceptions.h
[0.741s] -- Up-to-date: /home/jellyfish/ws_moveit/install/moveit_core/include
[0.741s] -- Up-to-date: /home/jellyfish/ws_moveit/install/moveit_core/include/moveit
[0.741s] -- Up-to-date: /home/jellyfish/ws_moveit/install/moveit_core/include/moveit/kinematics_base
[0.741s] -- Up-to-date: /home/jellyfish/ws_moveit/install/moveit_core/include/moveit/kinematics_base/kinematics_base.h
[0.742s] -- Up-to-date: /home/jellyfish/ws_moveit/install/moveit_core/include/moveit_kinematics_base_export.h
[0.742s] -- Up-to-date: /home/jellyfish/ws_moveit/install/moveit_core/include
[0.742s] -- Up-to-date: /home/jellyfish/ws_moveit/install/moveit_core/include/moveit
[0.742s] -- Up-to-date: /home/jellyfish/ws_moveit/install/moveit_core/include/moveit/kinematic_constraints
[0.742s] -- Up-to-date: /home/jellyfish/ws_moveit/install/moveit_core/include/moveit/kinematic_constraints/utils.h
[0.742s] -- Up-to-date: /home/jellyfish/ws_moveit/install/moveit_core/include/moveit/kinematic_constraints/kinematic_constraint.h
[0.742s] -- Up-to-date: /home/jellyfish/ws_moveit/install/moveit_core/include
[0.742s] -- Up-to-date: /home/jellyfish/ws_moveit/install/moveit_core/include/moveit
[0.742s] -- Up-to-date: /home/jellyfish/ws_moveit/install/moveit_core/include/moveit/kinematics_metrics
[0.743s] -- Up-to-date: /home/jellyfish/ws_moveit/install/moveit_core/include/moveit/kinematics_metrics/kinematics_metrics.h
[0.743s] -- Up-to-date: /home/jellyfish/ws_moveit/install/moveit_core/include
[0.743s] -- Up-to-date: /home/jellyfish/ws_moveit/install/moveit_core/include/moveit
[0.743s] -- Up-to-date: /home/jellyfish/ws_moveit/install/moveit_core/include/moveit/macros
[0.743s] -- Up-to-date: /home/jellyfish/ws_moveit/install/moveit_core/include/moveit/macros/class_forward.h
[0.743s] -- Up-to-date: /home/jellyfish/ws_moveit/install/moveit_core/include/moveit/macros/declare_ptr.h
[0.743s] -- Up-to-date: /home/jellyfish/ws_moveit/install/moveit_core/include/moveit/macros/deprecation.h
[0.743s] -- Up-to-date: /home/jellyfish/ws_moveit/install/moveit_core/include/moveit/macros/console_colors.h
[0.744s] -- Up-to-date: /home/jellyfish/ws_moveit/install/moveit_core/include/moveit_butterworth_parameters
[0.744s] -- Up-to-date: /home/jellyfish/ws_moveit/install/moveit_core/include/moveit_butterworth_parameters/moveit_butterworth_parameters.hpp
[0.744s] -- Up-to-date: /home/jellyfish/ws_moveit/install/moveit_core/include
[0.744s] -- Up-to-date: /home/jellyfish/ws_moveit/install/moveit_core/include/moveit
[0.744s] -- Up-to-date: /home/jellyfish/ws_moveit/install/moveit_core/include/moveit/online_signal_smoothing
[0.744s] -- Up-to-date: /home/jellyfish/ws_moveit/install/moveit_core/include/moveit/online_signal_smoothing/butterworth_filter.h
[0.744s] -- Up-to-date: /home/jellyfish/ws_moveit/install/moveit_core/include/moveit/online_signal_smoothing/smoothing_base_class.h
[0.744s] -- Up-to-date: /home/jellyfish/ws_moveit/install/moveit_core/include/moveit_smoothing_base_export.h
[0.744s] -- Up-to-date: /home/jellyfish/ws_moveit/install/moveit_core/include/moveit_butterworth_filter_export.h
[0.745s] -- Up-to-date: /home/jellyfish/ws_moveit/install/moveit_core/include
[0.745s] -- Up-to-date: /home/jellyfish/ws_moveit/install/moveit_core/include/moveit
[0.745s] -- Up-to-date: /home/jellyfish/ws_moveit/install/moveit_core/include/moveit/planning_interface
[0.745s] -- Up-to-date: /home/jellyfish/ws_moveit/install/moveit_core/include/moveit/planning_interface/planning_response.h
[0.745s] -- Up-to-date: /home/jellyfish/ws_moveit/install/moveit_core/include/moveit/planning_interface/planning_request.h
[0.745s] -- Up-to-date: /home/jellyfish/ws_moveit/install/moveit_core/include/moveit/planning_interface/planning_interface.h
[0.745s] -- Up-to-date: /home/jellyfish/ws_moveit/install/moveit_core/include
[0.745s] -- Up-to-date: /home/jellyfish/ws_moveit/install/moveit_core/include/moveit
[0.745s] -- Up-to-date: /home/jellyfish/ws_moveit/install/moveit_core/include/moveit/planning_request_adapter
[0.745s] -- Up-to-date: /home/jellyfish/ws_moveit/install/moveit_core/include/moveit/planning_request_adapter/planning_request_adapter.h
[0.746s] -- Up-to-date: /home/jellyfish/ws_moveit/install/moveit_core/include
[0.746s] -- Up-to-date: /home/jellyfish/ws_moveit/install/moveit_core/include/moveit
[0.746s] -- Up-to-date: /home/jellyfish/ws_moveit/install/moveit_core/include/moveit/planning_scene
[0.746s] -- Up-to-date: /home/jellyfish/ws_moveit/install/moveit_core/include/moveit/planning_scene/planning_scene.h
[0.746s] -- Up-to-date: /home/jellyfish/ws_moveit/install/moveit_core/include/moveit_planning_scene_export.h
[0.746s] -- Up-to-date: /home/jellyfish/ws_moveit/install/moveit_core/include
[0.747s] -- Up-to-date: /home/jellyfish/ws_moveit/install/moveit_core/include/moveit
[0.747s] -- Up-to-date: /home/jellyfish/ws_moveit/install/moveit_core/include/moveit/robot_model
[0.747s] -- Up-to-date: /home/jellyfish/ws_moveit/install/moveit_core/include/moveit/robot_model/joint_model_group.h
[0.747s] -- Up-to-date: /home/jellyfish/ws_moveit/install/moveit_core/include/moveit/robot_model/revolute_joint_model.h
[0.747s] -- Up-to-date: /home/jellyfish/ws_moveit/install/moveit_core/include/moveit/robot_model/floating_joint_model.h
[0.747s] -- Up-to-date: /home/jellyfish/ws_moveit/install/moveit_core/include/moveit/robot_model/planar_joint_model.h
[0.747s] -- Up-to-date: /home/jellyfish/ws_moveit/install/moveit_core/include/moveit/robot_model/joint_model.h
[0.747s] -- Up-to-date: /home/jellyfish/ws_moveit/install/moveit_core/include/moveit/robot_model/robot_model.h
[0.747s] -- Up-to-date: /home/jellyfish/ws_moveit/install/moveit_core/include/moveit/robot_model/fixed_joint_model.h
[0.747s] -- Up-to-date: /home/jellyfish/ws_moveit/install/moveit_core/include/moveit/robot_model/prismatic_joint_model.h
[0.747s] -- Up-to-date: /home/jellyfish/ws_moveit/install/moveit_core/include/moveit/robot_model/aabb.h
[0.747s] -- Up-to-date: /home/jellyfish/ws_moveit/install/moveit_core/include/moveit/robot_model/link_model.h
[0.747s] -- Up-to-date: /home/jellyfish/ws_moveit/install/moveit_core/include
[0.748s] -- Up-to-date: /home/jellyfish/ws_moveit/install/moveit_core/include/moveit
[0.748s] -- Up-to-date: /home/jellyfish/ws_moveit/install/moveit_core/include/moveit/robot_state
[0.748s] -- Up-to-date: /home/jellyfish/ws_moveit/install/moveit_core/include/moveit/robot_state/cartesian_interpolator.h
[0.748s] -- Up-to-date: /home/jellyfish/ws_moveit/install/moveit_core/include/moveit/robot_state/robot_state.h
[0.748s] -- Up-to-date: /home/jellyfish/ws_moveit/install/moveit_core/include/moveit/robot_state/attached_body.h
[0.748s] -- Up-to-date: /home/jellyfish/ws_moveit/install/moveit_core/include/moveit/robot_state/conversions.h
[0.748s] -- Up-to-date: /home/jellyfish/ws_moveit/install/moveit_core/include
[0.748s] -- Up-to-date: /home/jellyfish/ws_moveit/install/moveit_core/include/moveit
[0.748s] -- Up-to-date: /home/jellyfish/ws_moveit/install/moveit_core/include/moveit/robot_trajectory
[0.748s] -- Up-to-date: /home/jellyfish/ws_moveit/install/moveit_core/include/moveit/robot_trajectory/robot_trajectory.h
[0.748s] -- Up-to-date: /home/jellyfish/ws_moveit/install/moveit_core/include
[0.749s] -- Up-to-date: /home/jellyfish/ws_moveit/install/moveit_core/include/moveit
[0.749s] -- Up-to-date: /home/jellyfish/ws_moveit/install/moveit_core/include/moveit/sensor_manager
[0.749s] -- Up-to-date: /home/jellyfish/ws_moveit/install/moveit_core/include/moveit/sensor_manager/sensor_manager.h
[0.750s] -- Up-to-date: /home/jellyfish/ws_moveit/install/moveit_core/include
[0.750s] -- Up-to-date: /home/jellyfish/ws_moveit/install/moveit_core/include/moveit
[0.750s] -- Up-to-date: /home/jellyfish/ws_moveit/install/moveit_core/include/moveit/trajectory_processing
[0.750s] -- Up-to-date: /home/jellyfish/ws_moveit/install/moveit_core/include/moveit/trajectory_processing/time_optimal_trajectory_generation.h
[0.750s] -- Up-to-date: /home/jellyfish/ws_moveit/install/moveit_core/include/moveit/trajectory_processing/time_parameterization.h
[0.750s] -- Up-to-date: /home/jellyfish/ws_moveit/install/moveit_core/include/moveit/trajectory_processing/ruckig_traj_smoothing.h
[0.750s] -- Up-to-date: /home/jellyfish/ws_moveit/install/moveit_core/include/moveit/trajectory_processing/trajectory_tools.h
[0.750s] -- Up-to-date: /home/jellyfish/ws_moveit/install/moveit_core/include/moveit/trajectory_processing/iterative_time_parameterization.h
[0.750s] -- Up-to-date: /home/jellyfish/ws_moveit/install/moveit_core/include/moveit/trajectory_processing/iterative_spline_parameterization.h
[0.750s] -- Up-to-date: /home/jellyfish/ws_moveit/install/moveit_core/include
[0.750s] -- Up-to-date: /home/jellyfish/ws_moveit/install/moveit_core/include/moveit
[0.750s] -- Up-to-date: /home/jellyfish/ws_moveit/install/moveit_core/include/moveit/transforms
[0.751s] -- Up-to-date: /home/jellyfish/ws_moveit/install/moveit_core/include/moveit/transforms/transforms.h
[0.751s] -- Up-to-date: /home/jellyfish/ws_moveit/install/moveit_core/include
[0.751s] -- Up-to-date: /home/jellyfish/ws_moveit/install/moveit_core/include/moveit
[0.751s] -- Up-to-date: /home/jellyfish/ws_moveit/install/moveit_core/include/moveit/utils
[0.751s] -- Up-to-date: /home/jellyfish/ws_moveit/install/moveit_core/include/moveit/utils/moveit_error_code.h
[0.751s] -- Up-to-date: /home/jellyfish/ws_moveit/install/moveit_core/include/moveit/utils/rclcpp_utils.h
[0.751s] -- Up-to-date: /home/jellyfish/ws_moveit/install/moveit_core/include/moveit/utils/robot_model_test_utils.h
[0.751s] -- Up-to-date: /home/jellyfish/ws_moveit/install/moveit_core/include/moveit/utils/lexical_casts.h
[0.751s] -- Up-to-date: /home/jellyfish/ws_moveit/install/moveit_core/include/moveit/utils/message_checks.h
[0.752s] -- Up-to-date: /home/jellyfish/ws_moveit/install/moveit_core/bin/moveit_version
[0.753s] -- Up-to-date: /home/jellyfish/ws_moveit/install/moveit_core/include
[0.753s] -- Up-to-date: /home/jellyfish/ws_moveit/install/moveit_core/include/moveit
[0.753s] -- Up-to-date: /home/jellyfish/ws_moveit/install/moveit_core/include/moveit/collision_detection
[0.753s] -- Up-to-date: /home/jellyfish/ws_moveit/install/moveit_core/include/moveit/collision_detection/allvalid
[0.753s] -- Up-to-date: /home/jellyfish/ws_moveit/install/moveit_core/include/moveit/collision_detection/allvalid/collision_env_allvalid.h
[0.753s] -- Up-to-date: /home/jellyfish/ws_moveit/install/moveit_core/include/moveit/collision_detection/allvalid/collision_detector_allocator_allvalid.h
[0.753s] -- Up-to-date: /home/jellyfish/ws_moveit/install/moveit_core/include/moveit/collision_detection/collision_tools.h
[0.753s] -- Up-to-date: /home/jellyfish/ws_moveit/install/moveit_core/include/moveit/collision_detection/collision_matrix.h
[0.753s] -- Up-to-date: /home/jellyfish/ws_moveit/install/moveit_core/include/moveit/collision_detection/collision_octomap_filter.h
[0.753s] -- Up-to-date: /home/jellyfish/ws_moveit/install/moveit_core/include/moveit/collision_detection/occupancy_map.h
[0.753s] -- Up-to-date: /home/jellyfish/ws_moveit/install/moveit_core/include/moveit/collision_detection/world_diff.h
[0.754s] -- Up-to-date: /home/jellyfish/ws_moveit/install/moveit_core/include/moveit/collision_detection/world.h
[0.754s] -- Up-to-date: /home/jellyfish/ws_moveit/install/moveit_core/include/moveit/collision_detection/test_collision_common_pr2.h
[0.754s] -- Up-to-date: /home/jellyfish/ws_moveit/install/moveit_core/include/moveit/collision_detection/collision_detector_allocator.h
[0.754s] -- Up-to-date: /home/jellyfish/ws_moveit/install/moveit_core/include/moveit/collision_detection/collision_common.h
[0.754s] -- Up-to-date: /home/jellyfish/ws_moveit/install/moveit_core/include/moveit/collision_detection/collision_env.h
[0.754s] -- Up-to-date: /home/jellyfish/ws_moveit/install/moveit_core/include/moveit/collision_detection/test_collision_common_panda.h
[0.754s] -- Up-to-date: /home/jellyfish/ws_moveit/install/moveit_core/include/moveit/collision_detection/collision_plugin.h
[0.754s] -- Up-to-date: /home/jellyfish/ws_moveit/install/moveit_core/include/moveit/collision_detection/collision_plugin_cache.h
[0.754s] -- Up-to-date: /home/jellyfish/ws_moveit/install/moveit_core/include/moveit_collision_detection_export.h
[0.754s] -- Up-to-date: /home/jellyfish/ws_moveit/install/moveit_core/include
[0.754s] -- Up-to-date: /home/jellyfish/ws_moveit/install/moveit_core/include/moveit
[0.754s] -- Up-to-date: /home/jellyfish/ws_moveit/install/moveit_core/include/moveit/collision_detection_bullet
[0.754s] -- Up-to-date: /home/jellyfish/ws_moveit/install/moveit_core/include/moveit/collision_detection_bullet/collision_env_bullet.h
[0.754s] -- Up-to-date: /home/jellyfish/ws_moveit/install/moveit_core/include/moveit/collision_detection_bullet/collision_detector_bullet_plugin_loader.h
[0.754s] -- Up-to-date: /home/jellyfish/ws_moveit/install/moveit_core/include/moveit/collision_detection_bullet/collision_detector_allocator_bullet.h
[0.755s] -- Up-to-date: /home/jellyfish/ws_moveit/install/moveit_core/include/moveit/collision_detection_bullet/bullet_integration
[0.755s] -- Up-to-date: /home/jellyfish/ws_moveit/install/moveit_core/include/moveit/collision_detection_bullet/bullet_integration/basic_types.h
[0.755s] -- Up-to-date: /home/jellyfish/ws_moveit/install/moveit_core/include/moveit/collision_detection_bullet/bullet_integration/ros_bullet_utils.h
[0.755s] -- Up-to-date: /home/jellyfish/ws_moveit/install/moveit_core/include/moveit/collision_detection_bullet/bullet_integration/bullet_utils.h
[0.755s] -- Up-to-date: /home/jellyfish/ws_moveit/install/moveit_core/include/moveit/collision_detection_bullet/bullet_integration/contact_checker_common.h
[0.755s] -- Up-to-date: /home/jellyfish/ws_moveit/install/moveit_core/include/moveit/collision_detection_bullet/bullet_integration/bullet_discrete_bvh_manager.h
[0.755s] -- Up-to-date: /home/jellyfish/ws_moveit/install/moveit_core/include/moveit/collision_detection_bullet/bullet_integration/bullet_bvh_manager.h
[0.755s] -- Up-to-date: /home/jellyfish/ws_moveit/install/moveit_core/include/moveit/collision_detection_bullet/bullet_integration/bullet_cast_bvh_manager.h
[0.755s] -- Up-to-date: /home/jellyfish/ws_moveit/install/moveit_core/include/moveit_collision_detection_bullet_export.h
[0.755s] -- Up-to-date: /home/jellyfish/ws_moveit/install/moveit_core/include
[0.755s] -- Up-to-date: /home/jellyfish/ws_moveit/install/moveit_core/include/moveit
[0.755s] -- Up-to-date: /home/jellyfish/ws_moveit/install/moveit_core/include/moveit/collision_detection_fcl
[0.755s] -- Up-to-date: /home/jellyfish/ws_moveit/install/moveit_core/include/moveit/collision_detection_fcl/collision_env_fcl.h
[0.755s] -- Up-to-date: /home/jellyfish/ws_moveit/install/moveit_core/include/moveit/collision_detection_fcl/collision_detector_allocator_fcl.h
[0.755s] -- Up-to-date: /home/jellyfish/ws_moveit/install/moveit_core/include/moveit/collision_detection_fcl/collision_detector_fcl_plugin_loader.h
[0.756s] -- Up-to-date: /home/jellyfish/ws_moveit/install/moveit_core/include/moveit/collision_detection_fcl/fcl_compat.h
[0.756s] -- Up-to-date: /home/jellyfish/ws_moveit/install/moveit_core/include/moveit/collision_detection_fcl/collision_common.h
[0.756s] -- Up-to-date: /home/jellyfish/ws_moveit/install/moveit_core/include/moveit_collision_detection_fcl_export.h
[0.756s] -- Up-to-date: /home/jellyfish/ws_moveit/install/moveit_core/lib/libcollision_detector_bullet_plugin.so.2.5.5
[0.756s] -- Up-to-date: /home/jellyfish/ws_moveit/install/moveit_core/lib/libcollision_detector_bullet_plugin.so
[0.757s] -- Up-to-date: /home/jellyfish/ws_moveit/install/moveit_core/lib/libmoveit_butterworth_filter.so.2.5.5
[0.757s] -- Up-to-date: /home/jellyfish/ws_moveit/install/moveit_core/lib/libmoveit_butterworth_filter.so
[0.758s] -- Up-to-date: /home/jellyfish/ws_moveit/install/moveit_core/lib/libmoveit_collision_distance_field.so.2.5.5
[0.758s] -- Up-to-date: /home/jellyfish/ws_moveit/install/moveit_core/lib/libmoveit_collision_distance_field.so
[0.759s] -- Up-to-date: /home/jellyfish/ws_moveit/install/moveit_core/lib/libmoveit_collision_detection.so.2.5.5
[0.759s] -- Up-to-date: /home/jellyfish/ws_moveit/install/moveit_core/lib/libmoveit_collision_detection.so
[0.760s] -- Up-to-date: /home/jellyfish/ws_moveit/install/moveit_core/lib/libmoveit_collision_detection_fcl.so.2.5.5
[0.760s] -- Up-to-date: /home/jellyfish/ws_moveit/install/moveit_core/lib/libmoveit_collision_detection_fcl.so
[0.761s] -- Up-to-date: /home/jellyfish/ws_moveit/install/moveit_core/lib/libmoveit_collision_detection_bullet.so.2.5.5
[0.761s] -- Up-to-date: /home/jellyfish/ws_moveit/install/moveit_core/lib/libmoveit_collision_detection_bullet.so
[0.762s] -- Up-to-date: /home/jellyfish/ws_moveit/install/moveit_core/lib/libmoveit_dynamics_solver.so.2.5.5
[0.762s] -- Up-to-date: /home/jellyfish/ws_moveit/install/moveit_core/lib/libmoveit_dynamics_solver.so
[0.763s] -- Up-to-date: /home/jellyfish/ws_moveit/install/moveit_core/lib/libmoveit_constraint_samplers.so.2.5.5
[0.763s] -- Up-to-date: /home/jellyfish/ws_moveit/install/moveit_core/lib/libmoveit_constraint_samplers.so
[0.764s] -- Up-to-date: /home/jellyfish/ws_moveit/install/moveit_core/lib/libmoveit_distance_field.so.2.5.5
[0.764s] -- Up-to-date: /home/jellyfish/ws_moveit/install/moveit_core/lib/libmoveit_distance_field.so
[0.765s] -- Up-to-date: /home/jellyfish/ws_moveit/install/moveit_core/lib/libmoveit_exceptions.so.2.5.5
[0.765s] -- Up-to-date: /home/jellyfish/ws_moveit/install/moveit_core/lib/libmoveit_exceptions.so
[0.766s] -- Up-to-date: /home/jellyfish/ws_moveit/install/moveit_core/lib/libmoveit_kinematics_base.so
[0.767s] -- Up-to-date: /home/jellyfish/ws_moveit/install/moveit_core/lib/libmoveit_kinematic_constraints.so.2.5.5
[0.767s] -- Up-to-date: /home/jellyfish/ws_moveit/install/moveit_core/lib/libmoveit_kinematic_constraints.so
[0.768s] -- Up-to-date: /home/jellyfish/ws_moveit/install/moveit_core/lib/libmoveit_kinematics_metrics.so.2.5.5
[0.768s] -- Up-to-date: /home/jellyfish/ws_moveit/install/moveit_core/lib/libmoveit_kinematics_metrics.so
[0.769s] -- Up-to-date: /home/jellyfish/ws_moveit/install/moveit_core/lib/libmoveit_planning_interface.so.2.5.5
[0.769s] -- Up-to-date: /home/jellyfish/ws_moveit/install/moveit_core/lib/libmoveit_planning_interface.so
[0.770s] -- Up-to-date: /home/jellyfish/ws_moveit/install/moveit_core/lib/libmoveit_planning_scene.so.2.5.5
[0.770s] -- Up-to-date: /home/jellyfish/ws_moveit/install/moveit_core/lib/libmoveit_planning_scene.so
[0.771s] -- Up-to-date: /home/jellyfish/ws_moveit/install/moveit_core/lib/libmoveit_planning_request_adapter.so.2.5.5
[0.771s] -- Up-to-date: /home/jellyfish/ws_moveit/install/moveit_core/lib/libmoveit_planning_request_adapter.so
[0.772s] -- Up-to-date: /home/jellyfish/ws_moveit/install/moveit_core/lib/libmoveit_robot_model.so.2.5.5
[0.772s] -- Up-to-date: /home/jellyfish/ws_moveit/install/moveit_core/lib/libmoveit_robot_model.so
[0.773s] -- Up-to-date: /home/jellyfish/ws_moveit/install/moveit_core/lib/libmoveit_robot_state.so.2.5.5
[0.773s] -- Up-to-date: /home/jellyfish/ws_moveit/install/moveit_core/lib/libmoveit_robot_state.so
[0.773s] -- Up-to-date: /home/jellyfish/ws_moveit/install/moveit_core/lib/libmoveit_robot_trajectory.so.2.5.5
[0.774s] -- Up-to-date: /home/jellyfish/ws_moveit/install/moveit_core/lib/libmoveit_robot_trajectory.so
[0.774s] -- Up-to-date: /home/jellyfish/ws_moveit/install/moveit_core/lib/libmoveit_smoothing_base.so.2.5.5
[0.774s] -- Up-to-date: /home/jellyfish/ws_moveit/install/moveit_core/lib/libmoveit_smoothing_base.so
[0.775s] -- Up-to-date: /home/jellyfish/ws_moveit/install/moveit_core/lib/libmoveit_test_utils.so.2.5.5
[0.775s] -- Up-to-date: /home/jellyfish/ws_moveit/install/moveit_core/lib/libmoveit_test_utils.so
[0.776s] -- Up-to-date: /home/jellyfish/ws_moveit/install/moveit_core/lib/libmoveit_trajectory_processing.so.2.5.5
[0.776s] -- Up-to-date: /home/jellyfish/ws_moveit/install/moveit_core/lib/libmoveit_trajectory_processing.so
[0.777s] -- Up-to-date: /home/jellyfish/ws_moveit/install/moveit_core/lib/libmoveit_transforms.so.2.5.5
[0.777s] -- Up-to-date: /home/jellyfish/ws_moveit/install/moveit_core/lib/libmoveit_transforms.so
[0.778s] -- Up-to-date: /home/jellyfish/ws_moveit/install/moveit_core/lib/libmoveit_utils.so.2.5.5
[0.778s] -- Up-to-date: /home/jellyfish/ws_moveit/install/moveit_core/lib/libmoveit_utils.so
[0.778s] -- Up-to-date: /home/jellyfish/ws_moveit/install/moveit_core/share/moveit_core/environment/library_path.sh
[0.779s] -- Up-to-date: /home/jellyfish/ws_moveit/install/moveit_core/share/moveit_core/environment/library_path.dsv
[0.779s] -- Up-to-date: /home/jellyfish/ws_moveit/install/moveit_core/share/moveit_core/collision_detector_fcl_description.xml
[0.779s] -- Up-to-date: /home/jellyfish/ws_moveit/install/moveit_core/share/moveit_core/collision_detector_bullet_description.xml
[0.779s] -- Up-to-date: /home/jellyfish/ws_moveit/install/moveit_core/share/moveit_core/filter_plugin_butterworth.xml
[0.779s] -- Up-to-date: /home/jellyfish/ws_moveit/install/moveit_core/share/ament_index/resource_index/package_run_dependencies/moveit_core
[0.779s] -- Up-to-date: /home/jellyfish/ws_moveit/install/moveit_core/share/ament_index/resource_index/parent_prefix_path/moveit_core
[0.779s] -- Up-to-date: /home/jellyfish/ws_moveit/install/moveit_core/share/moveit_core/environment/ament_prefix_path.sh
[0.779s] -- Up-to-date: /home/jellyfish/ws_moveit/install/moveit_core/share/moveit_core/environment/ament_prefix_path.dsv
[0.780s] -- Up-to-date: /home/jellyfish/ws_moveit/install/moveit_core/share/moveit_core/environment/path.sh
[0.780s] -- Up-to-date: /home/jellyfish/ws_moveit/install/moveit_core/share/moveit_core/environment/path.dsv
[0.780s] -- Up-to-date: /home/jellyfish/ws_moveit/install/moveit_core/share/moveit_core/local_setup.bash
[0.780s] -- Up-to-date: /home/jellyfish/ws_moveit/install/moveit_core/share/moveit_core/local_setup.sh
[0.780s] -- Up-to-date: /home/jellyfish/ws_moveit/install/moveit_core/share/moveit_core/local_setup.zsh
[0.780s] -- Up-to-date: /home/jellyfish/ws_moveit/install/moveit_core/share/moveit_core/local_setup.dsv
[0.780s] -- Installing: /home/jellyfish/ws_moveit/install/moveit_core/share/moveit_core/package.dsv
[0.780s] -- Up-to-date: /home/jellyfish/ws_moveit/install/moveit_core/share/ament_index/resource_index/packages/moveit_core
[0.781s] -- Up-to-date: /home/jellyfish/ws_moveit/install/moveit_core/share/ament_index/resource_index/moveit_core__pluginlib__plugin/moveit_core
[0.782s] -- Up-to-date: /home/jellyfish/ws_moveit/install/moveit_core/share/moveit_core/cmake/export_moveit_coreExport.cmake
[0.782s] -- Up-to-date: /home/jellyfish/ws_moveit/install/moveit_core/share/moveit_core/cmake/export_moveit_coreExport-release.cmake
[0.782s] -- Up-to-date: /home/jellyfish/ws_moveit/install/moveit_core/share/moveit_core/cmake/ConfigExtras.cmake
[0.782s] -- Up-to-date: /home/jellyfish/ws_moveit/install/moveit_core/share/moveit_core/cmake/ament_cmake_export_targets-extras.cmake
[0.782s] -- Up-to-date: /home/jellyfish/ws_moveit/install/moveit_core/share/moveit_core/cmake/ament_cmake_export_dependencies-extras.cmake
[0.782s] -- Up-to-date: /home/jellyfish/ws_moveit/install/moveit_core/share/moveit_core/cmake/moveit_coreConfig.cmake
[0.782s] -- Up-to-date: /home/jellyfish/ws_moveit/install/moveit_core/share/moveit_core/cmake/moveit_coreConfig-version.cmake
[0.782s] -- Up-to-date: /home/jellyfish/ws_moveit/install/moveit_core/share/moveit_core/package.xml
[0.784s] Invoked command in '/home/jellyfish/ws_moveit/build/moveit_core' returned '0': AMENT_PREFIX_PATH=/home/jellyfish/ws_moveit/install/moveit_resources_panda_moveit_config:/home/jellyfish/ws_moveit/install/srdfdom:/home/jellyfish/ws_moveit/install/moveit_resources_pr2_description:/home/jellyfish/ws_moveit/install/moveit_resources_panda_description:/home/jellyfish/ws_moveit/install/moveit_common:${AMENT_PREFIX_PATH} CMAKE_PREFIX_PATH=/home/jellyfish/ws_moveit/install/moveit_resources_panda_moveit_config:/home/jellyfish/ws_moveit/install/srdfdom:/home/jellyfish/ws_moveit/install/moveit_resources_pr2_description:/home/jellyfish/ws_moveit/install/moveit_resources_panda_description:/home/jellyfish/ws_moveit/install/moveit_common:/opt/ros/humble LD_LIBRARY_PATH=/home/jellyfish/ws_moveit/install/srdfdom/lib:${LD_LIBRARY_PATH} PYTHONPATH=/home/jellyfish/ws_moveit/install/srdfdom/local/lib/python3.10/dist-packages:${PYTHONPATH} /usr/bin/cmake --install /home/jellyfish/ws_moveit/build/moveit_core
