[0.018s] Invoking command in '/home/jellyfish/ws_moveit/build/rosparam_shortcuts': CMAKE_PREFIX_PATH=${CMAKE_PREFIX_PATH}:/home/jellyfish/ws_moveit/install/moveit_configs_utils:/home/jellyfish/ws_moveit/install/launch_param_builder:/opt/ros/humble /usr/bin/cmake --build /home/jellyfish/ws_moveit/build/rosparam_shortcuts -- -j12 -l12
[0.146s] [ 15%] Built target gtest
[0.150s] [ 38%] Built target rosparam_shortcuts
[0.162s] [ 53%] Built target gtest_main
[0.195s] [ 69%] Built target rosparam_shortcuts_node_parameters_example
[0.211s] [ 84%] Built target rosparam_shortcuts_example
[0.217s] [100%] Built target test_node_parameters
[0.237s] Invoked command in '/home/jellyfish/ws_moveit/build/rosparam_shortcuts' returned '0': CMAKE_PREFIX_PATH=${CMAKE_PREFIX_PATH}:/home/jellyfish/ws_moveit/install/moveit_configs_utils:/home/jellyfish/ws_moveit/install/launch_param_builder:/opt/ros/humble /usr/bin/cmake --build /home/jellyfish/ws_moveit/build/rosparam_shortcuts -- -j12 -l12
[0.356s] Invoking command in '/home/jellyfish/ws_moveit/build/rosparam_shortcuts': CMAKE_PREFIX_PATH=${CMAKE_PREFIX_PATH}:/home/jellyfish/ws_moveit/install/moveit_configs_utils:/home/jellyfish/ws_moveit/install/launch_param_builder:/opt/ros/humble /usr/bin/cmake --install /home/jellyfish/ws_moveit/build/rosparam_shortcuts
[0.369s] -- Install configuration: "Release"
[0.369s] -- Up-to-date: /home/jellyfish/ws_moveit/install/rosparam_shortcuts/lib/librosparam_shortcuts.so
[0.369s] -- Up-to-date: /home/jellyfish/ws_moveit/install/rosparam_shortcuts/lib/rosparam_shortcuts/example
[0.369s] -- Up-to-date: /home/jellyfish/ws_moveit/install/rosparam_shortcuts/lib/rosparam_shortcuts/node_parameters_example
[0.369s] -- Up-to-date: /home/jellyfish/ws_moveit/install/rosparam_shortcuts/include
[0.369s] -- Up-to-date: /home/jellyfish/ws_moveit/install/rosparam_shortcuts/include/rosparam_shortcuts
[0.369s] -- Up-to-date: /home/jellyfish/ws_moveit/install/rosparam_shortcuts/include/rosparam_shortcuts/node_parameters.h
[0.370s] -- Up-to-date: /home/jellyfish/ws_moveit/install/rosparam_shortcuts/include/rosparam_shortcuts/rosparam_shortcuts.h
[0.370s] -- Up-to-date: /home/jellyfish/ws_moveit/install/rosparam_shortcuts/share/rosparam_shortcuts/launch
[0.370s] -- Up-to-date: /home/jellyfish/ws_moveit/install/rosparam_shortcuts/share/rosparam_shortcuts/launch/example.launch.py
[0.370s] -- Up-to-date: /home/jellyfish/ws_moveit/install/rosparam_shortcuts/share/rosparam_shortcuts/config
[0.370s] -- Up-to-date: /home/jellyfish/ws_moveit/install/rosparam_shortcuts/share/rosparam_shortcuts/config/example.yaml
[0.370s] -- Up-to-date: /home/jellyfish/ws_moveit/install/rosparam_shortcuts/share/rosparam_shortcuts/environment/library_path.sh
[0.370s] -- Up-to-date: /home/jellyfish/ws_moveit/install/rosparam_shortcuts/share/rosparam_shortcuts/environment/library_path.dsv
[0.370s] -- Up-to-date: /home/jellyfish/ws_moveit/install/rosparam_shortcuts/share/ament_index/resource_index/package_run_dependencies/rosparam_shortcuts
[0.370s] -- Up-to-date: /home/jellyfish/ws_moveit/install/rosparam_shortcuts/share/ament_index/resource_index/parent_prefix_path/rosparam_shortcuts
[0.370s] -- Up-to-date: /home/jellyfish/ws_moveit/install/rosparam_shortcuts/share/rosparam_shortcuts/environment/ament_prefix_path.sh
[0.371s] -- Up-to-date: /home/jellyfish/ws_moveit/install/rosparam_shortcuts/share/rosparam_shortcuts/environment/ament_prefix_path.dsv
[0.371s] -- Up-to-date: /home/jellyfish/ws_moveit/install/rosparam_shortcuts/share/rosparam_shortcuts/environment/path.sh
[0.371s] -- Up-to-date: /home/jellyfish/ws_moveit/install/rosparam_shortcuts/share/rosparam_shortcuts/environment/path.dsv
[0.371s] -- Up-to-date: /home/jellyfish/ws_moveit/install/rosparam_shortcuts/share/rosparam_shortcuts/local_setup.bash
[0.371s] -- Up-to-date: /home/jellyfish/ws_moveit/install/rosparam_shortcuts/share/rosparam_shortcuts/local_setup.sh
[0.371s] -- Up-to-date: /home/jellyfish/ws_moveit/install/rosparam_shortcuts/share/rosparam_shortcuts/local_setup.zsh
[0.371s] -- Up-to-date: /home/jellyfish/ws_moveit/install/rosparam_shortcuts/share/rosparam_shortcuts/local_setup.dsv
[0.371s] -- Installing: /home/jellyfish/ws_moveit/install/rosparam_shortcuts/share/rosparam_shortcuts/package.dsv
[0.371s] -- Up-to-date: /home/jellyfish/ws_moveit/install/rosparam_shortcuts/share/ament_index/resource_index/packages/rosparam_shortcuts
[0.371s] -- Up-to-date: /home/jellyfish/ws_moveit/install/rosparam_shortcuts/share/rosparam_shortcuts/cmake/export_rosparam_shortcutsExport.cmake
[0.371s] -- Up-to-date: /home/jellyfish/ws_moveit/install/rosparam_shortcuts/share/rosparam_shortcuts/cmake/export_rosparam_shortcutsExport-release.cmake
[0.371s] -- Up-to-date: /home/jellyfish/ws_moveit/install/rosparam_shortcuts/share/rosparam_shortcuts/cmake/ament_cmake_export_targets-extras.cmake
[0.371s] -- Up-to-date: /home/jellyfish/ws_moveit/install/rosparam_shortcuts/share/rosparam_shortcuts/cmake/ament_cmake_export_dependencies-extras.cmake
[0.371s] -- Up-to-date: /home/jellyfish/ws_moveit/install/rosparam_shortcuts/share/rosparam_shortcuts/cmake/rosparam_shortcutsConfig.cmake
[0.371s] -- Up-to-date: /home/jellyfish/ws_moveit/install/rosparam_shortcuts/share/rosparam_shortcuts/cmake/rosparam_shortcutsConfig-version.cmake
[0.371s] -- Up-to-date: /home/jellyfish/ws_moveit/install/rosparam_shortcuts/share/rosparam_shortcuts/package.xml
[0.373s] Invoked command in '/home/jellyfish/ws_moveit/build/rosparam_shortcuts' returned '0': CMAKE_PREFIX_PATH=${CMAKE_PREFIX_PATH}:/home/jellyfish/ws_moveit/install/moveit_configs_utils:/home/jellyfish/ws_moveit/install/launch_param_builder:/opt/ros/humble /usr/bin/cmake --install /home/jellyfish/ws_moveit/build/rosparam_shortcuts
