[0.030s] Invoking command in '/home/jellyfish/ws_moveit/build/moveit_ros_control_interface': AMENT_PREFIX_PATH=/home/jellyfish/ws_moveit/install/moveit_simple_controller_manager:/home/jellyfish/ws_moveit/install/moveit_core:/home/jellyfish/ws_moveit/install/moveit_resources_panda_moveit_config:/home/jellyfish/ws_moveit/install/srdfdom:/home/jellyfish/ws_moveit/install/moveit_resources_pr2_description:/home/jellyfish/ws_moveit/install/moveit_resources_panda_description:/home/jellyfish/ws_moveit/install/moveit_common:${AMENT_PREFIX_PATH} CMAKE_PREFIX_PATH=/home/jellyfish/ws_moveit/install/moveit_simple_controller_manager:/home/jellyfish/ws_moveit/install/moveit_core:/home/jellyfish/ws_moveit/install/moveit_resources_panda_moveit_config:/home/jellyfish/ws_moveit/install/srdfdom:/home/jellyfish/ws_moveit/install/moveit_resources_pr2_description:/home/jellyfish/ws_moveit/install/moveit_resources_panda_description:/home/jellyfish/ws_moveit/install/moveit_common:/opt/ros/humble LD_LIBRARY_PATH=/home/jellyfish/ws_moveit/install/moveit_simple_controller_manager/lib:/home/jellyfish/ws_moveit/install/moveit_core/lib:/home/jellyfish/ws_moveit/install/srdfdom/lib:${LD_LIBRARY_PATH} PATH=/home/jellyfish/ws_moveit/install/moveit_core/bin:${PATH} PYTHONPATH=/home/jellyfish/ws_moveit/install/srdfdom/local/lib/python3.10/dist-packages:${PYTHONPATH} /usr/bin/cmake --build /home/jellyfish/ws_moveit/build/moveit_ros_control_interface -- -j12 -l12
[0.099s] [35m[1mConsolidate compiler generated dependencies of target moveit_ros_control_interface_empty_plugin[0m
[0.099s] [35m[1mConsolidate compiler generated dependencies of target moveit_ros_control_interface_trajectory_plugin[0m
[0.099s] [35m[1mConsolidate compiler generated dependencies of target moveit_ros_control_interface_gripper_plugin[0m
[0.099s] [35m[1mConsolidate compiler generated dependencies of target moveit_ros_control_interface_plugin[0m
[0.121s] [ 25%] Built target moveit_ros_control_interface_empty_plugin
[0.122s] [ 50%] Built target moveit_ros_control_interface_gripper_plugin
[0.133s] [ 75%] Built target moveit_ros_control_interface_plugin
[0.138s] [100%] Built target moveit_ros_control_interface_trajectory_plugin
[0.156s] Invoked command in '/home/jellyfish/ws_moveit/build/moveit_ros_control_interface' returned '0': AMENT_PREFIX_PATH=/home/jellyfish/ws_moveit/install/moveit_simple_controller_manager:/home/jellyfish/ws_moveit/install/moveit_core:/home/jellyfish/ws_moveit/install/moveit_resources_panda_moveit_config:/home/jellyfish/ws_moveit/install/srdfdom:/home/jellyfish/ws_moveit/install/moveit_resources_pr2_description:/home/jellyfish/ws_moveit/install/moveit_resources_panda_description:/home/jellyfish/ws_moveit/install/moveit_common:${AMENT_PREFIX_PATH} CMAKE_PREFIX_PATH=/home/jellyfish/ws_moveit/install/moveit_simple_controller_manager:/home/jellyfish/ws_moveit/install/moveit_core:/home/jellyfish/ws_moveit/install/moveit_resources_panda_moveit_config:/home/jellyfish/ws_moveit/install/srdfdom:/home/jellyfish/ws_moveit/install/moveit_resources_pr2_description:/home/jellyfish/ws_moveit/install/moveit_resources_panda_description:/home/jellyfish/ws_moveit/install/moveit_common:/opt/ros/humble LD_LIBRARY_PATH=/home/jellyfish/ws_moveit/install/moveit_simple_controller_manager/lib:/home/jellyfish/ws_moveit/install/moveit_core/lib:/home/jellyfish/ws_moveit/install/srdfdom/lib:${LD_LIBRARY_PATH} PATH=/home/jellyfish/ws_moveit/install/moveit_core/bin:${PATH} PYTHONPATH=/home/jellyfish/ws_moveit/install/srdfdom/local/lib/python3.10/dist-packages:${PYTHONPATH} /usr/bin/cmake --build /home/jellyfish/ws_moveit/build/moveit_ros_control_interface -- -j12 -l12
[0.199s] Invoking command in '/home/jellyfish/ws_moveit/build/moveit_ros_control_interface': AMENT_PREFIX_PATH=/home/jellyfish/ws_moveit/install/moveit_simple_controller_manager:/home/jellyfish/ws_moveit/install/moveit_core:/home/jellyfish/ws_moveit/install/moveit_resources_panda_moveit_config:/home/jellyfish/ws_moveit/install/srdfdom:/home/jellyfish/ws_moveit/install/moveit_resources_pr2_description:/home/jellyfish/ws_moveit/install/moveit_resources_panda_description:/home/jellyfish/ws_moveit/install/moveit_common:${AMENT_PREFIX_PATH} CMAKE_PREFIX_PATH=/home/jellyfish/ws_moveit/install/moveit_simple_controller_manager:/home/jellyfish/ws_moveit/install/moveit_core:/home/jellyfish/ws_moveit/install/moveit_resources_panda_moveit_config:/home/jellyfish/ws_moveit/install/srdfdom:/home/jellyfish/ws_moveit/install/moveit_resources_pr2_description:/home/jellyfish/ws_moveit/install/moveit_resources_panda_description:/home/jellyfish/ws_moveit/install/moveit_common:/opt/ros/humble LD_LIBRARY_PATH=/home/jellyfish/ws_moveit/install/moveit_simple_controller_manager/lib:/home/jellyfish/ws_moveit/install/moveit_core/lib:/home/jellyfish/ws_moveit/install/srdfdom/lib:${LD_LIBRARY_PATH} PATH=/home/jellyfish/ws_moveit/install/moveit_core/bin:${PATH} PYTHONPATH=/home/jellyfish/ws_moveit/install/srdfdom/local/lib/python3.10/dist-packages:${PYTHONPATH} /usr/bin/cmake --install /home/jellyfish/ws_moveit/build/moveit_ros_control_interface
[0.207s] -- Install configuration: "Release"
[0.208s] -- Up-to-date: /home/jellyfish/ws_moveit/install/moveit_ros_control_interface/lib/libmoveit_ros_control_interface_plugin.so.2.5.5
[0.208s] -- Up-to-date: /home/jellyfish/ws_moveit/install/moveit_ros_control_interface/lib/libmoveit_ros_control_interface_plugin.so
[0.208s] -- Up-to-date: /home/jellyfish/ws_moveit/install/moveit_ros_control_interface/lib/libmoveit_ros_control_interface_trajectory_plugin.so.2.5.5
[0.208s] -- Up-to-date: /home/jellyfish/ws_moveit/install/moveit_ros_control_interface/lib/libmoveit_ros_control_interface_trajectory_plugin.so
[0.209s] -- Up-to-date: /home/jellyfish/ws_moveit/install/moveit_ros_control_interface/lib/libmoveit_ros_control_interface_gripper_plugin.so.2.5.5
[0.209s] -- Up-to-date: /home/jellyfish/ws_moveit/install/moveit_ros_control_interface/lib/libmoveit_ros_control_interface_gripper_plugin.so
[0.209s] -- Up-to-date: /home/jellyfish/ws_moveit/install/moveit_ros_control_interface/lib/libmoveit_ros_control_interface_empty_plugin.so.2.5.5
[0.210s] -- Up-to-date: /home/jellyfish/ws_moveit/install/moveit_ros_control_interface/lib/libmoveit_ros_control_interface_empty_plugin.so
[0.210s] -- Up-to-date: /home/jellyfish/ws_moveit/install/moveit_ros_control_interface/include
[0.210s] -- Up-to-date: /home/jellyfish/ws_moveit/install/moveit_ros_control_interface/include/moveit_ros_control_interface
[0.210s] -- Up-to-date: /home/jellyfish/ws_moveit/install/moveit_ros_control_interface/include/moveit_ros_control_interface/ControllerHandle.h
[0.210s] -- Up-to-date: /home/jellyfish/ws_moveit/install/moveit_ros_control_interface/share/moveit_ros_control_interface/moveit_core_plugins.xml
[0.210s] -- Up-to-date: /home/jellyfish/ws_moveit/install/moveit_ros_control_interface/share/moveit_ros_control_interface/moveit_ros_control_interface_plugins.xml
[0.211s] -- Up-to-date: /home/jellyfish/ws_moveit/install/moveit_ros_control_interface/share/moveit_ros_control_interface/environment/library_path.sh
[0.211s] -- Up-to-date: /home/jellyfish/ws_moveit/install/moveit_ros_control_interface/share/moveit_ros_control_interface/environment/library_path.dsv
[0.211s] -- Up-to-date: /home/jellyfish/ws_moveit/install/moveit_ros_control_interface/share/ament_index/resource_index/package_run_dependencies/moveit_ros_control_interface
[0.211s] -- Up-to-date: /home/jellyfish/ws_moveit/install/moveit_ros_control_interface/share/ament_index/resource_index/parent_prefix_path/moveit_ros_control_interface
[0.211s] -- Up-to-date: /home/jellyfish/ws_moveit/install/moveit_ros_control_interface/share/moveit_ros_control_interface/environment/ament_prefix_path.sh
[0.211s] -- Up-to-date: /home/jellyfish/ws_moveit/install/moveit_ros_control_interface/share/moveit_ros_control_interface/environment/ament_prefix_path.dsv
[0.211s] -- Up-to-date: /home/jellyfish/ws_moveit/install/moveit_ros_control_interface/share/moveit_ros_control_interface/environment/path.sh
[0.212s] -- Up-to-date: /home/jellyfish/ws_moveit/install/moveit_ros_control_interface/share/moveit_ros_control_interface/environment/path.dsv
[0.212s] -- Up-to-date: /home/jellyfish/ws_moveit/install/moveit_ros_control_interface/share/moveit_ros_control_interface/local_setup.bash
[0.212s] -- Up-to-date: /home/jellyfish/ws_moveit/install/moveit_ros_control_interface/share/moveit_ros_control_interface/local_setup.sh
[0.212s] -- Up-to-date: /home/jellyfish/ws_moveit/install/moveit_ros_control_interface/share/moveit_ros_control_interface/local_setup.zsh
[0.212s] -- Up-to-date: /home/jellyfish/ws_moveit/install/moveit_ros_control_interface/share/moveit_ros_control_interface/local_setup.dsv
[0.212s] -- Installing: /home/jellyfish/ws_moveit/install/moveit_ros_control_interface/share/moveit_ros_control_interface/package.dsv
[0.212s] -- Up-to-date: /home/jellyfish/ws_moveit/install/moveit_ros_control_interface/share/ament_index/resource_index/packages/moveit_ros_control_interface
[0.212s] -- Up-to-date: /home/jellyfish/ws_moveit/install/moveit_ros_control_interface/share/ament_index/resource_index/moveit_core__pluginlib__plugin/moveit_ros_control_interface
[0.213s] -- Up-to-date: /home/jellyfish/ws_moveit/install/moveit_ros_control_interface/share/ament_index/resource_index/moveit_ros_control_interface__pluginlib__plugin/moveit_ros_control_interface
[0.213s] -- Up-to-date: /home/jellyfish/ws_moveit/install/moveit_ros_control_interface/share/moveit_ros_control_interface/cmake/export_moveit_ros_control_interfaceExport.cmake
[0.213s] -- Up-to-date: /home/jellyfish/ws_moveit/install/moveit_ros_control_interface/share/moveit_ros_control_interface/cmake/export_moveit_ros_control_interfaceExport-release.cmake
[0.213s] -- Up-to-date: /home/jellyfish/ws_moveit/install/moveit_ros_control_interface/share/moveit_ros_control_interface/cmake/ConfigExtras.cmake
[0.213s] -- Up-to-date: /home/jellyfish/ws_moveit/install/moveit_ros_control_interface/share/moveit_ros_control_interface/cmake/ament_cmake_export_targets-extras.cmake
[0.213s] -- Up-to-date: /home/jellyfish/ws_moveit/install/moveit_ros_control_interface/share/moveit_ros_control_interface/cmake/ament_cmake_export_dependencies-extras.cmake
[0.213s] -- Up-to-date: /home/jellyfish/ws_moveit/install/moveit_ros_control_interface/share/moveit_ros_control_interface/cmake/moveit_ros_control_interfaceConfig.cmake
[0.214s] -- Up-to-date: /home/jellyfish/ws_moveit/install/moveit_ros_control_interface/share/moveit_ros_control_interface/cmake/moveit_ros_control_interfaceConfig-version.cmake
[0.214s] -- Up-to-date: /home/jellyfish/ws_moveit/install/moveit_ros_control_interface/share/moveit_ros_control_interface/package.xml
[0.215s] Invoked command in '/home/jellyfish/ws_moveit/build/moveit_ros_control_interface' returned '0': AMENT_PREFIX_PATH=/home/jellyfish/ws_moveit/install/moveit_simple_controller_manager:/home/jellyfish/ws_moveit/install/moveit_core:/home/jellyfish/ws_moveit/install/moveit_resources_panda_moveit_config:/home/jellyfish/ws_moveit/install/srdfdom:/home/jellyfish/ws_moveit/install/moveit_resources_pr2_description:/home/jellyfish/ws_moveit/install/moveit_resources_panda_description:/home/jellyfish/ws_moveit/install/moveit_common:${AMENT_PREFIX_PATH} CMAKE_PREFIX_PATH=/home/jellyfish/ws_moveit/install/moveit_simple_controller_manager:/home/jellyfish/ws_moveit/install/moveit_core:/home/jellyfish/ws_moveit/install/moveit_resources_panda_moveit_config:/home/jellyfish/ws_moveit/install/srdfdom:/home/jellyfish/ws_moveit/install/moveit_resources_pr2_description:/home/jellyfish/ws_moveit/install/moveit_resources_panda_description:/home/jellyfish/ws_moveit/install/moveit_common:/opt/ros/humble LD_LIBRARY_PATH=/home/jellyfish/ws_moveit/install/moveit_simple_controller_manager/lib:/home/jellyfish/ws_moveit/install/moveit_core/lib:/home/jellyfish/ws_moveit/install/srdfdom/lib:${LD_LIBRARY_PATH} PATH=/home/jellyfish/ws_moveit/install/moveit_core/bin:${PATH} PYTHONPATH=/home/jellyfish/ws_moveit/install/srdfdom/local/lib/python3.10/dist-packages:${PYTHONPATH} /usr/bin/cmake --install /home/jellyfish/ws_moveit/build/moveit_ros_control_interface
