[0.031s] Invoking command in '/home/jellyfish/ws_moveit/build/moveit_common': CMAKE_PREFIX_PATH=${CMAKE_PREFIX_PATH}:/home/jellyfish/ws_moveit/install/moveit_configs_utils:/home/jellyfish/ws_moveit/install/launch_param_builder:/opt/ros/humble /usr/bin/cmake --build /home/jellyfish/ws_moveit/build/moveit_common -- -j12 -l12
[0.140s] Invoked command in '/home/jellyfish/ws_moveit/build/moveit_common' returned '0': CMAKE_PREFIX_PATH=${CMAKE_PREFIX_PATH}:/home/jellyfish/ws_moveit/install/moveit_configs_utils:/home/jellyfish/ws_moveit/install/launch_param_builder:/opt/ros/humble /usr/bin/cmake --build /home/jellyfish/ws_moveit/build/moveit_common -- -j12 -l12
[0.233s] Invoking command in '/home/jellyfish/ws_moveit/build/moveit_common': CMAKE_PREFIX_PATH=${CMAKE_PREFIX_PATH}:/home/jellyfish/ws_moveit/install/moveit_configs_utils:/home/jellyfish/ws_moveit/install/launch_param_builder:/opt/ros/humble /usr/bin/cmake --install /home/jellyfish/ws_moveit/build/moveit_common
[0.246s] -- Install configuration: "Release"
[0.246s] -- Up-to-date: /home/jellyfish/ws_moveit/install/moveit_common/share/ament_index/resource_index/package_run_dependencies/moveit_common
[0.246s] -- Up-to-date: /home/jellyfish/ws_moveit/install/moveit_common/share/ament_index/resource_index/parent_prefix_path/moveit_common
[0.247s] -- Up-to-date: /home/jellyfish/ws_moveit/install/moveit_common/share/moveit_common/environment/ament_prefix_path.sh
[0.247s] -- Up-to-date: /home/jellyfish/ws_moveit/install/moveit_common/share/moveit_common/environment/ament_prefix_path.dsv
[0.247s] -- Up-to-date: /home/jellyfish/ws_moveit/install/moveit_common/share/moveit_common/environment/path.sh
[0.247s] -- Up-to-date: /home/jellyfish/ws_moveit/install/moveit_common/share/moveit_common/environment/path.dsv
[0.247s] -- Up-to-date: /home/jellyfish/ws_moveit/install/moveit_common/share/moveit_common/local_setup.bash
[0.247s] -- Up-to-date: /home/jellyfish/ws_moveit/install/moveit_common/share/moveit_common/local_setup.sh
[0.247s] -- Up-to-date: /home/jellyfish/ws_moveit/install/moveit_common/share/moveit_common/local_setup.zsh
[0.248s] -- Up-to-date: /home/jellyfish/ws_moveit/install/moveit_common/share/moveit_common/local_setup.dsv
[0.248s] -- Installing: /home/jellyfish/ws_moveit/install/moveit_common/share/moveit_common/package.dsv
[0.248s] -- Up-to-date: /home/jellyfish/ws_moveit/install/moveit_common/share/ament_index/resource_index/packages/moveit_common
[0.249s] -- Up-to-date: /home/jellyfish/ws_moveit/install/moveit_common/share/moveit_common/cmake/moveit_common-extras.cmake
[0.249s] -- Up-to-date: /home/jellyfish/ws_moveit/install/moveit_common/share/moveit_common/cmake/moveit_commonConfig.cmake
[0.249s] -- Up-to-date: /home/jellyfish/ws_moveit/install/moveit_common/share/moveit_common/cmake/moveit_commonConfig-version.cmake
[0.249s] -- Up-to-date: /home/jellyfish/ws_moveit/install/moveit_common/share/moveit_common/package.xml
[0.249s] -- Up-to-date: /home/jellyfish/ws_moveit/install/moveit_common/share/moveit_common/cmake
[0.250s] -- Up-to-date: /home/jellyfish/ws_moveit/install/moveit_common/share/moveit_common/cmake/moveit_package.cmake
[0.251s] Invoked command in '/home/jellyfish/ws_moveit/build/moveit_common' returned '0': CMAKE_PREFIX_PATH=${CMAKE_PREFIX_PATH}:/home/jellyfish/ws_moveit/install/moveit_configs_utils:/home/jellyfish/ws_moveit/install/launch_param_builder:/opt/ros/humble /usr/bin/cmake --install /home/jellyfish/ws_moveit/build/moveit_common
