[0.013s] Invoking command in '/home/jellyfish/ws_moveit/build/srdfdom': CMAKE_PREFIX_PATH=/opt/ros/humble /usr/bin/cmake /home/jellyfish/ws_moveit/src/srdfdom -DCMAKE_BUILD_TYPE=Release -DCMAKE_INSTALL_PREFIX=/home/jellyfish/ws_moveit/install/srdfdom
[0.107s] -- The CXX compiler identification is GNU 11.4.0
[0.118s] -- Detecting CXX compiler ABI info
[0.255s] -- Detecting CXX compiler ABI info - done
[0.273s] -- Check for working CXX compiler: /usr/bin/c++ - skipped
[0.273s] -- Detecting CXX compile features
[0.274s] -- Detecting CXX compile features - done
[0.290s] -- Found Boost: /usr/lib/x86_64-linux-gnu/cmake/Boost-1.74.0/BoostConfig.cmake (found version "1.74.0")  
[0.304s] -- Found ament_cmake: 1.3.9 (/opt/ros/humble/share/ament_cmake/cmake)
[0.570s] -- Found Python3: /usr/bin/python3 (found version "3.10.12") found components: Interpreter 
[0.724s] -- Found urdf: 2.6.0 (/opt/ros/humble/share/urdf/cmake)
[0.777s] -- Found TinyXML2 via Config file: TinyXML2_DIR-NOTFOUND
[0.883s] -- Found ament_cmake_gtest: 1.3.9 (/opt/ros/humble/share/ament_cmake_gtest/cmake)
[0.884s] -- Found ament_cmake_pytest: 1.3.9 (/opt/ros/humble/share/ament_cmake_pytest/cmake)
[1.267s] -- Found gtest sources under '/opt/ros/humble/src/gtest_vendor': C++ tests using 'Google Test' will be built
[1.347s] -- The C compiler identification is GNU 11.4.0
[1.364s] -- Detecting C compiler ABI info
[1.488s] -- Detecting C compiler ABI info - done
[1.506s] -- Check for working C compiler: /usr/bin/cc - skipped
[1.506s] -- Detecting C compile features
[1.507s] -- Detecting C compile features - done
[1.513s] -- Looking for C++ include pthread.h
[1.668s] -- Looking for C++ include pthread.h - found
[1.668s] -- Performing Test CMAKE_HAVE_LIBC_PTHREAD
[1.789s] -- Performing Test CMAKE_HAVE_LIBC_PTHREAD - Success
[1.791s] -- Found Threads: TRUE  
[1.799s] -- Found ament_lint_auto: 0.12.11 (/opt/ros/humble/share/ament_lint_auto/cmake)
[1.851s] -- Configuring done
[1.875s] -- Generating done
[1.876s] -- Build files have been written to: /home/jellyfish/ws_moveit/build/srdfdom
[1.883s] Invoked command in '/home/jellyfish/ws_moveit/build/srdfdom' returned '0': CMAKE_PREFIX_PATH=/opt/ros/humble /usr/bin/cmake /home/jellyfish/ws_moveit/src/srdfdom -DCMAKE_BUILD_TYPE=Release -DCMAKE_INSTALL_PREFIX=/home/jellyfish/ws_moveit/install/srdfdom
[1.886s] Invoking command in '/home/jellyfish/ws_moveit/build/srdfdom': CMAKE_PREFIX_PATH=/opt/ros/humble /usr/bin/cmake --build /home/jellyfish/ws_moveit/build/srdfdom -- -j12 -l12
[1.964s] [  9%] [32mBuilding CXX object gtest/CMakeFiles/gtest.dir/src/gtest-all.cc.o[0m
[1.966s] [ 18%] [32mBuilding CXX object gtest/CMakeFiles/gtest_main.dir/src/gtest_main.cc.o[0m
[1.974s] [ 27%] [32mBuilding CXX object CMakeFiles/srdfdom.dir/src/srdf_writer.cpp.o[0m
[1.981s] [ 27%] Built target ament_cmake_python_copy_srdfdom
[1.981s] [ 36%] [32mBuilding CXX object CMakeFiles/srdfdom.dir/src/model.cpp.o[0m
[2.225s] running egg_info
[2.226s] creating srdfdom.egg-info
[2.226s] writing srdfdom.egg-info/PKG-INFO
[2.226s] writing dependency_links to srdfdom.egg-info/dependency_links.txt
[2.226s] writing top-level names to srdfdom.egg-info/top_level.txt
[2.227s] writing manifest file 'srdfdom.egg-info/SOURCES.txt'
[2.229s] reading manifest file 'srdfdom.egg-info/SOURCES.txt'
[2.230s] writing manifest file 'srdfdom.egg-info/SOURCES.txt'
[2.275s] [ 36%] Built target ament_cmake_python_build_srdfdom_egg
[2.535s] [ 45%] [32m[1mLinking CXX static library libgtest_main.a[0m
[2.625s] [ 45%] Built target gtest_main
[4.671s] [ 54%] [32m[1mLinking CXX shared library libsrdfdom.so[0m
[4.810s] [ 54%] Built target srdfdom
[7.675s] [ 63%] [32m[1mLinking CXX static library libgtest.a[0m
[7.764s] [ 63%] Built target gtest
[7.799s] [ 72%] [32mBuilding CXX object CMakeFiles/test_cpp_C.dir/test/test_parser.cpp.o[0m
[7.803s] [ 81%] [32mBuilding CXX object CMakeFiles/test_cpp_nl_NL.UTF-8.dir/test/test_parser.cpp.o[0m
[9.680s] [ 90%] [32m[1mLinking CXX executable test_cpp_nl_NL.UTF-8[0m
[9.711s] [100%] [32m[1mLinking CXX executable test_cpp_C[0m
[9.810s] [100%] Built target test_cpp_nl_NL.UTF-8
[9.826s] [100%] Built target test_cpp_C
[9.843s] Invoked command in '/home/jellyfish/ws_moveit/build/srdfdom' returned '0': CMAKE_PREFIX_PATH=/opt/ros/humble /usr/bin/cmake --build /home/jellyfish/ws_moveit/build/srdfdom -- -j12 -l12
[9.879s] Invoking command in '/home/jellyfish/ws_moveit/build/srdfdom': CMAKE_PREFIX_PATH=/opt/ros/humble /usr/bin/cmake --install /home/jellyfish/ws_moveit/build/srdfdom
[9.897s] -- Install configuration: "Release"
[9.897s] -- Installing: /home/jellyfish/ws_moveit/install/srdfdom/lib/libsrdfdom.so.2.0.4
[9.899s] -- Set runtime path of "/home/jellyfish/ws_moveit/install/srdfdom/lib/libsrdfdom.so.2.0.4" to ""
[9.899s] -- Installing: /home/jellyfish/ws_moveit/install/srdfdom/lib/libsrdfdom.so
[9.900s] -- Installing: /home/jellyfish/ws_moveit/install/srdfdom/include/srdfdom
[9.900s] -- Installing: /home/jellyfish/ws_moveit/install/srdfdom/include/srdfdom/visibility_control.h
[9.900s] -- Installing: /home/jellyfish/ws_moveit/install/srdfdom/include/srdfdom/srdf_writer.h
[9.900s] -- Installing: /home/jellyfish/ws_moveit/install/srdfdom/include/srdfdom/model.h
[9.901s] -- Installing: /home/jellyfish/ws_moveit/install/srdfdom/lib/srdfdom/display_srdf
[9.901s] -- Installing: /home/jellyfish/ws_moveit/install/srdfdom/share/srdfdom/environment/pythonpath.sh
[9.902s] -- Installing: /home/jellyfish/ws_moveit/install/srdfdom/share/srdfdom/environment/pythonpath.dsv
[9.902s] -- Installing: /home/jellyfish/ws_moveit/install/srdfdom/local/lib/python3.10/dist-packages/srdfdom-2.0.4-py3.10.egg-info
[9.902s] -- Installing: /home/jellyfish/ws_moveit/install/srdfdom/local/lib/python3.10/dist-packages/srdfdom-2.0.4-py3.10.egg-info/PKG-INFO
[9.903s] -- Installing: /home/jellyfish/ws_moveit/install/srdfdom/local/lib/python3.10/dist-packages/srdfdom-2.0.4-py3.10.egg-info/SOURCES.txt
[9.903s] -- Installing: /home/jellyfish/ws_moveit/install/srdfdom/local/lib/python3.10/dist-packages/srdfdom-2.0.4-py3.10.egg-info/dependency_links.txt
[9.903s] -- Installing: /home/jellyfish/ws_moveit/install/srdfdom/local/lib/python3.10/dist-packages/srdfdom-2.0.4-py3.10.egg-info/top_level.txt
[9.904s] -- Installing: /home/jellyfish/ws_moveit/install/srdfdom/local/lib/python3.10/dist-packages/srdfdom
[9.904s] -- Installing: /home/jellyfish/ws_moveit/install/srdfdom/local/lib/python3.10/dist-packages/srdfdom/__init__.py
[9.905s] -- Installing: /home/jellyfish/ws_moveit/install/srdfdom/local/lib/python3.10/dist-packages/srdfdom/srdf.py
[9.962s] Listing '/home/jellyfish/ws_moveit/install/srdfdom/local/lib/python3.10/dist-packages/srdfdom'...
[9.962s] Compiling '/home/jellyfish/ws_moveit/install/srdfdom/local/lib/python3.10/dist-packages/srdfdom/__init__.py'...
[9.962s] Compiling '/home/jellyfish/ws_moveit/install/srdfdom/local/lib/python3.10/dist-packages/srdfdom/srdf.py'...
[9.966s] -- Installing: /home/jellyfish/ws_moveit/install/srdfdom/share/srdfdom/environment/library_path.sh
[9.966s] -- Installing: /home/jellyfish/ws_moveit/install/srdfdom/share/srdfdom/environment/library_path.dsv
[9.967s] -- Installing: /home/jellyfish/ws_moveit/install/srdfdom/share/ament_index/resource_index/package_run_dependencies/srdfdom
[9.967s] -- Installing: /home/jellyfish/ws_moveit/install/srdfdom/share/ament_index/resource_index/parent_prefix_path/srdfdom
[9.967s] -- Installing: /home/jellyfish/ws_moveit/install/srdfdom/share/srdfdom/environment/ament_prefix_path.sh
[9.967s] -- Installing: /home/jellyfish/ws_moveit/install/srdfdom/share/srdfdom/environment/ament_prefix_path.dsv
[9.967s] -- Installing: /home/jellyfish/ws_moveit/install/srdfdom/share/srdfdom/environment/path.sh
[9.967s] -- Installing: /home/jellyfish/ws_moveit/install/srdfdom/share/srdfdom/environment/path.dsv
[9.968s] -- Installing: /home/jellyfish/ws_moveit/install/srdfdom/share/srdfdom/local_setup.bash
[9.968s] -- Installing: /home/jellyfish/ws_moveit/install/srdfdom/share/srdfdom/local_setup.sh
[9.968s] -- Installing: /home/jellyfish/ws_moveit/install/srdfdom/share/srdfdom/local_setup.zsh
[9.968s] -- Installing: /home/jellyfish/ws_moveit/install/srdfdom/share/srdfdom/local_setup.dsv
[9.968s] -- Installing: /home/jellyfish/ws_moveit/install/srdfdom/share/srdfdom/package.dsv
[9.968s] -- Installing: /home/jellyfish/ws_moveit/install/srdfdom/share/ament_index/resource_index/packages/srdfdom
[9.968s] -- Installing: /home/jellyfish/ws_moveit/install/srdfdom/share/srdfdom/cmake/srdfdomTargetsExport.cmake
[9.969s] -- Installing: /home/jellyfish/ws_moveit/install/srdfdom/share/srdfdom/cmake/srdfdomTargetsExport-release.cmake
[9.969s] -- Installing: /home/jellyfish/ws_moveit/install/srdfdom/share/srdfdom/cmake/ament_cmake_export_targets-extras.cmake
[9.969s] -- Installing: /home/jellyfish/ws_moveit/install/srdfdom/share/srdfdom/cmake/ament_cmake_export_dependencies-extras.cmake
[9.969s] -- Installing: /home/jellyfish/ws_moveit/install/srdfdom/share/srdfdom/cmake/srdfdomConfig.cmake
[9.969s] -- Installing: /home/jellyfish/ws_moveit/install/srdfdom/share/srdfdom/cmake/srdfdomConfig-version.cmake
[9.969s] -- Installing: /home/jellyfish/ws_moveit/install/srdfdom/share/srdfdom/package.xml
[9.972s] Invoked command in '/home/jellyfish/ws_moveit/build/srdfdom' returned '0': CMAKE_PREFIX_PATH=/opt/ros/humble /usr/bin/cmake --install /home/jellyfish/ws_moveit/build/srdfdom
