[0.027s] Invoking command in '/home/jellyfish/ws_moveit/build/moveit_ros_move_group': AMENT_PREFIX_PATH=/home/jellyfish/ws_moveit/install/moveit_kinematics:/home/jellyfish/ws_moveit/install/moveit_ros_planning:/home/jellyfish/ws_moveit/install/moveit_ros_occupancy_map_monitor:/home/jellyfish/ws_moveit/install/moveit_core:/home/jellyfish/ws_moveit/install/moveit_resources_panda_moveit_config:/home/jellyfish/ws_moveit/install/moveit_resources_fanuc_moveit_config:/home/jellyfish/ws_moveit/install/moveit_configs_utils:/home/jellyfish/ws_moveit/install/srdfdom:/home/jellyfish/ws_moveit/install/moveit_resources_pr2_description:/home/jellyfish/ws_moveit/install/moveit_resources_panda_description:/home/jellyfish/ws_moveit/install/moveit_resources_fanuc_description:/home/jellyfish/ws_moveit/install/moveit_common:/home/jellyfish/ws_moveit/install/launch_param_builder:${AMENT_PREFIX_PATH} CMAKE_PREFIX_PATH=/home/jellyfish/ws_moveit/install/moveit_kinematics:/home/jellyfish/ws_moveit/install/moveit_ros_planning:/home/jellyfish/ws_moveit/install/moveit_ros_occupancy_map_monitor:/home/jellyfish/ws_moveit/install/moveit_core:/home/jellyfish/ws_moveit/install/moveit_resources_panda_moveit_config:/home/jellyfish/ws_moveit/install/moveit_resources_fanuc_moveit_config:/home/jellyfish/ws_moveit/install/srdfdom:/home/jellyfish/ws_moveit/install/moveit_resources_pr2_description:/home/jellyfish/ws_moveit/install/moveit_resources_panda_description:/home/jellyfish/ws_moveit/install/moveit_resources_fanuc_description:/home/jellyfish/ws_moveit/install/moveit_common:/opt/ros/humble LD_LIBRARY_PATH=/home/jellyfish/ws_moveit/install/moveit_kinematics/lib:/home/jellyfish/ws_moveit/install/moveit_ros_planning/lib:/home/jellyfish/ws_moveit/install/moveit_ros_occupancy_map_monitor/lib:/home/jellyfish/ws_moveit/install/moveit_core/lib:/home/jellyfish/ws_moveit/install/srdfdom/lib:${LD_LIBRARY_PATH} PATH=/home/jellyfish/ws_moveit/install/moveit_core/bin:${PATH} PYTHONPATH=/home/jellyfish/ws_moveit/install/moveit_configs_utils/lib/python3.10/site-packages:/home/jellyfish/ws_moveit/install/srdfdom/local/lib/python3.10/dist-packages:/home/jellyfish/ws_moveit/install/launch_param_builder/lib/python3.10/site-packages:${PYTHONPATH} /usr/bin/cmake /home/jellyfish/ws_moveit/src/moveit2/moveit_ros/move_group -DCMAKE_BUILD_TYPE=Release -DCMAKE_INSTALL_PREFIX=/home/jellyfish/ws_moveit/install/moveit_ros_move_group
[0.093s] -- The C compiler identification is GNU 11.4.0
[0.163s] -- The CXX compiler identification is GNU 11.4.0
[0.172s] -- Detecting C compiler ABI info
[0.255s] -- Detecting C compiler ABI info - done
[0.262s] -- Check for working C compiler: /usr/bin/cc - skipped
[0.262s] -- Detecting C compile features
[0.262s] -- Detecting C compile features - done
[0.265s] -- Detecting CXX compiler ABI info
[0.361s] -- Detecting CXX compiler ABI info - done
[0.380s] -- Check for working CXX compiler: /usr/bin/c++ - skipped
[0.380s] -- Detecting CXX compile features
[0.381s] -- Detecting CXX compile features - done
[0.387s] -- Found moveit_common: 2.5.5 (/home/jellyfish/ws_moveit/install/moveit_common/share/moveit_common/cmake)
[0.396s] -- Found ament_cmake: 1.3.9 (/opt/ros/humble/share/ament_cmake/cmake)
[0.715s] -- Found Python3: /usr/bin/python3 (found version "3.10.12") found components: Interpreter 
[0.938s] -- Found libdw: /usr/lib/x86_64-linux-gnu/libdw.so  
[0.945s] -- Could NOT find libbfd (missing: LIBBFD_LIBRARY LIBBFD_INCLUDE_DIR) 
[0.945s] -- BACKWARD_HAS_UNWIND=1
[0.946s] -- BACKWARD_HAS_BACKTRACE=0
[0.946s] -- BACKWARD_HAS_BACKTRACE_SYMBOL=0
[0.946s] -- BACKWARD_HAS_DW=1
[0.946s] -- BACKWARD_HAS_BFD=0
[0.947s] -- Found Backward: /opt/ros/humble/share/backward_ros/cmake  
[0.950s] -- Found moveit_core: 2.5.5 (/home/jellyfish/ws_moveit/install/moveit_core/share/moveit_core/cmake)
[1.348s] -- Found Boost: /usr/lib/x86_64-linux-gnu/cmake/Boost-1.74.0/BoostConfig.cmake (found version "1.74.0") found components: chrono date_time filesystem iostreams program_options regex serialization system thread 
[1.404s] -- Found parameter_traits: 0.3.8 (/opt/ros/humble/share/parameter_traits/cmake)
[1.456s] -- Found rosidl_generator_c: 3.1.5 (/opt/ros/humble/share/rosidl_generator_c/cmake)
[1.463s] -- Found rosidl_adapter: 3.1.5 (/opt/ros/humble/share/rosidl_adapter/cmake)
[1.474s] -- Found rosidl_generator_cpp: 3.1.5 (/opt/ros/humble/share/rosidl_generator_cpp/cmake)
[1.491s] -- Using all available rosidl_typesupport_c: rosidl_typesupport_fastrtps_c;rosidl_typesupport_introspection_c
[1.514s] -- Using all available rosidl_typesupport_cpp: rosidl_typesupport_fastrtps_cpp;rosidl_typesupport_introspection_cpp
[1.594s] -- Found rmw_implementation_cmake: 6.1.2 (/opt/ros/humble/share/rmw_implementation_cmake/cmake)
[1.599s] -- Found rmw_fastrtps_cpp: 6.2.6 (/opt/ros/humble/share/rmw_fastrtps_cpp/cmake)
[1.765s] -- Found OpenSSL: /usr/lib/x86_64-linux-gnu/libcrypto.so (found version "3.0.2")  
[1.826s] -- Found FastRTPS: /opt/ros/humble/include  
[1.886s] -- Using RMW implementation 'rmw_fastrtps_cpp' as default
[1.899s] -- Found Threads: TRUE  
[2.075s] -- Found Eigen3: TRUE (found version "3.4.0") 
[2.079s] -- Found rclcpp_lifecycle: 16.0.9 (/opt/ros/humble/share/rclcpp_lifecycle/cmake)
[2.127s] -- Found Boost: /usr/lib/x86_64-linux-gnu/cmake/Boost-1.74.0/BoostConfig.cmake (found version "1.74.0") found components: filesystem 
[2.345s] -- library: /usr/lib/x86_64-linux-gnu/libcurl.so
[2.671s] -- Ensuring Eigen3 include directory is part of orocos-kdl CMake target
[3.731s] -- Found moveit_ros_planning: 2.5.5 (/home/jellyfish/ws_moveit/install/moveit_ros_planning/share/moveit_ros_planning/cmake)
[3.735s] -- Found Boost: /usr/lib/x86_64-linux-gnu/cmake/Boost-1.74.0/BoostConfig.cmake (found version "1.74.0") found components: system filesystem date_time program_options thread chrono 
[4.134s] -- Found std_srvs: 4.2.4 (/opt/ros/humble/share/std_srvs/cmake)
[4.160s] -- Found Boost: /usr/lib/x86_64-linux-gnu/cmake/Boost-1.74.0/BoostConfig.cmake (found version "1.74.0") found components: system filesystem date_time program_options thread 
[4.191s] -- Found ament_lint_auto: 0.12.11 (/opt/ros/humble/share/ament_lint_auto/cmake)
[4.214s] -- Added test 'cppcheck' to perform static code analysis on C / C++ code
[4.215s] -- Configured cppcheck include dirs: /home/jellyfish/ws_moveit/src/moveit2/moveit_ros/move_group/include
[4.215s] -- Configured cppcheck exclude dirs and/or files: 
[4.216s] -- Added test 'lint_cmake' to check CMake code style
[4.217s] -- Added test 'pep257' to check Python code against some of the docstring style conventions in PEP 257
[4.218s] -- Added test 'xmllint' to check XML markup files
[4.220s] -- Configuring done
[4.298s] -- Generating done
[4.300s] -- Build files have been written to: /home/jellyfish/ws_moveit/build/moveit_ros_move_group
[4.315s] Invoked command in '/home/jellyfish/ws_moveit/build/moveit_ros_move_group' returned '0': AMENT_PREFIX_PATH=/home/jellyfish/ws_moveit/install/moveit_kinematics:/home/jellyfish/ws_moveit/install/moveit_ros_planning:/home/jellyfish/ws_moveit/install/moveit_ros_occupancy_map_monitor:/home/jellyfish/ws_moveit/install/moveit_core:/home/jellyfish/ws_moveit/install/moveit_resources_panda_moveit_config:/home/jellyfish/ws_moveit/install/moveit_resources_fanuc_moveit_config:/home/jellyfish/ws_moveit/install/moveit_configs_utils:/home/jellyfish/ws_moveit/install/srdfdom:/home/jellyfish/ws_moveit/install/moveit_resources_pr2_description:/home/jellyfish/ws_moveit/install/moveit_resources_panda_description:/home/jellyfish/ws_moveit/install/moveit_resources_fanuc_description:/home/jellyfish/ws_moveit/install/moveit_common:/home/jellyfish/ws_moveit/install/launch_param_builder:${AMENT_PREFIX_PATH} CMAKE_PREFIX_PATH=/home/jellyfish/ws_moveit/install/moveit_kinematics:/home/jellyfish/ws_moveit/install/moveit_ros_planning:/home/jellyfish/ws_moveit/install/moveit_ros_occupancy_map_monitor:/home/jellyfish/ws_moveit/install/moveit_core:/home/jellyfish/ws_moveit/install/moveit_resources_panda_moveit_config:/home/jellyfish/ws_moveit/install/moveit_resources_fanuc_moveit_config:/home/jellyfish/ws_moveit/install/srdfdom:/home/jellyfish/ws_moveit/install/moveit_resources_pr2_description:/home/jellyfish/ws_moveit/install/moveit_resources_panda_description:/home/jellyfish/ws_moveit/install/moveit_resources_fanuc_description:/home/jellyfish/ws_moveit/install/moveit_common:/opt/ros/humble LD_LIBRARY_PATH=/home/jellyfish/ws_moveit/install/moveit_kinematics/lib:/home/jellyfish/ws_moveit/install/moveit_ros_planning/lib:/home/jellyfish/ws_moveit/install/moveit_ros_occupancy_map_monitor/lib:/home/jellyfish/ws_moveit/install/moveit_core/lib:/home/jellyfish/ws_moveit/install/srdfdom/lib:${LD_LIBRARY_PATH} PATH=/home/jellyfish/ws_moveit/install/moveit_core/bin:${PATH} PYTHONPATH=/home/jellyfish/ws_moveit/install/moveit_configs_utils/lib/python3.10/site-packages:/home/jellyfish/ws_moveit/install/srdfdom/local/lib/python3.10/dist-packages:/home/jellyfish/ws_moveit/install/launch_param_builder/lib/python3.10/site-packages:${PYTHONPATH} /usr/bin/cmake /home/jellyfish/ws_moveit/src/moveit2/moveit_ros/move_group -DCMAKE_BUILD_TYPE=Release -DCMAKE_INSTALL_PREFIX=/home/jellyfish/ws_moveit/install/moveit_ros_move_group
[4.316s] Invoking command in '/home/jellyfish/ws_moveit/build/moveit_ros_move_group': AMENT_PREFIX_PATH=/home/jellyfish/ws_moveit/install/moveit_kinematics:/home/jellyfish/ws_moveit/install/moveit_ros_planning:/home/jellyfish/ws_moveit/install/moveit_ros_occupancy_map_monitor:/home/jellyfish/ws_moveit/install/moveit_core:/home/jellyfish/ws_moveit/install/moveit_resources_panda_moveit_config:/home/jellyfish/ws_moveit/install/moveit_resources_fanuc_moveit_config:/home/jellyfish/ws_moveit/install/moveit_configs_utils:/home/jellyfish/ws_moveit/install/srdfdom:/home/jellyfish/ws_moveit/install/moveit_resources_pr2_description:/home/jellyfish/ws_moveit/install/moveit_resources_panda_description:/home/jellyfish/ws_moveit/install/moveit_resources_fanuc_description:/home/jellyfish/ws_moveit/install/moveit_common:/home/jellyfish/ws_moveit/install/launch_param_builder:${AMENT_PREFIX_PATH} CMAKE_PREFIX_PATH=/home/jellyfish/ws_moveit/install/moveit_kinematics:/home/jellyfish/ws_moveit/install/moveit_ros_planning:/home/jellyfish/ws_moveit/install/moveit_ros_occupancy_map_monitor:/home/jellyfish/ws_moveit/install/moveit_core:/home/jellyfish/ws_moveit/install/moveit_resources_panda_moveit_config:/home/jellyfish/ws_moveit/install/moveit_resources_fanuc_moveit_config:/home/jellyfish/ws_moveit/install/srdfdom:/home/jellyfish/ws_moveit/install/moveit_resources_pr2_description:/home/jellyfish/ws_moveit/install/moveit_resources_panda_description:/home/jellyfish/ws_moveit/install/moveit_resources_fanuc_description:/home/jellyfish/ws_moveit/install/moveit_common:/opt/ros/humble LD_LIBRARY_PATH=/home/jellyfish/ws_moveit/install/moveit_kinematics/lib:/home/jellyfish/ws_moveit/install/moveit_ros_planning/lib:/home/jellyfish/ws_moveit/install/moveit_ros_occupancy_map_monitor/lib:/home/jellyfish/ws_moveit/install/moveit_core/lib:/home/jellyfish/ws_moveit/install/srdfdom/lib:${LD_LIBRARY_PATH} PATH=/home/jellyfish/ws_moveit/install/moveit_core/bin:${PATH} PYTHONPATH=/home/jellyfish/ws_moveit/install/moveit_configs_utils/lib/python3.10/site-packages:/home/jellyfish/ws_moveit/install/srdfdom/local/lib/python3.10/dist-packages:/home/jellyfish/ws_moveit/install/launch_param_builder/lib/python3.10/site-packages:${PYTHONPATH} /usr/bin/cmake --build /home/jellyfish/ws_moveit/build/moveit_ros_move_group -- -j12 -l12
[4.418s] [ 10%] [32mBuilding CXX object CMakeFiles/moveit_move_group_capabilities_base.dir/src/move_group_context.cpp.o[0m
[4.418s] [ 10%] [32mBuilding CXX object CMakeFiles/moveit_move_group_capabilities_base.dir/src/move_group_capability.cpp.o[0m
[4.422s] [ 15%] [32mBuilding CXX object CMakeFiles/list_move_group_capabilities.dir/src/list_capabilities.cpp.o[0m
[15.273s] [ 21%] [32m[1mLinking CXX shared library libmoveit_move_group_capabilities_base.so[0m
[15.523s] [ 21%] Built target moveit_move_group_capabilities_base
[15.554s] [ 36%] [32mBuilding CXX object CMakeFiles/move_group.dir/src/move_group.cpp.o[0m
[15.554s] [ 36%] [32mBuilding CXX object CMakeFiles/moveit_move_group_default_capabilities.dir/src/default_capabilities/plan_service_capability.cpp.o[0m
[15.554s] [ 36%] [32mBuilding CXX object CMakeFiles/moveit_move_group_default_capabilities.dir/src/default_capabilities/move_action_capability.cpp.o[0m
[15.554s] [ 42%] [32mBuilding CXX object CMakeFiles/moveit_move_group_default_capabilities.dir/src/default_capabilities/query_planners_service_capability.cpp.o[0m
[15.556s] [ 47%] [32mBuilding CXX object CMakeFiles/moveit_move_group_default_capabilities.dir/src/default_capabilities/execute_trajectory_action_capability.cpp.o[0m
[15.556s] [ 57%] [32mBuilding CXX object CMakeFiles/moveit_move_group_default_capabilities.dir/src/default_capabilities/get_planning_scene_service_capability.cpp.o[0m
[15.556s] [ 57%] [32mBuilding CXX object CMakeFiles/moveit_move_group_default_capabilities.dir/src/default_capabilities/state_validation_service_capability.cpp.o[0m
[15.560s] [ 68%] [32mBuilding CXX object CMakeFiles/moveit_move_group_default_capabilities.dir/src/default_capabilities/apply_planning_scene_service_capability.cpp.o[0m
[15.560s] [ 68%] [32mBuilding CXX object CMakeFiles/moveit_move_group_default_capabilities.dir/src/default_capabilities/clear_octomap_service_capability.cpp.o[0m
[15.565s] [ 73%] [32mBuilding CXX object CMakeFiles/moveit_move_group_default_capabilities.dir/src/default_capabilities/kinematics_service_capability.cpp.o[0m
[15.565s] [ 78%] [32mBuilding CXX object CMakeFiles/moveit_move_group_default_capabilities.dir/src/default_capabilities/cartesian_path_service_capability.cpp.o[0m
[17.053s] [ 84%] [32m[1mLinking CXX executable list_move_group_capabilities[0m
[17.375s] [ 84%] Built target list_move_group_capabilities
[17.390s] [ 89%] [32mBuilding CXX object CMakeFiles/moveit_move_group_default_capabilities.dir/src/default_capabilities/tf_publisher_capability.cpp.o[0m
[38.099s] [ 94%] [32m[1mLinking CXX shared library libmoveit_move_group_default_capabilities.so[0m
[38.146s] [100%] [32m[1mLinking CXX executable move_group[0m
[38.639s] [100%] Built target moveit_move_group_default_capabilities
[38.652s] [100%] Built target move_group
[38.685s] Invoked command in '/home/jellyfish/ws_moveit/build/moveit_ros_move_group' returned '0': AMENT_PREFIX_PATH=/home/jellyfish/ws_moveit/install/moveit_kinematics:/home/jellyfish/ws_moveit/install/moveit_ros_planning:/home/jellyfish/ws_moveit/install/moveit_ros_occupancy_map_monitor:/home/jellyfish/ws_moveit/install/moveit_core:/home/jellyfish/ws_moveit/install/moveit_resources_panda_moveit_config:/home/jellyfish/ws_moveit/install/moveit_resources_fanuc_moveit_config:/home/jellyfish/ws_moveit/install/moveit_configs_utils:/home/jellyfish/ws_moveit/install/srdfdom:/home/jellyfish/ws_moveit/install/moveit_resources_pr2_description:/home/jellyfish/ws_moveit/install/moveit_resources_panda_description:/home/jellyfish/ws_moveit/install/moveit_resources_fanuc_description:/home/jellyfish/ws_moveit/install/moveit_common:/home/jellyfish/ws_moveit/install/launch_param_builder:${AMENT_PREFIX_PATH} CMAKE_PREFIX_PATH=/home/jellyfish/ws_moveit/install/moveit_kinematics:/home/jellyfish/ws_moveit/install/moveit_ros_planning:/home/jellyfish/ws_moveit/install/moveit_ros_occupancy_map_monitor:/home/jellyfish/ws_moveit/install/moveit_core:/home/jellyfish/ws_moveit/install/moveit_resources_panda_moveit_config:/home/jellyfish/ws_moveit/install/moveit_resources_fanuc_moveit_config:/home/jellyfish/ws_moveit/install/srdfdom:/home/jellyfish/ws_moveit/install/moveit_resources_pr2_description:/home/jellyfish/ws_moveit/install/moveit_resources_panda_description:/home/jellyfish/ws_moveit/install/moveit_resources_fanuc_description:/home/jellyfish/ws_moveit/install/moveit_common:/opt/ros/humble LD_LIBRARY_PATH=/home/jellyfish/ws_moveit/install/moveit_kinematics/lib:/home/jellyfish/ws_moveit/install/moveit_ros_planning/lib:/home/jellyfish/ws_moveit/install/moveit_ros_occupancy_map_monitor/lib:/home/jellyfish/ws_moveit/install/moveit_core/lib:/home/jellyfish/ws_moveit/install/srdfdom/lib:${LD_LIBRARY_PATH} PATH=/home/jellyfish/ws_moveit/install/moveit_core/bin:${PATH} PYTHONPATH=/home/jellyfish/ws_moveit/install/moveit_configs_utils/lib/python3.10/site-packages:/home/jellyfish/ws_moveit/install/srdfdom/local/lib/python3.10/dist-packages:/home/jellyfish/ws_moveit/install/launch_param_builder/lib/python3.10/site-packages:${PYTHONPATH} /usr/bin/cmake --build /home/jellyfish/ws_moveit/build/moveit_ros_move_group -- -j12 -l12
[38.815s] Invoking command in '/home/jellyfish/ws_moveit/build/moveit_ros_move_group': AMENT_PREFIX_PATH=/home/jellyfish/ws_moveit/install/moveit_kinematics:/home/jellyfish/ws_moveit/install/moveit_ros_planning:/home/jellyfish/ws_moveit/install/moveit_ros_occupancy_map_monitor:/home/jellyfish/ws_moveit/install/moveit_core:/home/jellyfish/ws_moveit/install/moveit_resources_panda_moveit_config:/home/jellyfish/ws_moveit/install/moveit_resources_fanuc_moveit_config:/home/jellyfish/ws_moveit/install/moveit_configs_utils:/home/jellyfish/ws_moveit/install/srdfdom:/home/jellyfish/ws_moveit/install/moveit_resources_pr2_description:/home/jellyfish/ws_moveit/install/moveit_resources_panda_description:/home/jellyfish/ws_moveit/install/moveit_resources_fanuc_description:/home/jellyfish/ws_moveit/install/moveit_common:/home/jellyfish/ws_moveit/install/launch_param_builder:${AMENT_PREFIX_PATH} CMAKE_PREFIX_PATH=/home/jellyfish/ws_moveit/install/moveit_kinematics:/home/jellyfish/ws_moveit/install/moveit_ros_planning:/home/jellyfish/ws_moveit/install/moveit_ros_occupancy_map_monitor:/home/jellyfish/ws_moveit/install/moveit_core:/home/jellyfish/ws_moveit/install/moveit_resources_panda_moveit_config:/home/jellyfish/ws_moveit/install/moveit_resources_fanuc_moveit_config:/home/jellyfish/ws_moveit/install/srdfdom:/home/jellyfish/ws_moveit/install/moveit_resources_pr2_description:/home/jellyfish/ws_moveit/install/moveit_resources_panda_description:/home/jellyfish/ws_moveit/install/moveit_resources_fanuc_description:/home/jellyfish/ws_moveit/install/moveit_common:/opt/ros/humble LD_LIBRARY_PATH=/home/jellyfish/ws_moveit/install/moveit_kinematics/lib:/home/jellyfish/ws_moveit/install/moveit_ros_planning/lib:/home/jellyfish/ws_moveit/install/moveit_ros_occupancy_map_monitor/lib:/home/jellyfish/ws_moveit/install/moveit_core/lib:/home/jellyfish/ws_moveit/install/srdfdom/lib:${LD_LIBRARY_PATH} PATH=/home/jellyfish/ws_moveit/install/moveit_core/bin:${PATH} PYTHONPATH=/home/jellyfish/ws_moveit/install/moveit_configs_utils/lib/python3.10/site-packages:/home/jellyfish/ws_moveit/install/srdfdom/local/lib/python3.10/dist-packages:/home/jellyfish/ws_moveit/install/launch_param_builder/lib/python3.10/site-packages:${PYTHONPATH} /usr/bin/cmake --install /home/jellyfish/ws_moveit/build/moveit_ros_move_group
[38.824s] -- Install configuration: "Release"
[38.824s] -- Installing: /home/jellyfish/ws_moveit/install/moveit_ros_move_group/lib/moveit_ros_move_group/move_group
[38.825s] -- Set runtime path of "/home/jellyfish/ws_moveit/install/moveit_ros_move_group/lib/moveit_ros_move_group/move_group" to ""
[38.825s] -- Installing: /home/jellyfish/ws_moveit/install/moveit_ros_move_group/lib/moveit_ros_move_group/list_move_group_capabilities
[38.826s] -- Set runtime path of "/home/jellyfish/ws_moveit/install/moveit_ros_move_group/lib/moveit_ros_move_group/list_move_group_capabilities" to ""
[38.826s] -- Installing: /home/jellyfish/ws_moveit/install/moveit_ros_move_group/lib/libmoveit_move_group_default_capabilities.so.2.5.5
[38.829s] -- Set runtime path of "/home/jellyfish/ws_moveit/install/moveit_ros_move_group/lib/libmoveit_move_group_default_capabilities.so.2.5.5" to ""
[38.829s] -- Installing: /home/jellyfish/ws_moveit/install/moveit_ros_move_group/lib/libmoveit_move_group_default_capabilities.so
[38.829s] -- Installing: /home/jellyfish/ws_moveit/install/moveit_ros_move_group/lib/libmoveit_move_group_capabilities_base.so.2.5.5
[38.829s] -- Set runtime path of "/home/jellyfish/ws_moveit/install/moveit_ros_move_group/lib/libmoveit_move_group_capabilities_base.so.2.5.5" to ""
[38.830s] -- Installing: /home/jellyfish/ws_moveit/install/moveit_ros_move_group/lib/libmoveit_move_group_capabilities_base.so
[38.830s] -- Installing: /home/jellyfish/ws_moveit/install/moveit_ros_move_group/include
[38.830s] -- Installing: /home/jellyfish/ws_moveit/install/moveit_ros_move_group/include/moveit
[38.830s] -- Installing: /home/jellyfish/ws_moveit/install/moveit_ros_move_group/include/moveit/move_group
[38.831s] -- Installing: /home/jellyfish/ws_moveit/install/moveit_ros_move_group/include/moveit/move_group/node_name.h
[38.831s] -- Installing: /home/jellyfish/ws_moveit/install/moveit_ros_move_group/include/moveit/move_group/move_group_capability.h
[38.832s] -- Installing: /home/jellyfish/ws_moveit/install/moveit_ros_move_group/include/moveit/move_group/capability_names.h
[38.832s] -- Installing: /home/jellyfish/ws_moveit/install/moveit_ros_move_group/include/moveit/move_group/move_group_context.h
[38.834s] -- Installing: /home/jellyfish/ws_moveit/install/moveit_ros_move_group/share/moveit_ros_move_group/environment/library_path.sh
[38.834s] -- Installing: /home/jellyfish/ws_moveit/install/moveit_ros_move_group/share/moveit_ros_move_group/environment/library_path.dsv
[38.834s] -- Installing: /home/jellyfish/ws_moveit/install/moveit_ros_move_group/lib/moveit_ros_move_group/load_map
[38.835s] -- Installing: /home/jellyfish/ws_moveit/install/moveit_ros_move_group/lib/moveit_ros_move_group/save_map
[38.835s] -- Installing: /home/jellyfish/ws_moveit/install/moveit_ros_move_group/share/moveit_ros_move_group/default_capabilities_plugin_description.xml
[38.836s] -- Installing: /home/jellyfish/ws_moveit/install/moveit_ros_move_group/share/ament_index/resource_index/package_run_dependencies/moveit_ros_move_group
[38.836s] -- Installing: /home/jellyfish/ws_moveit/install/moveit_ros_move_group/share/ament_index/resource_index/parent_prefix_path/moveit_ros_move_group
[38.837s] -- Installing: /home/jellyfish/ws_moveit/install/moveit_ros_move_group/share/moveit_ros_move_group/environment/ament_prefix_path.sh
[38.837s] -- Installing: /home/jellyfish/ws_moveit/install/moveit_ros_move_group/share/moveit_ros_move_group/environment/ament_prefix_path.dsv
[38.837s] -- Installing: /home/jellyfish/ws_moveit/install/moveit_ros_move_group/share/moveit_ros_move_group/environment/path.sh
[38.837s] -- Installing: /home/jellyfish/ws_moveit/install/moveit_ros_move_group/share/moveit_ros_move_group/environment/path.dsv
[38.837s] -- Installing: /home/jellyfish/ws_moveit/install/moveit_ros_move_group/share/moveit_ros_move_group/local_setup.bash
[38.838s] -- Installing: /home/jellyfish/ws_moveit/install/moveit_ros_move_group/share/moveit_ros_move_group/local_setup.sh
[38.838s] -- Installing: /home/jellyfish/ws_moveit/install/moveit_ros_move_group/share/moveit_ros_move_group/local_setup.zsh
[38.838s] -- Installing: /home/jellyfish/ws_moveit/install/moveit_ros_move_group/share/moveit_ros_move_group/local_setup.dsv
[38.838s] -- Installing: /home/jellyfish/ws_moveit/install/moveit_ros_move_group/share/moveit_ros_move_group/package.dsv
[38.838s] -- Installing: /home/jellyfish/ws_moveit/install/moveit_ros_move_group/share/ament_index/resource_index/packages/moveit_ros_move_group
[38.838s] -- Installing: /home/jellyfish/ws_moveit/install/moveit_ros_move_group/share/ament_index/resource_index/moveit_ros_move_group__pluginlib__plugin/moveit_ros_move_group
[38.839s] -- Installing: /home/jellyfish/ws_moveit/install/moveit_ros_move_group/share/moveit_ros_move_group/cmake/export_moveit_ros_move_groupExport.cmake
[38.839s] -- Installing: /home/jellyfish/ws_moveit/install/moveit_ros_move_group/share/moveit_ros_move_group/cmake/export_moveit_ros_move_groupExport-release.cmake
[38.839s] -- Installing: /home/jellyfish/ws_moveit/install/moveit_ros_move_group/share/moveit_ros_move_group/cmake/ConfigExtras.cmake
[38.839s] -- Installing: /home/jellyfish/ws_moveit/install/moveit_ros_move_group/share/moveit_ros_move_group/cmake/ament_cmake_export_targets-extras.cmake
[38.839s] -- Installing: /home/jellyfish/ws_moveit/install/moveit_ros_move_group/share/moveit_ros_move_group/cmake/ament_cmake_export_dependencies-extras.cmake
[38.840s] -- Installing: /home/jellyfish/ws_moveit/install/moveit_ros_move_group/share/moveit_ros_move_group/cmake/moveit_ros_move_groupConfig.cmake
[38.840s] -- Installing: /home/jellyfish/ws_moveit/install/moveit_ros_move_group/share/moveit_ros_move_group/cmake/moveit_ros_move_groupConfig-version.cmake
[38.840s] -- Installing: /home/jellyfish/ws_moveit/install/moveit_ros_move_group/share/moveit_ros_move_group/package.xml
[38.843s] Invoked command in '/home/jellyfish/ws_moveit/build/moveit_ros_move_group' returned '0': AMENT_PREFIX_PATH=/home/jellyfish/ws_moveit/install/moveit_kinematics:/home/jellyfish/ws_moveit/install/moveit_ros_planning:/home/jellyfish/ws_moveit/install/moveit_ros_occupancy_map_monitor:/home/jellyfish/ws_moveit/install/moveit_core:/home/jellyfish/ws_moveit/install/moveit_resources_panda_moveit_config:/home/jellyfish/ws_moveit/install/moveit_resources_fanuc_moveit_config:/home/jellyfish/ws_moveit/install/moveit_configs_utils:/home/jellyfish/ws_moveit/install/srdfdom:/home/jellyfish/ws_moveit/install/moveit_resources_pr2_description:/home/jellyfish/ws_moveit/install/moveit_resources_panda_description:/home/jellyfish/ws_moveit/install/moveit_resources_fanuc_description:/home/jellyfish/ws_moveit/install/moveit_common:/home/jellyfish/ws_moveit/install/launch_param_builder:${AMENT_PREFIX_PATH} CMAKE_PREFIX_PATH=/home/jellyfish/ws_moveit/install/moveit_kinematics:/home/jellyfish/ws_moveit/install/moveit_ros_planning:/home/jellyfish/ws_moveit/install/moveit_ros_occupancy_map_monitor:/home/jellyfish/ws_moveit/install/moveit_core:/home/jellyfish/ws_moveit/install/moveit_resources_panda_moveit_config:/home/jellyfish/ws_moveit/install/moveit_resources_fanuc_moveit_config:/home/jellyfish/ws_moveit/install/srdfdom:/home/jellyfish/ws_moveit/install/moveit_resources_pr2_description:/home/jellyfish/ws_moveit/install/moveit_resources_panda_description:/home/jellyfish/ws_moveit/install/moveit_resources_fanuc_description:/home/jellyfish/ws_moveit/install/moveit_common:/opt/ros/humble LD_LIBRARY_PATH=/home/jellyfish/ws_moveit/install/moveit_kinematics/lib:/home/jellyfish/ws_moveit/install/moveit_ros_planning/lib:/home/jellyfish/ws_moveit/install/moveit_ros_occupancy_map_monitor/lib:/home/jellyfish/ws_moveit/install/moveit_core/lib:/home/jellyfish/ws_moveit/install/srdfdom/lib:${LD_LIBRARY_PATH} PATH=/home/jellyfish/ws_moveit/install/moveit_core/bin:${PATH} PYTHONPATH=/home/jellyfish/ws_moveit/install/moveit_configs_utils/lib/python3.10/site-packages:/home/jellyfish/ws_moveit/install/srdfdom/local/lib/python3.10/dist-packages:/home/jellyfish/ws_moveit/install/launch_param_builder/lib/python3.10/site-packages:${PYTHONPATH} /usr/bin/cmake --install /home/jellyfish/ws_moveit/build/moveit_ros_move_group
