[0.027s] Invoking command in '/home/jellyfish/ws_moveit/build/srdfdom': CMAKE_PREFIX_PATH=${CMAKE_PREFIX_PATH}:/home/jellyfish/ws_moveit/install/moveit_configs_utils:/home/jellyfish/ws_moveit/install/launch_param_builder:/opt/ros/humble /usr/bin/cmake --build /home/jellyfish/ws_moveit/build/srdfdom -- -j12 -l12
[0.149s] [ 27%] Built target srdfdom
[0.152s] [ 45%] Built target gtest_main
[0.179s] [ 45%] Built target ament_cmake_python_copy_srdfdom
[0.188s] [ 63%] Built target gtest
[0.232s] [ 81%] Built target test_cpp_C
[0.246s] [100%] Built target test_cpp_nl_NL.UTF-8
[0.480s] running egg_info
[0.480s] writing srdfdom.egg-info/PKG-INFO
[0.480s] writing dependency_links to srdfdom.egg-info/dependency_links.txt
[0.480s] writing top-level names to srdfdom.egg-info/top_level.txt
[0.483s] reading manifest file 'srdfdom.egg-info/SOURCES.txt'
[0.483s] writing manifest file 'srdfdom.egg-info/SOURCES.txt'
[0.525s] [100%] Built target ament_cmake_python_build_srdfdom_egg
[0.544s] Invoked command in '/home/jellyfish/ws_moveit/build/srdfdom' returned '0': CMAKE_PREFIX_PATH=${CMAKE_PREFIX_PATH}:/home/jellyfish/ws_moveit/install/moveit_configs_utils:/home/jellyfish/ws_moveit/install/launch_param_builder:/opt/ros/humble /usr/bin/cmake --build /home/jellyfish/ws_moveit/build/srdfdom -- -j12 -l12
[0.655s] Invoking command in '/home/jellyfish/ws_moveit/build/srdfdom': CMAKE_PREFIX_PATH=${CMAKE_PREFIX_PATH}:/home/jellyfish/ws_moveit/install/moveit_configs_utils:/home/jellyfish/ws_moveit/install/launch_param_builder:/opt/ros/humble /usr/bin/cmake --install /home/jellyfish/ws_moveit/build/srdfdom
[0.684s] -- Install configuration: "Release"
[0.685s] -- Up-to-date: /home/jellyfish/ws_moveit/install/srdfdom/lib/libsrdfdom.so.2.0.4
[0.685s] -- Up-to-date: /home/jellyfish/ws_moveit/install/srdfdom/lib/libsrdfdom.so
[0.686s] -- Up-to-date: /home/jellyfish/ws_moveit/install/srdfdom/include/srdfdom
[0.686s] -- Up-to-date: /home/jellyfish/ws_moveit/install/srdfdom/include/srdfdom/visibility_control.h
[0.686s] -- Up-to-date: /home/jellyfish/ws_moveit/install/srdfdom/include/srdfdom/srdf_writer.h
[0.686s] -- Up-to-date: /home/jellyfish/ws_moveit/install/srdfdom/include/srdfdom/model.h
[0.686s] -- Up-to-date: /home/jellyfish/ws_moveit/install/srdfdom/lib/srdfdom/display_srdf
[0.687s] -- Up-to-date: /home/jellyfish/ws_moveit/install/srdfdom/share/srdfdom/environment/pythonpath.sh
[0.687s] -- Up-to-date: /home/jellyfish/ws_moveit/install/srdfdom/share/srdfdom/environment/pythonpath.dsv
[0.687s] -- Up-to-date: /home/jellyfish/ws_moveit/install/srdfdom/local/lib/python3.10/dist-packages/srdfdom-2.0.4-py3.10.egg-info
[0.687s] -- Installing: /home/jellyfish/ws_moveit/install/srdfdom/local/lib/python3.10/dist-packages/srdfdom-2.0.4-py3.10.egg-info/PKG-INFO
[0.687s] -- Installing: /home/jellyfish/ws_moveit/install/srdfdom/local/lib/python3.10/dist-packages/srdfdom-2.0.4-py3.10.egg-info/SOURCES.txt
[0.687s] -- Installing: /home/jellyfish/ws_moveit/install/srdfdom/local/lib/python3.10/dist-packages/srdfdom-2.0.4-py3.10.egg-info/dependency_links.txt
[0.687s] -- Installing: /home/jellyfish/ws_moveit/install/srdfdom/local/lib/python3.10/dist-packages/srdfdom-2.0.4-py3.10.egg-info/top_level.txt
[0.688s] -- Up-to-date: /home/jellyfish/ws_moveit/install/srdfdom/local/lib/python3.10/dist-packages/srdfdom
[0.688s] -- Up-to-date: /home/jellyfish/ws_moveit/install/srdfdom/local/lib/python3.10/dist-packages/srdfdom/__init__.py
[0.688s] -- Up-to-date: /home/jellyfish/ws_moveit/install/srdfdom/local/lib/python3.10/dist-packages/srdfdom/srdf.py
[0.720s] Listing '/home/jellyfish/ws_moveit/install/srdfdom/local/lib/python3.10/dist-packages/srdfdom'...
[0.725s] -- Up-to-date: /home/jellyfish/ws_moveit/install/srdfdom/share/srdfdom/environment/library_path.sh
[0.725s] -- Up-to-date: /home/jellyfish/ws_moveit/install/srdfdom/share/srdfdom/environment/library_path.dsv
[0.725s] -- Up-to-date: /home/jellyfish/ws_moveit/install/srdfdom/share/ament_index/resource_index/package_run_dependencies/srdfdom
[0.725s] -- Up-to-date: /home/jellyfish/ws_moveit/install/srdfdom/share/ament_index/resource_index/parent_prefix_path/srdfdom
[0.725s] -- Up-to-date: /home/jellyfish/ws_moveit/install/srdfdom/share/srdfdom/environment/ament_prefix_path.sh
[0.725s] -- Up-to-date: /home/jellyfish/ws_moveit/install/srdfdom/share/srdfdom/environment/ament_prefix_path.dsv
[0.725s] -- Up-to-date: /home/jellyfish/ws_moveit/install/srdfdom/share/srdfdom/environment/path.sh
[0.726s] -- Up-to-date: /home/jellyfish/ws_moveit/install/srdfdom/share/srdfdom/environment/path.dsv
[0.726s] -- Up-to-date: /home/jellyfish/ws_moveit/install/srdfdom/share/srdfdom/local_setup.bash
[0.726s] -- Up-to-date: /home/jellyfish/ws_moveit/install/srdfdom/share/srdfdom/local_setup.sh
[0.726s] -- Up-to-date: /home/jellyfish/ws_moveit/install/srdfdom/share/srdfdom/local_setup.zsh
[0.726s] -- Up-to-date: /home/jellyfish/ws_moveit/install/srdfdom/share/srdfdom/local_setup.dsv
[0.726s] -- Installing: /home/jellyfish/ws_moveit/install/srdfdom/share/srdfdom/package.dsv
[0.727s] -- Up-to-date: /home/jellyfish/ws_moveit/install/srdfdom/share/ament_index/resource_index/packages/srdfdom
[0.727s] -- Up-to-date: /home/jellyfish/ws_moveit/install/srdfdom/share/srdfdom/cmake/srdfdomTargetsExport.cmake
[0.727s] -- Up-to-date: /home/jellyfish/ws_moveit/install/srdfdom/share/srdfdom/cmake/srdfdomTargetsExport-release.cmake
[0.727s] -- Up-to-date: /home/jellyfish/ws_moveit/install/srdfdom/share/srdfdom/cmake/ament_cmake_export_targets-extras.cmake
[0.727s] -- Up-to-date: /home/jellyfish/ws_moveit/install/srdfdom/share/srdfdom/cmake/ament_cmake_export_dependencies-extras.cmake
[0.727s] -- Up-to-date: /home/jellyfish/ws_moveit/install/srdfdom/share/srdfdom/cmake/srdfdomConfig.cmake
[0.727s] -- Up-to-date: /home/jellyfish/ws_moveit/install/srdfdom/share/srdfdom/cmake/srdfdomConfig-version.cmake
[0.727s] -- Up-to-date: /home/jellyfish/ws_moveit/install/srdfdom/share/srdfdom/package.xml
[0.733s] Invoked command in '/home/jellyfish/ws_moveit/build/srdfdom' returned '0': CMAKE_PREFIX_PATH=${CMAKE_PREFIX_PATH}:/home/jellyfish/ws_moveit/install/moveit_configs_utils:/home/jellyfish/ws_moveit/install/launch_param_builder:/opt/ros/humble /usr/bin/cmake --install /home/jellyfish/ws_moveit/build/srdfdom
