[0.009s] Invoking command in '/home/jellyfish/ws_moveit/build/moveit_task_constructor_msgs': CMAKE_PREFIX_PATH=/opt/ros/humble /usr/bin/cmake --build /home/jellyfish/ws_moveit/build/moveit_task_constructor_msgs -- -j12 -l12
[0.076s] [35m[1mConsolidate compiler generated dependencies of target moveit_task_constructor_msgs__rosidl_generator_c[0m
[0.080s] [  0%] Built target moveit_task_constructor_msgs__cpp
[0.094s] [  0%] Built target ament_cmake_python_copy_moveit_task_constructor_msgs
[0.097s] [35m[1mConsolidate compiler generated dependencies of target moveit_task_constructor_msgs__rosidl_typesupport_cpp[0m
[0.098s] [35m[1mConsolidate compiler generated dependencies of target moveit_task_constructor_msgs__rosidl_typesupport_fastrtps_cpp[0m
[0.099s] [35m[1mConsolidate compiler generated dependencies of target moveit_task_constructor_msgs__rosidl_typesupport_introspection_cpp[0m
[0.104s] [ 12%] Built target moveit_task_constructor_msgs__rosidl_generator_c
[0.123s] [35m[1mConsolidate compiler generated dependencies of target moveit_task_constructor_msgs__rosidl_typesupport_fastrtps_c[0m
[0.124s] [35m[1mConsolidate compiler generated dependencies of target moveit_task_constructor_msgs__rosidl_typesupport_c[0m
[0.125s] [35m[1mConsolidate compiler generated dependencies of target moveit_task_constructor_msgs__rosidl_typesupport_introspection_c[0m
[0.129s] [ 35%] Built target moveit_task_constructor_msgs__rosidl_typesupport_cpp
[0.129s] [ 35%] Built target moveit_task_constructor_msgs__rosidl_typesupport_fastrtps_cpp
[0.130s] [ 47%] Built target moveit_task_constructor_msgs__rosidl_typesupport_introspection_cpp
[0.142s] [ 59%] Built target moveit_task_constructor_msgs__rosidl_typesupport_c
[0.146s] [ 71%] Built target moveit_task_constructor_msgs__rosidl_typesupport_introspection_c
[0.154s] [ 83%] Built target moveit_task_constructor_msgs__rosidl_typesupport_fastrtps_c
[0.178s] [ 83%] Built target moveit_task_constructor_msgs
[0.205s] [ 84%] Built target moveit_task_constructor_msgs__py
[0.222s] [35m[1mConsolidate compiler generated dependencies of target moveit_task_constructor_msgs__rosidl_generator_py[0m
[0.252s] [ 95%] Built target moveit_task_constructor_msgs__rosidl_generator_py
[0.264s] [35m[1mConsolidate compiler generated dependencies of target moveit_task_constructor_msgs__rosidl_typesupport_introspection_c__pyext[0m
[0.264s] [35m[1mConsolidate compiler generated dependencies of target moveit_task_constructor_msgs__rosidl_typesupport_fastrtps_c__pyext[0m
[0.265s] [35m[1mConsolidate compiler generated dependencies of target moveit_task_constructor_msgs__rosidl_typesupport_c__pyext[0m
[0.279s] [ 98%] Built target moveit_task_constructor_msgs__rosidl_typesupport_introspection_c__pyext
[0.280s] [ 99%] Built target moveit_task_constructor_msgs__rosidl_typesupport_fastrtps_c__pyext
[0.283s] [100%] Built target moveit_task_constructor_msgs__rosidl_typesupport_c__pyext
[0.327s] running egg_info
[0.327s] writing moveit_task_constructor_msgs.egg-info/PKG-INFO
[0.327s] writing dependency_links to moveit_task_constructor_msgs.egg-info/dependency_links.txt
[0.328s] writing top-level names to moveit_task_constructor_msgs.egg-info/top_level.txt
[0.330s] reading manifest file 'moveit_task_constructor_msgs.egg-info/SOURCES.txt'
[0.331s] writing manifest file 'moveit_task_constructor_msgs.egg-info/SOURCES.txt'
[0.359s] [100%] Built target ament_cmake_python_build_moveit_task_constructor_msgs_egg
[0.373s] Invoked command in '/home/jellyfish/ws_moveit/build/moveit_task_constructor_msgs' returned '0': CMAKE_PREFIX_PATH=/opt/ros/humble /usr/bin/cmake --build /home/jellyfish/ws_moveit/build/moveit_task_constructor_msgs -- -j12 -l12
[0.664s] Invoking command in '/home/jellyfish/ws_moveit/build/moveit_task_constructor_msgs': CMAKE_PREFIX_PATH=/opt/ros/humble /usr/bin/cmake --install /home/jellyfish/ws_moveit/build/moveit_task_constructor_msgs
[0.672s] -- Install configuration: "Release"
[0.673s] -- Up-to-date: /home/jellyfish/ws_moveit/install/moveit_task_constructor_msgs/share/ament_index/resource_index/rosidl_interfaces/moveit_task_constructor_msgs
[0.673s] -- Up-to-date: /home/jellyfish/ws_moveit/install/moveit_task_constructor_msgs/include/moveit_task_constructor_msgs/moveit_task_constructor_msgs
[0.674s] -- Up-to-date: /home/jellyfish/ws_moveit/install/moveit_task_constructor_msgs/include/moveit_task_constructor_msgs/moveit_task_constructor_msgs/srv
[0.674s] -- Up-to-date: /home/jellyfish/ws_moveit/install/moveit_task_constructor_msgs/include/moveit_task_constructor_msgs/moveit_task_constructor_msgs/srv/get_solution.h
[0.674s] -- Up-to-date: /home/jellyfish/ws_moveit/install/moveit_task_constructor_msgs/include/moveit_task_constructor_msgs/moveit_task_constructor_msgs/srv/detail
[0.674s] -- Up-to-date: /home/jellyfish/ws_moveit/install/moveit_task_constructor_msgs/include/moveit_task_constructor_msgs/moveit_task_constructor_msgs/srv/detail/get_solution__type_support.h
[0.674s] -- Up-to-date: /home/jellyfish/ws_moveit/install/moveit_task_constructor_msgs/include/moveit_task_constructor_msgs/moveit_task_constructor_msgs/srv/detail/get_solution__struct.h
[0.674s] -- Up-to-date: /home/jellyfish/ws_moveit/install/moveit_task_constructor_msgs/include/moveit_task_constructor_msgs/moveit_task_constructor_msgs/srv/detail/get_solution__functions.c
[0.674s] -- Up-to-date: /home/jellyfish/ws_moveit/install/moveit_task_constructor_msgs/include/moveit_task_constructor_msgs/moveit_task_constructor_msgs/srv/detail/get_solution__functions.h
[0.674s] -- Up-to-date: /home/jellyfish/ws_moveit/install/moveit_task_constructor_msgs/include/moveit_task_constructor_msgs/moveit_task_constructor_msgs/action
[0.675s] -- Up-to-date: /home/jellyfish/ws_moveit/install/moveit_task_constructor_msgs/include/moveit_task_constructor_msgs/moveit_task_constructor_msgs/action/detail
[0.675s] -- Up-to-date: /home/jellyfish/ws_moveit/install/moveit_task_constructor_msgs/include/moveit_task_constructor_msgs/moveit_task_constructor_msgs/action/detail/execute_task_solution__functions.h
[0.675s] -- Up-to-date: /home/jellyfish/ws_moveit/install/moveit_task_constructor_msgs/include/moveit_task_constructor_msgs/moveit_task_constructor_msgs/action/detail/execute_task_solution__type_support.h
[0.675s] -- Up-to-date: /home/jellyfish/ws_moveit/install/moveit_task_constructor_msgs/include/moveit_task_constructor_msgs/moveit_task_constructor_msgs/action/detail/execute_task_solution__struct.h
[0.675s] -- Up-to-date: /home/jellyfish/ws_moveit/install/moveit_task_constructor_msgs/include/moveit_task_constructor_msgs/moveit_task_constructor_msgs/action/detail/execute_task_solution__functions.c
[0.675s] -- Up-to-date: /home/jellyfish/ws_moveit/install/moveit_task_constructor_msgs/include/moveit_task_constructor_msgs/moveit_task_constructor_msgs/action/execute_task_solution.h
[0.675s] -- Up-to-date: /home/jellyfish/ws_moveit/install/moveit_task_constructor_msgs/include/moveit_task_constructor_msgs/moveit_task_constructor_msgs/msg
[0.675s] -- Up-to-date: /home/jellyfish/ws_moveit/install/moveit_task_constructor_msgs/include/moveit_task_constructor_msgs/moveit_task_constructor_msgs/msg/rosidl_generator_c__visibility_control.h
[0.676s] -- Up-to-date: /home/jellyfish/ws_moveit/install/moveit_task_constructor_msgs/include/moveit_task_constructor_msgs/moveit_task_constructor_msgs/msg/task_statistics.h
[0.677s] -- Up-to-date: /home/jellyfish/ws_moveit/install/moveit_task_constructor_msgs/include/moveit_task_constructor_msgs/moveit_task_constructor_msgs/msg/stage_description.h
[0.677s] -- Up-to-date: /home/jellyfish/ws_moveit/install/moveit_task_constructor_msgs/include/moveit_task_constructor_msgs/moveit_task_constructor_msgs/msg/sub_solution.h
[0.677s] -- Up-to-date: /home/jellyfish/ws_moveit/install/moveit_task_constructor_msgs/include/moveit_task_constructor_msgs/moveit_task_constructor_msgs/msg/sub_trajectory.h
[0.677s] -- Up-to-date: /home/jellyfish/ws_moveit/install/moveit_task_constructor_msgs/include/moveit_task_constructor_msgs/moveit_task_constructor_msgs/msg/task_description.h
[0.677s] -- Up-to-date: /home/jellyfish/ws_moveit/install/moveit_task_constructor_msgs/include/moveit_task_constructor_msgs/moveit_task_constructor_msgs/msg/detail
[0.677s] -- Up-to-date: /home/jellyfish/ws_moveit/install/moveit_task_constructor_msgs/include/moveit_task_constructor_msgs/moveit_task_constructor_msgs/msg/detail/solution_info__struct.h
[0.677s] -- Up-to-date: /home/jellyfish/ws_moveit/install/moveit_task_constructor_msgs/include/moveit_task_constructor_msgs/moveit_task_constructor_msgs/msg/detail/solution__functions.h
[0.678s] -- Up-to-date: /home/jellyfish/ws_moveit/install/moveit_task_constructor_msgs/include/moveit_task_constructor_msgs/moveit_task_constructor_msgs/msg/detail/stage_description__type_support.h
[0.678s] -- Up-to-date: /home/jellyfish/ws_moveit/install/moveit_task_constructor_msgs/include/moveit_task_constructor_msgs/moveit_task_constructor_msgs/msg/detail/solution_info__functions.c
[0.678s] -- Up-to-date: /home/jellyfish/ws_moveit/install/moveit_task_constructor_msgs/include/moveit_task_constructor_msgs/moveit_task_constructor_msgs/msg/detail/property__functions.c
[0.678s] -- Up-to-date: /home/jellyfish/ws_moveit/install/moveit_task_constructor_msgs/include/moveit_task_constructor_msgs/moveit_task_constructor_msgs/msg/detail/solution__functions.c
[0.678s] -- Up-to-date: /home/jellyfish/ws_moveit/install/moveit_task_constructor_msgs/include/moveit_task_constructor_msgs/moveit_task_constructor_msgs/msg/detail/solution__struct.h
[0.678s] -- Up-to-date: /home/jellyfish/ws_moveit/install/moveit_task_constructor_msgs/include/moveit_task_constructor_msgs/moveit_task_constructor_msgs/msg/detail/trajectory_execution_info__struct.h
[0.678s] -- Up-to-date: /home/jellyfish/ws_moveit/install/moveit_task_constructor_msgs/include/moveit_task_constructor_msgs/moveit_task_constructor_msgs/msg/detail/task_statistics__functions.c
[0.678s] -- Up-to-date: /home/jellyfish/ws_moveit/install/moveit_task_constructor_msgs/include/moveit_task_constructor_msgs/moveit_task_constructor_msgs/msg/detail/stage_statistics__struct.h
[0.678s] -- Up-to-date: /home/jellyfish/ws_moveit/install/moveit_task_constructor_msgs/include/moveit_task_constructor_msgs/moveit_task_constructor_msgs/msg/detail/trajectory_execution_info__functions.c
[0.678s] -- Up-to-date: /home/jellyfish/ws_moveit/install/moveit_task_constructor_msgs/include/moveit_task_constructor_msgs/moveit_task_constructor_msgs/msg/detail/task_statistics__struct.h
[0.678s] -- Up-to-date: /home/jellyfish/ws_moveit/install/moveit_task_constructor_msgs/include/moveit_task_constructor_msgs/moveit_task_constructor_msgs/msg/detail/sub_solution__functions.h
[0.678s] -- Up-to-date: /home/jellyfish/ws_moveit/install/moveit_task_constructor_msgs/include/moveit_task_constructor_msgs/moveit_task_constructor_msgs/msg/detail/sub_solution__struct.h
[0.679s] -- Up-to-date: /home/jellyfish/ws_moveit/install/moveit_task_constructor_msgs/include/moveit_task_constructor_msgs/moveit_task_constructor_msgs/msg/detail/task_statistics__functions.h
[0.679s] -- Up-to-date: /home/jellyfish/ws_moveit/install/moveit_task_constructor_msgs/include/moveit_task_constructor_msgs/moveit_task_constructor_msgs/msg/detail/trajectory_execution_info__type_support.h
[0.679s] -- Up-to-date: /home/jellyfish/ws_moveit/install/moveit_task_constructor_msgs/include/moveit_task_constructor_msgs/moveit_task_constructor_msgs/msg/detail/property__functions.h
[0.679s] -- Up-to-date: /home/jellyfish/ws_moveit/install/moveit_task_constructor_msgs/include/moveit_task_constructor_msgs/moveit_task_constructor_msgs/msg/detail/sub_solution__type_support.h
[0.679s] -- Up-to-date: /home/jellyfish/ws_moveit/install/moveit_task_constructor_msgs/include/moveit_task_constructor_msgs/moveit_task_constructor_msgs/msg/detail/stage_statistics__type_support.h
[0.679s] -- Up-to-date: /home/jellyfish/ws_moveit/install/moveit_task_constructor_msgs/include/moveit_task_constructor_msgs/moveit_task_constructor_msgs/msg/detail/trajectory_execution_info__functions.h
[0.679s] -- Up-to-date: /home/jellyfish/ws_moveit/install/moveit_task_constructor_msgs/include/moveit_task_constructor_msgs/moveit_task_constructor_msgs/msg/detail/stage_description__functions.h
[0.679s] -- Up-to-date: /home/jellyfish/ws_moveit/install/moveit_task_constructor_msgs/include/moveit_task_constructor_msgs/moveit_task_constructor_msgs/msg/detail/stage_statistics__functions.c
[0.679s] -- Up-to-date: /home/jellyfish/ws_moveit/install/moveit_task_constructor_msgs/include/moveit_task_constructor_msgs/moveit_task_constructor_msgs/msg/detail/task_description__type_support.h
[0.679s] -- Up-to-date: /home/jellyfish/ws_moveit/install/moveit_task_constructor_msgs/include/moveit_task_constructor_msgs/moveit_task_constructor_msgs/msg/detail/solution_info__type_support.h
[0.679s] -- Up-to-date: /home/jellyfish/ws_moveit/install/moveit_task_constructor_msgs/include/moveit_task_constructor_msgs/moveit_task_constructor_msgs/msg/detail/solution__type_support.h
[0.679s] -- Up-to-date: /home/jellyfish/ws_moveit/install/moveit_task_constructor_msgs/include/moveit_task_constructor_msgs/moveit_task_constructor_msgs/msg/detail/solution_info__functions.h
[0.679s] -- Up-to-date: /home/jellyfish/ws_moveit/install/moveit_task_constructor_msgs/include/moveit_task_constructor_msgs/moveit_task_constructor_msgs/msg/detail/sub_trajectory__functions.c
[0.679s] -- Up-to-date: /home/jellyfish/ws_moveit/install/moveit_task_constructor_msgs/include/moveit_task_constructor_msgs/moveit_task_constructor_msgs/msg/detail/stage_description__struct.h
[0.679s] -- Up-to-date: /home/jellyfish/ws_moveit/install/moveit_task_constructor_msgs/include/moveit_task_constructor_msgs/moveit_task_constructor_msgs/msg/detail/stage_description__functions.c
[0.679s] -- Up-to-date: /home/jellyfish/ws_moveit/install/moveit_task_constructor_msgs/include/moveit_task_constructor_msgs/moveit_task_constructor_msgs/msg/detail/task_description__functions.h
[0.680s] -- Up-to-date: /home/jellyfish/ws_moveit/install/moveit_task_constructor_msgs/include/moveit_task_constructor_msgs/moveit_task_constructor_msgs/msg/detail/stage_statistics__functions.h
[0.680s] -- Up-to-date: /home/jellyfish/ws_moveit/install/moveit_task_constructor_msgs/include/moveit_task_constructor_msgs/moveit_task_constructor_msgs/msg/detail/sub_solution__functions.c
[0.680s] -- Up-to-date: /home/jellyfish/ws_moveit/install/moveit_task_constructor_msgs/include/moveit_task_constructor_msgs/moveit_task_constructor_msgs/msg/detail/sub_trajectory__struct.h
[0.681s] -- Up-to-date: /home/jellyfish/ws_moveit/install/moveit_task_constructor_msgs/include/moveit_task_constructor_msgs/moveit_task_constructor_msgs/msg/detail/task_statistics__type_support.h
[0.681s] -- Up-to-date: /home/jellyfish/ws_moveit/install/moveit_task_constructor_msgs/include/moveit_task_constructor_msgs/moveit_task_constructor_msgs/msg/detail/sub_trajectory__functions.h
[0.681s] -- Up-to-date: /home/jellyfish/ws_moveit/install/moveit_task_constructor_msgs/include/moveit_task_constructor_msgs/moveit_task_constructor_msgs/msg/detail/task_description__struct.h
[0.681s] -- Up-to-date: /home/jellyfish/ws_moveit/install/moveit_task_constructor_msgs/include/moveit_task_constructor_msgs/moveit_task_constructor_msgs/msg/detail/property__struct.h
[0.681s] -- Up-to-date: /home/jellyfish/ws_moveit/install/moveit_task_constructor_msgs/include/moveit_task_constructor_msgs/moveit_task_constructor_msgs/msg/detail/sub_trajectory__type_support.h
[0.681s] -- Up-to-date: /home/jellyfish/ws_moveit/install/moveit_task_constructor_msgs/include/moveit_task_constructor_msgs/moveit_task_constructor_msgs/msg/detail/task_description__functions.c
[0.681s] -- Up-to-date: /home/jellyfish/ws_moveit/install/moveit_task_constructor_msgs/include/moveit_task_constructor_msgs/moveit_task_constructor_msgs/msg/detail/property__type_support.h
[0.682s] -- Up-to-date: /home/jellyfish/ws_moveit/install/moveit_task_constructor_msgs/include/moveit_task_constructor_msgs/moveit_task_constructor_msgs/msg/solution.h
[0.682s] -- Up-to-date: /home/jellyfish/ws_moveit/install/moveit_task_constructor_msgs/include/moveit_task_constructor_msgs/moveit_task_constructor_msgs/msg/stage_statistics.h
[0.682s] -- Up-to-date: /home/jellyfish/ws_moveit/install/moveit_task_constructor_msgs/include/moveit_task_constructor_msgs/moveit_task_constructor_msgs/msg/solution_info.h
[0.682s] -- Up-to-date: /home/jellyfish/ws_moveit/install/moveit_task_constructor_msgs/include/moveit_task_constructor_msgs/moveit_task_constructor_msgs/msg/property.h
[0.682s] -- Up-to-date: /home/jellyfish/ws_moveit/install/moveit_task_constructor_msgs/include/moveit_task_constructor_msgs/moveit_task_constructor_msgs/msg/trajectory_execution_info.h
[0.682s] -- Up-to-date: /home/jellyfish/ws_moveit/install/moveit_task_constructor_msgs/share/moveit_task_constructor_msgs/environment/library_path.sh
[0.682s] -- Up-to-date: /home/jellyfish/ws_moveit/install/moveit_task_constructor_msgs/share/moveit_task_constructor_msgs/environment/library_path.dsv
[0.682s] -- Up-to-date: /home/jellyfish/ws_moveit/install/moveit_task_constructor_msgs/lib/libmoveit_task_constructor_msgs__rosidl_generator_c.so
[0.682s] -- Up-to-date: /home/jellyfish/ws_moveit/install/moveit_task_constructor_msgs/include/moveit_task_constructor_msgs/moveit_task_constructor_msgs
[0.682s] -- Up-to-date: /home/jellyfish/ws_moveit/install/moveit_task_constructor_msgs/include/moveit_task_constructor_msgs/moveit_task_constructor_msgs/srv
[0.682s] -- Up-to-date: /home/jellyfish/ws_moveit/install/moveit_task_constructor_msgs/include/moveit_task_constructor_msgs/moveit_task_constructor_msgs/srv/detail
[0.682s] -- Up-to-date: /home/jellyfish/ws_moveit/install/moveit_task_constructor_msgs/include/moveit_task_constructor_msgs/moveit_task_constructor_msgs/srv/detail/get_solution__rosidl_typesupport_fastrtps_c.h
[0.682s] -- Up-to-date: /home/jellyfish/ws_moveit/install/moveit_task_constructor_msgs/include/moveit_task_constructor_msgs/moveit_task_constructor_msgs/action
[0.682s] -- Up-to-date: /home/jellyfish/ws_moveit/install/moveit_task_constructor_msgs/include/moveit_task_constructor_msgs/moveit_task_constructor_msgs/action/detail
[0.682s] -- Up-to-date: /home/jellyfish/ws_moveit/install/moveit_task_constructor_msgs/include/moveit_task_constructor_msgs/moveit_task_constructor_msgs/action/detail/execute_task_solution__rosidl_typesupport_fastrtps_c.h
[0.682s] -- Up-to-date: /home/jellyfish/ws_moveit/install/moveit_task_constructor_msgs/include/moveit_task_constructor_msgs/moveit_task_constructor_msgs/msg
[0.682s] -- Up-to-date: /home/jellyfish/ws_moveit/install/moveit_task_constructor_msgs/include/moveit_task_constructor_msgs/moveit_task_constructor_msgs/msg/detail
[0.683s] -- Up-to-date: /home/jellyfish/ws_moveit/install/moveit_task_constructor_msgs/include/moveit_task_constructor_msgs/moveit_task_constructor_msgs/msg/detail/solution__rosidl_typesupport_fastrtps_c.h
[0.683s] -- Up-to-date: /home/jellyfish/ws_moveit/install/moveit_task_constructor_msgs/include/moveit_task_constructor_msgs/moveit_task_constructor_msgs/msg/detail/trajectory_execution_info__rosidl_typesupport_fastrtps_c.h
[0.683s] -- Up-to-date: /home/jellyfish/ws_moveit/install/moveit_task_constructor_msgs/include/moveit_task_constructor_msgs/moveit_task_constructor_msgs/msg/detail/solution_info__rosidl_typesupport_fastrtps_c.h
[0.683s] -- Up-to-date: /home/jellyfish/ws_moveit/install/moveit_task_constructor_msgs/include/moveit_task_constructor_msgs/moveit_task_constructor_msgs/msg/detail/stage_statistics__rosidl_typesupport_fastrtps_c.h
[0.683s] -- Up-to-date: /home/jellyfish/ws_moveit/install/moveit_task_constructor_msgs/include/moveit_task_constructor_msgs/moveit_task_constructor_msgs/msg/detail/sub_trajectory__rosidl_typesupport_fastrtps_c.h
[0.683s] -- Up-to-date: /home/jellyfish/ws_moveit/install/moveit_task_constructor_msgs/include/moveit_task_constructor_msgs/moveit_task_constructor_msgs/msg/detail/property__rosidl_typesupport_fastrtps_c.h
[0.683s] -- Up-to-date: /home/jellyfish/ws_moveit/install/moveit_task_constructor_msgs/include/moveit_task_constructor_msgs/moveit_task_constructor_msgs/msg/detail/stage_description__rosidl_typesupport_fastrtps_c.h
[0.683s] -- Up-to-date: /home/jellyfish/ws_moveit/install/moveit_task_constructor_msgs/include/moveit_task_constructor_msgs/moveit_task_constructor_msgs/msg/detail/task_statistics__rosidl_typesupport_fastrtps_c.h
[0.683s] -- Up-to-date: /home/jellyfish/ws_moveit/install/moveit_task_constructor_msgs/include/moveit_task_constructor_msgs/moveit_task_constructor_msgs/msg/detail/task_description__rosidl_typesupport_fastrtps_c.h
[0.683s] -- Up-to-date: /home/jellyfish/ws_moveit/install/moveit_task_constructor_msgs/include/moveit_task_constructor_msgs/moveit_task_constructor_msgs/msg/detail/sub_solution__rosidl_typesupport_fastrtps_c.h
[0.683s] -- Up-to-date: /home/jellyfish/ws_moveit/install/moveit_task_constructor_msgs/include/moveit_task_constructor_msgs/moveit_task_constructor_msgs/msg/rosidl_typesupport_fastrtps_c__visibility_control.h
[0.683s] -- Up-to-date: /home/jellyfish/ws_moveit/install/moveit_task_constructor_msgs/lib/libmoveit_task_constructor_msgs__rosidl_typesupport_fastrtps_c.so
[0.684s] -- Up-to-date: /home/jellyfish/ws_moveit/install/moveit_task_constructor_msgs/include/moveit_task_constructor_msgs/moveit_task_constructor_msgs
[0.684s] -- Up-to-date: /home/jellyfish/ws_moveit/install/moveit_task_constructor_msgs/include/moveit_task_constructor_msgs/moveit_task_constructor_msgs/srv
[0.684s] -- Up-to-date: /home/jellyfish/ws_moveit/install/moveit_task_constructor_msgs/include/moveit_task_constructor_msgs/moveit_task_constructor_msgs/srv/get_solution.hpp
[0.684s] -- Up-to-date: /home/jellyfish/ws_moveit/install/moveit_task_constructor_msgs/include/moveit_task_constructor_msgs/moveit_task_constructor_msgs/srv/detail
[0.684s] -- Up-to-date: /home/jellyfish/ws_moveit/install/moveit_task_constructor_msgs/include/moveit_task_constructor_msgs/moveit_task_constructor_msgs/srv/detail/get_solution__traits.hpp
[0.684s] -- Up-to-date: /home/jellyfish/ws_moveit/install/moveit_task_constructor_msgs/include/moveit_task_constructor_msgs/moveit_task_constructor_msgs/srv/detail/get_solution__struct.hpp
[0.684s] -- Up-to-date: /home/jellyfish/ws_moveit/install/moveit_task_constructor_msgs/include/moveit_task_constructor_msgs/moveit_task_constructor_msgs/srv/detail/get_solution__builder.hpp
[0.684s] -- Up-to-date: /home/jellyfish/ws_moveit/install/moveit_task_constructor_msgs/include/moveit_task_constructor_msgs/moveit_task_constructor_msgs/action
[0.684s] -- Up-to-date: /home/jellyfish/ws_moveit/install/moveit_task_constructor_msgs/include/moveit_task_constructor_msgs/moveit_task_constructor_msgs/action/detail
[0.684s] -- Up-to-date: /home/jellyfish/ws_moveit/install/moveit_task_constructor_msgs/include/moveit_task_constructor_msgs/moveit_task_constructor_msgs/action/detail/execute_task_solution__builder.hpp
[0.684s] -- Up-to-date: /home/jellyfish/ws_moveit/install/moveit_task_constructor_msgs/include/moveit_task_constructor_msgs/moveit_task_constructor_msgs/action/detail/execute_task_solution__traits.hpp
[0.684s] -- Up-to-date: /home/jellyfish/ws_moveit/install/moveit_task_constructor_msgs/include/moveit_task_constructor_msgs/moveit_task_constructor_msgs/action/detail/execute_task_solution__struct.hpp
[0.684s] -- Up-to-date: /home/jellyfish/ws_moveit/install/moveit_task_constructor_msgs/include/moveit_task_constructor_msgs/moveit_task_constructor_msgs/action/execute_task_solution.hpp
[0.685s] -- Up-to-date: /home/jellyfish/ws_moveit/install/moveit_task_constructor_msgs/include/moveit_task_constructor_msgs/moveit_task_constructor_msgs/msg
[0.685s] -- Up-to-date: /home/jellyfish/ws_moveit/install/moveit_task_constructor_msgs/include/moveit_task_constructor_msgs/moveit_task_constructor_msgs/msg/detail
[0.685s] -- Up-to-date: /home/jellyfish/ws_moveit/install/moveit_task_constructor_msgs/include/moveit_task_constructor_msgs/moveit_task_constructor_msgs/msg/detail/trajectory_execution_info__traits.hpp
[0.685s] -- Up-to-date: /home/jellyfish/ws_moveit/install/moveit_task_constructor_msgs/include/moveit_task_constructor_msgs/moveit_task_constructor_msgs/msg/detail/stage_statistics__struct.hpp
[0.685s] -- Up-to-date: /home/jellyfish/ws_moveit/install/moveit_task_constructor_msgs/include/moveit_task_constructor_msgs/moveit_task_constructor_msgs/msg/detail/sub_trajectory__struct.hpp
[0.685s] -- Up-to-date: /home/jellyfish/ws_moveit/install/moveit_task_constructor_msgs/include/moveit_task_constructor_msgs/moveit_task_constructor_msgs/msg/detail/solution__struct.hpp
[0.685s] -- Up-to-date: /home/jellyfish/ws_moveit/install/moveit_task_constructor_msgs/include/moveit_task_constructor_msgs/moveit_task_constructor_msgs/msg/detail/task_statistics__traits.hpp
[0.685s] -- Up-to-date: /home/jellyfish/ws_moveit/install/moveit_task_constructor_msgs/include/moveit_task_constructor_msgs/moveit_task_constructor_msgs/msg/detail/sub_solution__traits.hpp
[0.685s] -- Up-to-date: /home/jellyfish/ws_moveit/install/moveit_task_constructor_msgs/include/moveit_task_constructor_msgs/moveit_task_constructor_msgs/msg/detail/task_description__traits.hpp
[0.685s] -- Up-to-date: /home/jellyfish/ws_moveit/install/moveit_task_constructor_msgs/include/moveit_task_constructor_msgs/moveit_task_constructor_msgs/msg/detail/solution__traits.hpp
[0.685s] -- Up-to-date: /home/jellyfish/ws_moveit/install/moveit_task_constructor_msgs/include/moveit_task_constructor_msgs/moveit_task_constructor_msgs/msg/detail/stage_description__builder.hpp
[0.686s] -- Up-to-date: /home/jellyfish/ws_moveit/install/moveit_task_constructor_msgs/include/moveit_task_constructor_msgs/moveit_task_constructor_msgs/msg/detail/stage_description__traits.hpp
[0.686s] -- Up-to-date: /home/jellyfish/ws_moveit/install/moveit_task_constructor_msgs/include/moveit_task_constructor_msgs/moveit_task_constructor_msgs/msg/detail/property__traits.hpp
[0.686s] -- Up-to-date: /home/jellyfish/ws_moveit/install/moveit_task_constructor_msgs/include/moveit_task_constructor_msgs/moveit_task_constructor_msgs/msg/detail/solution_info__builder.hpp
[0.686s] -- Up-to-date: /home/jellyfish/ws_moveit/install/moveit_task_constructor_msgs/include/moveit_task_constructor_msgs/moveit_task_constructor_msgs/msg/detail/property__struct.hpp
[0.686s] -- Up-to-date: /home/jellyfish/ws_moveit/install/moveit_task_constructor_msgs/include/moveit_task_constructor_msgs/moveit_task_constructor_msgs/msg/detail/stage_statistics__traits.hpp
[0.686s] -- Up-to-date: /home/jellyfish/ws_moveit/install/moveit_task_constructor_msgs/include/moveit_task_constructor_msgs/moveit_task_constructor_msgs/msg/detail/solution_info__traits.hpp
[0.686s] -- Up-to-date: /home/jellyfish/ws_moveit/install/moveit_task_constructor_msgs/include/moveit_task_constructor_msgs/moveit_task_constructor_msgs/msg/detail/task_description__struct.hpp
[0.686s] -- Up-to-date: /home/jellyfish/ws_moveit/install/moveit_task_constructor_msgs/include/moveit_task_constructor_msgs/moveit_task_constructor_msgs/msg/detail/trajectory_execution_info__builder.hpp
[0.686s] -- Up-to-date: /home/jellyfish/ws_moveit/install/moveit_task_constructor_msgs/include/moveit_task_constructor_msgs/moveit_task_constructor_msgs/msg/detail/task_description__builder.hpp
[0.686s] -- Up-to-date: /home/jellyfish/ws_moveit/install/moveit_task_constructor_msgs/include/moveit_task_constructor_msgs/moveit_task_constructor_msgs/msg/detail/solution__builder.hpp
[0.686s] -- Up-to-date: /home/jellyfish/ws_moveit/install/moveit_task_constructor_msgs/include/moveit_task_constructor_msgs/moveit_task_constructor_msgs/msg/detail/sub_solution__struct.hpp
[0.686s] -- Up-to-date: /home/jellyfish/ws_moveit/install/moveit_task_constructor_msgs/include/moveit_task_constructor_msgs/moveit_task_constructor_msgs/msg/detail/stage_statistics__builder.hpp
[0.687s] -- Up-to-date: /home/jellyfish/ws_moveit/install/moveit_task_constructor_msgs/include/moveit_task_constructor_msgs/moveit_task_constructor_msgs/msg/detail/task_statistics__struct.hpp
[0.687s] -- Up-to-date: /home/jellyfish/ws_moveit/install/moveit_task_constructor_msgs/include/moveit_task_constructor_msgs/moveit_task_constructor_msgs/msg/detail/sub_trajectory__builder.hpp
[0.687s] -- Up-to-date: /home/jellyfish/ws_moveit/install/moveit_task_constructor_msgs/include/moveit_task_constructor_msgs/moveit_task_constructor_msgs/msg/detail/trajectory_execution_info__struct.hpp
[0.687s] -- Up-to-date: /home/jellyfish/ws_moveit/install/moveit_task_constructor_msgs/include/moveit_task_constructor_msgs/moveit_task_constructor_msgs/msg/detail/sub_trajectory__traits.hpp
[0.687s] -- Up-to-date: /home/jellyfish/ws_moveit/install/moveit_task_constructor_msgs/include/moveit_task_constructor_msgs/moveit_task_constructor_msgs/msg/detail/sub_solution__builder.hpp
[0.687s] -- Up-to-date: /home/jellyfish/ws_moveit/install/moveit_task_constructor_msgs/include/moveit_task_constructor_msgs/moveit_task_constructor_msgs/msg/detail/task_statistics__builder.hpp
[0.687s] -- Up-to-date: /home/jellyfish/ws_moveit/install/moveit_task_constructor_msgs/include/moveit_task_constructor_msgs/moveit_task_constructor_msgs/msg/detail/stage_description__struct.hpp
[0.687s] -- Up-to-date: /home/jellyfish/ws_moveit/install/moveit_task_constructor_msgs/include/moveit_task_constructor_msgs/moveit_task_constructor_msgs/msg/detail/solution_info__struct.hpp
[0.687s] -- Up-to-date: /home/jellyfish/ws_moveit/install/moveit_task_constructor_msgs/include/moveit_task_constructor_msgs/moveit_task_constructor_msgs/msg/detail/property__builder.hpp
[0.687s] -- Up-to-date: /home/jellyfish/ws_moveit/install/moveit_task_constructor_msgs/include/moveit_task_constructor_msgs/moveit_task_constructor_msgs/msg/solution.hpp
[0.687s] -- Up-to-date: /home/jellyfish/ws_moveit/install/moveit_task_constructor_msgs/include/moveit_task_constructor_msgs/moveit_task_constructor_msgs/msg/trajectory_execution_info.hpp
[0.687s] -- Up-to-date: /home/jellyfish/ws_moveit/install/moveit_task_constructor_msgs/include/moveit_task_constructor_msgs/moveit_task_constructor_msgs/msg/stage_description.hpp
[0.688s] -- Up-to-date: /home/jellyfish/ws_moveit/install/moveit_task_constructor_msgs/include/moveit_task_constructor_msgs/moveit_task_constructor_msgs/msg/sub_solution.hpp
[0.688s] -- Up-to-date: /home/jellyfish/ws_moveit/install/moveit_task_constructor_msgs/include/moveit_task_constructor_msgs/moveit_task_constructor_msgs/msg/task_description.hpp
[0.688s] -- Up-to-date: /home/jellyfish/ws_moveit/install/moveit_task_constructor_msgs/include/moveit_task_constructor_msgs/moveit_task_constructor_msgs/msg/solution_info.hpp
[0.688s] -- Up-to-date: /home/jellyfish/ws_moveit/install/moveit_task_constructor_msgs/include/moveit_task_constructor_msgs/moveit_task_constructor_msgs/msg/property.hpp
[0.688s] -- Up-to-date: /home/jellyfish/ws_moveit/install/moveit_task_constructor_msgs/include/moveit_task_constructor_msgs/moveit_task_constructor_msgs/msg/sub_trajectory.hpp
[0.688s] -- Up-to-date: /home/jellyfish/ws_moveit/install/moveit_task_constructor_msgs/include/moveit_task_constructor_msgs/moveit_task_constructor_msgs/msg/stage_statistics.hpp
[0.688s] -- Up-to-date: /home/jellyfish/ws_moveit/install/moveit_task_constructor_msgs/include/moveit_task_constructor_msgs/moveit_task_constructor_msgs/msg/task_statistics.hpp
[0.688s] -- Up-to-date: /home/jellyfish/ws_moveit/install/moveit_task_constructor_msgs/include/moveit_task_constructor_msgs/moveit_task_constructor_msgs
[0.688s] -- Up-to-date: /home/jellyfish/ws_moveit/install/moveit_task_constructor_msgs/include/moveit_task_constructor_msgs/moveit_task_constructor_msgs/srv
[0.688s] -- Up-to-date: /home/jellyfish/ws_moveit/install/moveit_task_constructor_msgs/include/moveit_task_constructor_msgs/moveit_task_constructor_msgs/srv/detail
[0.689s] -- Up-to-date: /home/jellyfish/ws_moveit/install/moveit_task_constructor_msgs/include/moveit_task_constructor_msgs/moveit_task_constructor_msgs/srv/detail/dds_fastrtps
[0.689s] -- Up-to-date: /home/jellyfish/ws_moveit/install/moveit_task_constructor_msgs/include/moveit_task_constructor_msgs/moveit_task_constructor_msgs/srv/detail/get_solution__rosidl_typesupport_fastrtps_cpp.hpp
[0.689s] -- Up-to-date: /home/jellyfish/ws_moveit/install/moveit_task_constructor_msgs/include/moveit_task_constructor_msgs/moveit_task_constructor_msgs/action
[0.689s] -- Up-to-date: /home/jellyfish/ws_moveit/install/moveit_task_constructor_msgs/include/moveit_task_constructor_msgs/moveit_task_constructor_msgs/action/detail
[0.689s] -- Up-to-date: /home/jellyfish/ws_moveit/install/moveit_task_constructor_msgs/include/moveit_task_constructor_msgs/moveit_task_constructor_msgs/action/detail/dds_fastrtps
[0.689s] -- Up-to-date: /home/jellyfish/ws_moveit/install/moveit_task_constructor_msgs/include/moveit_task_constructor_msgs/moveit_task_constructor_msgs/action/detail/execute_task_solution__rosidl_typesupport_fastrtps_cpp.hpp
[0.689s] -- Up-to-date: /home/jellyfish/ws_moveit/install/moveit_task_constructor_msgs/include/moveit_task_constructor_msgs/moveit_task_constructor_msgs/msg
[0.689s] -- Up-to-date: /home/jellyfish/ws_moveit/install/moveit_task_constructor_msgs/include/moveit_task_constructor_msgs/moveit_task_constructor_msgs/msg/detail
[0.689s] -- Up-to-date: /home/jellyfish/ws_moveit/install/moveit_task_constructor_msgs/include/moveit_task_constructor_msgs/moveit_task_constructor_msgs/msg/detail/solution__rosidl_typesupport_fastrtps_cpp.hpp
[0.689s] -- Up-to-date: /home/jellyfish/ws_moveit/install/moveit_task_constructor_msgs/include/moveit_task_constructor_msgs/moveit_task_constructor_msgs/msg/detail/task_statistics__rosidl_typesupport_fastrtps_cpp.hpp
[0.689s] -- Up-to-date: /home/jellyfish/ws_moveit/install/moveit_task_constructor_msgs/include/moveit_task_constructor_msgs/moveit_task_constructor_msgs/msg/detail/stage_statistics__rosidl_typesupport_fastrtps_cpp.hpp
[0.689s] -- Up-to-date: /home/jellyfish/ws_moveit/install/moveit_task_constructor_msgs/include/moveit_task_constructor_msgs/moveit_task_constructor_msgs/msg/detail/task_description__rosidl_typesupport_fastrtps_cpp.hpp
[0.689s] -- Up-to-date: /home/jellyfish/ws_moveit/install/moveit_task_constructor_msgs/include/moveit_task_constructor_msgs/moveit_task_constructor_msgs/msg/detail/sub_solution__rosidl_typesupport_fastrtps_cpp.hpp
[0.689s] -- Up-to-date: /home/jellyfish/ws_moveit/install/moveit_task_constructor_msgs/include/moveit_task_constructor_msgs/moveit_task_constructor_msgs/msg/detail/stage_description__rosidl_typesupport_fastrtps_cpp.hpp
[0.689s] -- Up-to-date: /home/jellyfish/ws_moveit/install/moveit_task_constructor_msgs/include/moveit_task_constructor_msgs/moveit_task_constructor_msgs/msg/detail/dds_fastrtps
[0.689s] -- Up-to-date: /home/jellyfish/ws_moveit/install/moveit_task_constructor_msgs/include/moveit_task_constructor_msgs/moveit_task_constructor_msgs/msg/detail/sub_trajectory__rosidl_typesupport_fastrtps_cpp.hpp
[0.689s] -- Up-to-date: /home/jellyfish/ws_moveit/install/moveit_task_constructor_msgs/include/moveit_task_constructor_msgs/moveit_task_constructor_msgs/msg/detail/property__rosidl_typesupport_fastrtps_cpp.hpp
[0.690s] -- Up-to-date: /home/jellyfish/ws_moveit/install/moveit_task_constructor_msgs/include/moveit_task_constructor_msgs/moveit_task_constructor_msgs/msg/detail/trajectory_execution_info__rosidl_typesupport_fastrtps_cpp.hpp
[0.690s] -- Up-to-date: /home/jellyfish/ws_moveit/install/moveit_task_constructor_msgs/include/moveit_task_constructor_msgs/moveit_task_constructor_msgs/msg/detail/solution_info__rosidl_typesupport_fastrtps_cpp.hpp
[0.690s] -- Up-to-date: /home/jellyfish/ws_moveit/install/moveit_task_constructor_msgs/include/moveit_task_constructor_msgs/moveit_task_constructor_msgs/msg/rosidl_typesupport_fastrtps_cpp__visibility_control.h
[0.690s] -- Up-to-date: /home/jellyfish/ws_moveit/install/moveit_task_constructor_msgs/lib/libmoveit_task_constructor_msgs__rosidl_typesupport_fastrtps_cpp.so
[0.691s] -- Up-to-date: /home/jellyfish/ws_moveit/install/moveit_task_constructor_msgs/include/moveit_task_constructor_msgs/moveit_task_constructor_msgs
[0.691s] -- Up-to-date: /home/jellyfish/ws_moveit/install/moveit_task_constructor_msgs/include/moveit_task_constructor_msgs/moveit_task_constructor_msgs/srv
[0.691s] -- Up-to-date: /home/jellyfish/ws_moveit/install/moveit_task_constructor_msgs/include/moveit_task_constructor_msgs/moveit_task_constructor_msgs/srv/detail
[0.691s] -- Up-to-date: /home/jellyfish/ws_moveit/install/moveit_task_constructor_msgs/include/moveit_task_constructor_msgs/moveit_task_constructor_msgs/srv/detail/get_solution__rosidl_typesupport_introspection_c.h
[0.691s] -- Up-to-date: /home/jellyfish/ws_moveit/install/moveit_task_constructor_msgs/include/moveit_task_constructor_msgs/moveit_task_constructor_msgs/srv/detail/get_solution__type_support.c
[0.691s] -- Up-to-date: /home/jellyfish/ws_moveit/install/moveit_task_constructor_msgs/include/moveit_task_constructor_msgs/moveit_task_constructor_msgs/action
[0.691s] -- Up-to-date: /home/jellyfish/ws_moveit/install/moveit_task_constructor_msgs/include/moveit_task_constructor_msgs/moveit_task_constructor_msgs/action/detail
[0.691s] -- Up-to-date: /home/jellyfish/ws_moveit/install/moveit_task_constructor_msgs/include/moveit_task_constructor_msgs/moveit_task_constructor_msgs/action/detail/execute_task_solution__rosidl_typesupport_introspection_c.h
[0.691s] -- Up-to-date: /home/jellyfish/ws_moveit/install/moveit_task_constructor_msgs/include/moveit_task_constructor_msgs/moveit_task_constructor_msgs/action/detail/execute_task_solution__type_support.c
[0.692s] -- Up-to-date: /home/jellyfish/ws_moveit/install/moveit_task_constructor_msgs/include/moveit_task_constructor_msgs/moveit_task_constructor_msgs/msg
[0.692s] -- Up-to-date: /home/jellyfish/ws_moveit/install/moveit_task_constructor_msgs/include/moveit_task_constructor_msgs/moveit_task_constructor_msgs/msg/rosidl_typesupport_introspection_c__visibility_control.h
[0.692s] -- Up-to-date: /home/jellyfish/ws_moveit/install/moveit_task_constructor_msgs/include/moveit_task_constructor_msgs/moveit_task_constructor_msgs/msg/detail
[0.692s] -- Up-to-date: /home/jellyfish/ws_moveit/install/moveit_task_constructor_msgs/include/moveit_task_constructor_msgs/moveit_task_constructor_msgs/msg/detail/task_description__rosidl_typesupport_introspection_c.h
[0.692s] -- Up-to-date: /home/jellyfish/ws_moveit/install/moveit_task_constructor_msgs/include/moveit_task_constructor_msgs/moveit_task_constructor_msgs/msg/detail/sub_solution__type_support.c
[0.692s] -- Up-to-date: /home/jellyfish/ws_moveit/install/moveit_task_constructor_msgs/include/moveit_task_constructor_msgs/moveit_task_constructor_msgs/msg/detail/solution_info__type_support.c
[0.692s] -- Up-to-date: /home/jellyfish/ws_moveit/install/moveit_task_constructor_msgs/include/moveit_task_constructor_msgs/moveit_task_constructor_msgs/msg/detail/stage_statistics__type_support.c
[0.692s] -- Up-to-date: /home/jellyfish/ws_moveit/install/moveit_task_constructor_msgs/include/moveit_task_constructor_msgs/moveit_task_constructor_msgs/msg/detail/task_statistics__type_support.c
[0.692s] -- Up-to-date: /home/jellyfish/ws_moveit/install/moveit_task_constructor_msgs/include/moveit_task_constructor_msgs/moveit_task_constructor_msgs/msg/detail/task_statistics__rosidl_typesupport_introspection_c.h
[0.692s] -- Up-to-date: /home/jellyfish/ws_moveit/install/moveit_task_constructor_msgs/include/moveit_task_constructor_msgs/moveit_task_constructor_msgs/msg/detail/solution_info__rosidl_typesupport_introspection_c.h
[0.692s] -- Up-to-date: /home/jellyfish/ws_moveit/install/moveit_task_constructor_msgs/include/moveit_task_constructor_msgs/moveit_task_constructor_msgs/msg/detail/task_description__type_support.c
[0.693s] -- Up-to-date: /home/jellyfish/ws_moveit/install/moveit_task_constructor_msgs/include/moveit_task_constructor_msgs/moveit_task_constructor_msgs/msg/detail/trajectory_execution_info__type_support.c
[0.693s] -- Up-to-date: /home/jellyfish/ws_moveit/install/moveit_task_constructor_msgs/include/moveit_task_constructor_msgs/moveit_task_constructor_msgs/msg/detail/property__rosidl_typesupport_introspection_c.h
[0.693s] -- Up-to-date: /home/jellyfish/ws_moveit/install/moveit_task_constructor_msgs/include/moveit_task_constructor_msgs/moveit_task_constructor_msgs/msg/detail/sub_trajectory__rosidl_typesupport_introspection_c.h
[0.693s] -- Up-to-date: /home/jellyfish/ws_moveit/install/moveit_task_constructor_msgs/include/moveit_task_constructor_msgs/moveit_task_constructor_msgs/msg/detail/property__type_support.c
[0.693s] -- Up-to-date: /home/jellyfish/ws_moveit/install/moveit_task_constructor_msgs/include/moveit_task_constructor_msgs/moveit_task_constructor_msgs/msg/detail/stage_description__rosidl_typesupport_introspection_c.h
[0.693s] -- Up-to-date: /home/jellyfish/ws_moveit/install/moveit_task_constructor_msgs/include/moveit_task_constructor_msgs/moveit_task_constructor_msgs/msg/detail/stage_statistics__rosidl_typesupport_introspection_c.h
[0.693s] -- Up-to-date: /home/jellyfish/ws_moveit/install/moveit_task_constructor_msgs/include/moveit_task_constructor_msgs/moveit_task_constructor_msgs/msg/detail/stage_description__type_support.c
[0.693s] -- Up-to-date: /home/jellyfish/ws_moveit/install/moveit_task_constructor_msgs/include/moveit_task_constructor_msgs/moveit_task_constructor_msgs/msg/detail/sub_solution__rosidl_typesupport_introspection_c.h
[0.693s] -- Up-to-date: /home/jellyfish/ws_moveit/install/moveit_task_constructor_msgs/include/moveit_task_constructor_msgs/moveit_task_constructor_msgs/msg/detail/trajectory_execution_info__rosidl_typesupport_introspection_c.h
[0.693s] -- Up-to-date: /home/jellyfish/ws_moveit/install/moveit_task_constructor_msgs/include/moveit_task_constructor_msgs/moveit_task_constructor_msgs/msg/detail/sub_trajectory__type_support.c
[0.693s] -- Up-to-date: /home/jellyfish/ws_moveit/install/moveit_task_constructor_msgs/include/moveit_task_constructor_msgs/moveit_task_constructor_msgs/msg/detail/solution__type_support.c
[0.693s] -- Up-to-date: /home/jellyfish/ws_moveit/install/moveit_task_constructor_msgs/include/moveit_task_constructor_msgs/moveit_task_constructor_msgs/msg/detail/solution__rosidl_typesupport_introspection_c.h
[0.695s] -- Up-to-date: /home/jellyfish/ws_moveit/install/moveit_task_constructor_msgs/lib/libmoveit_task_constructor_msgs__rosidl_typesupport_introspection_c.so
[0.696s] -- Up-to-date: /home/jellyfish/ws_moveit/install/moveit_task_constructor_msgs/lib/libmoveit_task_constructor_msgs__rosidl_typesupport_c.so
[0.696s] -- Up-to-date: /home/jellyfish/ws_moveit/install/moveit_task_constructor_msgs/include/moveit_task_constructor_msgs/moveit_task_constructor_msgs
[0.696s] -- Up-to-date: /home/jellyfish/ws_moveit/install/moveit_task_constructor_msgs/include/moveit_task_constructor_msgs/moveit_task_constructor_msgs/srv
[0.697s] -- Up-to-date: /home/jellyfish/ws_moveit/install/moveit_task_constructor_msgs/include/moveit_task_constructor_msgs/moveit_task_constructor_msgs/srv/detail
[0.697s] -- Up-to-date: /home/jellyfish/ws_moveit/install/moveit_task_constructor_msgs/include/moveit_task_constructor_msgs/moveit_task_constructor_msgs/srv/detail/get_solution__type_support.cpp
[0.697s] -- Up-to-date: /home/jellyfish/ws_moveit/install/moveit_task_constructor_msgs/include/moveit_task_constructor_msgs/moveit_task_constructor_msgs/srv/detail/get_solution__rosidl_typesupport_introspection_cpp.hpp
[0.697s] -- Up-to-date: /home/jellyfish/ws_moveit/install/moveit_task_constructor_msgs/include/moveit_task_constructor_msgs/moveit_task_constructor_msgs/action
[0.697s] -- Up-to-date: /home/jellyfish/ws_moveit/install/moveit_task_constructor_msgs/include/moveit_task_constructor_msgs/moveit_task_constructor_msgs/action/detail
[0.697s] -- Up-to-date: /home/jellyfish/ws_moveit/install/moveit_task_constructor_msgs/include/moveit_task_constructor_msgs/moveit_task_constructor_msgs/action/detail/execute_task_solution__type_support.cpp
[0.697s] -- Up-to-date: /home/jellyfish/ws_moveit/install/moveit_task_constructor_msgs/include/moveit_task_constructor_msgs/moveit_task_constructor_msgs/action/detail/execute_task_solution__rosidl_typesupport_introspection_cpp.hpp
[0.697s] -- Up-to-date: /home/jellyfish/ws_moveit/install/moveit_task_constructor_msgs/include/moveit_task_constructor_msgs/moveit_task_constructor_msgs/msg
[0.697s] -- Up-to-date: /home/jellyfish/ws_moveit/install/moveit_task_constructor_msgs/include/moveit_task_constructor_msgs/moveit_task_constructor_msgs/msg/detail
[0.697s] -- Up-to-date: /home/jellyfish/ws_moveit/install/moveit_task_constructor_msgs/include/moveit_task_constructor_msgs/moveit_task_constructor_msgs/msg/detail/task_description__rosidl_typesupport_introspection_cpp.hpp
[0.697s] -- Up-to-date: /home/jellyfish/ws_moveit/install/moveit_task_constructor_msgs/include/moveit_task_constructor_msgs/moveit_task_constructor_msgs/msg/detail/solution_info__type_support.cpp
[0.697s] -- Up-to-date: /home/jellyfish/ws_moveit/install/moveit_task_constructor_msgs/include/moveit_task_constructor_msgs/moveit_task_constructor_msgs/msg/detail/sub_trajectory__type_support.cpp
[0.698s] -- Up-to-date: /home/jellyfish/ws_moveit/install/moveit_task_constructor_msgs/include/moveit_task_constructor_msgs/moveit_task_constructor_msgs/msg/detail/sub_solution__rosidl_typesupport_introspection_cpp.hpp
[0.698s] -- Up-to-date: /home/jellyfish/ws_moveit/install/moveit_task_constructor_msgs/include/moveit_task_constructor_msgs/moveit_task_constructor_msgs/msg/detail/property__type_support.cpp
[0.698s] -- Up-to-date: /home/jellyfish/ws_moveit/install/moveit_task_constructor_msgs/include/moveit_task_constructor_msgs/moveit_task_constructor_msgs/msg/detail/stage_statistics__rosidl_typesupport_introspection_cpp.hpp
[0.698s] -- Up-to-date: /home/jellyfish/ws_moveit/install/moveit_task_constructor_msgs/include/moveit_task_constructor_msgs/moveit_task_constructor_msgs/msg/detail/task_description__type_support.cpp
[0.698s] -- Up-to-date: /home/jellyfish/ws_moveit/install/moveit_task_constructor_msgs/include/moveit_task_constructor_msgs/moveit_task_constructor_msgs/msg/detail/stage_description__type_support.cpp
[0.698s] -- Up-to-date: /home/jellyfish/ws_moveit/install/moveit_task_constructor_msgs/include/moveit_task_constructor_msgs/moveit_task_constructor_msgs/msg/detail/task_statistics__type_support.cpp
[0.698s] -- Up-to-date: /home/jellyfish/ws_moveit/install/moveit_task_constructor_msgs/include/moveit_task_constructor_msgs/moveit_task_constructor_msgs/msg/detail/trajectory_execution_info__rosidl_typesupport_introspection_cpp.hpp
[0.698s] -- Up-to-date: /home/jellyfish/ws_moveit/install/moveit_task_constructor_msgs/include/moveit_task_constructor_msgs/moveit_task_constructor_msgs/msg/detail/solution__rosidl_typesupport_introspection_cpp.hpp
[0.698s] -- Up-to-date: /home/jellyfish/ws_moveit/install/moveit_task_constructor_msgs/include/moveit_task_constructor_msgs/moveit_task_constructor_msgs/msg/detail/property__rosidl_typesupport_introspection_cpp.hpp
[0.698s] -- Up-to-date: /home/jellyfish/ws_moveit/install/moveit_task_constructor_msgs/include/moveit_task_constructor_msgs/moveit_task_constructor_msgs/msg/detail/sub_solution__type_support.cpp
[0.698s] -- Up-to-date: /home/jellyfish/ws_moveit/install/moveit_task_constructor_msgs/include/moveit_task_constructor_msgs/moveit_task_constructor_msgs/msg/detail/trajectory_execution_info__type_support.cpp
[0.698s] -- Up-to-date: /home/jellyfish/ws_moveit/install/moveit_task_constructor_msgs/include/moveit_task_constructor_msgs/moveit_task_constructor_msgs/msg/detail/stage_statistics__type_support.cpp
[0.698s] -- Up-to-date: /home/jellyfish/ws_moveit/install/moveit_task_constructor_msgs/include/moveit_task_constructor_msgs/moveit_task_constructor_msgs/msg/detail/sub_trajectory__rosidl_typesupport_introspection_cpp.hpp
[0.698s] -- Up-to-date: /home/jellyfish/ws_moveit/install/moveit_task_constructor_msgs/include/moveit_task_constructor_msgs/moveit_task_constructor_msgs/msg/detail/solution__type_support.cpp
[0.698s] -- Up-to-date: /home/jellyfish/ws_moveit/install/moveit_task_constructor_msgs/include/moveit_task_constructor_msgs/moveit_task_constructor_msgs/msg/detail/task_statistics__rosidl_typesupport_introspection_cpp.hpp
[0.698s] -- Up-to-date: /home/jellyfish/ws_moveit/install/moveit_task_constructor_msgs/include/moveit_task_constructor_msgs/moveit_task_constructor_msgs/msg/detail/solution_info__rosidl_typesupport_introspection_cpp.hpp
[0.698s] -- Up-to-date: /home/jellyfish/ws_moveit/install/moveit_task_constructor_msgs/include/moveit_task_constructor_msgs/moveit_task_constructor_msgs/msg/detail/stage_description__rosidl_typesupport_introspection_cpp.hpp
[0.699s] -- Up-to-date: /home/jellyfish/ws_moveit/install/moveit_task_constructor_msgs/lib/libmoveit_task_constructor_msgs__rosidl_typesupport_introspection_cpp.so
[0.700s] -- Up-to-date: /home/jellyfish/ws_moveit/install/moveit_task_constructor_msgs/lib/libmoveit_task_constructor_msgs__rosidl_typesupport_cpp.so
[0.700s] -- Up-to-date: /home/jellyfish/ws_moveit/install/moveit_task_constructor_msgs/share/moveit_task_constructor_msgs/environment/pythonpath.sh
[0.700s] -- Up-to-date: /home/jellyfish/ws_moveit/install/moveit_task_constructor_msgs/share/moveit_task_constructor_msgs/environment/pythonpath.dsv
[0.700s] -- Up-to-date: /home/jellyfish/ws_moveit/install/moveit_task_constructor_msgs/local/lib/python3.10/dist-packages/moveit_task_constructor_msgs-0.1.3-py3.10.egg-info
[0.700s] -- Installing: /home/jellyfish/ws_moveit/install/moveit_task_constructor_msgs/local/lib/python3.10/dist-packages/moveit_task_constructor_msgs-0.1.3-py3.10.egg-info/PKG-INFO
[0.701s] -- Installing: /home/jellyfish/ws_moveit/install/moveit_task_constructor_msgs/local/lib/python3.10/dist-packages/moveit_task_constructor_msgs-0.1.3-py3.10.egg-info/SOURCES.txt
[0.701s] -- Installing: /home/jellyfish/ws_moveit/install/moveit_task_constructor_msgs/local/lib/python3.10/dist-packages/moveit_task_constructor_msgs-0.1.3-py3.10.egg-info/dependency_links.txt
[0.701s] -- Installing: /home/jellyfish/ws_moveit/install/moveit_task_constructor_msgs/local/lib/python3.10/dist-packages/moveit_task_constructor_msgs-0.1.3-py3.10.egg-info/top_level.txt
[0.701s] -- Up-to-date: /home/jellyfish/ws_moveit/install/moveit_task_constructor_msgs/local/lib/python3.10/dist-packages/moveit_task_constructor_msgs
[0.701s] -- Up-to-date: /home/jellyfish/ws_moveit/install/moveit_task_constructor_msgs/local/lib/python3.10/dist-packages/moveit_task_constructor_msgs/_moveit_task_constructor_msgs_s.ep.rosidl_typesupport_fastrtps_c.c
[0.701s] -- Up-to-date: /home/jellyfish/ws_moveit/install/moveit_task_constructor_msgs/local/lib/python3.10/dist-packages/moveit_task_constructor_msgs/moveit_task_constructor_msgs_s__rosidl_typesupport_introspection_c.cpython-310-x86_64-linux-gnu.so
[0.701s] -- Up-to-date: /home/jellyfish/ws_moveit/install/moveit_task_constructor_msgs/local/lib/python3.10/dist-packages/moveit_task_constructor_msgs/__init__.py
[0.701s] -- Up-to-date: /home/jellyfish/ws_moveit/install/moveit_task_constructor_msgs/local/lib/python3.10/dist-packages/moveit_task_constructor_msgs/libmoveit_task_constructor_msgs__rosidl_generator_py.so
[0.702s] -- Up-to-date: /home/jellyfish/ws_moveit/install/moveit_task_constructor_msgs/local/lib/python3.10/dist-packages/moveit_task_constructor_msgs/srv
[0.702s] -- Up-to-date: /home/jellyfish/ws_moveit/install/moveit_task_constructor_msgs/local/lib/python3.10/dist-packages/moveit_task_constructor_msgs/srv/_get_solution_s.c
[0.702s] -- Up-to-date: /home/jellyfish/ws_moveit/install/moveit_task_constructor_msgs/local/lib/python3.10/dist-packages/moveit_task_constructor_msgs/srv/__init__.py
[0.702s] -- Up-to-date: /home/jellyfish/ws_moveit/install/moveit_task_constructor_msgs/local/lib/python3.10/dist-packages/moveit_task_constructor_msgs/srv/_get_solution.py
[0.702s] -- Up-to-date: /home/jellyfish/ws_moveit/install/moveit_task_constructor_msgs/local/lib/python3.10/dist-packages/moveit_task_constructor_msgs/moveit_task_constructor_msgs_s__rosidl_typesupport_c.cpython-310-x86_64-linux-gnu.so
[0.702s] -- Up-to-date: /home/jellyfish/ws_moveit/install/moveit_task_constructor_msgs/local/lib/python3.10/dist-packages/moveit_task_constructor_msgs/action
[0.702s] -- Up-to-date: /home/jellyfish/ws_moveit/install/moveit_task_constructor_msgs/local/lib/python3.10/dist-packages/moveit_task_constructor_msgs/action/__init__.py
[0.702s] -- Up-to-date: /home/jellyfish/ws_moveit/install/moveit_task_constructor_msgs/local/lib/python3.10/dist-packages/moveit_task_constructor_msgs/action/_execute_task_solution.py
[0.702s] -- Up-to-date: /home/jellyfish/ws_moveit/install/moveit_task_constructor_msgs/local/lib/python3.10/dist-packages/moveit_task_constructor_msgs/action/_execute_task_solution_s.c
[0.702s] -- Up-to-date: /home/jellyfish/ws_moveit/install/moveit_task_constructor_msgs/local/lib/python3.10/dist-packages/moveit_task_constructor_msgs/msg
[0.702s] -- Up-to-date: /home/jellyfish/ws_moveit/install/moveit_task_constructor_msgs/local/lib/python3.10/dist-packages/moveit_task_constructor_msgs/msg/_task_description_s.c
[0.702s] -- Up-to-date: /home/jellyfish/ws_moveit/install/moveit_task_constructor_msgs/local/lib/python3.10/dist-packages/moveit_task_constructor_msgs/msg/__init__.py
[0.702s] -- Up-to-date: /home/jellyfish/ws_moveit/install/moveit_task_constructor_msgs/local/lib/python3.10/dist-packages/moveit_task_constructor_msgs/msg/_trajectory_execution_info_s.c
[0.702s] -- Up-to-date: /home/jellyfish/ws_moveit/install/moveit_task_constructor_msgs/local/lib/python3.10/dist-packages/moveit_task_constructor_msgs/msg/_stage_statistics.py
[0.703s] -- Up-to-date: /home/jellyfish/ws_moveit/install/moveit_task_constructor_msgs/local/lib/python3.10/dist-packages/moveit_task_constructor_msgs/msg/_sub_solution.py
[0.703s] -- Up-to-date: /home/jellyfish/ws_moveit/install/moveit_task_constructor_msgs/local/lib/python3.10/dist-packages/moveit_task_constructor_msgs/msg/_task_statistics.py
[0.703s] -- Up-to-date: /home/jellyfish/ws_moveit/install/moveit_task_constructor_msgs/local/lib/python3.10/dist-packages/moveit_task_constructor_msgs/msg/_sub_solution_s.c
[0.703s] -- Up-to-date: /home/jellyfish/ws_moveit/install/moveit_task_constructor_msgs/local/lib/python3.10/dist-packages/moveit_task_constructor_msgs/msg/_sub_trajectory_s.c
[0.703s] -- Up-to-date: /home/jellyfish/ws_moveit/install/moveit_task_constructor_msgs/local/lib/python3.10/dist-packages/moveit_task_constructor_msgs/msg/_property_s.c
[0.703s] -- Up-to-date: /home/jellyfish/ws_moveit/install/moveit_task_constructor_msgs/local/lib/python3.10/dist-packages/moveit_task_constructor_msgs/msg/_solution.py
[0.703s] -- Up-to-date: /home/jellyfish/ws_moveit/install/moveit_task_constructor_msgs/local/lib/python3.10/dist-packages/moveit_task_constructor_msgs/msg/_stage_statistics_s.c
[0.703s] -- Up-to-date: /home/jellyfish/ws_moveit/install/moveit_task_constructor_msgs/local/lib/python3.10/dist-packages/moveit_task_constructor_msgs/msg/_task_statistics_s.c
[0.703s] -- Up-to-date: /home/jellyfish/ws_moveit/install/moveit_task_constructor_msgs/local/lib/python3.10/dist-packages/moveit_task_constructor_msgs/msg/_task_description.py
[0.703s] -- Up-to-date: /home/jellyfish/ws_moveit/install/moveit_task_constructor_msgs/local/lib/python3.10/dist-packages/moveit_task_constructor_msgs/msg/_solution_info.py
[0.703s] -- Up-to-date: /home/jellyfish/ws_moveit/install/moveit_task_constructor_msgs/local/lib/python3.10/dist-packages/moveit_task_constructor_msgs/msg/_solution_info_s.c
[0.703s] -- Up-to-date: /home/jellyfish/ws_moveit/install/moveit_task_constructor_msgs/local/lib/python3.10/dist-packages/moveit_task_constructor_msgs/msg/_solution_s.c
[0.703s] -- Up-to-date: /home/jellyfish/ws_moveit/install/moveit_task_constructor_msgs/local/lib/python3.10/dist-packages/moveit_task_constructor_msgs/msg/_property.py
[0.703s] -- Up-to-date: /home/jellyfish/ws_moveit/install/moveit_task_constructor_msgs/local/lib/python3.10/dist-packages/moveit_task_constructor_msgs/msg/_sub_trajectory.py
[0.703s] -- Up-to-date: /home/jellyfish/ws_moveit/install/moveit_task_constructor_msgs/local/lib/python3.10/dist-packages/moveit_task_constructor_msgs/msg/_stage_description_s.c
[0.703s] -- Up-to-date: /home/jellyfish/ws_moveit/install/moveit_task_constructor_msgs/local/lib/python3.10/dist-packages/moveit_task_constructor_msgs/msg/_stage_description.py
[0.704s] -- Up-to-date: /home/jellyfish/ws_moveit/install/moveit_task_constructor_msgs/local/lib/python3.10/dist-packages/moveit_task_constructor_msgs/msg/_trajectory_execution_info.py
[0.704s] -- Up-to-date: /home/jellyfish/ws_moveit/install/moveit_task_constructor_msgs/local/lib/python3.10/dist-packages/moveit_task_constructor_msgs/_moveit_task_constructor_msgs_s.ep.rosidl_typesupport_c.c
[0.704s] -- Up-to-date: /home/jellyfish/ws_moveit/install/moveit_task_constructor_msgs/local/lib/python3.10/dist-packages/moveit_task_constructor_msgs/moveit_task_constructor_msgs_s__rosidl_typesupport_fastrtps_c.cpython-310-x86_64-linux-gnu.so
[0.704s] -- Up-to-date: /home/jellyfish/ws_moveit/install/moveit_task_constructor_msgs/local/lib/python3.10/dist-packages/moveit_task_constructor_msgs/_moveit_task_constructor_msgs_s.ep.rosidl_typesupport_introspection_c.c
[0.762s] Listing '/home/jellyfish/ws_moveit/install/moveit_task_constructor_msgs/local/lib/python3.10/dist-packages/moveit_task_constructor_msgs'...
[0.763s] Listing '/home/jellyfish/ws_moveit/install/moveit_task_constructor_msgs/local/lib/python3.10/dist-packages/moveit_task_constructor_msgs/action'...
[0.763s] Listing '/home/jellyfish/ws_moveit/install/moveit_task_constructor_msgs/local/lib/python3.10/dist-packages/moveit_task_constructor_msgs/msg'...
[0.763s] Listing '/home/jellyfish/ws_moveit/install/moveit_task_constructor_msgs/local/lib/python3.10/dist-packages/moveit_task_constructor_msgs/srv'...
[0.767s] -- Up-to-date: /home/jellyfish/ws_moveit/install/moveit_task_constructor_msgs/local/lib/python3.10/dist-packages/moveit_task_constructor_msgs/moveit_task_constructor_msgs_s__rosidl_typesupport_fastrtps_c.cpython-310-x86_64-linux-gnu.so
[0.768s] -- Up-to-date: /home/jellyfish/ws_moveit/install/moveit_task_constructor_msgs/local/lib/python3.10/dist-packages/moveit_task_constructor_msgs/moveit_task_constructor_msgs_s__rosidl_typesupport_introspection_c.cpython-310-x86_64-linux-gnu.so
[0.769s] -- Up-to-date: /home/jellyfish/ws_moveit/install/moveit_task_constructor_msgs/local/lib/python3.10/dist-packages/moveit_task_constructor_msgs/moveit_task_constructor_msgs_s__rosidl_typesupport_c.cpython-310-x86_64-linux-gnu.so
[0.769s] -- Up-to-date: /home/jellyfish/ws_moveit/install/moveit_task_constructor_msgs/lib/libmoveit_task_constructor_msgs__rosidl_generator_py.so
[0.769s] -- Up-to-date: /home/jellyfish/ws_moveit/install/moveit_task_constructor_msgs/share/moveit_task_constructor_msgs/msg/Property.idl
[0.769s] -- Up-to-date: /home/jellyfish/ws_moveit/install/moveit_task_constructor_msgs/share/moveit_task_constructor_msgs/msg/Solution.idl
[0.770s] -- Up-to-date: /home/jellyfish/ws_moveit/install/moveit_task_constructor_msgs/share/moveit_task_constructor_msgs/msg/SolutionInfo.idl
[0.770s] -- Up-to-date: /home/jellyfish/ws_moveit/install/moveit_task_constructor_msgs/share/moveit_task_constructor_msgs/msg/StageDescription.idl
[0.770s] -- Up-to-date: /home/jellyfish/ws_moveit/install/moveit_task_constructor_msgs/share/moveit_task_constructor_msgs/msg/StageStatistics.idl
[0.770s] -- Up-to-date: /home/jellyfish/ws_moveit/install/moveit_task_constructor_msgs/share/moveit_task_constructor_msgs/msg/SubSolution.idl
[0.770s] -- Up-to-date: /home/jellyfish/ws_moveit/install/moveit_task_constructor_msgs/share/moveit_task_constructor_msgs/msg/SubTrajectory.idl
[0.770s] -- Up-to-date: /home/jellyfish/ws_moveit/install/moveit_task_constructor_msgs/share/moveit_task_constructor_msgs/msg/TaskDescription.idl
[0.771s] -- Up-to-date: /home/jellyfish/ws_moveit/install/moveit_task_constructor_msgs/share/moveit_task_constructor_msgs/msg/TaskStatistics.idl
[0.771s] -- Up-to-date: /home/jellyfish/ws_moveit/install/moveit_task_constructor_msgs/share/moveit_task_constructor_msgs/msg/TrajectoryExecutionInfo.idl
[0.771s] -- Up-to-date: /home/jellyfish/ws_moveit/install/moveit_task_constructor_msgs/share/moveit_task_constructor_msgs/srv/GetSolution.idl
[0.771s] -- Up-to-date: /home/jellyfish/ws_moveit/install/moveit_task_constructor_msgs/share/moveit_task_constructor_msgs/action/ExecuteTaskSolution.idl
[0.772s] -- Up-to-date: /home/jellyfish/ws_moveit/install/moveit_task_constructor_msgs/share/moveit_task_constructor_msgs/msg/Property.msg
[0.772s] -- Up-to-date: /home/jellyfish/ws_moveit/install/moveit_task_constructor_msgs/share/moveit_task_constructor_msgs/msg/Solution.msg
[0.772s] -- Up-to-date: /home/jellyfish/ws_moveit/install/moveit_task_constructor_msgs/share/moveit_task_constructor_msgs/msg/SolutionInfo.msg
[0.772s] -- Up-to-date: /home/jellyfish/ws_moveit/install/moveit_task_constructor_msgs/share/moveit_task_constructor_msgs/msg/StageDescription.msg
[0.772s] -- Up-to-date: /home/jellyfish/ws_moveit/install/moveit_task_constructor_msgs/share/moveit_task_constructor_msgs/msg/StageStatistics.msg
[0.773s] -- Up-to-date: /home/jellyfish/ws_moveit/install/moveit_task_constructor_msgs/share/moveit_task_constructor_msgs/msg/SubSolution.msg
[0.773s] -- Up-to-date: /home/jellyfish/ws_moveit/install/moveit_task_constructor_msgs/share/moveit_task_constructor_msgs/msg/SubTrajectory.msg
[0.773s] -- Up-to-date: /home/jellyfish/ws_moveit/install/moveit_task_constructor_msgs/share/moveit_task_constructor_msgs/msg/TaskDescription.msg
[0.773s] -- Up-to-date: /home/jellyfish/ws_moveit/install/moveit_task_constructor_msgs/share/moveit_task_constructor_msgs/msg/TaskStatistics.msg
[0.773s] -- Up-to-date: /home/jellyfish/ws_moveit/install/moveit_task_constructor_msgs/share/moveit_task_constructor_msgs/msg/TrajectoryExecutionInfo.msg
[0.774s] -- Up-to-date: /home/jellyfish/ws_moveit/install/moveit_task_constructor_msgs/share/moveit_task_constructor_msgs/srv/GetSolution.srv
[0.774s] -- Up-to-date: /home/jellyfish/ws_moveit/install/moveit_task_constructor_msgs/share/moveit_task_constructor_msgs/srv/GetSolution_Request.msg
[0.774s] -- Up-to-date: /home/jellyfish/ws_moveit/install/moveit_task_constructor_msgs/share/moveit_task_constructor_msgs/srv/GetSolution_Response.msg
[0.774s] -- Up-to-date: /home/jellyfish/ws_moveit/install/moveit_task_constructor_msgs/share/moveit_task_constructor_msgs/action/ExecuteTaskSolution.action
[0.775s] -- Up-to-date: /home/jellyfish/ws_moveit/install/moveit_task_constructor_msgs/share/ament_index/resource_index/package_run_dependencies/moveit_task_constructor_msgs
[0.775s] -- Up-to-date: /home/jellyfish/ws_moveit/install/moveit_task_constructor_msgs/share/ament_index/resource_index/parent_prefix_path/moveit_task_constructor_msgs
[0.775s] -- Up-to-date: /home/jellyfish/ws_moveit/install/moveit_task_constructor_msgs/share/moveit_task_constructor_msgs/environment/ament_prefix_path.sh
[0.775s] -- Up-to-date: /home/jellyfish/ws_moveit/install/moveit_task_constructor_msgs/share/moveit_task_constructor_msgs/environment/ament_prefix_path.dsv
[0.775s] -- Up-to-date: /home/jellyfish/ws_moveit/install/moveit_task_constructor_msgs/share/moveit_task_constructor_msgs/environment/path.sh
[0.775s] -- Up-to-date: /home/jellyfish/ws_moveit/install/moveit_task_constructor_msgs/share/moveit_task_constructor_msgs/environment/path.dsv
[0.776s] -- Up-to-date: /home/jellyfish/ws_moveit/install/moveit_task_constructor_msgs/share/moveit_task_constructor_msgs/local_setup.bash
[0.776s] -- Up-to-date: /home/jellyfish/ws_moveit/install/moveit_task_constructor_msgs/share/moveit_task_constructor_msgs/local_setup.sh
[0.776s] -- Up-to-date: /home/jellyfish/ws_moveit/install/moveit_task_constructor_msgs/share/moveit_task_constructor_msgs/local_setup.zsh
[0.776s] -- Up-to-date: /home/jellyfish/ws_moveit/install/moveit_task_constructor_msgs/share/moveit_task_constructor_msgs/local_setup.dsv
[0.776s] -- Installing: /home/jellyfish/ws_moveit/install/moveit_task_constructor_msgs/share/moveit_task_constructor_msgs/package.dsv
[0.777s] -- Up-to-date: /home/jellyfish/ws_moveit/install/moveit_task_constructor_msgs/share/ament_index/resource_index/packages/moveit_task_constructor_msgs
[0.777s] -- Up-to-date: /home/jellyfish/ws_moveit/install/moveit_task_constructor_msgs/share/moveit_task_constructor_msgs/cmake/export_moveit_task_constructor_msgs__rosidl_generator_cExport.cmake
[0.777s] -- Up-to-date: /home/jellyfish/ws_moveit/install/moveit_task_constructor_msgs/share/moveit_task_constructor_msgs/cmake/export_moveit_task_constructor_msgs__rosidl_generator_cExport-release.cmake
[0.778s] -- Up-to-date: /home/jellyfish/ws_moveit/install/moveit_task_constructor_msgs/share/moveit_task_constructor_msgs/cmake/export_moveit_task_constructor_msgs__rosidl_typesupport_fastrtps_cExport.cmake
[0.778s] -- Up-to-date: /home/jellyfish/ws_moveit/install/moveit_task_constructor_msgs/share/moveit_task_constructor_msgs/cmake/export_moveit_task_constructor_msgs__rosidl_typesupport_fastrtps_cExport-release.cmake
[0.778s] -- Up-to-date: /home/jellyfish/ws_moveit/install/moveit_task_constructor_msgs/share/moveit_task_constructor_msgs/cmake/export_moveit_task_constructor_msgs__rosidl_generator_cppExport.cmake
[0.778s] -- Up-to-date: /home/jellyfish/ws_moveit/install/moveit_task_constructor_msgs/share/moveit_task_constructor_msgs/cmake/export_moveit_task_constructor_msgs__rosidl_typesupport_fastrtps_cppExport.cmake
[0.778s] -- Up-to-date: /home/jellyfish/ws_moveit/install/moveit_task_constructor_msgs/share/moveit_task_constructor_msgs/cmake/export_moveit_task_constructor_msgs__rosidl_typesupport_fastrtps_cppExport-release.cmake
[0.778s] -- Up-to-date: /home/jellyfish/ws_moveit/install/moveit_task_constructor_msgs/share/moveit_task_constructor_msgs/cmake/moveit_task_constructor_msgs__rosidl_typesupport_introspection_cExport.cmake
[0.778s] -- Up-to-date: /home/jellyfish/ws_moveit/install/moveit_task_constructor_msgs/share/moveit_task_constructor_msgs/cmake/moveit_task_constructor_msgs__rosidl_typesupport_introspection_cExport-release.cmake
[0.779s] -- Up-to-date: /home/jellyfish/ws_moveit/install/moveit_task_constructor_msgs/share/moveit_task_constructor_msgs/cmake/moveit_task_constructor_msgs__rosidl_typesupport_cExport.cmake
[0.779s] -- Up-to-date: /home/jellyfish/ws_moveit/install/moveit_task_constructor_msgs/share/moveit_task_constructor_msgs/cmake/moveit_task_constructor_msgs__rosidl_typesupport_cExport-release.cmake
[0.779s] -- Up-to-date: /home/jellyfish/ws_moveit/install/moveit_task_constructor_msgs/share/moveit_task_constructor_msgs/cmake/moveit_task_constructor_msgs__rosidl_typesupport_introspection_cppExport.cmake
[0.779s] -- Up-to-date: /home/jellyfish/ws_moveit/install/moveit_task_constructor_msgs/share/moveit_task_constructor_msgs/cmake/moveit_task_constructor_msgs__rosidl_typesupport_introspection_cppExport-release.cmake
[0.779s] -- Up-to-date: /home/jellyfish/ws_moveit/install/moveit_task_constructor_msgs/share/moveit_task_constructor_msgs/cmake/moveit_task_constructor_msgs__rosidl_typesupport_cppExport.cmake
[0.779s] -- Up-to-date: /home/jellyfish/ws_moveit/install/moveit_task_constructor_msgs/share/moveit_task_constructor_msgs/cmake/moveit_task_constructor_msgs__rosidl_typesupport_cppExport-release.cmake
[0.779s] -- Up-to-date: /home/jellyfish/ws_moveit/install/moveit_task_constructor_msgs/share/moveit_task_constructor_msgs/cmake/export_moveit_task_constructor_msgs__rosidl_generator_pyExport.cmake
[0.779s] -- Up-to-date: /home/jellyfish/ws_moveit/install/moveit_task_constructor_msgs/share/moveit_task_constructor_msgs/cmake/export_moveit_task_constructor_msgs__rosidl_generator_pyExport-release.cmake
[0.780s] -- Up-to-date: /home/jellyfish/ws_moveit/install/moveit_task_constructor_msgs/share/moveit_task_constructor_msgs/cmake/rosidl_cmake-extras.cmake
[0.780s] -- Up-to-date: /home/jellyfish/ws_moveit/install/moveit_task_constructor_msgs/share/moveit_task_constructor_msgs/cmake/ament_cmake_export_dependencies-extras.cmake
[0.780s] -- Up-to-date: /home/jellyfish/ws_moveit/install/moveit_task_constructor_msgs/share/moveit_task_constructor_msgs/cmake/ament_cmake_export_include_directories-extras.cmake
[0.780s] -- Up-to-date: /home/jellyfish/ws_moveit/install/moveit_task_constructor_msgs/share/moveit_task_constructor_msgs/cmake/ament_cmake_export_libraries-extras.cmake
[0.780s] -- Up-to-date: /home/jellyfish/ws_moveit/install/moveit_task_constructor_msgs/share/moveit_task_constructor_msgs/cmake/ament_cmake_export_targets-extras.cmake
[0.780s] -- Up-to-date: /home/jellyfish/ws_moveit/install/moveit_task_constructor_msgs/share/moveit_task_constructor_msgs/cmake/rosidl_cmake_export_typesupport_targets-extras.cmake
[0.780s] -- Up-to-date: /home/jellyfish/ws_moveit/install/moveit_task_constructor_msgs/share/moveit_task_constructor_msgs/cmake/rosidl_cmake_export_typesupport_libraries-extras.cmake
[0.781s] -- Up-to-date: /home/jellyfish/ws_moveit/install/moveit_task_constructor_msgs/share/moveit_task_constructor_msgs/cmake/moveit_task_constructor_msgsConfig.cmake
[0.781s] -- Up-to-date: /home/jellyfish/ws_moveit/install/moveit_task_constructor_msgs/share/moveit_task_constructor_msgs/cmake/moveit_task_constructor_msgsConfig-version.cmake
[0.781s] -- Up-to-date: /home/jellyfish/ws_moveit/install/moveit_task_constructor_msgs/share/moveit_task_constructor_msgs/package.xml
[0.783s] Invoked command in '/home/jellyfish/ws_moveit/build/moveit_task_constructor_msgs' returned '0': CMAKE_PREFIX_PATH=/opt/ros/humble /usr/bin/cmake --install /home/jellyfish/ws_moveit/build/moveit_task_constructor_msgs
