[0.015s] Invoking command in '/home/jellyfish/ws_moveit/build/moveit_common': CMAKE_PREFIX_PATH=/opt/ros/humble /usr/bin/cmake /home/jellyfish/ws_moveit/src/moveit2/moveit_common -DCMAKE_BUILD_TYPE=Release -DCMAKE_INSTALL_PREFIX=/home/jellyfish/ws_moveit/install/moveit_common
[0.048s] -- Found ament_cmake: 1.3.9 (/opt/ros/humble/share/ament_cmake/cmake)
[0.300s] -- Found Python3: /usr/bin/python3 (found version "3.10.12") found components: Interpreter 
[0.455s] -- Found ament_lint_auto: 0.12.11 (/opt/ros/humble/share/ament_lint_auto/cmake)
[0.590s] -- Added test 'copyright' to check source files copyright and LICENSE
[0.595s] -- Added test 'lint_cmake' to check CMake code style
[0.597s] -- Added test 'xmllint' to check XML markup files
[0.601s] -- Configuring done
[0.608s] -- Generating done
[0.609s] -- Build files have been written to: /home/jellyfish/ws_moveit/build/moveit_common
[0.616s] Invoked command in '/home/jellyfish/ws_moveit/build/moveit_common' returned '0': CMAKE_PREFIX_PATH=/opt/ros/humble /usr/bin/cmake /home/jellyfish/ws_moveit/src/moveit2/moveit_common -DCMAKE_BUILD_TYPE=Release -DCMAKE_INSTALL_PREFIX=/home/jellyfish/ws_moveit/install/moveit_common
[0.620s] Invoking command in '/home/jellyfish/ws_moveit/build/moveit_common': CMAKE_PREFIX_PATH=/opt/ros/humble /usr/bin/cmake --build /home/jellyfish/ws_moveit/build/moveit_common -- -j12 -l12
[0.673s] Invoked command in '/home/jellyfish/ws_moveit/build/moveit_common' returned '0': CMAKE_PREFIX_PATH=/opt/ros/humble /usr/bin/cmake --build /home/jellyfish/ws_moveit/build/moveit_common -- -j12 -l12
[0.712s] Invoking command in '/home/jellyfish/ws_moveit/build/moveit_common': CMAKE_PREFIX_PATH=/opt/ros/humble /usr/bin/cmake --install /home/jellyfish/ws_moveit/build/moveit_common
[0.729s] -- Install configuration: "Release"
[0.730s] -- Installing: /home/jellyfish/ws_moveit/install/moveit_common/share/ament_index/resource_index/package_run_dependencies/moveit_common
[0.730s] -- Installing: /home/jellyfish/ws_moveit/install/moveit_common/share/ament_index/resource_index/parent_prefix_path/moveit_common
[0.731s] -- Installing: /home/jellyfish/ws_moveit/install/moveit_common/share/moveit_common/environment/ament_prefix_path.sh
[0.731s] -- Installing: /home/jellyfish/ws_moveit/install/moveit_common/share/moveit_common/environment/ament_prefix_path.dsv
[0.731s] -- Installing: /home/jellyfish/ws_moveit/install/moveit_common/share/moveit_common/environment/path.sh
[0.732s] -- Installing: /home/jellyfish/ws_moveit/install/moveit_common/share/moveit_common/environment/path.dsv
[0.732s] -- Installing: /home/jellyfish/ws_moveit/install/moveit_common/share/moveit_common/local_setup.bash
[0.733s] -- Installing: /home/jellyfish/ws_moveit/install/moveit_common/share/moveit_common/local_setup.sh
[0.733s] -- Installing: /home/jellyfish/ws_moveit/install/moveit_common/share/moveit_common/local_setup.zsh
[0.733s] -- Installing: /home/jellyfish/ws_moveit/install/moveit_common/share/moveit_common/local_setup.dsv
[0.734s] -- Installing: /home/jellyfish/ws_moveit/install/moveit_common/share/moveit_common/package.dsv
[0.734s] -- Installing: /home/jellyfish/ws_moveit/install/moveit_common/share/ament_index/resource_index/packages/moveit_common
[0.735s] -- Installing: /home/jellyfish/ws_moveit/install/moveit_common/share/moveit_common/cmake/moveit_common-extras.cmake
[0.735s] -- Installing: /home/jellyfish/ws_moveit/install/moveit_common/share/moveit_common/cmake/moveit_commonConfig.cmake
[0.735s] -- Installing: /home/jellyfish/ws_moveit/install/moveit_common/share/moveit_common/cmake/moveit_commonConfig-version.cmake
[0.736s] -- Installing: /home/jellyfish/ws_moveit/install/moveit_common/share/moveit_common/package.xml
[0.736s] -- Up-to-date: /home/jellyfish/ws_moveit/install/moveit_common/share/moveit_common/cmake
[0.736s] -- Installing: /home/jellyfish/ws_moveit/install/moveit_common/share/moveit_common/cmake/moveit_package.cmake
[0.743s] Invoked command in '/home/jellyfish/ws_moveit/build/moveit_common' returned '0': CMAKE_PREFIX_PATH=/opt/ros/humble /usr/bin/cmake --install /home/jellyfish/ws_moveit/build/moveit_common
