[0.026s] Invoking command in '/home/jellyfish/ws_moveit/build/moveit_task_constructor_msgs': CMAKE_PREFIX_PATH=${CMAKE_PREFIX_PATH}:/home/jellyfish/ws_moveit/install/moveit_configs_utils:/home/jellyfish/ws_moveit/install/launch_param_builder:/opt/ros/humble /usr/bin/cmake --build /home/jellyfish/ws_moveit/build/moveit_task_constructor_msgs -- -j12 -l12
[0.170s] [ 12%] Built target moveit_task_constructor_msgs__rosidl_generator_c
[0.172s] [ 12%] Built target moveit_task_constructor_msgs__cpp
[0.174s] [ 12%] Built target ament_cmake_python_copy_moveit_task_constructor_msgs
[0.221s] [ 24%] Built target moveit_task_constructor_msgs__rosidl_typesupport_c
[0.226s] [ 48%] Built target moveit_task_constructor_msgs__rosidl_typesupport_fastrtps_c
[0.226s] [ 48%] Built target moveit_task_constructor_msgs__rosidl_typesupport_cpp
[0.230s] [ 60%] Built target moveit_task_constructor_msgs__rosidl_typesupport_introspection_cpp
[0.238s] [ 71%] Built target moveit_task_constructor_msgs__rosidl_typesupport_fastrtps_cpp
[0.239s] [ 83%] Built target moveit_task_constructor_msgs__rosidl_typesupport_introspection_c
[0.283s] [ 83%] Built target moveit_task_constructor_msgs
[0.326s] [ 84%] Built target moveit_task_constructor_msgs__py
[0.383s] [ 95%] Built target moveit_task_constructor_msgs__rosidl_generator_py
[0.429s] [ 99%] Built target moveit_task_constructor_msgs__rosidl_typesupport_introspection_c__pyext
[0.429s] [ 99%] Built target moveit_task_constructor_msgs__rosidl_typesupport_fastrtps_c__pyext
[0.451s] [100%] Built target moveit_task_constructor_msgs__rosidl_typesupport_c__pyext
[0.460s] running egg_info
[0.461s] writing moveit_task_constructor_msgs.egg-info/PKG-INFO
[0.462s] writing dependency_links to moveit_task_constructor_msgs.egg-info/dependency_links.txt
[0.462s] writing top-level names to moveit_task_constructor_msgs.egg-info/top_level.txt
[0.465s] reading manifest file 'moveit_task_constructor_msgs.egg-info/SOURCES.txt'
[0.466s] writing manifest file 'moveit_task_constructor_msgs.egg-info/SOURCES.txt'
[0.510s] [100%] Built target ament_cmake_python_build_moveit_task_constructor_msgs_egg
[0.531s] Invoked command in '/home/jellyfish/ws_moveit/build/moveit_task_constructor_msgs' returned '0': CMAKE_PREFIX_PATH=${CMAKE_PREFIX_PATH}:/home/jellyfish/ws_moveit/install/moveit_configs_utils:/home/jellyfish/ws_moveit/install/launch_param_builder:/opt/ros/humble /usr/bin/cmake --build /home/jellyfish/ws_moveit/build/moveit_task_constructor_msgs -- -j12 -l12
[1.752s] Invoking command in '/home/jellyfish/ws_moveit/build/moveit_task_constructor_msgs': CMAKE_PREFIX_PATH=${CMAKE_PREFIX_PATH}:/home/jellyfish/ws_moveit/install/moveit_configs_utils:/home/jellyfish/ws_moveit/install/launch_param_builder:/opt/ros/humble /usr/bin/cmake --install /home/jellyfish/ws_moveit/build/moveit_task_constructor_msgs
[1.765s] -- Install configuration: "Release"
[1.766s] -- Up-to-date: /home/jellyfish/ws_moveit/install/moveit_task_constructor_msgs/share/ament_index/resource_index/rosidl_interfaces/moveit_task_constructor_msgs
[1.766s] -- Up-to-date: /home/jellyfish/ws_moveit/install/moveit_task_constructor_msgs/include/moveit_task_constructor_msgs/moveit_task_constructor_msgs
[1.766s] -- Up-to-date: /home/jellyfish/ws_moveit/install/moveit_task_constructor_msgs/include/moveit_task_constructor_msgs/moveit_task_constructor_msgs/srv
[1.766s] -- Up-to-date: /home/jellyfish/ws_moveit/install/moveit_task_constructor_msgs/include/moveit_task_constructor_msgs/moveit_task_constructor_msgs/srv/get_solution.h
[1.767s] -- Up-to-date: /home/jellyfish/ws_moveit/install/moveit_task_constructor_msgs/include/moveit_task_constructor_msgs/moveit_task_constructor_msgs/srv/detail
[1.768s] -- Up-to-date: /home/jellyfish/ws_moveit/install/moveit_task_constructor_msgs/include/moveit_task_constructor_msgs/moveit_task_constructor_msgs/srv/detail/get_solution__type_support.h
[1.768s] -- Up-to-date: /home/jellyfish/ws_moveit/install/moveit_task_constructor_msgs/include/moveit_task_constructor_msgs/moveit_task_constructor_msgs/srv/detail/get_solution__struct.h
[1.768s] -- Up-to-date: /home/jellyfish/ws_moveit/install/moveit_task_constructor_msgs/include/moveit_task_constructor_msgs/moveit_task_constructor_msgs/srv/detail/get_solution__functions.c
[1.769s] -- Up-to-date: /home/jellyfish/ws_moveit/install/moveit_task_constructor_msgs/include/moveit_task_constructor_msgs/moveit_task_constructor_msgs/srv/detail/get_solution__functions.h
[1.769s] -- Up-to-date: /home/jellyfish/ws_moveit/install/moveit_task_constructor_msgs/include/moveit_task_constructor_msgs/moveit_task_constructor_msgs/action
[1.769s] -- Up-to-date: /home/jellyfish/ws_moveit/install/moveit_task_constructor_msgs/include/moveit_task_constructor_msgs/moveit_task_constructor_msgs/action/detail
[1.769s] -- Up-to-date: /home/jellyfish/ws_moveit/install/moveit_task_constructor_msgs/include/moveit_task_constructor_msgs/moveit_task_constructor_msgs/action/detail/execute_task_solution__functions.h
[1.770s] -- Up-to-date: /home/jellyfish/ws_moveit/install/moveit_task_constructor_msgs/include/moveit_task_constructor_msgs/moveit_task_constructor_msgs/action/detail/execute_task_solution__type_support.h
[1.770s] -- Up-to-date: /home/jellyfish/ws_moveit/install/moveit_task_constructor_msgs/include/moveit_task_constructor_msgs/moveit_task_constructor_msgs/action/detail/execute_task_solution__struct.h
[1.770s] -- Up-to-date: /home/jellyfish/ws_moveit/install/moveit_task_constructor_msgs/include/moveit_task_constructor_msgs/moveit_task_constructor_msgs/action/detail/execute_task_solution__functions.c
[1.770s] -- Up-to-date: /home/jellyfish/ws_moveit/install/moveit_task_constructor_msgs/include/moveit_task_constructor_msgs/moveit_task_constructor_msgs/action/execute_task_solution.h
[1.770s] -- Up-to-date: /home/jellyfish/ws_moveit/install/moveit_task_constructor_msgs/include/moveit_task_constructor_msgs/moveit_task_constructor_msgs/msg
[1.771s] -- Up-to-date: /home/jellyfish/ws_moveit/install/moveit_task_constructor_msgs/include/moveit_task_constructor_msgs/moveit_task_constructor_msgs/msg/rosidl_generator_c__visibility_control.h
[1.771s] -- Up-to-date: /home/jellyfish/ws_moveit/install/moveit_task_constructor_msgs/include/moveit_task_constructor_msgs/moveit_task_constructor_msgs/msg/task_statistics.h
[1.771s] -- Up-to-date: /home/jellyfish/ws_moveit/install/moveit_task_constructor_msgs/include/moveit_task_constructor_msgs/moveit_task_constructor_msgs/msg/stage_description.h
[1.771s] -- Up-to-date: /home/jellyfish/ws_moveit/install/moveit_task_constructor_msgs/include/moveit_task_constructor_msgs/moveit_task_constructor_msgs/msg/sub_solution.h
[1.771s] -- Up-to-date: /home/jellyfish/ws_moveit/install/moveit_task_constructor_msgs/include/moveit_task_constructor_msgs/moveit_task_constructor_msgs/msg/sub_trajectory.h
[1.771s] -- Up-to-date: /home/jellyfish/ws_moveit/install/moveit_task_constructor_msgs/include/moveit_task_constructor_msgs/moveit_task_constructor_msgs/msg/task_description.h
[1.771s] -- Up-to-date: /home/jellyfish/ws_moveit/install/moveit_task_constructor_msgs/include/moveit_task_constructor_msgs/moveit_task_constructor_msgs/msg/detail
[1.772s] -- Up-to-date: /home/jellyfish/ws_moveit/install/moveit_task_constructor_msgs/include/moveit_task_constructor_msgs/moveit_task_constructor_msgs/msg/detail/solution_info__struct.h
[1.772s] -- Up-to-date: /home/jellyfish/ws_moveit/install/moveit_task_constructor_msgs/include/moveit_task_constructor_msgs/moveit_task_constructor_msgs/msg/detail/solution__functions.h
[1.772s] -- Up-to-date: /home/jellyfish/ws_moveit/install/moveit_task_constructor_msgs/include/moveit_task_constructor_msgs/moveit_task_constructor_msgs/msg/detail/stage_description__type_support.h
[1.772s] -- Up-to-date: /home/jellyfish/ws_moveit/install/moveit_task_constructor_msgs/include/moveit_task_constructor_msgs/moveit_task_constructor_msgs/msg/detail/solution_info__functions.c
[1.772s] -- Up-to-date: /home/jellyfish/ws_moveit/install/moveit_task_constructor_msgs/include/moveit_task_constructor_msgs/moveit_task_constructor_msgs/msg/detail/property__functions.c
[1.772s] -- Up-to-date: /home/jellyfish/ws_moveit/install/moveit_task_constructor_msgs/include/moveit_task_constructor_msgs/moveit_task_constructor_msgs/msg/detail/solution__functions.c
[1.773s] -- Up-to-date: /home/jellyfish/ws_moveit/install/moveit_task_constructor_msgs/include/moveit_task_constructor_msgs/moveit_task_constructor_msgs/msg/detail/solution__struct.h
[1.773s] -- Up-to-date: /home/jellyfish/ws_moveit/install/moveit_task_constructor_msgs/include/moveit_task_constructor_msgs/moveit_task_constructor_msgs/msg/detail/trajectory_execution_info__struct.h
[1.773s] -- Up-to-date: /home/jellyfish/ws_moveit/install/moveit_task_constructor_msgs/include/moveit_task_constructor_msgs/moveit_task_constructor_msgs/msg/detail/task_statistics__functions.c
[1.773s] -- Up-to-date: /home/jellyfish/ws_moveit/install/moveit_task_constructor_msgs/include/moveit_task_constructor_msgs/moveit_task_constructor_msgs/msg/detail/stage_statistics__struct.h
[1.773s] -- Up-to-date: /home/jellyfish/ws_moveit/install/moveit_task_constructor_msgs/include/moveit_task_constructor_msgs/moveit_task_constructor_msgs/msg/detail/trajectory_execution_info__functions.c
[1.773s] -- Up-to-date: /home/jellyfish/ws_moveit/install/moveit_task_constructor_msgs/include/moveit_task_constructor_msgs/moveit_task_constructor_msgs/msg/detail/task_statistics__struct.h
[1.774s] -- Up-to-date: /home/jellyfish/ws_moveit/install/moveit_task_constructor_msgs/include/moveit_task_constructor_msgs/moveit_task_constructor_msgs/msg/detail/sub_solution__functions.h
[1.774s] -- Up-to-date: /home/jellyfish/ws_moveit/install/moveit_task_constructor_msgs/include/moveit_task_constructor_msgs/moveit_task_constructor_msgs/msg/detail/sub_solution__struct.h
[1.774s] -- Up-to-date: /home/jellyfish/ws_moveit/install/moveit_task_constructor_msgs/include/moveit_task_constructor_msgs/moveit_task_constructor_msgs/msg/detail/task_statistics__functions.h
[1.774s] -- Up-to-date: /home/jellyfish/ws_moveit/install/moveit_task_constructor_msgs/include/moveit_task_constructor_msgs/moveit_task_constructor_msgs/msg/detail/trajectory_execution_info__type_support.h
[1.774s] -- Up-to-date: /home/jellyfish/ws_moveit/install/moveit_task_constructor_msgs/include/moveit_task_constructor_msgs/moveit_task_constructor_msgs/msg/detail/property__functions.h
[1.774s] -- Up-to-date: /home/jellyfish/ws_moveit/install/moveit_task_constructor_msgs/include/moveit_task_constructor_msgs/moveit_task_constructor_msgs/msg/detail/sub_solution__type_support.h
[1.775s] -- Up-to-date: /home/jellyfish/ws_moveit/install/moveit_task_constructor_msgs/include/moveit_task_constructor_msgs/moveit_task_constructor_msgs/msg/detail/stage_statistics__type_support.h
[1.775s] -- Up-to-date: /home/jellyfish/ws_moveit/install/moveit_task_constructor_msgs/include/moveit_task_constructor_msgs/moveit_task_constructor_msgs/msg/detail/trajectory_execution_info__functions.h
[1.775s] -- Up-to-date: /home/jellyfish/ws_moveit/install/moveit_task_constructor_msgs/include/moveit_task_constructor_msgs/moveit_task_constructor_msgs/msg/detail/stage_description__functions.h
[1.775s] -- Up-to-date: /home/jellyfish/ws_moveit/install/moveit_task_constructor_msgs/include/moveit_task_constructor_msgs/moveit_task_constructor_msgs/msg/detail/stage_statistics__functions.c
[1.775s] -- Up-to-date: /home/jellyfish/ws_moveit/install/moveit_task_constructor_msgs/include/moveit_task_constructor_msgs/moveit_task_constructor_msgs/msg/detail/task_description__type_support.h
[1.775s] -- Up-to-date: /home/jellyfish/ws_moveit/install/moveit_task_constructor_msgs/include/moveit_task_constructor_msgs/moveit_task_constructor_msgs/msg/detail/solution_info__type_support.h
[1.775s] -- Up-to-date: /home/jellyfish/ws_moveit/install/moveit_task_constructor_msgs/include/moveit_task_constructor_msgs/moveit_task_constructor_msgs/msg/detail/solution__type_support.h
[1.776s] -- Up-to-date: /home/jellyfish/ws_moveit/install/moveit_task_constructor_msgs/include/moveit_task_constructor_msgs/moveit_task_constructor_msgs/msg/detail/solution_info__functions.h
[1.776s] -- Up-to-date: /home/jellyfish/ws_moveit/install/moveit_task_constructor_msgs/include/moveit_task_constructor_msgs/moveit_task_constructor_msgs/msg/detail/sub_trajectory__functions.c
[1.776s] -- Up-to-date: /home/jellyfish/ws_moveit/install/moveit_task_constructor_msgs/include/moveit_task_constructor_msgs/moveit_task_constructor_msgs/msg/detail/stage_description__struct.h
[1.776s] -- Up-to-date: /home/jellyfish/ws_moveit/install/moveit_task_constructor_msgs/include/moveit_task_constructor_msgs/moveit_task_constructor_msgs/msg/detail/stage_description__functions.c
[1.776s] -- Up-to-date: /home/jellyfish/ws_moveit/install/moveit_task_constructor_msgs/include/moveit_task_constructor_msgs/moveit_task_constructor_msgs/msg/detail/task_description__functions.h
[1.776s] -- Up-to-date: /home/jellyfish/ws_moveit/install/moveit_task_constructor_msgs/include/moveit_task_constructor_msgs/moveit_task_constructor_msgs/msg/detail/stage_statistics__functions.h
[1.776s] -- Up-to-date: /home/jellyfish/ws_moveit/install/moveit_task_constructor_msgs/include/moveit_task_constructor_msgs/moveit_task_constructor_msgs/msg/detail/sub_solution__functions.c
[1.776s] -- Up-to-date: /home/jellyfish/ws_moveit/install/moveit_task_constructor_msgs/include/moveit_task_constructor_msgs/moveit_task_constructor_msgs/msg/detail/sub_trajectory__struct.h
[1.777s] -- Up-to-date: /home/jellyfish/ws_moveit/install/moveit_task_constructor_msgs/include/moveit_task_constructor_msgs/moveit_task_constructor_msgs/msg/detail/task_statistics__type_support.h
[1.777s] -- Up-to-date: /home/jellyfish/ws_moveit/install/moveit_task_constructor_msgs/include/moveit_task_constructor_msgs/moveit_task_constructor_msgs/msg/detail/sub_trajectory__functions.h
[1.777s] -- Up-to-date: /home/jellyfish/ws_moveit/install/moveit_task_constructor_msgs/include/moveit_task_constructor_msgs/moveit_task_constructor_msgs/msg/detail/task_description__struct.h
[1.777s] -- Up-to-date: /home/jellyfish/ws_moveit/install/moveit_task_constructor_msgs/include/moveit_task_constructor_msgs/moveit_task_constructor_msgs/msg/detail/property__struct.h
[1.777s] -- Up-to-date: /home/jellyfish/ws_moveit/install/moveit_task_constructor_msgs/include/moveit_task_constructor_msgs/moveit_task_constructor_msgs/msg/detail/sub_trajectory__type_support.h
[1.778s] -- Up-to-date: /home/jellyfish/ws_moveit/install/moveit_task_constructor_msgs/include/moveit_task_constructor_msgs/moveit_task_constructor_msgs/msg/detail/task_description__functions.c
[1.778s] -- Up-to-date: /home/jellyfish/ws_moveit/install/moveit_task_constructor_msgs/include/moveit_task_constructor_msgs/moveit_task_constructor_msgs/msg/detail/property__type_support.h
[1.778s] -- Up-to-date: /home/jellyfish/ws_moveit/install/moveit_task_constructor_msgs/include/moveit_task_constructor_msgs/moveit_task_constructor_msgs/msg/solution.h
[1.778s] -- Up-to-date: /home/jellyfish/ws_moveit/install/moveit_task_constructor_msgs/include/moveit_task_constructor_msgs/moveit_task_constructor_msgs/msg/stage_statistics.h
[1.778s] -- Up-to-date: /home/jellyfish/ws_moveit/install/moveit_task_constructor_msgs/include/moveit_task_constructor_msgs/moveit_task_constructor_msgs/msg/solution_info.h
[1.778s] -- Up-to-date: /home/jellyfish/ws_moveit/install/moveit_task_constructor_msgs/include/moveit_task_constructor_msgs/moveit_task_constructor_msgs/msg/property.h
[1.778s] -- Up-to-date: /home/jellyfish/ws_moveit/install/moveit_task_constructor_msgs/include/moveit_task_constructor_msgs/moveit_task_constructor_msgs/msg/trajectory_execution_info.h
[1.778s] -- Up-to-date: /home/jellyfish/ws_moveit/install/moveit_task_constructor_msgs/share/moveit_task_constructor_msgs/environment/library_path.sh
[1.779s] -- Up-to-date: /home/jellyfish/ws_moveit/install/moveit_task_constructor_msgs/share/moveit_task_constructor_msgs/environment/library_path.dsv
[1.779s] -- Up-to-date: /home/jellyfish/ws_moveit/install/moveit_task_constructor_msgs/lib/libmoveit_task_constructor_msgs__rosidl_generator_c.so
[1.779s] -- Up-to-date: /home/jellyfish/ws_moveit/install/moveit_task_constructor_msgs/include/moveit_task_constructor_msgs/moveit_task_constructor_msgs
[1.779s] -- Up-to-date: /home/jellyfish/ws_moveit/install/moveit_task_constructor_msgs/include/moveit_task_constructor_msgs/moveit_task_constructor_msgs/srv
[1.779s] -- Up-to-date: /home/jellyfish/ws_moveit/install/moveit_task_constructor_msgs/include/moveit_task_constructor_msgs/moveit_task_constructor_msgs/srv/detail
[1.779s] -- Up-to-date: /home/jellyfish/ws_moveit/install/moveit_task_constructor_msgs/include/moveit_task_constructor_msgs/moveit_task_constructor_msgs/srv/detail/get_solution__rosidl_typesupport_fastrtps_c.h
[1.779s] -- Up-to-date: /home/jellyfish/ws_moveit/install/moveit_task_constructor_msgs/include/moveit_task_constructor_msgs/moveit_task_constructor_msgs/action
[1.779s] -- Up-to-date: /home/jellyfish/ws_moveit/install/moveit_task_constructor_msgs/include/moveit_task_constructor_msgs/moveit_task_constructor_msgs/action/detail
[1.780s] -- Up-to-date: /home/jellyfish/ws_moveit/install/moveit_task_constructor_msgs/include/moveit_task_constructor_msgs/moveit_task_constructor_msgs/action/detail/execute_task_solution__rosidl_typesupport_fastrtps_c.h
[1.780s] -- Up-to-date: /home/jellyfish/ws_moveit/install/moveit_task_constructor_msgs/include/moveit_task_constructor_msgs/moveit_task_constructor_msgs/msg
[1.780s] -- Up-to-date: /home/jellyfish/ws_moveit/install/moveit_task_constructor_msgs/include/moveit_task_constructor_msgs/moveit_task_constructor_msgs/msg/detail
[1.780s] -- Up-to-date: /home/jellyfish/ws_moveit/install/moveit_task_constructor_msgs/include/moveit_task_constructor_msgs/moveit_task_constructor_msgs/msg/detail/solution__rosidl_typesupport_fastrtps_c.h
[1.780s] -- Up-to-date: /home/jellyfish/ws_moveit/install/moveit_task_constructor_msgs/include/moveit_task_constructor_msgs/moveit_task_constructor_msgs/msg/detail/trajectory_execution_info__rosidl_typesupport_fastrtps_c.h
[1.780s] -- Up-to-date: /home/jellyfish/ws_moveit/install/moveit_task_constructor_msgs/include/moveit_task_constructor_msgs/moveit_task_constructor_msgs/msg/detail/solution_info__rosidl_typesupport_fastrtps_c.h
[1.780s] -- Up-to-date: /home/jellyfish/ws_moveit/install/moveit_task_constructor_msgs/include/moveit_task_constructor_msgs/moveit_task_constructor_msgs/msg/detail/stage_statistics__rosidl_typesupport_fastrtps_c.h
[1.781s] -- Up-to-date: /home/jellyfish/ws_moveit/install/moveit_task_constructor_msgs/include/moveit_task_constructor_msgs/moveit_task_constructor_msgs/msg/detail/sub_trajectory__rosidl_typesupport_fastrtps_c.h
[1.781s] -- Up-to-date: /home/jellyfish/ws_moveit/install/moveit_task_constructor_msgs/include/moveit_task_constructor_msgs/moveit_task_constructor_msgs/msg/detail/property__rosidl_typesupport_fastrtps_c.h
[1.781s] -- Up-to-date: /home/jellyfish/ws_moveit/install/moveit_task_constructor_msgs/include/moveit_task_constructor_msgs/moveit_task_constructor_msgs/msg/detail/stage_description__rosidl_typesupport_fastrtps_c.h
[1.781s] -- Up-to-date: /home/jellyfish/ws_moveit/install/moveit_task_constructor_msgs/include/moveit_task_constructor_msgs/moveit_task_constructor_msgs/msg/detail/task_statistics__rosidl_typesupport_fastrtps_c.h
[1.781s] -- Up-to-date: /home/jellyfish/ws_moveit/install/moveit_task_constructor_msgs/include/moveit_task_constructor_msgs/moveit_task_constructor_msgs/msg/detail/task_description__rosidl_typesupport_fastrtps_c.h
[1.781s] -- Up-to-date: /home/jellyfish/ws_moveit/install/moveit_task_constructor_msgs/include/moveit_task_constructor_msgs/moveit_task_constructor_msgs/msg/detail/sub_solution__rosidl_typesupport_fastrtps_c.h
[1.781s] -- Up-to-date: /home/jellyfish/ws_moveit/install/moveit_task_constructor_msgs/include/moveit_task_constructor_msgs/moveit_task_constructor_msgs/msg/rosidl_typesupport_fastrtps_c__visibility_control.h
[1.781s] -- Up-to-date: /home/jellyfish/ws_moveit/install/moveit_task_constructor_msgs/lib/libmoveit_task_constructor_msgs__rosidl_typesupport_fastrtps_c.so
[1.782s] -- Up-to-date: /home/jellyfish/ws_moveit/install/moveit_task_constructor_msgs/include/moveit_task_constructor_msgs/moveit_task_constructor_msgs
[1.782s] -- Up-to-date: /home/jellyfish/ws_moveit/install/moveit_task_constructor_msgs/include/moveit_task_constructor_msgs/moveit_task_constructor_msgs/srv
[1.782s] -- Up-to-date: /home/jellyfish/ws_moveit/install/moveit_task_constructor_msgs/include/moveit_task_constructor_msgs/moveit_task_constructor_msgs/srv/get_solution.hpp
[1.782s] -- Up-to-date: /home/jellyfish/ws_moveit/install/moveit_task_constructor_msgs/include/moveit_task_constructor_msgs/moveit_task_constructor_msgs/srv/detail
[1.782s] -- Up-to-date: /home/jellyfish/ws_moveit/install/moveit_task_constructor_msgs/include/moveit_task_constructor_msgs/moveit_task_constructor_msgs/srv/detail/get_solution__traits.hpp
[1.782s] -- Up-to-date: /home/jellyfish/ws_moveit/install/moveit_task_constructor_msgs/include/moveit_task_constructor_msgs/moveit_task_constructor_msgs/srv/detail/get_solution__struct.hpp
[1.782s] -- Up-to-date: /home/jellyfish/ws_moveit/install/moveit_task_constructor_msgs/include/moveit_task_constructor_msgs/moveit_task_constructor_msgs/srv/detail/get_solution__builder.hpp
[1.782s] -- Up-to-date: /home/jellyfish/ws_moveit/install/moveit_task_constructor_msgs/include/moveit_task_constructor_msgs/moveit_task_constructor_msgs/action
[1.783s] -- Up-to-date: /home/jellyfish/ws_moveit/install/moveit_task_constructor_msgs/include/moveit_task_constructor_msgs/moveit_task_constructor_msgs/action/detail
[1.783s] -- Up-to-date: /home/jellyfish/ws_moveit/install/moveit_task_constructor_msgs/include/moveit_task_constructor_msgs/moveit_task_constructor_msgs/action/detail/execute_task_solution__builder.hpp
[1.783s] -- Up-to-date: /home/jellyfish/ws_moveit/install/moveit_task_constructor_msgs/include/moveit_task_constructor_msgs/moveit_task_constructor_msgs/action/detail/execute_task_solution__traits.hpp
[1.783s] -- Up-to-date: /home/jellyfish/ws_moveit/install/moveit_task_constructor_msgs/include/moveit_task_constructor_msgs/moveit_task_constructor_msgs/action/detail/execute_task_solution__struct.hpp
[1.783s] -- Up-to-date: /home/jellyfish/ws_moveit/install/moveit_task_constructor_msgs/include/moveit_task_constructor_msgs/moveit_task_constructor_msgs/action/execute_task_solution.hpp
[1.783s] -- Up-to-date: /home/jellyfish/ws_moveit/install/moveit_task_constructor_msgs/include/moveit_task_constructor_msgs/moveit_task_constructor_msgs/msg
[1.783s] -- Up-to-date: /home/jellyfish/ws_moveit/install/moveit_task_constructor_msgs/include/moveit_task_constructor_msgs/moveit_task_constructor_msgs/msg/detail
[1.783s] -- Up-to-date: /home/jellyfish/ws_moveit/install/moveit_task_constructor_msgs/include/moveit_task_constructor_msgs/moveit_task_constructor_msgs/msg/detail/trajectory_execution_info__traits.hpp
[1.784s] -- Up-to-date: /home/jellyfish/ws_moveit/install/moveit_task_constructor_msgs/include/moveit_task_constructor_msgs/moveit_task_constructor_msgs/msg/detail/stage_statistics__struct.hpp
[1.784s] -- Up-to-date: /home/jellyfish/ws_moveit/install/moveit_task_constructor_msgs/include/moveit_task_constructor_msgs/moveit_task_constructor_msgs/msg/detail/sub_trajectory__struct.hpp
[1.784s] -- Up-to-date: /home/jellyfish/ws_moveit/install/moveit_task_constructor_msgs/include/moveit_task_constructor_msgs/moveit_task_constructor_msgs/msg/detail/solution__struct.hpp
[1.784s] -- Up-to-date: /home/jellyfish/ws_moveit/install/moveit_task_constructor_msgs/include/moveit_task_constructor_msgs/moveit_task_constructor_msgs/msg/detail/task_statistics__traits.hpp
[1.784s] -- Up-to-date: /home/jellyfish/ws_moveit/install/moveit_task_constructor_msgs/include/moveit_task_constructor_msgs/moveit_task_constructor_msgs/msg/detail/sub_solution__traits.hpp
[1.784s] -- Up-to-date: /home/jellyfish/ws_moveit/install/moveit_task_constructor_msgs/include/moveit_task_constructor_msgs/moveit_task_constructor_msgs/msg/detail/task_description__traits.hpp
[1.784s] -- Up-to-date: /home/jellyfish/ws_moveit/install/moveit_task_constructor_msgs/include/moveit_task_constructor_msgs/moveit_task_constructor_msgs/msg/detail/solution__traits.hpp
[1.785s] -- Up-to-date: /home/jellyfish/ws_moveit/install/moveit_task_constructor_msgs/include/moveit_task_constructor_msgs/moveit_task_constructor_msgs/msg/detail/stage_description__builder.hpp
[1.785s] -- Up-to-date: /home/jellyfish/ws_moveit/install/moveit_task_constructor_msgs/include/moveit_task_constructor_msgs/moveit_task_constructor_msgs/msg/detail/stage_description__traits.hpp
[1.785s] -- Up-to-date: /home/jellyfish/ws_moveit/install/moveit_task_constructor_msgs/include/moveit_task_constructor_msgs/moveit_task_constructor_msgs/msg/detail/property__traits.hpp
[1.785s] -- Up-to-date: /home/jellyfish/ws_moveit/install/moveit_task_constructor_msgs/include/moveit_task_constructor_msgs/moveit_task_constructor_msgs/msg/detail/solution_info__builder.hpp
[1.785s] -- Up-to-date: /home/jellyfish/ws_moveit/install/moveit_task_constructor_msgs/include/moveit_task_constructor_msgs/moveit_task_constructor_msgs/msg/detail/property__struct.hpp
[1.785s] -- Up-to-date: /home/jellyfish/ws_moveit/install/moveit_task_constructor_msgs/include/moveit_task_constructor_msgs/moveit_task_constructor_msgs/msg/detail/stage_statistics__traits.hpp
[1.785s] -- Up-to-date: /home/jellyfish/ws_moveit/install/moveit_task_constructor_msgs/include/moveit_task_constructor_msgs/moveit_task_constructor_msgs/msg/detail/solution_info__traits.hpp
[1.786s] -- Up-to-date: /home/jellyfish/ws_moveit/install/moveit_task_constructor_msgs/include/moveit_task_constructor_msgs/moveit_task_constructor_msgs/msg/detail/task_description__struct.hpp
[1.786s] -- Up-to-date: /home/jellyfish/ws_moveit/install/moveit_task_constructor_msgs/include/moveit_task_constructor_msgs/moveit_task_constructor_msgs/msg/detail/trajectory_execution_info__builder.hpp
[1.786s] -- Up-to-date: /home/jellyfish/ws_moveit/install/moveit_task_constructor_msgs/include/moveit_task_constructor_msgs/moveit_task_constructor_msgs/msg/detail/task_description__builder.hpp
[1.786s] -- Up-to-date: /home/jellyfish/ws_moveit/install/moveit_task_constructor_msgs/include/moveit_task_constructor_msgs/moveit_task_constructor_msgs/msg/detail/solution__builder.hpp
[1.786s] -- Up-to-date: /home/jellyfish/ws_moveit/install/moveit_task_constructor_msgs/include/moveit_task_constructor_msgs/moveit_task_constructor_msgs/msg/detail/sub_solution__struct.hpp
[1.786s] -- Up-to-date: /home/jellyfish/ws_moveit/install/moveit_task_constructor_msgs/include/moveit_task_constructor_msgs/moveit_task_constructor_msgs/msg/detail/stage_statistics__builder.hpp
[1.786s] -- Up-to-date: /home/jellyfish/ws_moveit/install/moveit_task_constructor_msgs/include/moveit_task_constructor_msgs/moveit_task_constructor_msgs/msg/detail/task_statistics__struct.hpp
[1.787s] -- Up-to-date: /home/jellyfish/ws_moveit/install/moveit_task_constructor_msgs/include/moveit_task_constructor_msgs/moveit_task_constructor_msgs/msg/detail/sub_trajectory__builder.hpp
[1.787s] -- Up-to-date: /home/jellyfish/ws_moveit/install/moveit_task_constructor_msgs/include/moveit_task_constructor_msgs/moveit_task_constructor_msgs/msg/detail/trajectory_execution_info__struct.hpp
[1.787s] -- Up-to-date: /home/jellyfish/ws_moveit/install/moveit_task_constructor_msgs/include/moveit_task_constructor_msgs/moveit_task_constructor_msgs/msg/detail/sub_trajectory__traits.hpp
[1.787s] -- Up-to-date: /home/jellyfish/ws_moveit/install/moveit_task_constructor_msgs/include/moveit_task_constructor_msgs/moveit_task_constructor_msgs/msg/detail/sub_solution__builder.hpp
[1.787s] -- Up-to-date: /home/jellyfish/ws_moveit/install/moveit_task_constructor_msgs/include/moveit_task_constructor_msgs/moveit_task_constructor_msgs/msg/detail/task_statistics__builder.hpp
[1.787s] -- Up-to-date: /home/jellyfish/ws_moveit/install/moveit_task_constructor_msgs/include/moveit_task_constructor_msgs/moveit_task_constructor_msgs/msg/detail/stage_description__struct.hpp
[1.787s] -- Up-to-date: /home/jellyfish/ws_moveit/install/moveit_task_constructor_msgs/include/moveit_task_constructor_msgs/moveit_task_constructor_msgs/msg/detail/solution_info__struct.hpp
[1.787s] -- Up-to-date: /home/jellyfish/ws_moveit/install/moveit_task_constructor_msgs/include/moveit_task_constructor_msgs/moveit_task_constructor_msgs/msg/detail/property__builder.hpp
[1.788s] -- Up-to-date: /home/jellyfish/ws_moveit/install/moveit_task_constructor_msgs/include/moveit_task_constructor_msgs/moveit_task_constructor_msgs/msg/solution.hpp
[1.788s] -- Up-to-date: /home/jellyfish/ws_moveit/install/moveit_task_constructor_msgs/include/moveit_task_constructor_msgs/moveit_task_constructor_msgs/msg/trajectory_execution_info.hpp
[1.788s] -- Up-to-date: /home/jellyfish/ws_moveit/install/moveit_task_constructor_msgs/include/moveit_task_constructor_msgs/moveit_task_constructor_msgs/msg/stage_description.hpp
[1.788s] -- Up-to-date: /home/jellyfish/ws_moveit/install/moveit_task_constructor_msgs/include/moveit_task_constructor_msgs/moveit_task_constructor_msgs/msg/sub_solution.hpp
[1.788s] -- Up-to-date: /home/jellyfish/ws_moveit/install/moveit_task_constructor_msgs/include/moveit_task_constructor_msgs/moveit_task_constructor_msgs/msg/task_description.hpp
[1.788s] -- Up-to-date: /home/jellyfish/ws_moveit/install/moveit_task_constructor_msgs/include/moveit_task_constructor_msgs/moveit_task_constructor_msgs/msg/solution_info.hpp
[1.788s] -- Up-to-date: /home/jellyfish/ws_moveit/install/moveit_task_constructor_msgs/include/moveit_task_constructor_msgs/moveit_task_constructor_msgs/msg/property.hpp
[1.789s] -- Up-to-date: /home/jellyfish/ws_moveit/install/moveit_task_constructor_msgs/include/moveit_task_constructor_msgs/moveit_task_constructor_msgs/msg/sub_trajectory.hpp
[1.789s] -- Up-to-date: /home/jellyfish/ws_moveit/install/moveit_task_constructor_msgs/include/moveit_task_constructor_msgs/moveit_task_constructor_msgs/msg/stage_statistics.hpp
[1.789s] -- Up-to-date: /home/jellyfish/ws_moveit/install/moveit_task_constructor_msgs/include/moveit_task_constructor_msgs/moveit_task_constructor_msgs/msg/task_statistics.hpp
[1.789s] -- Up-to-date: /home/jellyfish/ws_moveit/install/moveit_task_constructor_msgs/include/moveit_task_constructor_msgs/moveit_task_constructor_msgs
[1.789s] -- Up-to-date: /home/jellyfish/ws_moveit/install/moveit_task_constructor_msgs/include/moveit_task_constructor_msgs/moveit_task_constructor_msgs/srv
[1.789s] -- Up-to-date: /home/jellyfish/ws_moveit/install/moveit_task_constructor_msgs/include/moveit_task_constructor_msgs/moveit_task_constructor_msgs/srv/detail
[1.789s] -- Up-to-date: /home/jellyfish/ws_moveit/install/moveit_task_constructor_msgs/include/moveit_task_constructor_msgs/moveit_task_constructor_msgs/srv/detail/dds_fastrtps
[1.790s] -- Up-to-date: /home/jellyfish/ws_moveit/install/moveit_task_constructor_msgs/include/moveit_task_constructor_msgs/moveit_task_constructor_msgs/srv/detail/get_solution__rosidl_typesupport_fastrtps_cpp.hpp
[1.790s] -- Up-to-date: /home/jellyfish/ws_moveit/install/moveit_task_constructor_msgs/include/moveit_task_constructor_msgs/moveit_task_constructor_msgs/action
[1.790s] -- Up-to-date: /home/jellyfish/ws_moveit/install/moveit_task_constructor_msgs/include/moveit_task_constructor_msgs/moveit_task_constructor_msgs/action/detail
[1.790s] -- Up-to-date: /home/jellyfish/ws_moveit/install/moveit_task_constructor_msgs/include/moveit_task_constructor_msgs/moveit_task_constructor_msgs/action/detail/dds_fastrtps
[1.790s] -- Up-to-date: /home/jellyfish/ws_moveit/install/moveit_task_constructor_msgs/include/moveit_task_constructor_msgs/moveit_task_constructor_msgs/action/detail/execute_task_solution__rosidl_typesupport_fastrtps_cpp.hpp
[1.790s] -- Up-to-date: /home/jellyfish/ws_moveit/install/moveit_task_constructor_msgs/include/moveit_task_constructor_msgs/moveit_task_constructor_msgs/msg
[1.790s] -- Up-to-date: /home/jellyfish/ws_moveit/install/moveit_task_constructor_msgs/include/moveit_task_constructor_msgs/moveit_task_constructor_msgs/msg/detail
[1.790s] -- Up-to-date: /home/jellyfish/ws_moveit/install/moveit_task_constructor_msgs/include/moveit_task_constructor_msgs/moveit_task_constructor_msgs/msg/detail/solution__rosidl_typesupport_fastrtps_cpp.hpp
[1.791s] -- Up-to-date: /home/jellyfish/ws_moveit/install/moveit_task_constructor_msgs/include/moveit_task_constructor_msgs/moveit_task_constructor_msgs/msg/detail/task_statistics__rosidl_typesupport_fastrtps_cpp.hpp
[1.791s] -- Up-to-date: /home/jellyfish/ws_moveit/install/moveit_task_constructor_msgs/include/moveit_task_constructor_msgs/moveit_task_constructor_msgs/msg/detail/stage_statistics__rosidl_typesupport_fastrtps_cpp.hpp
[1.791s] -- Up-to-date: /home/jellyfish/ws_moveit/install/moveit_task_constructor_msgs/include/moveit_task_constructor_msgs/moveit_task_constructor_msgs/msg/detail/task_description__rosidl_typesupport_fastrtps_cpp.hpp
[1.791s] -- Up-to-date: /home/jellyfish/ws_moveit/install/moveit_task_constructor_msgs/include/moveit_task_constructor_msgs/moveit_task_constructor_msgs/msg/detail/sub_solution__rosidl_typesupport_fastrtps_cpp.hpp
[1.791s] -- Up-to-date: /home/jellyfish/ws_moveit/install/moveit_task_constructor_msgs/include/moveit_task_constructor_msgs/moveit_task_constructor_msgs/msg/detail/stage_description__rosidl_typesupport_fastrtps_cpp.hpp
[1.791s] -- Up-to-date: /home/jellyfish/ws_moveit/install/moveit_task_constructor_msgs/include/moveit_task_constructor_msgs/moveit_task_constructor_msgs/msg/detail/dds_fastrtps
[1.791s] -- Up-to-date: /home/jellyfish/ws_moveit/install/moveit_task_constructor_msgs/include/moveit_task_constructor_msgs/moveit_task_constructor_msgs/msg/detail/sub_trajectory__rosidl_typesupport_fastrtps_cpp.hpp
[1.791s] -- Up-to-date: /home/jellyfish/ws_moveit/install/moveit_task_constructor_msgs/include/moveit_task_constructor_msgs/moveit_task_constructor_msgs/msg/detail/property__rosidl_typesupport_fastrtps_cpp.hpp
[1.792s] -- Up-to-date: /home/jellyfish/ws_moveit/install/moveit_task_constructor_msgs/include/moveit_task_constructor_msgs/moveit_task_constructor_msgs/msg/detail/trajectory_execution_info__rosidl_typesupport_fastrtps_cpp.hpp
[1.792s] -- Up-to-date: /home/jellyfish/ws_moveit/install/moveit_task_constructor_msgs/include/moveit_task_constructor_msgs/moveit_task_constructor_msgs/msg/detail/solution_info__rosidl_typesupport_fastrtps_cpp.hpp
[1.792s] -- Up-to-date: /home/jellyfish/ws_moveit/install/moveit_task_constructor_msgs/include/moveit_task_constructor_msgs/moveit_task_constructor_msgs/msg/rosidl_typesupport_fastrtps_cpp__visibility_control.h
[1.792s] -- Up-to-date: /home/jellyfish/ws_moveit/install/moveit_task_constructor_msgs/lib/libmoveit_task_constructor_msgs__rosidl_typesupport_fastrtps_cpp.so
[1.792s] -- Up-to-date: /home/jellyfish/ws_moveit/install/moveit_task_constructor_msgs/include/moveit_task_constructor_msgs/moveit_task_constructor_msgs
[1.792s] -- Up-to-date: /home/jellyfish/ws_moveit/install/moveit_task_constructor_msgs/include/moveit_task_constructor_msgs/moveit_task_constructor_msgs/srv
[1.792s] -- Up-to-date: /home/jellyfish/ws_moveit/install/moveit_task_constructor_msgs/include/moveit_task_constructor_msgs/moveit_task_constructor_msgs/srv/detail
[1.792s] -- Up-to-date: /home/jellyfish/ws_moveit/install/moveit_task_constructor_msgs/include/moveit_task_constructor_msgs/moveit_task_constructor_msgs/srv/detail/get_solution__rosidl_typesupport_introspection_c.h
[1.793s] -- Up-to-date: /home/jellyfish/ws_moveit/install/moveit_task_constructor_msgs/include/moveit_task_constructor_msgs/moveit_task_constructor_msgs/srv/detail/get_solution__type_support.c
[1.793s] -- Up-to-date: /home/jellyfish/ws_moveit/install/moveit_task_constructor_msgs/include/moveit_task_constructor_msgs/moveit_task_constructor_msgs/action
[1.793s] -- Up-to-date: /home/jellyfish/ws_moveit/install/moveit_task_constructor_msgs/include/moveit_task_constructor_msgs/moveit_task_constructor_msgs/action/detail
[1.793s] -- Up-to-date: /home/jellyfish/ws_moveit/install/moveit_task_constructor_msgs/include/moveit_task_constructor_msgs/moveit_task_constructor_msgs/action/detail/execute_task_solution__rosidl_typesupport_introspection_c.h
[1.793s] -- Up-to-date: /home/jellyfish/ws_moveit/install/moveit_task_constructor_msgs/include/moveit_task_constructor_msgs/moveit_task_constructor_msgs/action/detail/execute_task_solution__type_support.c
[1.793s] -- Up-to-date: /home/jellyfish/ws_moveit/install/moveit_task_constructor_msgs/include/moveit_task_constructor_msgs/moveit_task_constructor_msgs/msg
[1.793s] -- Up-to-date: /home/jellyfish/ws_moveit/install/moveit_task_constructor_msgs/include/moveit_task_constructor_msgs/moveit_task_constructor_msgs/msg/rosidl_typesupport_introspection_c__visibility_control.h
[1.794s] -- Up-to-date: /home/jellyfish/ws_moveit/install/moveit_task_constructor_msgs/include/moveit_task_constructor_msgs/moveit_task_constructor_msgs/msg/detail
[1.794s] -- Up-to-date: /home/jellyfish/ws_moveit/install/moveit_task_constructor_msgs/include/moveit_task_constructor_msgs/moveit_task_constructor_msgs/msg/detail/task_description__rosidl_typesupport_introspection_c.h
[1.794s] -- Up-to-date: /home/jellyfish/ws_moveit/install/moveit_task_constructor_msgs/include/moveit_task_constructor_msgs/moveit_task_constructor_msgs/msg/detail/sub_solution__type_support.c
[1.794s] -- Up-to-date: /home/jellyfish/ws_moveit/install/moveit_task_constructor_msgs/include/moveit_task_constructor_msgs/moveit_task_constructor_msgs/msg/detail/solution_info__type_support.c
[1.794s] -- Up-to-date: /home/jellyfish/ws_moveit/install/moveit_task_constructor_msgs/include/moveit_task_constructor_msgs/moveit_task_constructor_msgs/msg/detail/stage_statistics__type_support.c
[1.794s] -- Up-to-date: /home/jellyfish/ws_moveit/install/moveit_task_constructor_msgs/include/moveit_task_constructor_msgs/moveit_task_constructor_msgs/msg/detail/task_statistics__type_support.c
[1.794s] -- Up-to-date: /home/jellyfish/ws_moveit/install/moveit_task_constructor_msgs/include/moveit_task_constructor_msgs/moveit_task_constructor_msgs/msg/detail/task_statistics__rosidl_typesupport_introspection_c.h
[1.795s] -- Up-to-date: /home/jellyfish/ws_moveit/install/moveit_task_constructor_msgs/include/moveit_task_constructor_msgs/moveit_task_constructor_msgs/msg/detail/solution_info__rosidl_typesupport_introspection_c.h
[1.795s] -- Up-to-date: /home/jellyfish/ws_moveit/install/moveit_task_constructor_msgs/include/moveit_task_constructor_msgs/moveit_task_constructor_msgs/msg/detail/task_description__type_support.c
[1.795s] -- Up-to-date: /home/jellyfish/ws_moveit/install/moveit_task_constructor_msgs/include/moveit_task_constructor_msgs/moveit_task_constructor_msgs/msg/detail/trajectory_execution_info__type_support.c
[1.795s] -- Up-to-date: /home/jellyfish/ws_moveit/install/moveit_task_constructor_msgs/include/moveit_task_constructor_msgs/moveit_task_constructor_msgs/msg/detail/property__rosidl_typesupport_introspection_c.h
[1.795s] -- Up-to-date: /home/jellyfish/ws_moveit/install/moveit_task_constructor_msgs/include/moveit_task_constructor_msgs/moveit_task_constructor_msgs/msg/detail/sub_trajectory__rosidl_typesupport_introspection_c.h
[1.796s] -- Up-to-date: /home/jellyfish/ws_moveit/install/moveit_task_constructor_msgs/include/moveit_task_constructor_msgs/moveit_task_constructor_msgs/msg/detail/property__type_support.c
[1.796s] -- Up-to-date: /home/jellyfish/ws_moveit/install/moveit_task_constructor_msgs/include/moveit_task_constructor_msgs/moveit_task_constructor_msgs/msg/detail/stage_description__rosidl_typesupport_introspection_c.h
[1.796s] -- Up-to-date: /home/jellyfish/ws_moveit/install/moveit_task_constructor_msgs/include/moveit_task_constructor_msgs/moveit_task_constructor_msgs/msg/detail/stage_statistics__rosidl_typesupport_introspection_c.h
[1.796s] -- Up-to-date: /home/jellyfish/ws_moveit/install/moveit_task_constructor_msgs/include/moveit_task_constructor_msgs/moveit_task_constructor_msgs/msg/detail/stage_description__type_support.c
[1.796s] -- Up-to-date: /home/jellyfish/ws_moveit/install/moveit_task_constructor_msgs/include/moveit_task_constructor_msgs/moveit_task_constructor_msgs/msg/detail/sub_solution__rosidl_typesupport_introspection_c.h
[1.797s] -- Up-to-date: /home/jellyfish/ws_moveit/install/moveit_task_constructor_msgs/include/moveit_task_constructor_msgs/moveit_task_constructor_msgs/msg/detail/trajectory_execution_info__rosidl_typesupport_introspection_c.h
[1.797s] -- Up-to-date: /home/jellyfish/ws_moveit/install/moveit_task_constructor_msgs/include/moveit_task_constructor_msgs/moveit_task_constructor_msgs/msg/detail/sub_trajectory__type_support.c
[1.797s] -- Up-to-date: /home/jellyfish/ws_moveit/install/moveit_task_constructor_msgs/include/moveit_task_constructor_msgs/moveit_task_constructor_msgs/msg/detail/solution__type_support.c
[1.797s] -- Up-to-date: /home/jellyfish/ws_moveit/install/moveit_task_constructor_msgs/include/moveit_task_constructor_msgs/moveit_task_constructor_msgs/msg/detail/solution__rosidl_typesupport_introspection_c.h
[1.797s] -- Up-to-date: /home/jellyfish/ws_moveit/install/moveit_task_constructor_msgs/lib/libmoveit_task_constructor_msgs__rosidl_typesupport_introspection_c.so
[1.797s] -- Up-to-date: /home/jellyfish/ws_moveit/install/moveit_task_constructor_msgs/lib/libmoveit_task_constructor_msgs__rosidl_typesupport_c.so
[1.798s] -- Up-to-date: /home/jellyfish/ws_moveit/install/moveit_task_constructor_msgs/include/moveit_task_constructor_msgs/moveit_task_constructor_msgs
[1.798s] -- Up-to-date: /home/jellyfish/ws_moveit/install/moveit_task_constructor_msgs/include/moveit_task_constructor_msgs/moveit_task_constructor_msgs/srv
[1.798s] -- Up-to-date: /home/jellyfish/ws_moveit/install/moveit_task_constructor_msgs/include/moveit_task_constructor_msgs/moveit_task_constructor_msgs/srv/detail
[1.798s] -- Up-to-date: /home/jellyfish/ws_moveit/install/moveit_task_constructor_msgs/include/moveit_task_constructor_msgs/moveit_task_constructor_msgs/srv/detail/get_solution__type_support.cpp
[1.798s] -- Up-to-date: /home/jellyfish/ws_moveit/install/moveit_task_constructor_msgs/include/moveit_task_constructor_msgs/moveit_task_constructor_msgs/srv/detail/get_solution__rosidl_typesupport_introspection_cpp.hpp
[1.799s] -- Up-to-date: /home/jellyfish/ws_moveit/install/moveit_task_constructor_msgs/include/moveit_task_constructor_msgs/moveit_task_constructor_msgs/action
[1.799s] -- Up-to-date: /home/jellyfish/ws_moveit/install/moveit_task_constructor_msgs/include/moveit_task_constructor_msgs/moveit_task_constructor_msgs/action/detail
[1.799s] -- Up-to-date: /home/jellyfish/ws_moveit/install/moveit_task_constructor_msgs/include/moveit_task_constructor_msgs/moveit_task_constructor_msgs/action/detail/execute_task_solution__type_support.cpp
[1.799s] -- Up-to-date: /home/jellyfish/ws_moveit/install/moveit_task_constructor_msgs/include/moveit_task_constructor_msgs/moveit_task_constructor_msgs/action/detail/execute_task_solution__rosidl_typesupport_introspection_cpp.hpp
[1.799s] -- Up-to-date: /home/jellyfish/ws_moveit/install/moveit_task_constructor_msgs/include/moveit_task_constructor_msgs/moveit_task_constructor_msgs/msg
[1.799s] -- Up-to-date: /home/jellyfish/ws_moveit/install/moveit_task_constructor_msgs/include/moveit_task_constructor_msgs/moveit_task_constructor_msgs/msg/detail
[1.800s] -- Up-to-date: /home/jellyfish/ws_moveit/install/moveit_task_constructor_msgs/include/moveit_task_constructor_msgs/moveit_task_constructor_msgs/msg/detail/task_description__rosidl_typesupport_introspection_cpp.hpp
[1.800s] -- Up-to-date: /home/jellyfish/ws_moveit/install/moveit_task_constructor_msgs/include/moveit_task_constructor_msgs/moveit_task_constructor_msgs/msg/detail/solution_info__type_support.cpp
[1.800s] -- Up-to-date: /home/jellyfish/ws_moveit/install/moveit_task_constructor_msgs/include/moveit_task_constructor_msgs/moveit_task_constructor_msgs/msg/detail/sub_trajectory__type_support.cpp
[1.800s] -- Up-to-date: /home/jellyfish/ws_moveit/install/moveit_task_constructor_msgs/include/moveit_task_constructor_msgs/moveit_task_constructor_msgs/msg/detail/sub_solution__rosidl_typesupport_introspection_cpp.hpp
[1.800s] -- Up-to-date: /home/jellyfish/ws_moveit/install/moveit_task_constructor_msgs/include/moveit_task_constructor_msgs/moveit_task_constructor_msgs/msg/detail/property__type_support.cpp
[1.801s] -- Up-to-date: /home/jellyfish/ws_moveit/install/moveit_task_constructor_msgs/include/moveit_task_constructor_msgs/moveit_task_constructor_msgs/msg/detail/stage_statistics__rosidl_typesupport_introspection_cpp.hpp
[1.801s] -- Up-to-date: /home/jellyfish/ws_moveit/install/moveit_task_constructor_msgs/include/moveit_task_constructor_msgs/moveit_task_constructor_msgs/msg/detail/task_description__type_support.cpp
[1.801s] -- Up-to-date: /home/jellyfish/ws_moveit/install/moveit_task_constructor_msgs/include/moveit_task_constructor_msgs/moveit_task_constructor_msgs/msg/detail/stage_description__type_support.cpp
[1.801s] -- Up-to-date: /home/jellyfish/ws_moveit/install/moveit_task_constructor_msgs/include/moveit_task_constructor_msgs/moveit_task_constructor_msgs/msg/detail/task_statistics__type_support.cpp
[1.801s] -- Up-to-date: /home/jellyfish/ws_moveit/install/moveit_task_constructor_msgs/include/moveit_task_constructor_msgs/moveit_task_constructor_msgs/msg/detail/trajectory_execution_info__rosidl_typesupport_introspection_cpp.hpp
[1.802s] -- Up-to-date: /home/jellyfish/ws_moveit/install/moveit_task_constructor_msgs/include/moveit_task_constructor_msgs/moveit_task_constructor_msgs/msg/detail/solution__rosidl_typesupport_introspection_cpp.hpp
[1.802s] -- Up-to-date: /home/jellyfish/ws_moveit/install/moveit_task_constructor_msgs/include/moveit_task_constructor_msgs/moveit_task_constructor_msgs/msg/detail/property__rosidl_typesupport_introspection_cpp.hpp
[1.802s] -- Up-to-date: /home/jellyfish/ws_moveit/install/moveit_task_constructor_msgs/include/moveit_task_constructor_msgs/moveit_task_constructor_msgs/msg/detail/sub_solution__type_support.cpp
[1.802s] -- Up-to-date: /home/jellyfish/ws_moveit/install/moveit_task_constructor_msgs/include/moveit_task_constructor_msgs/moveit_task_constructor_msgs/msg/detail/trajectory_execution_info__type_support.cpp
[1.802s] -- Up-to-date: /home/jellyfish/ws_moveit/install/moveit_task_constructor_msgs/include/moveit_task_constructor_msgs/moveit_task_constructor_msgs/msg/detail/stage_statistics__type_support.cpp
[1.802s] -- Up-to-date: /home/jellyfish/ws_moveit/install/moveit_task_constructor_msgs/include/moveit_task_constructor_msgs/moveit_task_constructor_msgs/msg/detail/sub_trajectory__rosidl_typesupport_introspection_cpp.hpp
[1.803s] -- Up-to-date: /home/jellyfish/ws_moveit/install/moveit_task_constructor_msgs/include/moveit_task_constructor_msgs/moveit_task_constructor_msgs/msg/detail/solution__type_support.cpp
[1.803s] -- Up-to-date: /home/jellyfish/ws_moveit/install/moveit_task_constructor_msgs/include/moveit_task_constructor_msgs/moveit_task_constructor_msgs/msg/detail/task_statistics__rosidl_typesupport_introspection_cpp.hpp
[1.803s] -- Up-to-date: /home/jellyfish/ws_moveit/install/moveit_task_constructor_msgs/include/moveit_task_constructor_msgs/moveit_task_constructor_msgs/msg/detail/solution_info__rosidl_typesupport_introspection_cpp.hpp
[1.803s] -- Up-to-date: /home/jellyfish/ws_moveit/install/moveit_task_constructor_msgs/include/moveit_task_constructor_msgs/moveit_task_constructor_msgs/msg/detail/stage_description__rosidl_typesupport_introspection_cpp.hpp
[1.803s] -- Up-to-date: /home/jellyfish/ws_moveit/install/moveit_task_constructor_msgs/lib/libmoveit_task_constructor_msgs__rosidl_typesupport_introspection_cpp.so
[1.803s] -- Up-to-date: /home/jellyfish/ws_moveit/install/moveit_task_constructor_msgs/lib/libmoveit_task_constructor_msgs__rosidl_typesupport_cpp.so
[1.803s] -- Up-to-date: /home/jellyfish/ws_moveit/install/moveit_task_constructor_msgs/share/moveit_task_constructor_msgs/environment/pythonpath.sh
[1.803s] -- Up-to-date: /home/jellyfish/ws_moveit/install/moveit_task_constructor_msgs/share/moveit_task_constructor_msgs/environment/pythonpath.dsv
[1.804s] -- Up-to-date: /home/jellyfish/ws_moveit/install/moveit_task_constructor_msgs/local/lib/python3.10/dist-packages/moveit_task_constructor_msgs-0.1.3-py3.10.egg-info
[1.804s] -- Installing: /home/jellyfish/ws_moveit/install/moveit_task_constructor_msgs/local/lib/python3.10/dist-packages/moveit_task_constructor_msgs-0.1.3-py3.10.egg-info/PKG-INFO
[1.804s] -- Installing: /home/jellyfish/ws_moveit/install/moveit_task_constructor_msgs/local/lib/python3.10/dist-packages/moveit_task_constructor_msgs-0.1.3-py3.10.egg-info/SOURCES.txt
[1.804s] -- Installing: /home/jellyfish/ws_moveit/install/moveit_task_constructor_msgs/local/lib/python3.10/dist-packages/moveit_task_constructor_msgs-0.1.3-py3.10.egg-info/dependency_links.txt
[1.804s] -- Installing: /home/jellyfish/ws_moveit/install/moveit_task_constructor_msgs/local/lib/python3.10/dist-packages/moveit_task_constructor_msgs-0.1.3-py3.10.egg-info/top_level.txt
[1.804s] -- Up-to-date: /home/jellyfish/ws_moveit/install/moveit_task_constructor_msgs/local/lib/python3.10/dist-packages/moveit_task_constructor_msgs
[1.804s] -- Up-to-date: /home/jellyfish/ws_moveit/install/moveit_task_constructor_msgs/local/lib/python3.10/dist-packages/moveit_task_constructor_msgs/_moveit_task_constructor_msgs_s.ep.rosidl_typesupport_fastrtps_c.c
[1.805s] -- Up-to-date: /home/jellyfish/ws_moveit/install/moveit_task_constructor_msgs/local/lib/python3.10/dist-packages/moveit_task_constructor_msgs/moveit_task_constructor_msgs_s__rosidl_typesupport_introspection_c.cpython-310-x86_64-linux-gnu.so
[1.805s] -- Up-to-date: /home/jellyfish/ws_moveit/install/moveit_task_constructor_msgs/local/lib/python3.10/dist-packages/moveit_task_constructor_msgs/__init__.py
[1.805s] -- Up-to-date: /home/jellyfish/ws_moveit/install/moveit_task_constructor_msgs/local/lib/python3.10/dist-packages/moveit_task_constructor_msgs/libmoveit_task_constructor_msgs__rosidl_generator_py.so
[1.805s] -- Up-to-date: /home/jellyfish/ws_moveit/install/moveit_task_constructor_msgs/local/lib/python3.10/dist-packages/moveit_task_constructor_msgs/srv
[1.805s] -- Up-to-date: /home/jellyfish/ws_moveit/install/moveit_task_constructor_msgs/local/lib/python3.10/dist-packages/moveit_task_constructor_msgs/srv/_get_solution_s.c
[1.805s] -- Up-to-date: /home/jellyfish/ws_moveit/install/moveit_task_constructor_msgs/local/lib/python3.10/dist-packages/moveit_task_constructor_msgs/srv/__init__.py
[1.805s] -- Up-to-date: /home/jellyfish/ws_moveit/install/moveit_task_constructor_msgs/local/lib/python3.10/dist-packages/moveit_task_constructor_msgs/srv/_get_solution.py
[1.805s] -- Up-to-date: /home/jellyfish/ws_moveit/install/moveit_task_constructor_msgs/local/lib/python3.10/dist-packages/moveit_task_constructor_msgs/moveit_task_constructor_msgs_s__rosidl_typesupport_c.cpython-310-x86_64-linux-gnu.so
[1.806s] -- Up-to-date: /home/jellyfish/ws_moveit/install/moveit_task_constructor_msgs/local/lib/python3.10/dist-packages/moveit_task_constructor_msgs/action
[1.806s] -- Up-to-date: /home/jellyfish/ws_moveit/install/moveit_task_constructor_msgs/local/lib/python3.10/dist-packages/moveit_task_constructor_msgs/action/__init__.py
[1.806s] -- Up-to-date: /home/jellyfish/ws_moveit/install/moveit_task_constructor_msgs/local/lib/python3.10/dist-packages/moveit_task_constructor_msgs/action/_execute_task_solution.py
[1.806s] -- Up-to-date: /home/jellyfish/ws_moveit/install/moveit_task_constructor_msgs/local/lib/python3.10/dist-packages/moveit_task_constructor_msgs/action/_execute_task_solution_s.c
[1.806s] -- Up-to-date: /home/jellyfish/ws_moveit/install/moveit_task_constructor_msgs/local/lib/python3.10/dist-packages/moveit_task_constructor_msgs/msg
[1.806s] -- Up-to-date: /home/jellyfish/ws_moveit/install/moveit_task_constructor_msgs/local/lib/python3.10/dist-packages/moveit_task_constructor_msgs/msg/_task_description_s.c
[1.806s] -- Up-to-date: /home/jellyfish/ws_moveit/install/moveit_task_constructor_msgs/local/lib/python3.10/dist-packages/moveit_task_constructor_msgs/msg/__init__.py
[1.807s] -- Up-to-date: /home/jellyfish/ws_moveit/install/moveit_task_constructor_msgs/local/lib/python3.10/dist-packages/moveit_task_constructor_msgs/msg/_trajectory_execution_info_s.c
[1.807s] -- Up-to-date: /home/jellyfish/ws_moveit/install/moveit_task_constructor_msgs/local/lib/python3.10/dist-packages/moveit_task_constructor_msgs/msg/_stage_statistics.py
[1.807s] -- Up-to-date: /home/jellyfish/ws_moveit/install/moveit_task_constructor_msgs/local/lib/python3.10/dist-packages/moveit_task_constructor_msgs/msg/_sub_solution.py
[1.807s] -- Up-to-date: /home/jellyfish/ws_moveit/install/moveit_task_constructor_msgs/local/lib/python3.10/dist-packages/moveit_task_constructor_msgs/msg/_task_statistics.py
[1.807s] -- Up-to-date: /home/jellyfish/ws_moveit/install/moveit_task_constructor_msgs/local/lib/python3.10/dist-packages/moveit_task_constructor_msgs/msg/_sub_solution_s.c
[1.807s] -- Up-to-date: /home/jellyfish/ws_moveit/install/moveit_task_constructor_msgs/local/lib/python3.10/dist-packages/moveit_task_constructor_msgs/msg/_sub_trajectory_s.c
[1.807s] -- Up-to-date: /home/jellyfish/ws_moveit/install/moveit_task_constructor_msgs/local/lib/python3.10/dist-packages/moveit_task_constructor_msgs/msg/_property_s.c
[1.808s] -- Up-to-date: /home/jellyfish/ws_moveit/install/moveit_task_constructor_msgs/local/lib/python3.10/dist-packages/moveit_task_constructor_msgs/msg/_solution.py
[1.808s] -- Up-to-date: /home/jellyfish/ws_moveit/install/moveit_task_constructor_msgs/local/lib/python3.10/dist-packages/moveit_task_constructor_msgs/msg/_stage_statistics_s.c
[1.808s] -- Up-to-date: /home/jellyfish/ws_moveit/install/moveit_task_constructor_msgs/local/lib/python3.10/dist-packages/moveit_task_constructor_msgs/msg/_task_statistics_s.c
[1.808s] -- Up-to-date: /home/jellyfish/ws_moveit/install/moveit_task_constructor_msgs/local/lib/python3.10/dist-packages/moveit_task_constructor_msgs/msg/_task_description.py
[1.808s] -- Up-to-date: /home/jellyfish/ws_moveit/install/moveit_task_constructor_msgs/local/lib/python3.10/dist-packages/moveit_task_constructor_msgs/msg/_solution_info.py
[1.808s] -- Up-to-date: /home/jellyfish/ws_moveit/install/moveit_task_constructor_msgs/local/lib/python3.10/dist-packages/moveit_task_constructor_msgs/msg/_solution_info_s.c
[1.808s] -- Up-to-date: /home/jellyfish/ws_moveit/install/moveit_task_constructor_msgs/local/lib/python3.10/dist-packages/moveit_task_constructor_msgs/msg/_solution_s.c
[1.808s] -- Up-to-date: /home/jellyfish/ws_moveit/install/moveit_task_constructor_msgs/local/lib/python3.10/dist-packages/moveit_task_constructor_msgs/msg/_property.py
[1.809s] -- Up-to-date: /home/jellyfish/ws_moveit/install/moveit_task_constructor_msgs/local/lib/python3.10/dist-packages/moveit_task_constructor_msgs/msg/_sub_trajectory.py
[1.809s] -- Up-to-date: /home/jellyfish/ws_moveit/install/moveit_task_constructor_msgs/local/lib/python3.10/dist-packages/moveit_task_constructor_msgs/msg/_stage_description_s.c
[1.809s] -- Up-to-date: /home/jellyfish/ws_moveit/install/moveit_task_constructor_msgs/local/lib/python3.10/dist-packages/moveit_task_constructor_msgs/msg/_stage_description.py
[1.809s] -- Up-to-date: /home/jellyfish/ws_moveit/install/moveit_task_constructor_msgs/local/lib/python3.10/dist-packages/moveit_task_constructor_msgs/msg/_trajectory_execution_info.py
[1.809s] -- Up-to-date: /home/jellyfish/ws_moveit/install/moveit_task_constructor_msgs/local/lib/python3.10/dist-packages/moveit_task_constructor_msgs/_moveit_task_constructor_msgs_s.ep.rosidl_typesupport_c.c
[1.809s] -- Up-to-date: /home/jellyfish/ws_moveit/install/moveit_task_constructor_msgs/local/lib/python3.10/dist-packages/moveit_task_constructor_msgs/moveit_task_constructor_msgs_s__rosidl_typesupport_fastrtps_c.cpython-310-x86_64-linux-gnu.so
[1.809s] -- Up-to-date: /home/jellyfish/ws_moveit/install/moveit_task_constructor_msgs/local/lib/python3.10/dist-packages/moveit_task_constructor_msgs/_moveit_task_constructor_msgs_s.ep.rosidl_typesupport_introspection_c.c
[1.818s] Listing '/home/jellyfish/ws_moveit/install/moveit_task_constructor_msgs/local/lib/python3.10/dist-packages/moveit_task_constructor_msgs'...
[1.818s] Listing '/home/jellyfish/ws_moveit/install/moveit_task_constructor_msgs/local/lib/python3.10/dist-packages/moveit_task_constructor_msgs/action'...
[1.818s] Listing '/home/jellyfish/ws_moveit/install/moveit_task_constructor_msgs/local/lib/python3.10/dist-packages/moveit_task_constructor_msgs/msg'...
[1.818s] Listing '/home/jellyfish/ws_moveit/install/moveit_task_constructor_msgs/local/lib/python3.10/dist-packages/moveit_task_constructor_msgs/srv'...
[1.823s] -- Up-to-date: /home/jellyfish/ws_moveit/install/moveit_task_constructor_msgs/local/lib/python3.10/dist-packages/moveit_task_constructor_msgs/moveit_task_constructor_msgs_s__rosidl_typesupport_fastrtps_c.cpython-310-x86_64-linux-gnu.so
[1.824s] -- Up-to-date: /home/jellyfish/ws_moveit/install/moveit_task_constructor_msgs/local/lib/python3.10/dist-packages/moveit_task_constructor_msgs/moveit_task_constructor_msgs_s__rosidl_typesupport_introspection_c.cpython-310-x86_64-linux-gnu.so
[1.824s] -- Up-to-date: /home/jellyfish/ws_moveit/install/moveit_task_constructor_msgs/local/lib/python3.10/dist-packages/moveit_task_constructor_msgs/moveit_task_constructor_msgs_s__rosidl_typesupport_c.cpython-310-x86_64-linux-gnu.so
[1.825s] -- Up-to-date: /home/jellyfish/ws_moveit/install/moveit_task_constructor_msgs/lib/libmoveit_task_constructor_msgs__rosidl_generator_py.so
[1.825s] -- Up-to-date: /home/jellyfish/ws_moveit/install/moveit_task_constructor_msgs/share/moveit_task_constructor_msgs/msg/Property.idl
[1.825s] -- Up-to-date: /home/jellyfish/ws_moveit/install/moveit_task_constructor_msgs/share/moveit_task_constructor_msgs/msg/Solution.idl
[1.826s] -- Up-to-date: /home/jellyfish/ws_moveit/install/moveit_task_constructor_msgs/share/moveit_task_constructor_msgs/msg/SolutionInfo.idl
[1.826s] -- Up-to-date: /home/jellyfish/ws_moveit/install/moveit_task_constructor_msgs/share/moveit_task_constructor_msgs/msg/StageDescription.idl
[1.826s] -- Up-to-date: /home/jellyfish/ws_moveit/install/moveit_task_constructor_msgs/share/moveit_task_constructor_msgs/msg/StageStatistics.idl
[1.826s] -- Up-to-date: /home/jellyfish/ws_moveit/install/moveit_task_constructor_msgs/share/moveit_task_constructor_msgs/msg/SubSolution.idl
[1.826s] -- Up-to-date: /home/jellyfish/ws_moveit/install/moveit_task_constructor_msgs/share/moveit_task_constructor_msgs/msg/SubTrajectory.idl
[1.826s] -- Up-to-date: /home/jellyfish/ws_moveit/install/moveit_task_constructor_msgs/share/moveit_task_constructor_msgs/msg/TaskDescription.idl
[1.827s] -- Up-to-date: /home/jellyfish/ws_moveit/install/moveit_task_constructor_msgs/share/moveit_task_constructor_msgs/msg/TaskStatistics.idl
[1.827s] -- Up-to-date: /home/jellyfish/ws_moveit/install/moveit_task_constructor_msgs/share/moveit_task_constructor_msgs/msg/TrajectoryExecutionInfo.idl
[1.827s] -- Up-to-date: /home/jellyfish/ws_moveit/install/moveit_task_constructor_msgs/share/moveit_task_constructor_msgs/srv/GetSolution.idl
[1.827s] -- Up-to-date: /home/jellyfish/ws_moveit/install/moveit_task_constructor_msgs/share/moveit_task_constructor_msgs/action/ExecuteTaskSolution.idl
[1.827s] -- Up-to-date: /home/jellyfish/ws_moveit/install/moveit_task_constructor_msgs/share/moveit_task_constructor_msgs/msg/Property.msg
[1.827s] -- Up-to-date: /home/jellyfish/ws_moveit/install/moveit_task_constructor_msgs/share/moveit_task_constructor_msgs/msg/Solution.msg
[1.828s] -- Up-to-date: /home/jellyfish/ws_moveit/install/moveit_task_constructor_msgs/share/moveit_task_constructor_msgs/msg/SolutionInfo.msg
[1.828s] -- Up-to-date: /home/jellyfish/ws_moveit/install/moveit_task_constructor_msgs/share/moveit_task_constructor_msgs/msg/StageDescription.msg
[1.828s] -- Up-to-date: /home/jellyfish/ws_moveit/install/moveit_task_constructor_msgs/share/moveit_task_constructor_msgs/msg/StageStatistics.msg
[1.828s] -- Up-to-date: /home/jellyfish/ws_moveit/install/moveit_task_constructor_msgs/share/moveit_task_constructor_msgs/msg/SubSolution.msg
[1.828s] -- Up-to-date: /home/jellyfish/ws_moveit/install/moveit_task_constructor_msgs/share/moveit_task_constructor_msgs/msg/SubTrajectory.msg
[1.828s] -- Up-to-date: /home/jellyfish/ws_moveit/install/moveit_task_constructor_msgs/share/moveit_task_constructor_msgs/msg/TaskDescription.msg
[1.828s] -- Up-to-date: /home/jellyfish/ws_moveit/install/moveit_task_constructor_msgs/share/moveit_task_constructor_msgs/msg/TaskStatistics.msg
[1.829s] -- Up-to-date: /home/jellyfish/ws_moveit/install/moveit_task_constructor_msgs/share/moveit_task_constructor_msgs/msg/TrajectoryExecutionInfo.msg
[1.829s] -- Up-to-date: /home/jellyfish/ws_moveit/install/moveit_task_constructor_msgs/share/moveit_task_constructor_msgs/srv/GetSolution.srv
[1.829s] -- Up-to-date: /home/jellyfish/ws_moveit/install/moveit_task_constructor_msgs/share/moveit_task_constructor_msgs/srv/GetSolution_Request.msg
[1.829s] -- Up-to-date: /home/jellyfish/ws_moveit/install/moveit_task_constructor_msgs/share/moveit_task_constructor_msgs/srv/GetSolution_Response.msg
[1.829s] -- Up-to-date: /home/jellyfish/ws_moveit/install/moveit_task_constructor_msgs/share/moveit_task_constructor_msgs/action/ExecuteTaskSolution.action
[1.829s] -- Up-to-date: /home/jellyfish/ws_moveit/install/moveit_task_constructor_msgs/share/ament_index/resource_index/package_run_dependencies/moveit_task_constructor_msgs
[1.829s] -- Up-to-date: /home/jellyfish/ws_moveit/install/moveit_task_constructor_msgs/share/ament_index/resource_index/parent_prefix_path/moveit_task_constructor_msgs
[1.830s] -- Up-to-date: /home/jellyfish/ws_moveit/install/moveit_task_constructor_msgs/share/moveit_task_constructor_msgs/environment/ament_prefix_path.sh
[1.830s] -- Up-to-date: /home/jellyfish/ws_moveit/install/moveit_task_constructor_msgs/share/moveit_task_constructor_msgs/environment/ament_prefix_path.dsv
[1.830s] -- Up-to-date: /home/jellyfish/ws_moveit/install/moveit_task_constructor_msgs/share/moveit_task_constructor_msgs/environment/path.sh
[1.830s] -- Up-to-date: /home/jellyfish/ws_moveit/install/moveit_task_constructor_msgs/share/moveit_task_constructor_msgs/environment/path.dsv
[1.830s] -- Up-to-date: /home/jellyfish/ws_moveit/install/moveit_task_constructor_msgs/share/moveit_task_constructor_msgs/local_setup.bash
[1.830s] -- Up-to-date: /home/jellyfish/ws_moveit/install/moveit_task_constructor_msgs/share/moveit_task_constructor_msgs/local_setup.sh
[1.830s] -- Up-to-date: /home/jellyfish/ws_moveit/install/moveit_task_constructor_msgs/share/moveit_task_constructor_msgs/local_setup.zsh
[1.831s] -- Up-to-date: /home/jellyfish/ws_moveit/install/moveit_task_constructor_msgs/share/moveit_task_constructor_msgs/local_setup.dsv
[1.831s] -- Installing: /home/jellyfish/ws_moveit/install/moveit_task_constructor_msgs/share/moveit_task_constructor_msgs/package.dsv
[1.831s] -- Up-to-date: /home/jellyfish/ws_moveit/install/moveit_task_constructor_msgs/share/ament_index/resource_index/packages/moveit_task_constructor_msgs
[1.831s] -- Up-to-date: /home/jellyfish/ws_moveit/install/moveit_task_constructor_msgs/share/moveit_task_constructor_msgs/cmake/export_moveit_task_constructor_msgs__rosidl_generator_cExport.cmake
[1.831s] -- Up-to-date: /home/jellyfish/ws_moveit/install/moveit_task_constructor_msgs/share/moveit_task_constructor_msgs/cmake/export_moveit_task_constructor_msgs__rosidl_generator_cExport-release.cmake
[1.831s] -- Up-to-date: /home/jellyfish/ws_moveit/install/moveit_task_constructor_msgs/share/moveit_task_constructor_msgs/cmake/export_moveit_task_constructor_msgs__rosidl_typesupport_fastrtps_cExport.cmake
[1.831s] -- Up-to-date: /home/jellyfish/ws_moveit/install/moveit_task_constructor_msgs/share/moveit_task_constructor_msgs/cmake/export_moveit_task_constructor_msgs__rosidl_typesupport_fastrtps_cExport-release.cmake
[1.832s] -- Up-to-date: /home/jellyfish/ws_moveit/install/moveit_task_constructor_msgs/share/moveit_task_constructor_msgs/cmake/export_moveit_task_constructor_msgs__rosidl_generator_cppExport.cmake
[1.832s] -- Up-to-date: /home/jellyfish/ws_moveit/install/moveit_task_constructor_msgs/share/moveit_task_constructor_msgs/cmake/export_moveit_task_constructor_msgs__rosidl_typesupport_fastrtps_cppExport.cmake
[1.832s] -- Up-to-date: /home/jellyfish/ws_moveit/install/moveit_task_constructor_msgs/share/moveit_task_constructor_msgs/cmake/export_moveit_task_constructor_msgs__rosidl_typesupport_fastrtps_cppExport-release.cmake
[1.832s] -- Up-to-date: /home/jellyfish/ws_moveit/install/moveit_task_constructor_msgs/share/moveit_task_constructor_msgs/cmake/moveit_task_constructor_msgs__rosidl_typesupport_introspection_cExport.cmake
[1.832s] -- Up-to-date: /home/jellyfish/ws_moveit/install/moveit_task_constructor_msgs/share/moveit_task_constructor_msgs/cmake/moveit_task_constructor_msgs__rosidl_typesupport_introspection_cExport-release.cmake
[1.832s] -- Up-to-date: /home/jellyfish/ws_moveit/install/moveit_task_constructor_msgs/share/moveit_task_constructor_msgs/cmake/moveit_task_constructor_msgs__rosidl_typesupport_cExport.cmake
[1.832s] -- Up-to-date: /home/jellyfish/ws_moveit/install/moveit_task_constructor_msgs/share/moveit_task_constructor_msgs/cmake/moveit_task_constructor_msgs__rosidl_typesupport_cExport-release.cmake
[1.833s] -- Up-to-date: /home/jellyfish/ws_moveit/install/moveit_task_constructor_msgs/share/moveit_task_constructor_msgs/cmake/moveit_task_constructor_msgs__rosidl_typesupport_introspection_cppExport.cmake
[1.834s] -- Up-to-date: /home/jellyfish/ws_moveit/install/moveit_task_constructor_msgs/share/moveit_task_constructor_msgs/cmake/moveit_task_constructor_msgs__rosidl_typesupport_introspection_cppExport-release.cmake
[1.835s] -- Up-to-date: /home/jellyfish/ws_moveit/install/moveit_task_constructor_msgs/share/moveit_task_constructor_msgs/cmake/moveit_task_constructor_msgs__rosidl_typesupport_cppExport.cmake
[1.835s] -- Up-to-date: /home/jellyfish/ws_moveit/install/moveit_task_constructor_msgs/share/moveit_task_constructor_msgs/cmake/moveit_task_constructor_msgs__rosidl_typesupport_cppExport-release.cmake
[1.835s] -- Up-to-date: /home/jellyfish/ws_moveit/install/moveit_task_constructor_msgs/share/moveit_task_constructor_msgs/cmake/export_moveit_task_constructor_msgs__rosidl_generator_pyExport.cmake
[1.836s] -- Up-to-date: /home/jellyfish/ws_moveit/install/moveit_task_constructor_msgs/share/moveit_task_constructor_msgs/cmake/export_moveit_task_constructor_msgs__rosidl_generator_pyExport-release.cmake
[1.836s] -- Up-to-date: /home/jellyfish/ws_moveit/install/moveit_task_constructor_msgs/share/moveit_task_constructor_msgs/cmake/rosidl_cmake-extras.cmake
[1.836s] -- Up-to-date: /home/jellyfish/ws_moveit/install/moveit_task_constructor_msgs/share/moveit_task_constructor_msgs/cmake/ament_cmake_export_dependencies-extras.cmake
[1.836s] -- Up-to-date: /home/jellyfish/ws_moveit/install/moveit_task_constructor_msgs/share/moveit_task_constructor_msgs/cmake/ament_cmake_export_include_directories-extras.cmake
[1.837s] -- Up-to-date: /home/jellyfish/ws_moveit/install/moveit_task_constructor_msgs/share/moveit_task_constructor_msgs/cmake/ament_cmake_export_libraries-extras.cmake
[1.837s] -- Up-to-date: /home/jellyfish/ws_moveit/install/moveit_task_constructor_msgs/share/moveit_task_constructor_msgs/cmake/ament_cmake_export_targets-extras.cmake
[1.837s] -- Up-to-date: /home/jellyfish/ws_moveit/install/moveit_task_constructor_msgs/share/moveit_task_constructor_msgs/cmake/rosidl_cmake_export_typesupport_targets-extras.cmake
[1.837s] -- Up-to-date: /home/jellyfish/ws_moveit/install/moveit_task_constructor_msgs/share/moveit_task_constructor_msgs/cmake/rosidl_cmake_export_typesupport_libraries-extras.cmake
[1.838s] -- Up-to-date: /home/jellyfish/ws_moveit/install/moveit_task_constructor_msgs/share/moveit_task_constructor_msgs/cmake/moveit_task_constructor_msgsConfig.cmake
[1.838s] -- Up-to-date: /home/jellyfish/ws_moveit/install/moveit_task_constructor_msgs/share/moveit_task_constructor_msgs/cmake/moveit_task_constructor_msgsConfig-version.cmake
[1.839s] -- Up-to-date: /home/jellyfish/ws_moveit/install/moveit_task_constructor_msgs/share/moveit_task_constructor_msgs/package.xml
[1.839s] Invoked command in '/home/jellyfish/ws_moveit/build/moveit_task_constructor_msgs' returned '0': CMAKE_PREFIX_PATH=${CMAKE_PREFIX_PATH}:/home/jellyfish/ws_moveit/install/moveit_configs_utils:/home/jellyfish/ws_moveit/install/launch_param_builder:/opt/ros/humble /usr/bin/cmake --install /home/jellyfish/ws_moveit/build/moveit_task_constructor_msgs
