[0.029s] Invoking command in '/home/jellyfish/ws_moveit/build/moveit_ros_planning': AMENT_PREFIX_PATH=/home/jellyfish/ws_moveit/install/moveit_ros_occupancy_map_monitor:/home/jellyfish/ws_moveit/install/moveit_core:/home/jellyfish/ws_moveit/install/moveit_resources_panda_moveit_config:/home/jellyfish/ws_moveit/install/srdfdom:/home/jellyfish/ws_moveit/install/moveit_resources_pr2_description:/home/jellyfish/ws_moveit/install/moveit_resources_panda_description:/home/jellyfish/ws_moveit/install/moveit_common:${AMENT_PREFIX_PATH} CMAKE_PREFIX_PATH=/home/jellyfish/ws_moveit/install/moveit_ros_occupancy_map_monitor:/home/jellyfish/ws_moveit/install/moveit_core:/home/jellyfish/ws_moveit/install/moveit_resources_panda_moveit_config:/home/jellyfish/ws_moveit/install/srdfdom:/home/jellyfish/ws_moveit/install/moveit_resources_pr2_description:/home/jellyfish/ws_moveit/install/moveit_resources_panda_description:/home/jellyfish/ws_moveit/install/moveit_common:/opt/ros/humble LD_LIBRARY_PATH=/home/jellyfish/ws_moveit/install/moveit_ros_occupancy_map_monitor/lib:/home/jellyfish/ws_moveit/install/moveit_core/lib:/home/jellyfish/ws_moveit/install/srdfdom/lib:${LD_LIBRARY_PATH} PATH=/home/jellyfish/ws_moveit/install/moveit_core/bin:${PATH} PYTHONPATH=/home/jellyfish/ws_moveit/install/srdfdom/local/lib/python3.10/dist-packages:${PYTHONPATH} /usr/bin/cmake /home/jellyfish/ws_moveit/src/moveit2/moveit_ros/planning -DCMAKE_BUILD_TYPE=Release -DCMAKE_INSTALL_PREFIX=/home/jellyfish/ws_moveit/install/moveit_ros_planning
[0.114s] -- The C compiler identification is GNU 11.4.0
[0.219s] -- The CXX compiler identification is GNU 11.4.0
[0.229s] -- Detecting C compiler ABI info
[0.340s] -- Detecting C compiler ABI info - done
[0.347s] -- Check for working C compiler: /usr/bin/cc - skipped
[0.347s] -- Detecting C compile features
[0.347s] -- Detecting C compile features - done
[0.350s] -- Detecting CXX compiler ABI info
[0.455s] -- Detecting CXX compiler ABI info - done
[0.472s] -- Check for working CXX compiler: /usr/bin/c++ - skipped
[0.472s] -- Detecting CXX compile features
[0.473s] -- Detecting CXX compile features - done
[0.477s] -- Found moveit_common: 2.5.5 (/home/jellyfish/ws_moveit/install/moveit_common/share/moveit_common/cmake)
[0.484s] -- Found ament_cmake: 1.3.9 (/opt/ros/humble/share/ament_cmake/cmake)
[0.770s] -- Found Python3: /usr/bin/python3 (found version "3.10.12") found components: Interpreter 
[1.008s] -- Found libdw: /usr/lib/x86_64-linux-gnu/libdw.so  
[1.014s] -- Could NOT find libbfd (missing: LIBBFD_LIBRARY LIBBFD_INCLUDE_DIR) 
[1.014s] -- BACKWARD_HAS_UNWIND=1
[1.014s] -- BACKWARD_HAS_BACKTRACE=0
[1.014s] -- BACKWARD_HAS_BACKTRACE_SYMBOL=0
[1.014s] -- BACKWARD_HAS_DW=1
[1.015s] -- BACKWARD_HAS_BFD=0
[1.015s] -- Found Backward: /opt/ros/humble/share/backward_ros/cmake  
[1.018s] -- Found moveit_msgs: 2.2.1 (/opt/ros/humble/share/moveit_msgs/cmake)
[1.056s] -- Found rosidl_generator_c: 3.1.5 (/opt/ros/humble/share/rosidl_generator_c/cmake)
[1.064s] -- Found rosidl_adapter: 3.1.5 (/opt/ros/humble/share/rosidl_adapter/cmake)
[1.073s] -- Found rosidl_generator_cpp: 3.1.5 (/opt/ros/humble/share/rosidl_generator_cpp/cmake)
[1.088s] -- Using all available rosidl_typesupport_c: rosidl_typesupport_fastrtps_c;rosidl_typesupport_introspection_c
[1.110s] -- Using all available rosidl_typesupport_cpp: rosidl_typesupport_fastrtps_cpp;rosidl_typesupport_introspection_cpp
[1.917s] -- Found pluginlib: 5.1.0 (/opt/ros/humble/share/pluginlib/cmake)
[1.953s] -- Found rclcpp: 16.0.9 (/opt/ros/humble/share/rclcpp/cmake)
[2.017s] -- Found rmw_implementation_cmake: 6.1.2 (/opt/ros/humble/share/rmw_implementation_cmake/cmake)
[2.021s] -- Found rmw_fastrtps_cpp: 6.2.6 (/opt/ros/humble/share/rmw_fastrtps_cpp/cmake)
[2.061s] -- Found TinyXML2 via Config file: TinyXML2_DIR-NOTFOUND
[2.180s] -- Found OpenSSL: /usr/lib/x86_64-linux-gnu/libcrypto.so (found version "3.0.2")  
[2.185s] -- Found TinyXML2 via Config file: TinyXML2_DIR-NOTFOUND
[2.210s] -- Found FastRTPS: /opt/ros/humble/include  
[2.233s] -- Found TinyXML2 via Config file: TinyXML2_DIR-NOTFOUND
[2.245s] -- Found TinyXML2 via Config file: TinyXML2_DIR-NOTFOUND
[2.257s] -- Using RMW implementation 'rmw_fastrtps_cpp' as default
[2.269s] -- Looking for pthread.h
[2.391s] -- Looking for pthread.h - found
[2.391s] -- Performing Test CMAKE_HAVE_LIBC_PTHREAD
[2.515s] -- Performing Test CMAKE_HAVE_LIBC_PTHREAD - Success
[2.516s] -- Found Threads: TRUE  
[2.642s] -- Found message_filters: 4.3.4 (/opt/ros/humble/share/message_filters/cmake)
[2.648s] -- Found srdfdom: 2.0.4 (/home/jellyfish/ws_moveit/install/srdfdom/share/srdfdom/cmake)
[2.667s] -- Found tf2: 0.25.7 (/opt/ros/humble/share/tf2/cmake)
[2.675s] -- Found tf2_geometry_msgs: 0.25.7 (/opt/ros/humble/share/tf2_geometry_msgs/cmake)
[2.695s] -- Found eigen3_cmake_module: 0.1.1 (/opt/ros/humble/share/eigen3_cmake_module/cmake)
[2.696s] -- Found Eigen3: TRUE (found version "3.4.0") 
[2.696s] -- Ensuring Eigen3 include directory is part of orocos-kdl CMake target
[2.975s] -- Found tf2_eigen: 0.25.7 (/opt/ros/humble/share/tf2_eigen/cmake)
[2.981s] -- Found moveit_core: 2.5.5 (/home/jellyfish/ws_moveit/install/moveit_core/share/moveit_core/cmake)
[3.024s] -- Found Boost: /usr/lib/x86_64-linux-gnu/cmake/Boost-1.74.0/BoostConfig.cmake (found version "1.74.0") found components: chrono date_time filesystem iostreams program_options regex serialization system thread 
[3.065s] -- Found parameter_traits: 0.3.8 (/opt/ros/humble/share/parameter_traits/cmake)
[3.087s] -- Found rclcpp_lifecycle: 16.0.9 (/opt/ros/humble/share/rclcpp_lifecycle/cmake)
[3.136s] -- Found Boost: /usr/lib/x86_64-linux-gnu/cmake/Boost-1.74.0/BoostConfig.cmake (found version "1.74.0") found components: filesystem 
[3.289s] -- library: /usr/lib/x86_64-linux-gnu/libcurl.so
[3.647s] -- Found moveit_ros_occupancy_map_monitor: 2.5.5 (/home/jellyfish/ws_moveit/install/moveit_ros_occupancy_map_monitor/share/moveit_ros_occupancy_map_monitor/cmake)
[3.837s] -- Found Boost: /usr/lib/x86_64-linux-gnu/cmake/Boost-1.74.0/BoostConfig.cmake (found version "1.74.0") found components: system filesystem date_time program_options thread chrono 
[3.867s] -- Performing Test COMPILER_HAS_HIDDEN_VISIBILITY
[4.021s] -- Performing Test COMPILER_HAS_HIDDEN_VISIBILITY - Success
[4.021s] -- Performing Test COMPILER_HAS_HIDDEN_INLINE_VISIBILITY
[4.179s] -- Performing Test COMPILER_HAS_HIDDEN_INLINE_VISIBILITY - Success
[4.179s] -- Performing Test COMPILER_HAS_DEPRECATED_ATTR
[4.354s] -- Performing Test COMPILER_HAS_DEPRECATED_ATTR - Success
[4.386s] -- Found ament_cmake_gtest: 1.3.9 (/opt/ros/humble/share/ament_cmake_gtest/cmake)
[4.389s] -- Found ament_cmake_gmock: 1.3.9 (/opt/ros/humble/share/ament_cmake_gmock/cmake)
[4.391s] -- Found gmock sources under '/opt/ros/humble/src/gmock_vendor': C++ tests using 'Google Mock' will be built
[4.397s] -- Found gtest sources under '/opt/ros/humble/src/gtest_vendor': C++ tests using 'Google Test' will be built
[4.430s] -- Found ament_lint_auto: 0.12.11 (/opt/ros/humble/share/ament_lint_auto/cmake)
[4.452s] -- Found launch_testing_ament_cmake: 1.0.6 (/opt/ros/humble/share/launch_testing_ament_cmake/cmake)
[4.454s] -- Found python_cmake_module: 0.10.0 (/opt/ros/humble/share/python_cmake_module/cmake)
[4.480s] -- Found PythonInterp: /usr/bin/python3 (found suitable version "3.10.12", minimum required is "3.6") 
[4.486s] -- Found PythonLibs: /usr/lib/x86_64-linux-gnu/libpython3.10.so (found suitable version "3.10.12", minimum required is "3.5") 
[4.486s] -- Using PYTHON_EXECUTABLE: /usr/bin/python3
[4.487s] -- Using PYTHON_INCLUDE_DIRS: /usr/include/python3.10
[4.487s] -- Using PYTHON_LIBRARIES: /usr/lib/x86_64-linux-gnu/libpython3.10.so
[4.508s] -- Found PythonExtra: .so  
[4.523s] -- Added test 'cppcheck' to perform static code analysis on C / C++ code
[4.524s] -- Configured cppcheck include dirs: /home/jellyfish/ws_moveit/src/moveit2/moveit_ros/planning/rdf_loader/include;/home/jellyfish/ws_moveit/src/moveit2/moveit_ros/planning/kinematics_plugin_loader/include;/home/jellyfish/ws_moveit/src/moveit2/moveit_ros/planning/robot_model_loader/include;/home/jellyfish/ws_moveit/src/moveit2/moveit_ros/planning/constraint_sampler_manager_loader/include;/home/jellyfish/ws_moveit/src/moveit2/moveit_ros/planning/planning_pipeline/include;/home/jellyfish/ws_moveit/src/moveit2/moveit_ros/planning/planning_scene_monitor/include;/home/jellyfish/ws_moveit/src/moveit2/moveit_ros/planning/trajectory_execution_manager/include;/home/jellyfish/ws_moveit/src/moveit2/moveit_ros/planning/plan_execution/include;/home/jellyfish/ws_moveit/src/moveit2/moveit_ros/planning/collision_plugin_loader/include;/home/jellyfish/ws_moveit/src/moveit2/moveit_ros/planning/moveit_cpp/include
[4.524s] -- Configured cppcheck exclude dirs and/or files: 
[4.527s] -- Added test 'lint_cmake' to check CMake code style
[4.529s] -- Added test 'pep257' to check Python code against some of the docstring style conventions in PEP 257
[4.531s] -- Added test 'xmllint' to check XML markup files
[4.533s] -- Configuring done
[4.899s] -- Generating done
[4.904s] -- Build files have been written to: /home/jellyfish/ws_moveit/build/moveit_ros_planning
[4.932s] Invoked command in '/home/jellyfish/ws_moveit/build/moveit_ros_planning' returned '0': AMENT_PREFIX_PATH=/home/jellyfish/ws_moveit/install/moveit_ros_occupancy_map_monitor:/home/jellyfish/ws_moveit/install/moveit_core:/home/jellyfish/ws_moveit/install/moveit_resources_panda_moveit_config:/home/jellyfish/ws_moveit/install/srdfdom:/home/jellyfish/ws_moveit/install/moveit_resources_pr2_description:/home/jellyfish/ws_moveit/install/moveit_resources_panda_description:/home/jellyfish/ws_moveit/install/moveit_common:${AMENT_PREFIX_PATH} CMAKE_PREFIX_PATH=/home/jellyfish/ws_moveit/install/moveit_ros_occupancy_map_monitor:/home/jellyfish/ws_moveit/install/moveit_core:/home/jellyfish/ws_moveit/install/moveit_resources_panda_moveit_config:/home/jellyfish/ws_moveit/install/srdfdom:/home/jellyfish/ws_moveit/install/moveit_resources_pr2_description:/home/jellyfish/ws_moveit/install/moveit_resources_panda_description:/home/jellyfish/ws_moveit/install/moveit_common:/opt/ros/humble LD_LIBRARY_PATH=/home/jellyfish/ws_moveit/install/moveit_ros_occupancy_map_monitor/lib:/home/jellyfish/ws_moveit/install/moveit_core/lib:/home/jellyfish/ws_moveit/install/srdfdom/lib:${LD_LIBRARY_PATH} PATH=/home/jellyfish/ws_moveit/install/moveit_core/bin:${PATH} PYTHONPATH=/home/jellyfish/ws_moveit/install/srdfdom/local/lib/python3.10/dist-packages:${PYTHONPATH} /usr/bin/cmake /home/jellyfish/ws_moveit/src/moveit2/moveit_ros/planning -DCMAKE_BUILD_TYPE=Release -DCMAKE_INSTALL_PREFIX=/home/jellyfish/ws_moveit/install/moveit_ros_planning
[4.934s] Invoking command in '/home/jellyfish/ws_moveit/build/moveit_ros_planning': AMENT_PREFIX_PATH=/home/jellyfish/ws_moveit/install/moveit_ros_occupancy_map_monitor:/home/jellyfish/ws_moveit/install/moveit_core:/home/jellyfish/ws_moveit/install/moveit_resources_panda_moveit_config:/home/jellyfish/ws_moveit/install/srdfdom:/home/jellyfish/ws_moveit/install/moveit_resources_pr2_description:/home/jellyfish/ws_moveit/install/moveit_resources_panda_description:/home/jellyfish/ws_moveit/install/moveit_common:${AMENT_PREFIX_PATH} CMAKE_PREFIX_PATH=/home/jellyfish/ws_moveit/install/moveit_ros_occupancy_map_monitor:/home/jellyfish/ws_moveit/install/moveit_core:/home/jellyfish/ws_moveit/install/moveit_resources_panda_moveit_config:/home/jellyfish/ws_moveit/install/srdfdom:/home/jellyfish/ws_moveit/install/moveit_resources_pr2_description:/home/jellyfish/ws_moveit/install/moveit_resources_panda_description:/home/jellyfish/ws_moveit/install/moveit_common:/opt/ros/humble LD_LIBRARY_PATH=/home/jellyfish/ws_moveit/install/moveit_ros_occupancy_map_monitor/lib:/home/jellyfish/ws_moveit/install/moveit_core/lib:/home/jellyfish/ws_moveit/install/srdfdom/lib:${LD_LIBRARY_PATH} PATH=/home/jellyfish/ws_moveit/install/moveit_core/bin:${PATH} PYTHONPATH=/home/jellyfish/ws_moveit/install/srdfdom/local/lib/python3.10/dist-packages:${PYTHONPATH} /usr/bin/cmake --build /home/jellyfish/ws_moveit/build/moveit_ros_planning -- -j12 -l12
[5.010s] [  1%] [32mBuilding CXX object gmock/CMakeFiles/gmock.dir/opt/ros/humble/src/gtest_vendor/src/gtest-all.cc.o[0m
[5.010s] [  3%] [32mBuilding CXX object gmock/CMakeFiles/gmock_main.dir/src/gmock_main.cc.o[0m
[5.011s] [  4%] [32mBuilding CXX object planning_pipeline/CMakeFiles/moveit_planning_pipeline.dir/src/planning_pipeline.cpp.o[0m
[5.012s] [  6%] [32mBuilding CXX object collision_plugin_loader/CMakeFiles/moveit_collision_plugin_loader.dir/src/collision_plugin_loader.cpp.o[0m
[5.012s] [  8%] [32mBuilding CXX object gmock/CMakeFiles/gmock.dir/src/gmock-all.cc.o[0m
[5.022s] [  9%] [32mBuilding CXX object planning_request_adapter_plugins/CMakeFiles/moveit_list_request_adapter_plugins.dir/src/list.cpp.o[0m
[5.027s] [ 11%] [32mBuilding CXX object rdf_loader/CMakeFiles/moveit_rdf_loader.dir/src/synchronized_string_parameter.cpp.o[0m
[5.028s] [ 12%] [32mBuilding CXX object rdf_loader/CMakeFiles/moveit_rdf_loader.dir/src/rdf_loader.cpp.o[0m
[5.029s] [ 14%] [32mBuilding CXX object planning_request_adapter_plugins/CMakeFiles/moveit_default_planning_request_adapter_plugins.dir/src/empty.cpp.o[0m
[5.031s] [ 17%] [32mBuilding CXX object planning_request_adapter_plugins/CMakeFiles/moveit_default_planning_request_adapter_plugins.dir/src/fix_start_state_path_constraints.cpp.o[0m
[5.031s] [ 17%] [32mBuilding CXX object planning_request_adapter_plugins/CMakeFiles/moveit_default_planning_request_adapter_plugins.dir/src/fix_start_state_bounds.cpp.o[0m
[5.033s] [ 19%] [32mBuilding CXX object planning_request_adapter_plugins/CMakeFiles/moveit_default_planning_request_adapter_plugins.dir/src/fix_start_state_collision.cpp.o[0m
[6.978s] [ 20%] [32m[1mLinking CXX static library libgmock_main.a[0m
[7.098s] [ 20%] Built target gmock_main
[7.118s] [ 22%] [32mBuilding CXX object planning_request_adapter_plugins/CMakeFiles/moveit_default_planning_request_adapter_plugins.dir/src/fix_workspace_bounds.cpp.o[0m
[9.928s] [ 24%] [32mBuilding CXX object planning_request_adapter_plugins/CMakeFiles/moveit_default_planning_request_adapter_plugins.dir/src/add_time_parameterization.cpp.o[0m
[11.938s] [ 25%] [32mBuilding CXX object planning_request_adapter_plugins/CMakeFiles/moveit_default_planning_request_adapter_plugins.dir/src/add_ruckig_traj_smoothing.cpp.o[0m
[17.192s] [ 27%] [32mBuilding CXX object planning_request_adapter_plugins/CMakeFiles/moveit_default_planning_request_adapter_plugins.dir/src/add_iterative_spline_parameterization.cpp.o[0m
[17.847s] [ 29%] [32m[1mLinking CXX static library libgmock.a[0m
[17.984s] [ 29%] Built target gmock
[18.009s] [ 30%] [32mBuilding CXX object planning_request_adapter_plugins/CMakeFiles/moveit_default_planning_request_adapter_plugins.dir/src/add_time_optimal_parameterization.cpp.o[0m
[18.437s] [ 32%] [32m[1mLinking CXX shared library libmoveit_collision_plugin_loader.so[0m
[18.870s] [ 32%] Built target moveit_collision_plugin_loader
[18.887s] [ 33%] [32mBuilding CXX object planning_request_adapter_plugins/CMakeFiles/moveit_default_planning_request_adapter_plugins.dir/src/resolve_constraint_frames.cpp.o[0m
[23.759s] [ 35%] [32m[1mLinking CXX shared library libmoveit_rdf_loader.so[0m
[24.119s] [ 35%] Built target moveit_rdf_loader
[24.151s] [ 37%] [32mBuilding CXX object constraint_sampler_manager_loader/CMakeFiles/moveit_constraint_sampler_manager_loader.dir/src/constraint_sampler_manager_loader.cpp.o[0m
[24.163s] [ 38%] [32mBuilding CXX object kinematics_plugin_loader/CMakeFiles/moveit_kinematics_plugin_loader.dir/src/kinematics_plugin_loader.cpp.o[0m
[26.554s] [ 40%] [32m[1mLinking CXX executable moveit_list_request_adapter_plugins[0m
[26.967s] [ 40%] Built target moveit_list_request_adapter_plugins
[29.848s] [ 41%] [32m[1mLinking CXX shared library libmoveit_default_planning_request_adapter_plugins.so[0m
[30.134s] [ 41%] Built target moveit_default_planning_request_adapter_plugins
[31.375s] [ 43%] [32m[1mLinking CXX shared library libmoveit_planning_pipeline.so[0m
[31.675s] [ 43%] Built target moveit_planning_pipeline
[35.689s] [ 45%] [32m[1mLinking CXX shared library libmoveit_kinematics_plugin_loader.so[0m
[35.976s] [ 45%] Built target moveit_kinematics_plugin_loader
[36.002s] [ 46%] [32mBuilding CXX object robot_model_loader/CMakeFiles/moveit_robot_model_loader.dir/src/robot_model_loader.cpp.o[0m
[36.514s] [ 48%] [32m[1mLinking CXX shared library libmoveit_constraint_sampler_manager_loader.so[0m
[36.800s] [ 48%] Built target moveit_constraint_sampler_manager_loader
[41.714s] [ 50%] [32m[1mLinking CXX shared library libmoveit_robot_model_loader.so[0m
[41.974s] [ 50%] Built target moveit_robot_model_loader
[42.008s] [ 51%] [32mBuilding CXX object planning_components_tools/CMakeFiles/moveit_print_planning_model_info.dir/src/print_planning_model_info.cpp.o[0m
[42.013s] [ 54%] [32mBuilding CXX object planning_scene_monitor/CMakeFiles/moveit_planning_scene_monitor.dir/src/trajectory_monitor.cpp.o[0m
[42.013s] [ 54%] [32mBuilding CXX object planning_scene_monitor/CMakeFiles/moveit_planning_scene_monitor.dir/src/trajectory_monitor_middleware_handle.cpp.o[0m
[42.014s] [ 56%] [32mBuilding CXX object planning_scene_monitor/CMakeFiles/moveit_planning_scene_monitor.dir/src/planning_scene_monitor.cpp.o[0m
[42.015s] [ 58%] [32mBuilding CXX object planning_scene_monitor/CMakeFiles/moveit_planning_scene_monitor.dir/src/current_state_monitor.cpp.o[0m
[42.021s] [ 59%] [32mBuilding CXX object planning_scene_monitor/CMakeFiles/moveit_planning_scene_monitor.dir/src/current_state_monitor_middleware_handle.cpp.o[0m
[47.897s] [ 61%] [32m[1mLinking CXX executable moveit_print_planning_model_info[0m
[48.238s] [ 61%] Built target moveit_print_planning_model_info
[72.149s] [ 62%] [32m[1mLinking CXX shared library libmoveit_planning_scene_monitor.so[0m
[72.635s] [ 62%] Built target moveit_planning_scene_monitor
[72.665s] [ 64%] [32mBuilding CXX object planning_scene_monitor/CMakeFiles/trajectory_monitor_tests.dir/test/trajectory_monitor_tests.cpp.o[0m
[72.665s] [ 66%] [32mBuilding CXX object planning_components_tools/CMakeFiles/moveit_visualize_robot_collision_volume.dir/src/visualize_robot_collision_volume.cpp.o[0m
[72.665s] [ 67%] [32mBuilding CXX object planning_scene_monitor/CMakeFiles/demo_scene.dir/demos/demo_scene.cpp.o[0m
[72.667s] [ 69%] [32mBuilding CXX object planning_components_tools/CMakeFiles/moveit_evaluate_collision_checking_speed.dir/src/evaluate_collision_checking_speed.cpp.o[0m
[72.667s] [ 72%] [32mBuilding CXX object trajectory_execution_manager/CMakeFiles/moveit_trajectory_execution_manager.dir/src/trajectory_execution_manager.cpp.o[0m
[72.667s] [ 72%] [32mBuilding CXX object planning_components_tools/CMakeFiles/moveit_publish_scene_from_text.dir/src/publish_scene_from_text.cpp.o[0m
[72.669s] [ 75%] [32mBuilding CXX object planning_scene_monitor/CMakeFiles/current_state_monitor_tests.dir/test/current_state_monitor_tests.cpp.o[0m
[72.669s] [ 75%] [32mBuilding CXX object planning_components_tools/CMakeFiles/moveit_print_planning_scene_info.dir/src/print_planning_scene_info.cpp.o[0m
[72.671s] [ 77%] [32mBuilding CXX object planning_components_tools/CMakeFiles/moveit_display_random_state.dir/src/display_random_state.cpp.o[0m
[86.564s] [ 79%] [32m[1mLinking CXX executable moveit_print_planning_scene_info[0m
[86.838s] [ 80%] [32m[1mLinking CXX executable moveit_evaluate_collision_checking_speed[0m
[87.474s] [ 80%] Built target moveit_print_planning_scene_info
[87.780s] [ 80%] Built target moveit_evaluate_collision_checking_speed
[88.402s] [ 82%] [32m[1mLinking CXX executable trajectory_monitor_tests[0m
[88.440s] [ 83%] [32m[1mLinking CXX executable demo_scene[0m
[88.793s] [ 83%] Built target demo_scene
[89.084s] [ 83%] Built target trajectory_monitor_tests
[90.263s] [ 85%] [32m[1mLinking CXX executable moveit_display_random_state[0m
[90.618s] [ 87%] [32m[1mLinking CXX executable moveit_visualize_robot_collision_volume[0m
[90.789s] [ 87%] Built target moveit_display_random_state
[91.156s] [ 87%] Built target moveit_visualize_robot_collision_volume
[91.184s] [ 88%] [32m[1mLinking CXX executable current_state_monitor_tests[0m
[91.358s] [ 90%] [32m[1mLinking CXX executable moveit_publish_scene_from_text[0m
[91.681s] [ 90%] Built target current_state_monitor_tests
[91.844s] [ 90%] Built target moveit_publish_scene_from_text
[101.939s] [ 91%] [32m[1mLinking CXX shared library libmoveit_trajectory_execution_manager.so[0m
[102.275s] [ 91%] Built target moveit_trajectory_execution_manager
[102.318s] [ 93%] [32mBuilding CXX object moveit_cpp/CMakeFiles/moveit_cpp.dir/src/moveit_cpp.cpp.o[0m
[102.320s] [ 95%] [32mBuilding CXX object plan_execution/CMakeFiles/moveit_plan_execution.dir/src/plan_execution.cpp.o[0m
[102.327s] [ 96%] [32mBuilding CXX object moveit_cpp/CMakeFiles/moveit_cpp.dir/src/planning_component.cpp.o[0m
[111.779s] [ 98%] [32m[1mLinking CXX shared library libmoveit_plan_execution.so[0m
[112.102s] [ 98%] Built target moveit_plan_execution
[116.390s] [100%] [32m[1mLinking CXX shared library libmoveit_cpp.so[0m
[116.727s] [100%] Built target moveit_cpp
[116.760s] Invoked command in '/home/jellyfish/ws_moveit/build/moveit_ros_planning' returned '0': AMENT_PREFIX_PATH=/home/jellyfish/ws_moveit/install/moveit_ros_occupancy_map_monitor:/home/jellyfish/ws_moveit/install/moveit_core:/home/jellyfish/ws_moveit/install/moveit_resources_panda_moveit_config:/home/jellyfish/ws_moveit/install/srdfdom:/home/jellyfish/ws_moveit/install/moveit_resources_pr2_description:/home/jellyfish/ws_moveit/install/moveit_resources_panda_description:/home/jellyfish/ws_moveit/install/moveit_common:${AMENT_PREFIX_PATH} CMAKE_PREFIX_PATH=/home/jellyfish/ws_moveit/install/moveit_ros_occupancy_map_monitor:/home/jellyfish/ws_moveit/install/moveit_core:/home/jellyfish/ws_moveit/install/moveit_resources_panda_moveit_config:/home/jellyfish/ws_moveit/install/srdfdom:/home/jellyfish/ws_moveit/install/moveit_resources_pr2_description:/home/jellyfish/ws_moveit/install/moveit_resources_panda_description:/home/jellyfish/ws_moveit/install/moveit_common:/opt/ros/humble LD_LIBRARY_PATH=/home/jellyfish/ws_moveit/install/moveit_ros_occupancy_map_monitor/lib:/home/jellyfish/ws_moveit/install/moveit_core/lib:/home/jellyfish/ws_moveit/install/srdfdom/lib:${LD_LIBRARY_PATH} PATH=/home/jellyfish/ws_moveit/install/moveit_core/bin:${PATH} PYTHONPATH=/home/jellyfish/ws_moveit/install/srdfdom/local/lib/python3.10/dist-packages:${PYTHONPATH} /usr/bin/cmake --build /home/jellyfish/ws_moveit/build/moveit_ros_planning -- -j12 -l12
[116.857s] Invoking command in '/home/jellyfish/ws_moveit/build/moveit_ros_planning': AMENT_PREFIX_PATH=/home/jellyfish/ws_moveit/install/moveit_ros_occupancy_map_monitor:/home/jellyfish/ws_moveit/install/moveit_core:/home/jellyfish/ws_moveit/install/moveit_resources_panda_moveit_config:/home/jellyfish/ws_moveit/install/srdfdom:/home/jellyfish/ws_moveit/install/moveit_resources_pr2_description:/home/jellyfish/ws_moveit/install/moveit_resources_panda_description:/home/jellyfish/ws_moveit/install/moveit_common:${AMENT_PREFIX_PATH} CMAKE_PREFIX_PATH=/home/jellyfish/ws_moveit/install/moveit_ros_occupancy_map_monitor:/home/jellyfish/ws_moveit/install/moveit_core:/home/jellyfish/ws_moveit/install/moveit_resources_panda_moveit_config:/home/jellyfish/ws_moveit/install/srdfdom:/home/jellyfish/ws_moveit/install/moveit_resources_pr2_description:/home/jellyfish/ws_moveit/install/moveit_resources_panda_description:/home/jellyfish/ws_moveit/install/moveit_common:/opt/ros/humble LD_LIBRARY_PATH=/home/jellyfish/ws_moveit/install/moveit_ros_occupancy_map_monitor/lib:/home/jellyfish/ws_moveit/install/moveit_core/lib:/home/jellyfish/ws_moveit/install/srdfdom/lib:${LD_LIBRARY_PATH} PATH=/home/jellyfish/ws_moveit/install/moveit_core/bin:${PATH} PYTHONPATH=/home/jellyfish/ws_moveit/install/srdfdom/local/lib/python3.10/dist-packages:${PYTHONPATH} /usr/bin/cmake --install /home/jellyfish/ws_moveit/build/moveit_ros_planning
[116.875s] -- Install configuration: "Release"
[116.875s] -- Installing: /home/jellyfish/ws_moveit/install/moveit_ros_planning/include
[116.876s] -- Installing: /home/jellyfish/ws_moveit/install/moveit_ros_planning/include/moveit
[116.876s] -- Installing: /home/jellyfish/ws_moveit/install/moveit_ros_planning/include/moveit/rdf_loader
[116.876s] -- Installing: /home/jellyfish/ws_moveit/install/moveit_ros_planning/include/moveit/rdf_loader/synchronized_string_parameter.h
[116.876s] -- Installing: /home/jellyfish/ws_moveit/install/moveit_ros_planning/include/moveit/rdf_loader/rdf_loader.h
[116.876s] -- Installing: /home/jellyfish/ws_moveit/install/moveit_ros_planning/share/moveit_ros_planning/rdf_loader/test/data
[116.877s] -- Installing: /home/jellyfish/ws_moveit/install/moveit_ros_planning/share/moveit_ros_planning/rdf_loader/test/data/robin.srdf.xacro
[116.877s] -- Installing: /home/jellyfish/ws_moveit/install/moveit_ros_planning/share/moveit_ros_planning/rdf_loader/test/data/kermit.srdf
[116.878s] -- Installing: /home/jellyfish/ws_moveit/install/moveit_ros_planning/share/moveit_ros_planning/rdf_loader/test/data/gonzo.urdf
[116.878s] -- Installing: /home/jellyfish/ws_moveit/install/moveit_ros_planning/share/moveit_ros_planning/rdf_loader/test/data/gonzo.srdf
[116.878s] -- Installing: /home/jellyfish/ws_moveit/install/moveit_ros_planning/share/moveit_ros_planning/rdf_loader/test/data/kermit.urdf
[116.879s] -- Installing: /home/jellyfish/ws_moveit/install/moveit_ros_planning/share/moveit_ros_planning/rdf_loader/test/launch
[116.879s] -- Installing: /home/jellyfish/ws_moveit/install/moveit_ros_planning/share/moveit_ros_planning/rdf_loader/test/launch/test_rdf_integration.test.py
[116.879s] -- Up-to-date: /home/jellyfish/ws_moveit/install/moveit_ros_planning/include
[116.879s] -- Up-to-date: /home/jellyfish/ws_moveit/install/moveit_ros_planning/include/moveit
[116.880s] -- Installing: /home/jellyfish/ws_moveit/install/moveit_ros_planning/include/moveit/collision_plugin_loader
[116.880s] -- Installing: /home/jellyfish/ws_moveit/install/moveit_ros_planning/include/moveit/collision_plugin_loader/collision_plugin_loader.h
[116.880s] -- Up-to-date: /home/jellyfish/ws_moveit/install/moveit_ros_planning/include
[116.880s] -- Up-to-date: /home/jellyfish/ws_moveit/install/moveit_ros_planning/include/moveit
[116.880s] -- Installing: /home/jellyfish/ws_moveit/install/moveit_ros_planning/include/moveit/kinematics_plugin_loader
[116.881s] -- Installing: /home/jellyfish/ws_moveit/install/moveit_ros_planning/include/moveit/kinematics_plugin_loader/kinematics_plugin_loader.h
[116.881s] -- Up-to-date: /home/jellyfish/ws_moveit/install/moveit_ros_planning/include
[116.881s] -- Up-to-date: /home/jellyfish/ws_moveit/install/moveit_ros_planning/include/moveit
[116.882s] -- Installing: /home/jellyfish/ws_moveit/install/moveit_ros_planning/include/moveit/robot_model_loader
[116.882s] -- Installing: /home/jellyfish/ws_moveit/install/moveit_ros_planning/include/moveit/robot_model_loader/robot_model_loader.h
[116.882s] -- Up-to-date: /home/jellyfish/ws_moveit/install/moveit_ros_planning/include
[116.882s] -- Up-to-date: /home/jellyfish/ws_moveit/install/moveit_ros_planning/include/moveit
[116.882s] -- Installing: /home/jellyfish/ws_moveit/install/moveit_ros_planning/include/moveit/constraint_sampler_manager_loader
[116.883s] -- Installing: /home/jellyfish/ws_moveit/install/moveit_ros_planning/include/moveit/constraint_sampler_manager_loader/constraint_sampler_manager_loader.h
[116.883s] -- Up-to-date: /home/jellyfish/ws_moveit/install/moveit_ros_planning/include
[116.883s] -- Up-to-date: /home/jellyfish/ws_moveit/install/moveit_ros_planning/include/moveit
[116.883s] -- Installing: /home/jellyfish/ws_moveit/install/moveit_ros_planning/include/moveit/planning_pipeline
[116.883s] -- Installing: /home/jellyfish/ws_moveit/install/moveit_ros_planning/include/moveit/planning_pipeline/planning_pipeline.h
[116.884s] -- Installing: /home/jellyfish/ws_moveit/install/moveit_ros_planning/include/moveit_planning_pipeline_export.h
[116.884s] -- Installing: /home/jellyfish/ws_moveit/install/moveit_ros_planning/lib/moveit_ros_planning/moveit_list_request_adapter_plugins
[116.886s] -- Set runtime path of "/home/jellyfish/ws_moveit/install/moveit_ros_planning/lib/moveit_ros_planning/moveit_list_request_adapter_plugins" to ""
[116.886s] -- Installing: /home/jellyfish/ws_moveit/install/moveit_ros_planning/lib/moveit_ros_planning/demo_scene
[116.888s] -- Set runtime path of "/home/jellyfish/ws_moveit/install/moveit_ros_planning/lib/moveit_ros_planning/demo_scene" to ""
[116.888s] -- Up-to-date: /home/jellyfish/ws_moveit/install/moveit_ros_planning/include
[116.888s] -- Up-to-date: /home/jellyfish/ws_moveit/install/moveit_ros_planning/include/moveit
[116.888s] -- Installing: /home/jellyfish/ws_moveit/install/moveit_ros_planning/include/moveit/planning_scene_monitor
[116.888s] -- Installing: /home/jellyfish/ws_moveit/install/moveit_ros_planning/include/moveit/planning_scene_monitor/current_state_monitor.h
[116.889s] -- Installing: /home/jellyfish/ws_moveit/install/moveit_ros_planning/include/moveit/planning_scene_monitor/trajectory_monitor.h
[116.889s] -- Installing: /home/jellyfish/ws_moveit/install/moveit_ros_planning/include/moveit/planning_scene_monitor/planning_scene_monitor.h
[116.889s] -- Installing: /home/jellyfish/ws_moveit/install/moveit_ros_planning/include/moveit/planning_scene_monitor/trajectory_monitor_middleware_handle.hpp
[116.890s] -- Installing: /home/jellyfish/ws_moveit/install/moveit_ros_planning/include/moveit/planning_scene_monitor/current_state_monitor_middleware_handle.hpp
[116.890s] -- Installing: /home/jellyfish/ws_moveit/install/moveit_ros_planning/include/moveit_planning_scene_monitor_export.h
[116.891s] -- Installing: /home/jellyfish/ws_moveit/install/moveit_ros_planning/lib/moveit_ros_planning/moveit_print_planning_model_info
[116.892s] -- Set runtime path of "/home/jellyfish/ws_moveit/install/moveit_ros_planning/lib/moveit_ros_planning/moveit_print_planning_model_info" to ""
[116.892s] -- Installing: /home/jellyfish/ws_moveit/install/moveit_ros_planning/lib/moveit_ros_planning/moveit_print_planning_scene_info
[116.893s] -- Set runtime path of "/home/jellyfish/ws_moveit/install/moveit_ros_planning/lib/moveit_ros_planning/moveit_print_planning_scene_info" to ""
[116.893s] -- Installing: /home/jellyfish/ws_moveit/install/moveit_ros_planning/lib/moveit_ros_planning/moveit_display_random_state
[116.895s] -- Set runtime path of "/home/jellyfish/ws_moveit/install/moveit_ros_planning/lib/moveit_ros_planning/moveit_display_random_state" to ""
[116.895s] -- Installing: /home/jellyfish/ws_moveit/install/moveit_ros_planning/lib/moveit_ros_planning/moveit_visualize_robot_collision_volume
[116.897s] -- Set runtime path of "/home/jellyfish/ws_moveit/install/moveit_ros_planning/lib/moveit_ros_planning/moveit_visualize_robot_collision_volume" to ""
[116.897s] -- Installing: /home/jellyfish/ws_moveit/install/moveit_ros_planning/lib/moveit_ros_planning/moveit_evaluate_collision_checking_speed
[116.898s] -- Set runtime path of "/home/jellyfish/ws_moveit/install/moveit_ros_planning/lib/moveit_ros_planning/moveit_evaluate_collision_checking_speed" to ""
[116.898s] -- Installing: /home/jellyfish/ws_moveit/install/moveit_ros_planning/lib/moveit_ros_planning/moveit_publish_scene_from_text
[116.899s] -- Set runtime path of "/home/jellyfish/ws_moveit/install/moveit_ros_planning/lib/moveit_ros_planning/moveit_publish_scene_from_text" to ""
[116.899s] -- Up-to-date: /home/jellyfish/ws_moveit/install/moveit_ros_planning/include
[116.899s] -- Up-to-date: /home/jellyfish/ws_moveit/install/moveit_ros_planning/include/moveit
[116.899s] -- Installing: /home/jellyfish/ws_moveit/install/moveit_ros_planning/include/moveit/trajectory_execution_manager
[116.899s] -- Installing: /home/jellyfish/ws_moveit/install/moveit_ros_planning/include/moveit/trajectory_execution_manager/trajectory_execution_manager.h
[116.900s] -- Installing: /home/jellyfish/ws_moveit/install/moveit_ros_planning/include/moveit_trajectory_execution_manager_export.h
[116.900s] -- Up-to-date: /home/jellyfish/ws_moveit/install/moveit_ros_planning/include
[116.900s] -- Up-to-date: /home/jellyfish/ws_moveit/install/moveit_ros_planning/include/moveit
[116.900s] -- Installing: /home/jellyfish/ws_moveit/install/moveit_ros_planning/include/moveit/plan_execution
[116.900s] -- Installing: /home/jellyfish/ws_moveit/install/moveit_ros_planning/include/moveit/plan_execution/plan_execution.h
[116.901s] -- Installing: /home/jellyfish/ws_moveit/install/moveit_ros_planning/include/moveit/plan_execution/plan_representation.h
[116.901s] -- Up-to-date: /home/jellyfish/ws_moveit/install/moveit_ros_planning/include
[116.901s] -- Up-to-date: /home/jellyfish/ws_moveit/install/moveit_ros_planning/include/moveit
[116.901s] -- Installing: /home/jellyfish/ws_moveit/install/moveit_ros_planning/include/moveit/moveit_cpp
[116.901s] -- Installing: /home/jellyfish/ws_moveit/install/moveit_ros_planning/include/moveit/moveit_cpp/moveit_cpp.h
[116.901s] -- Installing: /home/jellyfish/ws_moveit/install/moveit_ros_planning/include/moveit/moveit_cpp/planning_component.h
[116.901s] -- Installing: /home/jellyfish/ws_moveit/install/moveit_ros_planning/lib/libmoveit_rdf_loader.so.2.5.5
[116.902s] -- Set runtime path of "/home/jellyfish/ws_moveit/install/moveit_ros_planning/lib/libmoveit_rdf_loader.so.2.5.5" to ""
[116.903s] -- Installing: /home/jellyfish/ws_moveit/install/moveit_ros_planning/lib/libmoveit_rdf_loader.so
[116.903s] -- Installing: /home/jellyfish/ws_moveit/install/moveit_ros_planning/lib/libmoveit_kinematics_plugin_loader.so.2.5.5
[116.904s] -- Set runtime path of "/home/jellyfish/ws_moveit/install/moveit_ros_planning/lib/libmoveit_kinematics_plugin_loader.so.2.5.5" to ""
[116.904s] -- Installing: /home/jellyfish/ws_moveit/install/moveit_ros_planning/lib/libmoveit_kinematics_plugin_loader.so
[116.904s] -- Installing: /home/jellyfish/ws_moveit/install/moveit_ros_planning/lib/libmoveit_robot_model_loader.so.2.5.5
[116.904s] -- Set runtime path of "/home/jellyfish/ws_moveit/install/moveit_ros_planning/lib/libmoveit_robot_model_loader.so.2.5.5" to ""
[116.904s] -- Installing: /home/jellyfish/ws_moveit/install/moveit_ros_planning/lib/libmoveit_robot_model_loader.so
[116.904s] -- Installing: /home/jellyfish/ws_moveit/install/moveit_ros_planning/lib/libmoveit_constraint_sampler_manager_loader.so.2.5.5
[116.905s] -- Set runtime path of "/home/jellyfish/ws_moveit/install/moveit_ros_planning/lib/libmoveit_constraint_sampler_manager_loader.so.2.5.5" to ""
[116.905s] -- Installing: /home/jellyfish/ws_moveit/install/moveit_ros_planning/lib/libmoveit_constraint_sampler_manager_loader.so
[116.905s] -- Installing: /home/jellyfish/ws_moveit/install/moveit_ros_planning/lib/libmoveit_planning_pipeline.so.2.5.5
[116.907s] -- Set runtime path of "/home/jellyfish/ws_moveit/install/moveit_ros_planning/lib/libmoveit_planning_pipeline.so.2.5.5" to ""
[116.907s] -- Installing: /home/jellyfish/ws_moveit/install/moveit_ros_planning/lib/libmoveit_planning_pipeline.so
[116.907s] -- Installing: /home/jellyfish/ws_moveit/install/moveit_ros_planning/lib/libmoveit_trajectory_execution_manager.so.2.5.5
[116.909s] -- Set runtime path of "/home/jellyfish/ws_moveit/install/moveit_ros_planning/lib/libmoveit_trajectory_execution_manager.so.2.5.5" to ""
[116.909s] -- Installing: /home/jellyfish/ws_moveit/install/moveit_ros_planning/lib/libmoveit_trajectory_execution_manager.so
[116.910s] -- Installing: /home/jellyfish/ws_moveit/install/moveit_ros_planning/lib/libmoveit_plan_execution.so.2.5.5
[116.910s] -- Set runtime path of "/home/jellyfish/ws_moveit/install/moveit_ros_planning/lib/libmoveit_plan_execution.so.2.5.5" to ""
[116.910s] -- Installing: /home/jellyfish/ws_moveit/install/moveit_ros_planning/lib/libmoveit_plan_execution.so
[116.910s] -- Installing: /home/jellyfish/ws_moveit/install/moveit_ros_planning/lib/libmoveit_planning_scene_monitor.so.2.5.5
[116.916s] -- Set runtime path of "/home/jellyfish/ws_moveit/install/moveit_ros_planning/lib/libmoveit_planning_scene_monitor.so.2.5.5" to ""
[116.916s] -- Installing: /home/jellyfish/ws_moveit/install/moveit_ros_planning/lib/libmoveit_planning_scene_monitor.so
[116.917s] -- Installing: /home/jellyfish/ws_moveit/install/moveit_ros_planning/lib/libmoveit_collision_plugin_loader.so.2.5.5
[116.917s] -- Set runtime path of "/home/jellyfish/ws_moveit/install/moveit_ros_planning/lib/libmoveit_collision_plugin_loader.so.2.5.5" to ""
[116.917s] -- Installing: /home/jellyfish/ws_moveit/install/moveit_ros_planning/lib/libmoveit_collision_plugin_loader.so
[116.917s] -- Installing: /home/jellyfish/ws_moveit/install/moveit_ros_planning/lib/libmoveit_default_planning_request_adapter_plugins.so.2.5.5
[116.917s] -- Set runtime path of "/home/jellyfish/ws_moveit/install/moveit_ros_planning/lib/libmoveit_default_planning_request_adapter_plugins.so.2.5.5" to ""
[116.918s] -- Installing: /home/jellyfish/ws_moveit/install/moveit_ros_planning/lib/libmoveit_default_planning_request_adapter_plugins.so
[116.918s] -- Installing: /home/jellyfish/ws_moveit/install/moveit_ros_planning/lib/libmoveit_cpp.so.2.5.5
[116.919s] -- Set runtime path of "/home/jellyfish/ws_moveit/install/moveit_ros_planning/lib/libmoveit_cpp.so.2.5.5" to ""
[116.919s] -- Installing: /home/jellyfish/ws_moveit/install/moveit_ros_planning/lib/libmoveit_cpp.so
[116.919s] -- Installing: /home/jellyfish/ws_moveit/install/moveit_ros_planning/share/moveit_ros_planning/environment/library_path.sh
[116.919s] -- Installing: /home/jellyfish/ws_moveit/install/moveit_ros_planning/share/moveit_ros_planning/environment/library_path.dsv
[116.920s] -- Installing: /home/jellyfish/ws_moveit/install/moveit_ros_planning/share/moveit_ros_planning/planning_request_adapters_plugin_description.xml
[116.920s] -- Installing: /home/jellyfish/ws_moveit/install/moveit_ros_planning/share/ament_index/resource_index/package_run_dependencies/moveit_ros_planning
[116.920s] -- Installing: /home/jellyfish/ws_moveit/install/moveit_ros_planning/share/ament_index/resource_index/parent_prefix_path/moveit_ros_planning
[116.920s] -- Installing: /home/jellyfish/ws_moveit/install/moveit_ros_planning/share/moveit_ros_planning/environment/ament_prefix_path.sh
[116.920s] -- Installing: /home/jellyfish/ws_moveit/install/moveit_ros_planning/share/moveit_ros_planning/environment/ament_prefix_path.dsv
[116.920s] -- Installing: /home/jellyfish/ws_moveit/install/moveit_ros_planning/share/moveit_ros_planning/environment/path.sh
[116.921s] -- Installing: /home/jellyfish/ws_moveit/install/moveit_ros_planning/share/moveit_ros_planning/environment/path.dsv
[116.921s] -- Installing: /home/jellyfish/ws_moveit/install/moveit_ros_planning/share/moveit_ros_planning/local_setup.bash
[116.921s] -- Installing: /home/jellyfish/ws_moveit/install/moveit_ros_planning/share/moveit_ros_planning/local_setup.sh
[116.921s] -- Installing: /home/jellyfish/ws_moveit/install/moveit_ros_planning/share/moveit_ros_planning/local_setup.zsh
[116.921s] -- Installing: /home/jellyfish/ws_moveit/install/moveit_ros_planning/share/moveit_ros_planning/local_setup.dsv
[116.921s] -- Installing: /home/jellyfish/ws_moveit/install/moveit_ros_planning/share/moveit_ros_planning/package.dsv
[116.922s] -- Installing: /home/jellyfish/ws_moveit/install/moveit_ros_planning/share/ament_index/resource_index/packages/moveit_ros_planning
[116.922s] -- Installing: /home/jellyfish/ws_moveit/install/moveit_ros_planning/share/ament_index/resource_index/moveit_core__pluginlib__plugin/moveit_ros_planning
[116.922s] -- Installing: /home/jellyfish/ws_moveit/install/moveit_ros_planning/share/moveit_ros_planning/cmake/export_moveit_ros_planningExport.cmake
[116.922s] -- Installing: /home/jellyfish/ws_moveit/install/moveit_ros_planning/share/moveit_ros_planning/cmake/export_moveit_ros_planningExport-release.cmake
[116.922s] -- Installing: /home/jellyfish/ws_moveit/install/moveit_ros_planning/share/moveit_ros_planning/cmake/ConfigExtras.cmake
[116.923s] -- Installing: /home/jellyfish/ws_moveit/install/moveit_ros_planning/share/moveit_ros_planning/cmake/ament_cmake_export_targets-extras.cmake
[116.923s] -- Installing: /home/jellyfish/ws_moveit/install/moveit_ros_planning/share/moveit_ros_planning/cmake/ament_cmake_export_dependencies-extras.cmake
[116.923s] -- Installing: /home/jellyfish/ws_moveit/install/moveit_ros_planning/share/moveit_ros_planning/cmake/moveit_ros_planningConfig.cmake
[116.923s] -- Installing: /home/jellyfish/ws_moveit/install/moveit_ros_planning/share/moveit_ros_planning/cmake/moveit_ros_planningConfig-version.cmake
[116.923s] -- Installing: /home/jellyfish/ws_moveit/install/moveit_ros_planning/share/moveit_ros_planning/package.xml
[116.926s] Invoked command in '/home/jellyfish/ws_moveit/build/moveit_ros_planning' returned '0': AMENT_PREFIX_PATH=/home/jellyfish/ws_moveit/install/moveit_ros_occupancy_map_monitor:/home/jellyfish/ws_moveit/install/moveit_core:/home/jellyfish/ws_moveit/install/moveit_resources_panda_moveit_config:/home/jellyfish/ws_moveit/install/srdfdom:/home/jellyfish/ws_moveit/install/moveit_resources_pr2_description:/home/jellyfish/ws_moveit/install/moveit_resources_panda_description:/home/jellyfish/ws_moveit/install/moveit_common:${AMENT_PREFIX_PATH} CMAKE_PREFIX_PATH=/home/jellyfish/ws_moveit/install/moveit_ros_occupancy_map_monitor:/home/jellyfish/ws_moveit/install/moveit_core:/home/jellyfish/ws_moveit/install/moveit_resources_panda_moveit_config:/home/jellyfish/ws_moveit/install/srdfdom:/home/jellyfish/ws_moveit/install/moveit_resources_pr2_description:/home/jellyfish/ws_moveit/install/moveit_resources_panda_description:/home/jellyfish/ws_moveit/install/moveit_common:/opt/ros/humble LD_LIBRARY_PATH=/home/jellyfish/ws_moveit/install/moveit_ros_occupancy_map_monitor/lib:/home/jellyfish/ws_moveit/install/moveit_core/lib:/home/jellyfish/ws_moveit/install/srdfdom/lib:${LD_LIBRARY_PATH} PATH=/home/jellyfish/ws_moveit/install/moveit_core/bin:${PATH} PYTHONPATH=/home/jellyfish/ws_moveit/install/srdfdom/local/lib/python3.10/dist-packages:${PYTHONPATH} /usr/bin/cmake --install /home/jellyfish/ws_moveit/build/moveit_ros_planning
