[0.087s] Invoking command in '/home/jellyfish/ws_moveit/build/moveit_setup_assistant': AMENT_PREFIX_PATH=/home/jellyfish/ws_moveit/install/moveit_setup_srdf_plugins:/home/jellyfish/ws_moveit/install/moveit_setup_core_plugins:/home/jellyfish/ws_moveit/install/moveit_setup_controllers:/home/jellyfish/ws_moveit/install/moveit_setup_app_plugins:/home/jellyfish/ws_moveit/install/moveit_setup_framework:/home/jellyfish/ws_moveit/install/moveit_ros_visualization:/home/jellyfish/ws_moveit/install/moveit_ros_planning_interface:/home/jellyfish/ws_moveit/install/moveit_ros_move_group:/home/jellyfish/ws_moveit/install/moveit_ros_warehouse:/home/jellyfish/ws_moveit/install/moveit_ros_robot_interaction:/home/jellyfish/ws_moveit/install/moveit_planners_ompl:/home/jellyfish/ws_moveit/install/moveit_kinematics:/home/jellyfish/ws_moveit/install/moveit_ros_planning:/home/jellyfish/ws_moveit/install/moveit_simple_controller_manager:/home/jellyfish/ws_moveit/install/moveit_ros_occupancy_map_monitor:/home/jellyfish/ws_moveit/install/moveit_core:/home/jellyfish/ws_moveit/install/moveit_resources_panda_moveit_config:/home/jellyfish/ws_moveit/install/moveit_resources_fanuc_moveit_config:/home/jellyfish/ws_moveit/install/moveit_configs_utils:/home/jellyfish/ws_moveit/install/srdfdom:/home/jellyfish/ws_moveit/install/moveit_resources_pr2_description:/home/jellyfish/ws_moveit/install/moveit_resources_panda_description:/home/jellyfish/ws_moveit/install/moveit_resources_fanuc_description:/home/jellyfish/ws_moveit/install/moveit_common:/home/jellyfish/ws_moveit/install/launch_param_builder:${AMENT_PREFIX_PATH} CMAKE_PREFIX_PATH=/home/jellyfish/ws_moveit/install/moveit_setup_srdf_plugins:/home/jellyfish/ws_moveit/install/moveit_setup_core_plugins:/home/jellyfish/ws_moveit/install/moveit_setup_controllers:/home/jellyfish/ws_moveit/install/moveit_setup_app_plugins:/home/jellyfish/ws_moveit/install/moveit_setup_framework:/home/jellyfish/ws_moveit/install/moveit_ros_visualization:/home/jellyfish/ws_moveit/install/moveit_ros_planning_interface:/home/jellyfish/ws_moveit/install/moveit_ros_move_group:/home/jellyfish/ws_moveit/install/moveit_ros_warehouse:/home/jellyfish/ws_moveit/install/moveit_ros_robot_interaction:/home/jellyfish/ws_moveit/install/moveit_planners_ompl:/home/jellyfish/ws_moveit/install/moveit_kinematics:/home/jellyfish/ws_moveit/install/moveit_ros_planning:/home/jellyfish/ws_moveit/install/moveit_simple_controller_manager:/home/jellyfish/ws_moveit/install/moveit_ros_occupancy_map_monitor:/home/jellyfish/ws_moveit/install/moveit_core:/home/jellyfish/ws_moveit/install/moveit_resources_panda_moveit_config:/home/jellyfish/ws_moveit/install/moveit_resources_fanuc_moveit_config:/home/jellyfish/ws_moveit/install/srdfdom:/home/jellyfish/ws_moveit/install/moveit_resources_pr2_description:/home/jellyfish/ws_moveit/install/moveit_resources_panda_description:/home/jellyfish/ws_moveit/install/moveit_resources_fanuc_description:/home/jellyfish/ws_moveit/install/moveit_common:/opt/ros/humble LD_LIBRARY_PATH=/home/jellyfish/ws_moveit/install/moveit_setup_srdf_plugins/lib:/home/jellyfish/ws_moveit/install/moveit_setup_core_plugins/lib:/home/jellyfish/ws_moveit/install/moveit_setup_controllers/lib:/home/jellyfish/ws_moveit/install/moveit_setup_app_plugins/lib:/home/jellyfish/ws_moveit/install/moveit_setup_framework/lib:/home/jellyfish/ws_moveit/install/moveit_ros_visualization/lib:/home/jellyfish/ws_moveit/install/moveit_ros_planning_interface/lib:/home/jellyfish/ws_moveit/install/moveit_ros_move_group/lib:/home/jellyfish/ws_moveit/install/moveit_ros_warehouse/lib:/home/jellyfish/ws_moveit/install/moveit_ros_robot_interaction/lib:/home/jellyfish/ws_moveit/install/moveit_planners_ompl/lib:/home/jellyfish/ws_moveit/install/moveit_kinematics/lib:/home/jellyfish/ws_moveit/install/moveit_ros_planning/lib:/home/jellyfish/ws_moveit/install/moveit_simple_controller_manager/lib:/home/jellyfish/ws_moveit/install/moveit_ros_occupancy_map_monitor/lib:/home/jellyfish/ws_moveit/install/moveit_core/lib:/home/jellyfish/ws_moveit/install/srdfdom/lib:${LD_LIBRARY_PATH} PATH=/home/jellyfish/ws_moveit/install/moveit_core/bin:${PATH} PYTHONPATH=/home/jellyfish/ws_moveit/install/moveit_configs_utils/lib/python3.10/site-packages:/home/jellyfish/ws_moveit/install/srdfdom/local/lib/python3.10/dist-packages:/home/jellyfish/ws_moveit/install/launch_param_builder/lib/python3.10/site-packages:${PYTHONPATH} /usr/bin/cmake /home/jellyfish/ws_moveit/src/moveit2/moveit_setup_assistant/moveit_setup_assistant -DCMAKE_BUILD_TYPE=Release -DCMAKE_INSTALL_PREFIX=/home/jellyfish/ws_moveit/install/moveit_setup_assistant
[0.163s] -- The C compiler identification is GNU 11.4.0
[0.248s] -- The CXX compiler identification is GNU 11.4.0
[0.258s] -- Detecting C compiler ABI info
[0.375s] -- Detecting C compiler ABI info - done
[0.393s] -- Check for working C compiler: /usr/bin/cc - skipped
[0.394s] -- Detecting C compile features
[0.394s] -- Detecting C compile features - done
[0.401s] -- Detecting CXX compiler ABI info
[0.527s] -- Detecting CXX compiler ABI info - done
[0.546s] -- Check for working CXX compiler: /usr/bin/c++ - skipped
[0.546s] -- Detecting CXX compile features
[0.547s] -- Detecting CXX compile features - done
[0.558s] -- Found moveit_common: 2.5.5 (/home/jellyfish/ws_moveit/install/moveit_common/share/moveit_common/cmake)
[0.572s] -- Found ament_cmake: 1.3.9 (/opt/ros/humble/share/ament_cmake/cmake)
[0.894s] -- Found Python3: /usr/bin/python3 (found version "3.10.12") found components: Interpreter 
[1.211s] -- Found libdw: /usr/lib/x86_64-linux-gnu/libdw.so  
[1.227s] -- Could NOT find libbfd (missing: LIBBFD_LIBRARY LIBBFD_INCLUDE_DIR) 
[1.228s] -- BACKWARD_HAS_UNWIND=1
[1.228s] -- BACKWARD_HAS_BACKTRACE=0
[1.228s] -- BACKWARD_HAS_BACKTRACE_SYMBOL=0
[1.228s] -- BACKWARD_HAS_DW=1
[1.228s] -- BACKWARD_HAS_BFD=0
[1.229s] -- Found Backward: /opt/ros/humble/share/backward_ros/cmake  
[1.242s] -- Found ament_index_cpp: 1.4.0 (/opt/ros/humble/share/ament_index_cpp/cmake)
[1.262s] -- Found Boost: /usr/lib/x86_64-linux-gnu/cmake/Boost-1.74.0/BoostConfig.cmake (found version "1.74.0") found components: program_options 
[1.263s] -- Found moveit_setup_framework: 2.5.5 (/home/jellyfish/ws_moveit/install/moveit_setup_framework/share/moveit_setup_framework/cmake)
[1.330s] -- Found rosidl_generator_c: 3.1.5 (/opt/ros/humble/share/rosidl_generator_c/cmake)
[1.341s] -- Found rosidl_adapter: 3.1.5 (/opt/ros/humble/share/rosidl_adapter/cmake)
[1.355s] -- Found rosidl_generator_cpp: 3.1.5 (/opt/ros/humble/share/rosidl_generator_cpp/cmake)
[1.375s] -- Using all available rosidl_typesupport_c: rosidl_typesupport_fastrtps_c;rosidl_typesupport_introspection_c
[1.403s] -- Using all available rosidl_typesupport_cpp: rosidl_typesupport_fastrtps_cpp;rosidl_typesupport_introspection_cpp
[1.498s] -- Found rmw_implementation_cmake: 6.1.2 (/opt/ros/humble/share/rmw_implementation_cmake/cmake)
[1.505s] -- Found rmw_fastrtps_cpp: 6.2.6 (/opt/ros/humble/share/rmw_fastrtps_cpp/cmake)
[1.706s] -- Found OpenSSL: /usr/lib/x86_64-linux-gnu/libcrypto.so (found version "3.0.2")  
[1.749s] -- Found FastRTPS: /opt/ros/humble/include  
[1.831s] -- Using RMW implementation 'rmw_fastrtps_cpp' as default
[1.849s] -- Looking for pthread.h
[2.068s] -- Looking for pthread.h - found
[2.069s] -- Performing Test CMAKE_HAVE_LIBC_PTHREAD
[2.234s] -- Performing Test CMAKE_HAVE_LIBC_PTHREAD - Success
[2.236s] -- Found Threads: TRUE  
[2.482s] -- Found Boost: /usr/lib/x86_64-linux-gnu/cmake/Boost-1.74.0/BoostConfig.cmake (found version "1.74.0") found components: chrono date_time filesystem iostreams program_options regex serialization system thread 
[2.553s] -- Found parameter_traits: 0.3.8 (/opt/ros/humble/share/parameter_traits/cmake)
[2.577s] -- Found Eigen3: TRUE (found version "3.4.0") 
[2.582s] -- Found rclcpp_lifecycle: 16.0.9 (/opt/ros/humble/share/rclcpp_lifecycle/cmake)
[2.637s] -- Found Boost: /usr/lib/x86_64-linux-gnu/cmake/Boost-1.74.0/BoostConfig.cmake (found version "1.74.0") found components: filesystem 
[2.910s] -- library: /usr/lib/x86_64-linux-gnu/libcurl.so
[3.230s] -- Ensuring Eigen3 include directory is part of orocos-kdl CMake target
[4.416s] -- Found Boost: /usr/lib/x86_64-linux-gnu/cmake/Boost-1.74.0/BoostConfig.cmake (found version "1.74.0") found components: system filesystem date_time program_options thread chrono 
[4.912s] -- Found Boost: /usr/lib/x86_64-linux-gnu/cmake/Boost-1.74.0/BoostConfig.cmake (found version "1.74.0") found components: thread date_time system filesystem 
[4.990s] -- Found Boost: /usr/lib/x86_64-linux-gnu/cmake/Boost-1.74.0/BoostConfig.cmake (found version "1.74.0") found components: date_time filesystem program_options system thread 
[5.167s] -- Found Boost: /usr/lib/x86_64-linux-gnu/cmake/Boost-1.74.0/BoostConfig.cmake (found version "1.74.0") found components: thread system filesystem regex date_time program_options 
[5.397s] -- Found Boost: /usr/lib/x86_64-linux-gnu/cmake/Boost-1.74.0/BoostConfig.cmake (found version "1.74.0") found components: system filesystem date_time program_options thread 
[6.435s] -- Setting OGRE_DIR to: '/opt/ros/humble/share/rviz_ogre_vendor/cmake/../../../opt/rviz_ogre_vendor/lib/OGRE/cmake'
[6.436s] -- Found OGRE
[6.436s] --   static     : OFF
[6.437s] --   components : HLMS;MeshLodGenerator;Overlay;Paging;Property;RTShaderSystem;Terrain;Volume
[6.437s] --   plugins    : Plugin_BSPSceneManager;Plugin_OctreeSceneManager;Plugin_PCZSceneManager;Plugin_ParticleFX;RenderSystem_GL;RenderSystem_GL3Plus;Codec_STBI
[6.437s] --   media      : /opt/ros/humble/opt/rviz_ogre_vendor/share/OGRE/Media
[6.437s] -- OGRE_LIBRARIES: OgreHLMS;OgreMeshLodGenerator;OgreOverlay;OgrePaging;OgreProperty;OgreRTShaderSystem;OgreTerrain;OgreVolume;OgreMain
[6.437s] -- OGRE_LIBRARY_DIRS: /opt/ros/humble/opt/rviz_ogre_vendor/lib
[6.437s] -- OGRE_PLUGINS: Plugin_BSPSceneManager;Plugin_OctreeSceneManager;Plugin_PCZSceneManager;Plugin_ParticleFX;RenderSystem_GL;RenderSystem_GL3Plus;Codec_STBI
[6.437s] -- OGRE_PLUGIN_DIR: /opt/ros/humble/opt/rviz_ogre_vendor/lib/OGRE
[6.438s] -- rviz_ogre_vendor::OgreOverlay for IMPORTED_LOCATION_RELEASE: /opt/ros/humble/opt/rviz_ogre_vendor/lib/libOgreOverlay.so
[6.438s] -- rviz_ogre_vendor::OgreOverlay for IMPORTED_LOCATION_DEBUG: /opt/ros/humble/opt/rviz_ogre_vendor/lib/libOgreOverlay.so
[6.438s] -- rviz_ogre_vendor::OgreMain for IMPORTED_LOCATION_RELEASE: /opt/ros/humble/opt/rviz_ogre_vendor/lib/libOgreMain.so
[6.438s] -- rviz_ogre_vendor::OgreMain for IMPORTED_LOCATION_DEBUG: /opt/ros/humble/opt/rviz_ogre_vendor/lib/libOgreMain.so
[6.458s] -- Found ZLIB: /usr/lib/x86_64-linux-gnu/libz.so (found version "1.2.11") 
[6.464s] -- Found OpenGL: /usr/lib/x86_64-linux-gnu/libOpenGL.so   
[6.643s] -- Found X11: /usr/include   
[6.644s] -- Looking for XOpenDisplay in /usr/lib/x86_64-linux-gnu/libX11.so;/usr/lib/x86_64-linux-gnu/libXext.so
[6.841s] -- Looking for XOpenDisplay in /usr/lib/x86_64-linux-gnu/libX11.so;/usr/lib/x86_64-linux-gnu/libXext.so - found
[6.842s] -- Looking for gethostbyname
[6.997s] -- Looking for gethostbyname - found
[6.997s] -- Looking for connect
[7.178s] -- Looking for connect - found
[7.178s] -- Looking for remove
[7.342s] -- Looking for remove - found
[7.342s] -- Looking for shmat
[7.489s] -- Looking for shmat - found
[7.490s] -- Looking for IceConnectionNumber in ICE
[7.643s] -- Looking for IceConnectionNumber in ICE - found
[7.645s] -- rviz_ogre_vendor::RenderSystem_GL for IMPORTED_LOCATION_RELEASE: _render_system_gl_static_library_abs-NOTFOUND
[7.645s] -- rviz_ogre_vendor::RenderSystem_GL for IMPORTED_LOCATION_DEBUG: _render_system_gl_static_library_abs-NOTFOUND
[8.331s] -- Found moveit_setup_srdf_plugins: 2.5.5 (/home/jellyfish/ws_moveit/install/moveit_setup_srdf_plugins/share/moveit_setup_srdf_plugins/cmake)
[8.356s] -- Found ament_lint_auto: 0.12.11 (/opt/ros/humble/share/ament_lint_auto/cmake)
[8.394s] -- Added test 'lint_cmake' to check CMake code style
[8.395s] -- Added test 'xmllint' to check XML markup files
[8.397s] -- Configuring done
[8.507s] -- Generating done
[8.510s] -- Build files have been written to: /home/jellyfish/ws_moveit/build/moveit_setup_assistant
[8.528s] Invoked command in '/home/jellyfish/ws_moveit/build/moveit_setup_assistant' returned '0': AMENT_PREFIX_PATH=/home/jellyfish/ws_moveit/install/moveit_setup_srdf_plugins:/home/jellyfish/ws_moveit/install/moveit_setup_core_plugins:/home/jellyfish/ws_moveit/install/moveit_setup_controllers:/home/jellyfish/ws_moveit/install/moveit_setup_app_plugins:/home/jellyfish/ws_moveit/install/moveit_setup_framework:/home/jellyfish/ws_moveit/install/moveit_ros_visualization:/home/jellyfish/ws_moveit/install/moveit_ros_planning_interface:/home/jellyfish/ws_moveit/install/moveit_ros_move_group:/home/jellyfish/ws_moveit/install/moveit_ros_warehouse:/home/jellyfish/ws_moveit/install/moveit_ros_robot_interaction:/home/jellyfish/ws_moveit/install/moveit_planners_ompl:/home/jellyfish/ws_moveit/install/moveit_kinematics:/home/jellyfish/ws_moveit/install/moveit_ros_planning:/home/jellyfish/ws_moveit/install/moveit_simple_controller_manager:/home/jellyfish/ws_moveit/install/moveit_ros_occupancy_map_monitor:/home/jellyfish/ws_moveit/install/moveit_core:/home/jellyfish/ws_moveit/install/moveit_resources_panda_moveit_config:/home/jellyfish/ws_moveit/install/moveit_resources_fanuc_moveit_config:/home/jellyfish/ws_moveit/install/moveit_configs_utils:/home/jellyfish/ws_moveit/install/srdfdom:/home/jellyfish/ws_moveit/install/moveit_resources_pr2_description:/home/jellyfish/ws_moveit/install/moveit_resources_panda_description:/home/jellyfish/ws_moveit/install/moveit_resources_fanuc_description:/home/jellyfish/ws_moveit/install/moveit_common:/home/jellyfish/ws_moveit/install/launch_param_builder:${AMENT_PREFIX_PATH} CMAKE_PREFIX_PATH=/home/jellyfish/ws_moveit/install/moveit_setup_srdf_plugins:/home/jellyfish/ws_moveit/install/moveit_setup_core_plugins:/home/jellyfish/ws_moveit/install/moveit_setup_controllers:/home/jellyfish/ws_moveit/install/moveit_setup_app_plugins:/home/jellyfish/ws_moveit/install/moveit_setup_framework:/home/jellyfish/ws_moveit/install/moveit_ros_visualization:/home/jellyfish/ws_moveit/install/moveit_ros_planning_interface:/home/jellyfish/ws_moveit/install/moveit_ros_move_group:/home/jellyfish/ws_moveit/install/moveit_ros_warehouse:/home/jellyfish/ws_moveit/install/moveit_ros_robot_interaction:/home/jellyfish/ws_moveit/install/moveit_planners_ompl:/home/jellyfish/ws_moveit/install/moveit_kinematics:/home/jellyfish/ws_moveit/install/moveit_ros_planning:/home/jellyfish/ws_moveit/install/moveit_simple_controller_manager:/home/jellyfish/ws_moveit/install/moveit_ros_occupancy_map_monitor:/home/jellyfish/ws_moveit/install/moveit_core:/home/jellyfish/ws_moveit/install/moveit_resources_panda_moveit_config:/home/jellyfish/ws_moveit/install/moveit_resources_fanuc_moveit_config:/home/jellyfish/ws_moveit/install/srdfdom:/home/jellyfish/ws_moveit/install/moveit_resources_pr2_description:/home/jellyfish/ws_moveit/install/moveit_resources_panda_description:/home/jellyfish/ws_moveit/install/moveit_resources_fanuc_description:/home/jellyfish/ws_moveit/install/moveit_common:/opt/ros/humble LD_LIBRARY_PATH=/home/jellyfish/ws_moveit/install/moveit_setup_srdf_plugins/lib:/home/jellyfish/ws_moveit/install/moveit_setup_core_plugins/lib:/home/jellyfish/ws_moveit/install/moveit_setup_controllers/lib:/home/jellyfish/ws_moveit/install/moveit_setup_app_plugins/lib:/home/jellyfish/ws_moveit/install/moveit_setup_framework/lib:/home/jellyfish/ws_moveit/install/moveit_ros_visualization/lib:/home/jellyfish/ws_moveit/install/moveit_ros_planning_interface/lib:/home/jellyfish/ws_moveit/install/moveit_ros_move_group/lib:/home/jellyfish/ws_moveit/install/moveit_ros_warehouse/lib:/home/jellyfish/ws_moveit/install/moveit_ros_robot_interaction/lib:/home/jellyfish/ws_moveit/install/moveit_planners_ompl/lib:/home/jellyfish/ws_moveit/install/moveit_kinematics/lib:/home/jellyfish/ws_moveit/install/moveit_ros_planning/lib:/home/jellyfish/ws_moveit/install/moveit_simple_controller_manager/lib:/home/jellyfish/ws_moveit/install/moveit_ros_occupancy_map_monitor/lib:/home/jellyfish/ws_moveit/install/moveit_core/lib:/home/jellyfish/ws_moveit/install/srdfdom/lib:${LD_LIBRARY_PATH} PATH=/home/jellyfish/ws_moveit/install/moveit_core/bin:${PATH} PYTHONPATH=/home/jellyfish/ws_moveit/install/moveit_configs_utils/lib/python3.10/site-packages:/home/jellyfish/ws_moveit/install/srdfdom/local/lib/python3.10/dist-packages:/home/jellyfish/ws_moveit/install/launch_param_builder/lib/python3.10/site-packages:${PYTHONPATH} /usr/bin/cmake /home/jellyfish/ws_moveit/src/moveit2/moveit_setup_assistant/moveit_setup_assistant -DCMAKE_BUILD_TYPE=Release -DCMAKE_INSTALL_PREFIX=/home/jellyfish/ws_moveit/install/moveit_setup_assistant
[8.531s] Invoking command in '/home/jellyfish/ws_moveit/build/moveit_setup_assistant': AMENT_PREFIX_PATH=/home/jellyfish/ws_moveit/install/moveit_setup_srdf_plugins:/home/jellyfish/ws_moveit/install/moveit_setup_core_plugins:/home/jellyfish/ws_moveit/install/moveit_setup_controllers:/home/jellyfish/ws_moveit/install/moveit_setup_app_plugins:/home/jellyfish/ws_moveit/install/moveit_setup_framework:/home/jellyfish/ws_moveit/install/moveit_ros_visualization:/home/jellyfish/ws_moveit/install/moveit_ros_planning_interface:/home/jellyfish/ws_moveit/install/moveit_ros_move_group:/home/jellyfish/ws_moveit/install/moveit_ros_warehouse:/home/jellyfish/ws_moveit/install/moveit_ros_robot_interaction:/home/jellyfish/ws_moveit/install/moveit_planners_ompl:/home/jellyfish/ws_moveit/install/moveit_kinematics:/home/jellyfish/ws_moveit/install/moveit_ros_planning:/home/jellyfish/ws_moveit/install/moveit_simple_controller_manager:/home/jellyfish/ws_moveit/install/moveit_ros_occupancy_map_monitor:/home/jellyfish/ws_moveit/install/moveit_core:/home/jellyfish/ws_moveit/install/moveit_resources_panda_moveit_config:/home/jellyfish/ws_moveit/install/moveit_resources_fanuc_moveit_config:/home/jellyfish/ws_moveit/install/moveit_configs_utils:/home/jellyfish/ws_moveit/install/srdfdom:/home/jellyfish/ws_moveit/install/moveit_resources_pr2_description:/home/jellyfish/ws_moveit/install/moveit_resources_panda_description:/home/jellyfish/ws_moveit/install/moveit_resources_fanuc_description:/home/jellyfish/ws_moveit/install/moveit_common:/home/jellyfish/ws_moveit/install/launch_param_builder:${AMENT_PREFIX_PATH} CMAKE_PREFIX_PATH=/home/jellyfish/ws_moveit/install/moveit_setup_srdf_plugins:/home/jellyfish/ws_moveit/install/moveit_setup_core_plugins:/home/jellyfish/ws_moveit/install/moveit_setup_controllers:/home/jellyfish/ws_moveit/install/moveit_setup_app_plugins:/home/jellyfish/ws_moveit/install/moveit_setup_framework:/home/jellyfish/ws_moveit/install/moveit_ros_visualization:/home/jellyfish/ws_moveit/install/moveit_ros_planning_interface:/home/jellyfish/ws_moveit/install/moveit_ros_move_group:/home/jellyfish/ws_moveit/install/moveit_ros_warehouse:/home/jellyfish/ws_moveit/install/moveit_ros_robot_interaction:/home/jellyfish/ws_moveit/install/moveit_planners_ompl:/home/jellyfish/ws_moveit/install/moveit_kinematics:/home/jellyfish/ws_moveit/install/moveit_ros_planning:/home/jellyfish/ws_moveit/install/moveit_simple_controller_manager:/home/jellyfish/ws_moveit/install/moveit_ros_occupancy_map_monitor:/home/jellyfish/ws_moveit/install/moveit_core:/home/jellyfish/ws_moveit/install/moveit_resources_panda_moveit_config:/home/jellyfish/ws_moveit/install/moveit_resources_fanuc_moveit_config:/home/jellyfish/ws_moveit/install/srdfdom:/home/jellyfish/ws_moveit/install/moveit_resources_pr2_description:/home/jellyfish/ws_moveit/install/moveit_resources_panda_description:/home/jellyfish/ws_moveit/install/moveit_resources_fanuc_description:/home/jellyfish/ws_moveit/install/moveit_common:/opt/ros/humble LD_LIBRARY_PATH=/home/jellyfish/ws_moveit/install/moveit_setup_srdf_plugins/lib:/home/jellyfish/ws_moveit/install/moveit_setup_core_plugins/lib:/home/jellyfish/ws_moveit/install/moveit_setup_controllers/lib:/home/jellyfish/ws_moveit/install/moveit_setup_app_plugins/lib:/home/jellyfish/ws_moveit/install/moveit_setup_framework/lib:/home/jellyfish/ws_moveit/install/moveit_ros_visualization/lib:/home/jellyfish/ws_moveit/install/moveit_ros_planning_interface/lib:/home/jellyfish/ws_moveit/install/moveit_ros_move_group/lib:/home/jellyfish/ws_moveit/install/moveit_ros_warehouse/lib:/home/jellyfish/ws_moveit/install/moveit_ros_robot_interaction/lib:/home/jellyfish/ws_moveit/install/moveit_planners_ompl/lib:/home/jellyfish/ws_moveit/install/moveit_kinematics/lib:/home/jellyfish/ws_moveit/install/moveit_ros_planning/lib:/home/jellyfish/ws_moveit/install/moveit_simple_controller_manager/lib:/home/jellyfish/ws_moveit/install/moveit_ros_occupancy_map_monitor/lib:/home/jellyfish/ws_moveit/install/moveit_core/lib:/home/jellyfish/ws_moveit/install/srdfdom/lib:${LD_LIBRARY_PATH} PATH=/home/jellyfish/ws_moveit/install/moveit_core/bin:${PATH} PYTHONPATH=/home/jellyfish/ws_moveit/install/moveit_configs_utils/lib/python3.10/site-packages:/home/jellyfish/ws_moveit/install/srdfdom/local/lib/python3.10/dist-packages:/home/jellyfish/ws_moveit/install/launch_param_builder/lib/python3.10/site-packages:${PYTHONPATH} /usr/bin/cmake --build /home/jellyfish/ws_moveit/build/moveit_setup_assistant -- -j12 -l12
[8.624s] [  7%] [34m[1mAutomatic MOC for target moveit_setup_assistant_updater[0m
[8.628s] [ 14%] [34m[1mAutomatic MOC for target moveit_setup_assistant[0m
[8.674s] [ 14%] Built target moveit_setup_assistant_updater_autogen
[8.696s] [ 14%] Built target moveit_setup_assistant_autogen
[8.706s] [ 28%] [32mBuilding CXX object CMakeFiles/moveit_setup_assistant_updater.dir/moveit_setup_assistant_updater_autogen/mocs_compilation.cpp.o[0m
[8.706s] [ 28%] [32mBuilding CXX object CMakeFiles/moveit_setup_assistant_updater.dir/src/collisions_updater.cpp.o[0m
[8.712s] [ 35%] [34m[1mGenerating include/moveit_setup_assistant/moc_navigation_widget.cpp[0m
[8.712s] [ 42%] [34m[1mGenerating include/moveit_setup_assistant/moc_setup_assistant_widget.cpp[0m
[8.749s] [ 50%] [32mBuilding CXX object CMakeFiles/moveit_setup_assistant.dir/src/setup_assistant_widget.cpp.o[0m
[8.750s] [ 57%] [32mBuilding CXX object CMakeFiles/moveit_setup_assistant.dir/src/navigation_widget.cpp.o[0m
[8.750s] [ 71%] [32mBuilding CXX object CMakeFiles/moveit_setup_assistant.dir/src/main.cpp.o[0m
[8.750s] [ 71%] [32mBuilding CXX object CMakeFiles/moveit_setup_assistant.dir/include/moveit_setup_assistant/moc_setup_assistant_widget.cpp.o[0m
[8.751s] [ 85%] [32mBuilding CXX object CMakeFiles/moveit_setup_assistant.dir/include/moveit_setup_assistant/moc_navigation_widget.cpp.o[0m
[8.752s] [ 85%] [32mBuilding CXX object CMakeFiles/moveit_setup_assistant.dir/moveit_setup_assistant_autogen/mocs_compilation.cpp.o[0m
[23.040s] [ 92%] [32m[1mLinking CXX executable collisions_updater[0m
[23.808s] [ 92%] Built target moveit_setup_assistant_updater
[25.318s] [100%] [32m[1mLinking CXX executable moveit_setup_assistant[0m
[26.448s] [100%] Built target moveit_setup_assistant
[26.481s] Invoked command in '/home/jellyfish/ws_moveit/build/moveit_setup_assistant' returned '0': AMENT_PREFIX_PATH=/home/jellyfish/ws_moveit/install/moveit_setup_srdf_plugins:/home/jellyfish/ws_moveit/install/moveit_setup_core_plugins:/home/jellyfish/ws_moveit/install/moveit_setup_controllers:/home/jellyfish/ws_moveit/install/moveit_setup_app_plugins:/home/jellyfish/ws_moveit/install/moveit_setup_framework:/home/jellyfish/ws_moveit/install/moveit_ros_visualization:/home/jellyfish/ws_moveit/install/moveit_ros_planning_interface:/home/jellyfish/ws_moveit/install/moveit_ros_move_group:/home/jellyfish/ws_moveit/install/moveit_ros_warehouse:/home/jellyfish/ws_moveit/install/moveit_ros_robot_interaction:/home/jellyfish/ws_moveit/install/moveit_planners_ompl:/home/jellyfish/ws_moveit/install/moveit_kinematics:/home/jellyfish/ws_moveit/install/moveit_ros_planning:/home/jellyfish/ws_moveit/install/moveit_simple_controller_manager:/home/jellyfish/ws_moveit/install/moveit_ros_occupancy_map_monitor:/home/jellyfish/ws_moveit/install/moveit_core:/home/jellyfish/ws_moveit/install/moveit_resources_panda_moveit_config:/home/jellyfish/ws_moveit/install/moveit_resources_fanuc_moveit_config:/home/jellyfish/ws_moveit/install/moveit_configs_utils:/home/jellyfish/ws_moveit/install/srdfdom:/home/jellyfish/ws_moveit/install/moveit_resources_pr2_description:/home/jellyfish/ws_moveit/install/moveit_resources_panda_description:/home/jellyfish/ws_moveit/install/moveit_resources_fanuc_description:/home/jellyfish/ws_moveit/install/moveit_common:/home/jellyfish/ws_moveit/install/launch_param_builder:${AMENT_PREFIX_PATH} CMAKE_PREFIX_PATH=/home/jellyfish/ws_moveit/install/moveit_setup_srdf_plugins:/home/jellyfish/ws_moveit/install/moveit_setup_core_plugins:/home/jellyfish/ws_moveit/install/moveit_setup_controllers:/home/jellyfish/ws_moveit/install/moveit_setup_app_plugins:/home/jellyfish/ws_moveit/install/moveit_setup_framework:/home/jellyfish/ws_moveit/install/moveit_ros_visualization:/home/jellyfish/ws_moveit/install/moveit_ros_planning_interface:/home/jellyfish/ws_moveit/install/moveit_ros_move_group:/home/jellyfish/ws_moveit/install/moveit_ros_warehouse:/home/jellyfish/ws_moveit/install/moveit_ros_robot_interaction:/home/jellyfish/ws_moveit/install/moveit_planners_ompl:/home/jellyfish/ws_moveit/install/moveit_kinematics:/home/jellyfish/ws_moveit/install/moveit_ros_planning:/home/jellyfish/ws_moveit/install/moveit_simple_controller_manager:/home/jellyfish/ws_moveit/install/moveit_ros_occupancy_map_monitor:/home/jellyfish/ws_moveit/install/moveit_core:/home/jellyfish/ws_moveit/install/moveit_resources_panda_moveit_config:/home/jellyfish/ws_moveit/install/moveit_resources_fanuc_moveit_config:/home/jellyfish/ws_moveit/install/srdfdom:/home/jellyfish/ws_moveit/install/moveit_resources_pr2_description:/home/jellyfish/ws_moveit/install/moveit_resources_panda_description:/home/jellyfish/ws_moveit/install/moveit_resources_fanuc_description:/home/jellyfish/ws_moveit/install/moveit_common:/opt/ros/humble LD_LIBRARY_PATH=/home/jellyfish/ws_moveit/install/moveit_setup_srdf_plugins/lib:/home/jellyfish/ws_moveit/install/moveit_setup_core_plugins/lib:/home/jellyfish/ws_moveit/install/moveit_setup_controllers/lib:/home/jellyfish/ws_moveit/install/moveit_setup_app_plugins/lib:/home/jellyfish/ws_moveit/install/moveit_setup_framework/lib:/home/jellyfish/ws_moveit/install/moveit_ros_visualization/lib:/home/jellyfish/ws_moveit/install/moveit_ros_planning_interface/lib:/home/jellyfish/ws_moveit/install/moveit_ros_move_group/lib:/home/jellyfish/ws_moveit/install/moveit_ros_warehouse/lib:/home/jellyfish/ws_moveit/install/moveit_ros_robot_interaction/lib:/home/jellyfish/ws_moveit/install/moveit_planners_ompl/lib:/home/jellyfish/ws_moveit/install/moveit_kinematics/lib:/home/jellyfish/ws_moveit/install/moveit_ros_planning/lib:/home/jellyfish/ws_moveit/install/moveit_simple_controller_manager/lib:/home/jellyfish/ws_moveit/install/moveit_ros_occupancy_map_monitor/lib:/home/jellyfish/ws_moveit/install/moveit_core/lib:/home/jellyfish/ws_moveit/install/srdfdom/lib:${LD_LIBRARY_PATH} PATH=/home/jellyfish/ws_moveit/install/moveit_core/bin:${PATH} PYTHONPATH=/home/jellyfish/ws_moveit/install/moveit_configs_utils/lib/python3.10/site-packages:/home/jellyfish/ws_moveit/install/srdfdom/local/lib/python3.10/dist-packages:/home/jellyfish/ws_moveit/install/launch_param_builder/lib/python3.10/site-packages:${PYTHONPATH} /usr/bin/cmake --build /home/jellyfish/ws_moveit/build/moveit_setup_assistant -- -j12 -l12
[26.556s] Invoking command in '/home/jellyfish/ws_moveit/build/moveit_setup_assistant': AMENT_PREFIX_PATH=/home/jellyfish/ws_moveit/install/moveit_setup_srdf_plugins:/home/jellyfish/ws_moveit/install/moveit_setup_core_plugins:/home/jellyfish/ws_moveit/install/moveit_setup_controllers:/home/jellyfish/ws_moveit/install/moveit_setup_app_plugins:/home/jellyfish/ws_moveit/install/moveit_setup_framework:/home/jellyfish/ws_moveit/install/moveit_ros_visualization:/home/jellyfish/ws_moveit/install/moveit_ros_planning_interface:/home/jellyfish/ws_moveit/install/moveit_ros_move_group:/home/jellyfish/ws_moveit/install/moveit_ros_warehouse:/home/jellyfish/ws_moveit/install/moveit_ros_robot_interaction:/home/jellyfish/ws_moveit/install/moveit_planners_ompl:/home/jellyfish/ws_moveit/install/moveit_kinematics:/home/jellyfish/ws_moveit/install/moveit_ros_planning:/home/jellyfish/ws_moveit/install/moveit_simple_controller_manager:/home/jellyfish/ws_moveit/install/moveit_ros_occupancy_map_monitor:/home/jellyfish/ws_moveit/install/moveit_core:/home/jellyfish/ws_moveit/install/moveit_resources_panda_moveit_config:/home/jellyfish/ws_moveit/install/moveit_resources_fanuc_moveit_config:/home/jellyfish/ws_moveit/install/moveit_configs_utils:/home/jellyfish/ws_moveit/install/srdfdom:/home/jellyfish/ws_moveit/install/moveit_resources_pr2_description:/home/jellyfish/ws_moveit/install/moveit_resources_panda_description:/home/jellyfish/ws_moveit/install/moveit_resources_fanuc_description:/home/jellyfish/ws_moveit/install/moveit_common:/home/jellyfish/ws_moveit/install/launch_param_builder:${AMENT_PREFIX_PATH} CMAKE_PREFIX_PATH=/home/jellyfish/ws_moveit/install/moveit_setup_srdf_plugins:/home/jellyfish/ws_moveit/install/moveit_setup_core_plugins:/home/jellyfish/ws_moveit/install/moveit_setup_controllers:/home/jellyfish/ws_moveit/install/moveit_setup_app_plugins:/home/jellyfish/ws_moveit/install/moveit_setup_framework:/home/jellyfish/ws_moveit/install/moveit_ros_visualization:/home/jellyfish/ws_moveit/install/moveit_ros_planning_interface:/home/jellyfish/ws_moveit/install/moveit_ros_move_group:/home/jellyfish/ws_moveit/install/moveit_ros_warehouse:/home/jellyfish/ws_moveit/install/moveit_ros_robot_interaction:/home/jellyfish/ws_moveit/install/moveit_planners_ompl:/home/jellyfish/ws_moveit/install/moveit_kinematics:/home/jellyfish/ws_moveit/install/moveit_ros_planning:/home/jellyfish/ws_moveit/install/moveit_simple_controller_manager:/home/jellyfish/ws_moveit/install/moveit_ros_occupancy_map_monitor:/home/jellyfish/ws_moveit/install/moveit_core:/home/jellyfish/ws_moveit/install/moveit_resources_panda_moveit_config:/home/jellyfish/ws_moveit/install/moveit_resources_fanuc_moveit_config:/home/jellyfish/ws_moveit/install/srdfdom:/home/jellyfish/ws_moveit/install/moveit_resources_pr2_description:/home/jellyfish/ws_moveit/install/moveit_resources_panda_description:/home/jellyfish/ws_moveit/install/moveit_resources_fanuc_description:/home/jellyfish/ws_moveit/install/moveit_common:/opt/ros/humble LD_LIBRARY_PATH=/home/jellyfish/ws_moveit/install/moveit_setup_srdf_plugins/lib:/home/jellyfish/ws_moveit/install/moveit_setup_core_plugins/lib:/home/jellyfish/ws_moveit/install/moveit_setup_controllers/lib:/home/jellyfish/ws_moveit/install/moveit_setup_app_plugins/lib:/home/jellyfish/ws_moveit/install/moveit_setup_framework/lib:/home/jellyfish/ws_moveit/install/moveit_ros_visualization/lib:/home/jellyfish/ws_moveit/install/moveit_ros_planning_interface/lib:/home/jellyfish/ws_moveit/install/moveit_ros_move_group/lib:/home/jellyfish/ws_moveit/install/moveit_ros_warehouse/lib:/home/jellyfish/ws_moveit/install/moveit_ros_robot_interaction/lib:/home/jellyfish/ws_moveit/install/moveit_planners_ompl/lib:/home/jellyfish/ws_moveit/install/moveit_kinematics/lib:/home/jellyfish/ws_moveit/install/moveit_ros_planning/lib:/home/jellyfish/ws_moveit/install/moveit_simple_controller_manager/lib:/home/jellyfish/ws_moveit/install/moveit_ros_occupancy_map_monitor/lib:/home/jellyfish/ws_moveit/install/moveit_core/lib:/home/jellyfish/ws_moveit/install/srdfdom/lib:${LD_LIBRARY_PATH} PATH=/home/jellyfish/ws_moveit/install/moveit_core/bin:${PATH} PYTHONPATH=/home/jellyfish/ws_moveit/install/moveit_configs_utils/lib/python3.10/site-packages:/home/jellyfish/ws_moveit/install/srdfdom/local/lib/python3.10/dist-packages:/home/jellyfish/ws_moveit/install/launch_param_builder/lib/python3.10/site-packages:${PYTHONPATH} /usr/bin/cmake --install /home/jellyfish/ws_moveit/build/moveit_setup_assistant
[26.567s] -- Install configuration: "Release"
[26.567s] -- Installing: /home/jellyfish/ws_moveit/install/moveit_setup_assistant/lib/moveit_setup_assistant/moveit_setup_assistant
[26.569s] -- Set runtime path of "/home/jellyfish/ws_moveit/install/moveit_setup_assistant/lib/moveit_setup_assistant/moveit_setup_assistant" to ""
[26.569s] -- Installing: /home/jellyfish/ws_moveit/install/moveit_setup_assistant/lib/moveit_setup_assistant/collisions_updater
[26.570s] -- Set runtime path of "/home/jellyfish/ws_moveit/install/moveit_setup_assistant/lib/moveit_setup_assistant/collisions_updater" to ""
[26.570s] -- Installing: /home/jellyfish/ws_moveit/install/moveit_setup_assistant/include
[26.570s] -- Installing: /home/jellyfish/ws_moveit/install/moveit_setup_assistant/include/moveit_setup_assistant
[26.570s] -- Installing: /home/jellyfish/ws_moveit/install/moveit_setup_assistant/include/moveit_setup_assistant/navigation_widget.hpp
[26.570s] -- Installing: /home/jellyfish/ws_moveit/install/moveit_setup_assistant/include/moveit_setup_assistant/setup_assistant_widget.hpp
[26.570s] -- Installing: /home/jellyfish/ws_moveit/install/moveit_setup_assistant/share/moveit_setup_assistant/launch
[26.570s] -- Installing: /home/jellyfish/ws_moveit/install/moveit_setup_assistant/share/moveit_setup_assistant/launch/setup_assistant.launch.py
[26.572s] -- Installing: /home/jellyfish/ws_moveit/install/moveit_setup_assistant/share/moveit_setup_assistant/resources
[26.572s] -- Installing: /home/jellyfish/ws_moveit/install/moveit_setup_assistant/share/moveit_setup_assistant/resources/MoveIt_Setup_Assistant2.png
[26.573s] -- Installing: /home/jellyfish/ws_moveit/install/moveit_setup_assistant/share/moveit_setup_assistant/environment/library_path.sh
[26.573s] -- Installing: /home/jellyfish/ws_moveit/install/moveit_setup_assistant/share/moveit_setup_assistant/environment/library_path.dsv
[26.573s] -- Installing: /home/jellyfish/ws_moveit/install/moveit_setup_assistant/share/ament_index/resource_index/package_run_dependencies/moveit_setup_assistant
[26.573s] -- Installing: /home/jellyfish/ws_moveit/install/moveit_setup_assistant/share/ament_index/resource_index/parent_prefix_path/moveit_setup_assistant
[26.574s] -- Installing: /home/jellyfish/ws_moveit/install/moveit_setup_assistant/share/moveit_setup_assistant/environment/ament_prefix_path.sh
[26.574s] -- Installing: /home/jellyfish/ws_moveit/install/moveit_setup_assistant/share/moveit_setup_assistant/environment/ament_prefix_path.dsv
[26.574s] -- Installing: /home/jellyfish/ws_moveit/install/moveit_setup_assistant/share/moveit_setup_assistant/environment/path.sh
[26.574s] -- Installing: /home/jellyfish/ws_moveit/install/moveit_setup_assistant/share/moveit_setup_assistant/environment/path.dsv
[26.574s] -- Installing: /home/jellyfish/ws_moveit/install/moveit_setup_assistant/share/moveit_setup_assistant/local_setup.bash
[26.574s] -- Installing: /home/jellyfish/ws_moveit/install/moveit_setup_assistant/share/moveit_setup_assistant/local_setup.sh
[26.575s] -- Installing: /home/jellyfish/ws_moveit/install/moveit_setup_assistant/share/moveit_setup_assistant/local_setup.zsh
[26.575s] -- Installing: /home/jellyfish/ws_moveit/install/moveit_setup_assistant/share/moveit_setup_assistant/local_setup.dsv
[26.575s] -- Installing: /home/jellyfish/ws_moveit/install/moveit_setup_assistant/share/moveit_setup_assistant/package.dsv
[26.575s] -- Installing: /home/jellyfish/ws_moveit/install/moveit_setup_assistant/share/ament_index/resource_index/packages/moveit_setup_assistant
[26.575s] -- Installing: /home/jellyfish/ws_moveit/install/moveit_setup_assistant/share/moveit_setup_assistant/cmake/moveit_setup_assistantTargetsExport.cmake
[26.576s] -- Installing: /home/jellyfish/ws_moveit/install/moveit_setup_assistant/share/moveit_setup_assistant/cmake/moveit_setup_assistantTargetsExport-release.cmake
[26.576s] -- Installing: /home/jellyfish/ws_moveit/install/moveit_setup_assistant/share/moveit_setup_assistant/cmake/ament_cmake_export_include_directories-extras.cmake
[26.576s] -- Installing: /home/jellyfish/ws_moveit/install/moveit_setup_assistant/share/moveit_setup_assistant/cmake/ament_cmake_export_targets-extras.cmake
[26.577s] -- Installing: /home/jellyfish/ws_moveit/install/moveit_setup_assistant/share/moveit_setup_assistant/cmake/ament_cmake_export_dependencies-extras.cmake
[26.577s] -- Installing: /home/jellyfish/ws_moveit/install/moveit_setup_assistant/share/moveit_setup_assistant/cmake/moveit_setup_assistantConfig.cmake
[26.577s] -- Installing: /home/jellyfish/ws_moveit/install/moveit_setup_assistant/share/moveit_setup_assistant/cmake/moveit_setup_assistantConfig-version.cmake
[26.577s] -- Installing: /home/jellyfish/ws_moveit/install/moveit_setup_assistant/share/moveit_setup_assistant/package.xml
[26.581s] Invoked command in '/home/jellyfish/ws_moveit/build/moveit_setup_assistant' returned '0': AMENT_PREFIX_PATH=/home/jellyfish/ws_moveit/install/moveit_setup_srdf_plugins:/home/jellyfish/ws_moveit/install/moveit_setup_core_plugins:/home/jellyfish/ws_moveit/install/moveit_setup_controllers:/home/jellyfish/ws_moveit/install/moveit_setup_app_plugins:/home/jellyfish/ws_moveit/install/moveit_setup_framework:/home/jellyfish/ws_moveit/install/moveit_ros_visualization:/home/jellyfish/ws_moveit/install/moveit_ros_planning_interface:/home/jellyfish/ws_moveit/install/moveit_ros_move_group:/home/jellyfish/ws_moveit/install/moveit_ros_warehouse:/home/jellyfish/ws_moveit/install/moveit_ros_robot_interaction:/home/jellyfish/ws_moveit/install/moveit_planners_ompl:/home/jellyfish/ws_moveit/install/moveit_kinematics:/home/jellyfish/ws_moveit/install/moveit_ros_planning:/home/jellyfish/ws_moveit/install/moveit_simple_controller_manager:/home/jellyfish/ws_moveit/install/moveit_ros_occupancy_map_monitor:/home/jellyfish/ws_moveit/install/moveit_core:/home/jellyfish/ws_moveit/install/moveit_resources_panda_moveit_config:/home/jellyfish/ws_moveit/install/moveit_resources_fanuc_moveit_config:/home/jellyfish/ws_moveit/install/moveit_configs_utils:/home/jellyfish/ws_moveit/install/srdfdom:/home/jellyfish/ws_moveit/install/moveit_resources_pr2_description:/home/jellyfish/ws_moveit/install/moveit_resources_panda_description:/home/jellyfish/ws_moveit/install/moveit_resources_fanuc_description:/home/jellyfish/ws_moveit/install/moveit_common:/home/jellyfish/ws_moveit/install/launch_param_builder:${AMENT_PREFIX_PATH} CMAKE_PREFIX_PATH=/home/jellyfish/ws_moveit/install/moveit_setup_srdf_plugins:/home/jellyfish/ws_moveit/install/moveit_setup_core_plugins:/home/jellyfish/ws_moveit/install/moveit_setup_controllers:/home/jellyfish/ws_moveit/install/moveit_setup_app_plugins:/home/jellyfish/ws_moveit/install/moveit_setup_framework:/home/jellyfish/ws_moveit/install/moveit_ros_visualization:/home/jellyfish/ws_moveit/install/moveit_ros_planning_interface:/home/jellyfish/ws_moveit/install/moveit_ros_move_group:/home/jellyfish/ws_moveit/install/moveit_ros_warehouse:/home/jellyfish/ws_moveit/install/moveit_ros_robot_interaction:/home/jellyfish/ws_moveit/install/moveit_planners_ompl:/home/jellyfish/ws_moveit/install/moveit_kinematics:/home/jellyfish/ws_moveit/install/moveit_ros_planning:/home/jellyfish/ws_moveit/install/moveit_simple_controller_manager:/home/jellyfish/ws_moveit/install/moveit_ros_occupancy_map_monitor:/home/jellyfish/ws_moveit/install/moveit_core:/home/jellyfish/ws_moveit/install/moveit_resources_panda_moveit_config:/home/jellyfish/ws_moveit/install/moveit_resources_fanuc_moveit_config:/home/jellyfish/ws_moveit/install/srdfdom:/home/jellyfish/ws_moveit/install/moveit_resources_pr2_description:/home/jellyfish/ws_moveit/install/moveit_resources_panda_description:/home/jellyfish/ws_moveit/install/moveit_resources_fanuc_description:/home/jellyfish/ws_moveit/install/moveit_common:/opt/ros/humble LD_LIBRARY_PATH=/home/jellyfish/ws_moveit/install/moveit_setup_srdf_plugins/lib:/home/jellyfish/ws_moveit/install/moveit_setup_core_plugins/lib:/home/jellyfish/ws_moveit/install/moveit_setup_controllers/lib:/home/jellyfish/ws_moveit/install/moveit_setup_app_plugins/lib:/home/jellyfish/ws_moveit/install/moveit_setup_framework/lib:/home/jellyfish/ws_moveit/install/moveit_ros_visualization/lib:/home/jellyfish/ws_moveit/install/moveit_ros_planning_interface/lib:/home/jellyfish/ws_moveit/install/moveit_ros_move_group/lib:/home/jellyfish/ws_moveit/install/moveit_ros_warehouse/lib:/home/jellyfish/ws_moveit/install/moveit_ros_robot_interaction/lib:/home/jellyfish/ws_moveit/install/moveit_planners_ompl/lib:/home/jellyfish/ws_moveit/install/moveit_kinematics/lib:/home/jellyfish/ws_moveit/install/moveit_ros_planning/lib:/home/jellyfish/ws_moveit/install/moveit_simple_controller_manager/lib:/home/jellyfish/ws_moveit/install/moveit_ros_occupancy_map_monitor/lib:/home/jellyfish/ws_moveit/install/moveit_core/lib:/home/jellyfish/ws_moveit/install/srdfdom/lib:${LD_LIBRARY_PATH} PATH=/home/jellyfish/ws_moveit/install/moveit_core/bin:${PATH} PYTHONPATH=/home/jellyfish/ws_moveit/install/moveit_configs_utils/lib/python3.10/site-packages:/home/jellyfish/ws_moveit/install/srdfdom/local/lib/python3.10/dist-packages:/home/jellyfish/ws_moveit/install/launch_param_builder/lib/python3.10/site-packages:${PYTHONPATH} /usr/bin/cmake --install /home/jellyfish/ws_moveit/build/moveit_setup_assistant
