[0.670s] Invoking command in '/home/jellyfish/ws_moveit/src/launch_param_builder': PYTHONPATH=/home/jellyfish/ws_moveit/build/launch_param_builder/prefix_override:/usr/lib/python3/dist-packages/colcon_core/task/python/colcon_distutils_commands:/home/jellyfish/ws_moveit/install/launch_param_builder/lib/python3.10/site-packages:${PYTHONPATH} /usr/bin/python3 -W ignore:setup.py install is deprecated setup.py egg_info --egg-base ../../build/launch_param_builder build --build-base /home/jellyfish/ws_moveit/build/launch_param_builder/build install --record /home/jellyfish/ws_moveit/build/launch_param_builder/install.log --single-version-externally-managed install_data
[0.883s] running egg_info
[0.883s] writing ../../build/launch_param_builder/launch_param_builder.egg-info/PKG-INFO
[0.885s] writing dependency_links to ../../build/launch_param_builder/launch_param_builder.egg-info/dependency_links.txt
[0.885s] writing entry points to ../../build/launch_param_builder/launch_param_builder.egg-info/entry_points.txt
[0.885s] writing requirements to ../../build/launch_param_builder/launch_param_builder.egg-info/requires.txt
[0.885s] writing top-level names to ../../build/launch_param_builder/launch_param_builder.egg-info/top_level.txt
[0.888s] reading manifest file '../../build/launch_param_builder/launch_param_builder.egg-info/SOURCES.txt'
[0.889s] adding license file 'LICENSE'
[0.889s] writing manifest file '../../build/launch_param_builder/launch_param_builder.egg-info/SOURCES.txt'
[0.889s] running build
[0.890s] running build_py
[0.890s] running install
[0.891s] running install_lib
[0.892s] running install_data
[0.893s] running install_egg_info
[0.895s] removing '/home/jellyfish/ws_moveit/install/launch_param_builder/lib/python3.10/site-packages/launch_param_builder-0.1.1-py3.10.egg-info' (and everything under it)
[0.895s] Copying ../../build/launch_param_builder/launch_param_builder.egg-info to /home/jellyfish/ws_moveit/install/launch_param_builder/lib/python3.10/site-packages/launch_param_builder-0.1.1-py3.10.egg-info
[0.896s] running install_scripts
[0.913s] writing list of installed files to '/home/jellyfish/ws_moveit/build/launch_param_builder/install.log'
[0.939s] Invoked command in '/home/jellyfish/ws_moveit/src/launch_param_builder' returned '0': PYTHONPATH=/home/jellyfish/ws_moveit/build/launch_param_builder/prefix_override:/usr/lib/python3/dist-packages/colcon_core/task/python/colcon_distutils_commands:/home/jellyfish/ws_moveit/install/launch_param_builder/lib/python3.10/site-packages:${PYTHONPATH} /usr/bin/python3 -W ignore:setup.py install is deprecated setup.py egg_info --egg-base ../../build/launch_param_builder build --build-base /home/jellyfish/ws_moveit/build/launch_param_builder/build install --record /home/jellyfish/ws_moveit/build/launch_param_builder/install.log --single-version-externally-managed install_data
