[0.028s] Invoking command in '/home/jellyfish/ws_moveit/build/moveit_kinematics': AMENT_PREFIX_PATH=/home/jellyfish/ws_moveit/install/moveit_ros_planning:/home/jellyfish/ws_moveit/install/moveit_ros_occupancy_map_monitor:/home/jellyfish/ws_moveit/install/moveit_core:/home/jellyfish/ws_moveit/install/moveit_resources_panda_moveit_config:/home/jellyfish/ws_moveit/install/moveit_resources_fanuc_moveit_config:/home/jellyfish/ws_moveit/install/moveit_configs_utils:/home/jellyfish/ws_moveit/install/srdfdom:/home/jellyfish/ws_moveit/install/moveit_resources_pr2_description:/home/jellyfish/ws_moveit/install/moveit_resources_panda_description:/home/jellyfish/ws_moveit/install/moveit_resources_fanuc_description:/home/jellyfish/ws_moveit/install/moveit_common:/home/jellyfish/ws_moveit/install/launch_param_builder:${AMENT_PREFIX_PATH} CMAKE_PREFIX_PATH=/home/jellyfish/ws_moveit/install/moveit_ros_planning:/home/jellyfish/ws_moveit/install/moveit_ros_occupancy_map_monitor:/home/jellyfish/ws_moveit/install/moveit_core:/home/jellyfish/ws_moveit/install/moveit_resources_panda_moveit_config:/home/jellyfish/ws_moveit/install/moveit_resources_fanuc_moveit_config:/home/jellyfish/ws_moveit/install/srdfdom:/home/jellyfish/ws_moveit/install/moveit_resources_pr2_description:/home/jellyfish/ws_moveit/install/moveit_resources_panda_description:/home/jellyfish/ws_moveit/install/moveit_resources_fanuc_description:/home/jellyfish/ws_moveit/install/moveit_common:/opt/ros/humble LD_LIBRARY_PATH=/home/jellyfish/ws_moveit/install/moveit_ros_planning/lib:/home/jellyfish/ws_moveit/install/moveit_ros_occupancy_map_monitor/lib:/home/jellyfish/ws_moveit/install/moveit_core/lib:/home/jellyfish/ws_moveit/install/srdfdom/lib:${LD_LIBRARY_PATH} PATH=/home/jellyfish/ws_moveit/install/moveit_core/bin:${PATH} PYTHONPATH=/home/jellyfish/ws_moveit/install/moveit_configs_utils/lib/python3.10/site-packages:/home/jellyfish/ws_moveit/install/srdfdom/local/lib/python3.10/dist-packages:/home/jellyfish/ws_moveit/install/launch_param_builder/lib/python3.10/site-packages:${PYTHONPATH} /usr/bin/cmake --build /home/jellyfish/ws_moveit/build/moveit_kinematics -- -j12 -l12
[0.083s] [35m[1mConsolidate compiler generated dependencies of target gtest[0m
[0.084s] [35m[1mConsolidate compiler generated dependencies of target moveit_srv_kinematics_plugin[0m
[0.084s] [35m[1mConsolidate compiler generated dependencies of target moveit_cached_ik_kinematics_base[0m
[0.085s] [35m[1mConsolidate compiler generated dependencies of target benchmark_ik[0m
[0.085s] [35m[1mConsolidate compiler generated dependencies of target moveit_lma_kinematics_plugin[0m
[0.085s] [35m[1mConsolidate compiler generated dependencies of target gtest_main[0m
[0.088s] [35m[1mConsolidate compiler generated dependencies of target moveit_kdl_kinematics_plugin[0m
[0.100s] [ 10%] Built target gtest
[0.106s] [ 21%] Built target gtest_main
[0.113s] [ 31%] Built target moveit_cached_ik_kinematics_base
[0.114s] [ 42%] Built target moveit_srv_kinematics_plugin
[0.119s] [ 52%] Built target moveit_lma_kinematics_plugin
[0.120s] [ 63%] Built target benchmark_ik
[0.121s] [ 78%] Built target moveit_kdl_kinematics_plugin
[0.135s] [35m[1mConsolidate compiler generated dependencies of target test_kinematics_plugin[0m
[0.136s] [35m[1mConsolidate compiler generated dependencies of target moveit_cached_ik_kinematics_plugin[0m
[0.166s] [100%] Built target test_kinematics_plugin
[0.166s] [100%] Built target moveit_cached_ik_kinematics_plugin
[0.180s] Invoked command in '/home/jellyfish/ws_moveit/build/moveit_kinematics' returned '0': AMENT_PREFIX_PATH=/home/jellyfish/ws_moveit/install/moveit_ros_planning:/home/jellyfish/ws_moveit/install/moveit_ros_occupancy_map_monitor:/home/jellyfish/ws_moveit/install/moveit_core:/home/jellyfish/ws_moveit/install/moveit_resources_panda_moveit_config:/home/jellyfish/ws_moveit/install/moveit_resources_fanuc_moveit_config:/home/jellyfish/ws_moveit/install/moveit_configs_utils:/home/jellyfish/ws_moveit/install/srdfdom:/home/jellyfish/ws_moveit/install/moveit_resources_pr2_description:/home/jellyfish/ws_moveit/install/moveit_resources_panda_description:/home/jellyfish/ws_moveit/install/moveit_resources_fanuc_description:/home/jellyfish/ws_moveit/install/moveit_common:/home/jellyfish/ws_moveit/install/launch_param_builder:${AMENT_PREFIX_PATH} CMAKE_PREFIX_PATH=/home/jellyfish/ws_moveit/install/moveit_ros_planning:/home/jellyfish/ws_moveit/install/moveit_ros_occupancy_map_monitor:/home/jellyfish/ws_moveit/install/moveit_core:/home/jellyfish/ws_moveit/install/moveit_resources_panda_moveit_config:/home/jellyfish/ws_moveit/install/moveit_resources_fanuc_moveit_config:/home/jellyfish/ws_moveit/install/srdfdom:/home/jellyfish/ws_moveit/install/moveit_resources_pr2_description:/home/jellyfish/ws_moveit/install/moveit_resources_panda_description:/home/jellyfish/ws_moveit/install/moveit_resources_fanuc_description:/home/jellyfish/ws_moveit/install/moveit_common:/opt/ros/humble LD_LIBRARY_PATH=/home/jellyfish/ws_moveit/install/moveit_ros_planning/lib:/home/jellyfish/ws_moveit/install/moveit_ros_occupancy_map_monitor/lib:/home/jellyfish/ws_moveit/install/moveit_core/lib:/home/jellyfish/ws_moveit/install/srdfdom/lib:${LD_LIBRARY_PATH} PATH=/home/jellyfish/ws_moveit/install/moveit_core/bin:${PATH} PYTHONPATH=/home/jellyfish/ws_moveit/install/moveit_configs_utils/lib/python3.10/site-packages:/home/jellyfish/ws_moveit/install/srdfdom/local/lib/python3.10/dist-packages:/home/jellyfish/ws_moveit/install/launch_param_builder/lib/python3.10/site-packages:${PYTHONPATH} /usr/bin/cmake --build /home/jellyfish/ws_moveit/build/moveit_kinematics -- -j12 -l12
[0.215s] Invoking command in '/home/jellyfish/ws_moveit/build/moveit_kinematics': AMENT_PREFIX_PATH=/home/jellyfish/ws_moveit/install/moveit_ros_planning:/home/jellyfish/ws_moveit/install/moveit_ros_occupancy_map_monitor:/home/jellyfish/ws_moveit/install/moveit_core:/home/jellyfish/ws_moveit/install/moveit_resources_panda_moveit_config:/home/jellyfish/ws_moveit/install/moveit_resources_fanuc_moveit_config:/home/jellyfish/ws_moveit/install/moveit_configs_utils:/home/jellyfish/ws_moveit/install/srdfdom:/home/jellyfish/ws_moveit/install/moveit_resources_pr2_description:/home/jellyfish/ws_moveit/install/moveit_resources_panda_description:/home/jellyfish/ws_moveit/install/moveit_resources_fanuc_description:/home/jellyfish/ws_moveit/install/moveit_common:/home/jellyfish/ws_moveit/install/launch_param_builder:${AMENT_PREFIX_PATH} CMAKE_PREFIX_PATH=/home/jellyfish/ws_moveit/install/moveit_ros_planning:/home/jellyfish/ws_moveit/install/moveit_ros_occupancy_map_monitor:/home/jellyfish/ws_moveit/install/moveit_core:/home/jellyfish/ws_moveit/install/moveit_resources_panda_moveit_config:/home/jellyfish/ws_moveit/install/moveit_resources_fanuc_moveit_config:/home/jellyfish/ws_moveit/install/srdfdom:/home/jellyfish/ws_moveit/install/moveit_resources_pr2_description:/home/jellyfish/ws_moveit/install/moveit_resources_panda_description:/home/jellyfish/ws_moveit/install/moveit_resources_fanuc_description:/home/jellyfish/ws_moveit/install/moveit_common:/opt/ros/humble LD_LIBRARY_PATH=/home/jellyfish/ws_moveit/install/moveit_ros_planning/lib:/home/jellyfish/ws_moveit/install/moveit_ros_occupancy_map_monitor/lib:/home/jellyfish/ws_moveit/install/moveit_core/lib:/home/jellyfish/ws_moveit/install/srdfdom/lib:${LD_LIBRARY_PATH} PATH=/home/jellyfish/ws_moveit/install/moveit_core/bin:${PATH} PYTHONPATH=/home/jellyfish/ws_moveit/install/moveit_configs_utils/lib/python3.10/site-packages:/home/jellyfish/ws_moveit/install/srdfdom/local/lib/python3.10/dist-packages:/home/jellyfish/ws_moveit/install/launch_param_builder/lib/python3.10/site-packages:${PYTHONPATH} /usr/bin/cmake --install /home/jellyfish/ws_moveit/build/moveit_kinematics
[0.223s] -- Install configuration: "Release"
[0.223s] -- Up-to-date: /home/jellyfish/ws_moveit/install/moveit_kinematics/share/moveit_kinematics/kdl_kinematics_plugin_description.xml
[0.223s] -- Up-to-date: /home/jellyfish/ws_moveit/install/moveit_kinematics/share/moveit_kinematics/lma_kinematics_plugin_description.xml
[0.223s] -- Up-to-date: /home/jellyfish/ws_moveit/install/moveit_kinematics/share/moveit_kinematics/srv_kinematics_plugin_description.xml
[0.223s] -- Up-to-date: /home/jellyfish/ws_moveit/install/moveit_kinematics/share/moveit_kinematics/cached_ik_kinematics_plugin_description.xml
[0.224s] -- Up-to-date: /home/jellyfish/ws_moveit/install/moveit_kinematics/include
[0.224s] -- Up-to-date: /home/jellyfish/ws_moveit/install/moveit_kinematics/include/moveit
[0.224s] -- Up-to-date: /home/jellyfish/ws_moveit/install/moveit_kinematics/include/moveit/cached_ik_kinematics_plugin
[0.224s] -- Up-to-date: /home/jellyfish/ws_moveit/install/moveit_kinematics/include/moveit/cached_ik_kinematics_plugin/cached_ik_kinematics_plugin-inl.h
[0.224s] -- Up-to-date: /home/jellyfish/ws_moveit/install/moveit_kinematics/include/moveit/cached_ik_kinematics_plugin/detail
[0.224s] -- Up-to-date: /home/jellyfish/ws_moveit/install/moveit_kinematics/include/moveit/cached_ik_kinematics_plugin/detail/NearestNeighborsGNAT.h
[0.224s] -- Up-to-date: /home/jellyfish/ws_moveit/install/moveit_kinematics/include/moveit/cached_ik_kinematics_plugin/detail/NearestNeighbors.h
[0.224s] -- Up-to-date: /home/jellyfish/ws_moveit/install/moveit_kinematics/include/moveit/cached_ik_kinematics_plugin/detail/GreedyKCenters.h
[0.224s] -- Up-to-date: /home/jellyfish/ws_moveit/install/moveit_kinematics/include/moveit/cached_ik_kinematics_plugin/cached_ik_kinematics_plugin.h
[0.224s] -- Up-to-date: /home/jellyfish/ws_moveit/install/moveit_kinematics/share/moveit_kinematics/launch
[0.225s] -- Up-to-date: /home/jellyfish/ws_moveit/install/moveit_kinematics/share/moveit_kinematics/launch/measure_ik_call_cost.launch
[0.225s] -- Up-to-date: /home/jellyfish/ws_moveit/install/moveit_kinematics/lib/moveit_kinematics/auto_create_ikfast_moveit_plugin.sh
[0.225s] -- Up-to-date: /home/jellyfish/ws_moveit/install/moveit_kinematics/lib/moveit_kinematics/create_ikfast_moveit_plugin.py
[0.225s] -- Up-to-date: /home/jellyfish/ws_moveit/install/moveit_kinematics/lib/moveit_kinematics/round_collada_numbers.py
[0.225s] -- Up-to-date: /home/jellyfish/ws_moveit/install/moveit_kinematics/share/moveit_kinematics/ikfast_kinematics_plugin/templates
[0.225s] -- Up-to-date: /home/jellyfish/ws_moveit/install/moveit_kinematics/share/moveit_kinematics/ikfast_kinematics_plugin/templates/ikfast.h
[0.225s] -- Up-to-date: /home/jellyfish/ws_moveit/install/moveit_kinematics/share/moveit_kinematics/ikfast_kinematics_plugin/templates/CMakeLists.txt
[0.225s] -- Up-to-date: /home/jellyfish/ws_moveit/install/moveit_kinematics/share/moveit_kinematics/ikfast_kinematics_plugin/templates/ikfast61_moveit_plugin_template.cpp
[0.225s] -- Up-to-date: /home/jellyfish/ws_moveit/install/moveit_kinematics/include
[0.225s] -- Up-to-date: /home/jellyfish/ws_moveit/install/moveit_kinematics/include/moveit
[0.225s] -- Up-to-date: /home/jellyfish/ws_moveit/install/moveit_kinematics/include/moveit/kdl_kinematics_plugin
[0.226s] -- Up-to-date: /home/jellyfish/ws_moveit/install/moveit_kinematics/include/moveit/kdl_kinematics_plugin/joint_mimic.hpp
[0.226s] -- Up-to-date: /home/jellyfish/ws_moveit/install/moveit_kinematics/include/moveit/kdl_kinematics_plugin/kdl_kinematics_plugin.h
[0.226s] -- Up-to-date: /home/jellyfish/ws_moveit/install/moveit_kinematics/include/moveit/kdl_kinematics_plugin/chainiksolver_vel_mimic_svd.hpp
[0.226s] -- Up-to-date: /home/jellyfish/ws_moveit/install/moveit_kinematics/include
[0.226s] -- Up-to-date: /home/jellyfish/ws_moveit/install/moveit_kinematics/include/moveit
[0.226s] -- Up-to-date: /home/jellyfish/ws_moveit/install/moveit_kinematics/include/moveit/lma_kinematics_plugin
[0.226s] -- Up-to-date: /home/jellyfish/ws_moveit/install/moveit_kinematics/include/moveit/lma_kinematics_plugin/lma_kinematics_plugin.h
[0.226s] -- Up-to-date: /home/jellyfish/ws_moveit/install/moveit_kinematics/include
[0.226s] -- Up-to-date: /home/jellyfish/ws_moveit/install/moveit_kinematics/include/moveit
[0.226s] -- Up-to-date: /home/jellyfish/ws_moveit/install/moveit_kinematics/include/moveit/srv_kinematics_plugin
[0.226s] -- Up-to-date: /home/jellyfish/ws_moveit/install/moveit_kinematics/include/moveit/srv_kinematics_plugin/srv_kinematics_plugin.h
[0.227s] -- Up-to-date: /home/jellyfish/ws_moveit/install/moveit_kinematics/share/moveit_kinematics/config
[0.227s] -- Up-to-date: /home/jellyfish/ws_moveit/install/moveit_kinematics/share/moveit_kinematics/config/panda-kdl-singular-test.yaml
[0.227s] -- Up-to-date: /home/jellyfish/ws_moveit/install/moveit_kinematics/share/moveit_kinematics/config/fanuc-lma-singular-test.yaml
[0.227s] -- Up-to-date: /home/jellyfish/ws_moveit/install/moveit_kinematics/share/moveit_kinematics/config/fanuc-lma-test.yaml
[0.227s] -- Up-to-date: /home/jellyfish/ws_moveit/install/moveit_kinematics/share/moveit_kinematics/config/panda-lma-test.yaml
[0.227s] -- Up-to-date: /home/jellyfish/ws_moveit/install/moveit_kinematics/share/moveit_kinematics/config/fanuc-kdl-test.yaml
[0.227s] -- Up-to-date: /home/jellyfish/ws_moveit/install/moveit_kinematics/share/moveit_kinematics/config/fanuc-kdl-singular-test.yaml
[0.227s] -- Up-to-date: /home/jellyfish/ws_moveit/install/moveit_kinematics/share/moveit_kinematics/config/panda-kdl-test.yaml
[0.227s] -- Up-to-date: /home/jellyfish/ws_moveit/install/moveit_kinematics/share/moveit_kinematics/config/panda-lma-singular-test.yaml
[0.227s] -- Up-to-date: /home/jellyfish/ws_moveit/install/moveit_kinematics/share/moveit_kinematics/launch
[0.228s] -- Up-to-date: /home/jellyfish/ws_moveit/install/moveit_kinematics/share/moveit_kinematics/launch/fanuc-kdl-singular.test.py
[0.228s] -- Up-to-date: /home/jellyfish/ws_moveit/install/moveit_kinematics/share/moveit_kinematics/launch/panda-lma-singular.test.py
[0.228s] -- Up-to-date: /home/jellyfish/ws_moveit/install/moveit_kinematics/share/moveit_kinematics/launch/fanuc-lma-singular.test.py
[0.228s] -- Up-to-date: /home/jellyfish/ws_moveit/install/moveit_kinematics/share/moveit_kinematics/launch/panda-kdl-singular.test.py
[0.228s] -- Up-to-date: /home/jellyfish/ws_moveit/install/moveit_kinematics/share/moveit_kinematics/launch/fanuc-kdl.test.py
[0.228s] -- Up-to-date: /home/jellyfish/ws_moveit/install/moveit_kinematics/share/moveit_kinematics/launch/fanuc-lma.test.py
[0.228s] -- Up-to-date: /home/jellyfish/ws_moveit/install/moveit_kinematics/share/moveit_kinematics/launch/panda-lma.test.py
[0.228s] -- Up-to-date: /home/jellyfish/ws_moveit/install/moveit_kinematics/share/moveit_kinematics/launch/panda-kdl.test.py
[0.228s] -- Up-to-date: /home/jellyfish/ws_moveit/install/moveit_kinematics/lib/moveit_kinematics/benchmark_ik
[0.228s] -- Up-to-date: /home/jellyfish/ws_moveit/install/moveit_kinematics/lib/moveit_kinematics/test_kinematics_plugin
[0.229s] -- Up-to-date: /home/jellyfish/ws_moveit/install/moveit_kinematics/lib/libmoveit_cached_ik_kinematics_base.so.2.5.5
[0.229s] -- Up-to-date: /home/jellyfish/ws_moveit/install/moveit_kinematics/lib/libmoveit_cached_ik_kinematics_base.so
[0.230s] -- Up-to-date: /home/jellyfish/ws_moveit/install/moveit_kinematics/lib/libmoveit_cached_ik_kinematics_plugin.so.2.5.5
[0.230s] -- Up-to-date: /home/jellyfish/ws_moveit/install/moveit_kinematics/lib/libmoveit_cached_ik_kinematics_plugin.so
[0.230s] -- Up-to-date: /home/jellyfish/ws_moveit/install/moveit_kinematics/lib/libmoveit_kdl_kinematics_plugin.so
[0.231s] -- Up-to-date: /home/jellyfish/ws_moveit/install/moveit_kinematics/lib/libmoveit_lma_kinematics_plugin.so.2.5.5
[0.231s] -- Up-to-date: /home/jellyfish/ws_moveit/install/moveit_kinematics/lib/libmoveit_lma_kinematics_plugin.so
[0.231s] -- Up-to-date: /home/jellyfish/ws_moveit/install/moveit_kinematics/lib/libmoveit_srv_kinematics_plugin.so.2.5.5
[0.231s] -- Up-to-date: /home/jellyfish/ws_moveit/install/moveit_kinematics/lib/libmoveit_srv_kinematics_plugin.so
[0.232s] -- Up-to-date: /home/jellyfish/ws_moveit/install/moveit_kinematics/share/moveit_kinematics/environment/library_path.sh
[0.232s] -- Up-to-date: /home/jellyfish/ws_moveit/install/moveit_kinematics/share/moveit_kinematics/environment/library_path.dsv
[0.232s] -- Up-to-date: /home/jellyfish/ws_moveit/install/moveit_kinematics/share/ament_index/resource_index/package_run_dependencies/moveit_kinematics
[0.232s] -- Up-to-date: /home/jellyfish/ws_moveit/install/moveit_kinematics/share/ament_index/resource_index/parent_prefix_path/moveit_kinematics
[0.232s] -- Up-to-date: /home/jellyfish/ws_moveit/install/moveit_kinematics/share/moveit_kinematics/environment/ament_prefix_path.sh
[0.232s] -- Up-to-date: /home/jellyfish/ws_moveit/install/moveit_kinematics/share/moveit_kinematics/environment/ament_prefix_path.dsv
[0.232s] -- Up-to-date: /home/jellyfish/ws_moveit/install/moveit_kinematics/share/moveit_kinematics/environment/path.sh
[0.232s] -- Up-to-date: /home/jellyfish/ws_moveit/install/moveit_kinematics/share/moveit_kinematics/environment/path.dsv
[0.232s] -- Up-to-date: /home/jellyfish/ws_moveit/install/moveit_kinematics/share/moveit_kinematics/local_setup.bash
[0.232s] -- Up-to-date: /home/jellyfish/ws_moveit/install/moveit_kinematics/share/moveit_kinematics/local_setup.sh
[0.233s] -- Up-to-date: /home/jellyfish/ws_moveit/install/moveit_kinematics/share/moveit_kinematics/local_setup.zsh
[0.233s] -- Up-to-date: /home/jellyfish/ws_moveit/install/moveit_kinematics/share/moveit_kinematics/local_setup.dsv
[0.233s] -- Installing: /home/jellyfish/ws_moveit/install/moveit_kinematics/share/moveit_kinematics/package.dsv
[0.233s] -- Up-to-date: /home/jellyfish/ws_moveit/install/moveit_kinematics/share/ament_index/resource_index/packages/moveit_kinematics
[0.233s] -- Up-to-date: /home/jellyfish/ws_moveit/install/moveit_kinematics/share/ament_index/resource_index/moveit_core__pluginlib__plugin/moveit_kinematics
[0.233s] -- Up-to-date: /home/jellyfish/ws_moveit/install/moveit_kinematics/share/moveit_kinematics/cmake/export_moveit_kinematicsExport.cmake
[0.233s] -- Up-to-date: /home/jellyfish/ws_moveit/install/moveit_kinematics/share/moveit_kinematics/cmake/export_moveit_kinematicsExport-release.cmake
[0.234s] -- Up-to-date: /home/jellyfish/ws_moveit/install/moveit_kinematics/share/moveit_kinematics/cmake/ConfigExtras.cmake
[0.234s] -- Up-to-date: /home/jellyfish/ws_moveit/install/moveit_kinematics/share/moveit_kinematics/cmake/ament_cmake_export_targets-extras.cmake
[0.234s] -- Up-to-date: /home/jellyfish/ws_moveit/install/moveit_kinematics/share/moveit_kinematics/cmake/ament_cmake_export_dependencies-extras.cmake
[0.234s] -- Up-to-date: /home/jellyfish/ws_moveit/install/moveit_kinematics/share/moveit_kinematics/cmake/moveit_kinematicsConfig.cmake
[0.234s] -- Up-to-date: /home/jellyfish/ws_moveit/install/moveit_kinematics/share/moveit_kinematics/cmake/moveit_kinematicsConfig-version.cmake
[0.234s] -- Up-to-date: /home/jellyfish/ws_moveit/install/moveit_kinematics/share/moveit_kinematics/package.xml
[0.236s] Invoked command in '/home/jellyfish/ws_moveit/build/moveit_kinematics' returned '0': AMENT_PREFIX_PATH=/home/jellyfish/ws_moveit/install/moveit_ros_planning:/home/jellyfish/ws_moveit/install/moveit_ros_occupancy_map_monitor:/home/jellyfish/ws_moveit/install/moveit_core:/home/jellyfish/ws_moveit/install/moveit_resources_panda_moveit_config:/home/jellyfish/ws_moveit/install/moveit_resources_fanuc_moveit_config:/home/jellyfish/ws_moveit/install/moveit_configs_utils:/home/jellyfish/ws_moveit/install/srdfdom:/home/jellyfish/ws_moveit/install/moveit_resources_pr2_description:/home/jellyfish/ws_moveit/install/moveit_resources_panda_description:/home/jellyfish/ws_moveit/install/moveit_resources_fanuc_description:/home/jellyfish/ws_moveit/install/moveit_common:/home/jellyfish/ws_moveit/install/launch_param_builder:${AMENT_PREFIX_PATH} CMAKE_PREFIX_PATH=/home/jellyfish/ws_moveit/install/moveit_ros_planning:/home/jellyfish/ws_moveit/install/moveit_ros_occupancy_map_monitor:/home/jellyfish/ws_moveit/install/moveit_core:/home/jellyfish/ws_moveit/install/moveit_resources_panda_moveit_config:/home/jellyfish/ws_moveit/install/moveit_resources_fanuc_moveit_config:/home/jellyfish/ws_moveit/install/srdfdom:/home/jellyfish/ws_moveit/install/moveit_resources_pr2_description:/home/jellyfish/ws_moveit/install/moveit_resources_panda_description:/home/jellyfish/ws_moveit/install/moveit_resources_fanuc_description:/home/jellyfish/ws_moveit/install/moveit_common:/opt/ros/humble LD_LIBRARY_PATH=/home/jellyfish/ws_moveit/install/moveit_ros_planning/lib:/home/jellyfish/ws_moveit/install/moveit_ros_occupancy_map_monitor/lib:/home/jellyfish/ws_moveit/install/moveit_core/lib:/home/jellyfish/ws_moveit/install/srdfdom/lib:${LD_LIBRARY_PATH} PATH=/home/jellyfish/ws_moveit/install/moveit_core/bin:${PATH} PYTHONPATH=/home/jellyfish/ws_moveit/install/moveit_configs_utils/lib/python3.10/site-packages:/home/jellyfish/ws_moveit/install/srdfdom/local/lib/python3.10/dist-packages:/home/jellyfish/ws_moveit/install/launch_param_builder/lib/python3.10/site-packages:${PYTHONPATH} /usr/bin/cmake --install /home/jellyfish/ws_moveit/build/moveit_kinematics
