-- Found ament_cmake: 1.3.9 (/opt/ros/humble/share/ament_cmake/cmake)
-- Found moveit_ros_planning_interface: 2.5.5 (/home/jellyfish/ws_moveit/install/moveit_ros_planning_interface/share/moveit_ros_planning_interface/cmake)
-- Found Boost: /usr/lib/x86_64-linux-gnu/cmake/Boost-1.74.0/BoostConfig.cmake (found version "1.74.0") found components: date_time filesystem program_options system thread 
-- Found rosidl_generator_c: 3.1.5 (/opt/ros/humble/share/rosidl_generator_c/cmake)
-- Found rosidl_adapter: 3.1.5 (/opt/ros/humble/share/rosidl_adapter/cmake)
-- Found rosidl_generator_cpp: 3.1.5 (/opt/ros/humble/share/rosidl_generator_cpp/cmake)
-- Using all available rosidl_typesupport_c: rosidl_typesupport_fastrtps_c;rosidl_typesupport_introspection_c
-- Using all available rosidl_typesupport_cpp: rosidl_typesupport_fastrtps_cpp;rosidl_typesupport_introspection_cpp
-- Found Boost: /usr/lib/x86_64-linux-gnu/cmake/Boost-1.74.0/BoostConfig.cmake (found version "1.74.0") found components: chrono date_time filesystem iostreams program_options regex serialization system thread 
-- Found parameter_traits: 0.3.8 (/opt/ros/humble/share/parameter_traits/cmake)
-- Found rmw_implementation_cmake: 6.1.2 (/opt/ros/humble/share/rmw_implementation_cmake/cmake)
-- Found rmw_fastrtps_cpp: 6.2.6 (/opt/ros/humble/share/rmw_fastrtps_cpp/cmake)
-- Using RMW implementation 'rmw_fastrtps_cpp' as default
-- Found rclcpp_lifecycle: 16.0.9 (/opt/ros/humble/share/rclcpp_lifecycle/cmake)
-- Found Boost: /usr/lib/x86_64-linux-gnu/cmake/Boost-1.74.0/BoostConfig.cmake (found version "1.74.0") found components: filesystem 
-- library: /usr/lib/x86_64-linux-gnu/libcurl.so
-- Ensuring Eigen3 include directory is part of orocos-kdl CMake target
-- Found Boost: /usr/lib/x86_64-linux-gnu/cmake/Boost-1.74.0/BoostConfig.cmake (found version "1.74.0") found components: system filesystem date_time program_options thread chrono 
-- Found Boost: /usr/lib/x86_64-linux-gnu/cmake/Boost-1.74.0/BoostConfig.cmake (found version "1.74.0") found components: thread system filesystem regex date_time program_options 
-- Found Boost: /usr/lib/x86_64-linux-gnu/cmake/Boost-1.74.0/BoostConfig.cmake (found version "1.74.0") found components: system filesystem date_time program_options thread 
-- Found ament_lint_auto: 0.12.11 (/opt/ros/humble/share/ament_lint_auto/cmake)
-- Added test 'cppcheck' to perform static code analysis on C / C++ code
-- Configured cppcheck include dirs: $<BUILD_INTERFACE:/home/jellyfish/ws_moveit/src/first_pkg/include>
-- Configured cppcheck exclude dirs and/or files: 
-- Added test 'lint_cmake' to check CMake code style
-- Added test 'uncrustify' to check C / C++ code style
-- Configured uncrustify additional arguments: 
-- Added test 'xmllint' to check XML markup files
-- Configuring done
-- Generating done
-- Build files have been written to: /home/jellyfish/ws_moveit/build/first_pkg
[35m[1mConsolidate compiler generated dependencies of target first_pkg[0m
[ 50%] [32mBuilding CXX object CMakeFiles/first_pkg.dir/src/first_pkg.cpp.o[0m
[100%] [32m[1mLinking CXX executable first_pkg[0m
[100%] Built target first_pkg
-- Install configuration: "Release"
-- Installing: /home/jellyfish/ws_moveit/install/first_pkg/lib/first_pkg/first_pkg
-- Set runtime path of "/home/jellyfish/ws_moveit/install/first_pkg/lib/first_pkg/first_pkg" to ""
-- Up-to-date: /home/jellyfish/ws_moveit/install/first_pkg/share/ament_index/resource_index/package_run_dependencies/first_pkg
-- Installing: /home/jellyfish/ws_moveit/install/first_pkg/share/ament_index/resource_index/parent_prefix_path/first_pkg
-- Up-to-date: /home/jellyfish/ws_moveit/install/first_pkg/share/first_pkg/environment/ament_prefix_path.sh
-- Installing: /home/jellyfish/ws_moveit/install/first_pkg/share/first_pkg/environment/ament_prefix_path.dsv
-- Up-to-date: /home/jellyfish/ws_moveit/install/first_pkg/share/first_pkg/environment/path.sh
-- Installing: /home/jellyfish/ws_moveit/install/first_pkg/share/first_pkg/environment/path.dsv
-- Up-to-date: /home/jellyfish/ws_moveit/install/first_pkg/share/first_pkg/local_setup.bash
-- Up-to-date: /home/jellyfish/ws_moveit/install/first_pkg/share/first_pkg/local_setup.sh
-- Up-to-date: /home/jellyfish/ws_moveit/install/first_pkg/share/first_pkg/local_setup.zsh
-- Installing: /home/jellyfish/ws_moveit/install/first_pkg/share/first_pkg/local_setup.dsv
-- Installing: /home/jellyfish/ws_moveit/install/first_pkg/share/first_pkg/package.dsv
-- Up-to-date: /home/jellyfish/ws_moveit/install/first_pkg/share/ament_index/resource_index/packages/first_pkg
-- Up-to-date: /home/jellyfish/ws_moveit/install/first_pkg/share/first_pkg/cmake/first_pkgConfig.cmake
-- Up-to-date: /home/jellyfish/ws_moveit/install/first_pkg/share/first_pkg/cmake/first_pkgConfig-version.cmake
-- Up-to-date: /home/jellyfish/ws_moveit/install/first_pkg/share/first_pkg/package.xml
