[0.024s] Invoking command in '/home/jellyfish/ws_moveit/build/moveit_visual_tools': AMENT_PREFIX_PATH=/home/jellyfish/ws_moveit/install/moveit_ros_planning:/home/jellyfish/ws_moveit/install/moveit_ros_occupancy_map_monitor:/home/jellyfish/ws_moveit/install/moveit_core:/home/jellyfish/ws_moveit/install/moveit_resources_panda_moveit_config:/home/jellyfish/ws_moveit/install/srdfdom:/home/jellyfish/ws_moveit/install/moveit_resources_pr2_description:/home/jellyfish/ws_moveit/install/moveit_resources_panda_description:/home/jellyfish/ws_moveit/install/moveit_common:${AMENT_PREFIX_PATH} CMAKE_PREFIX_PATH=/home/jellyfish/ws_moveit/install/moveit_ros_planning:/home/jellyfish/ws_moveit/install/moveit_ros_occupancy_map_monitor:/home/jellyfish/ws_moveit/install/moveit_core:/home/jellyfish/ws_moveit/install/moveit_resources_panda_moveit_config:/home/jellyfish/ws_moveit/install/srdfdom:/home/jellyfish/ws_moveit/install/moveit_resources_pr2_description:/home/jellyfish/ws_moveit/install/moveit_resources_panda_description:/home/jellyfish/ws_moveit/install/moveit_common:/opt/ros/humble LD_LIBRARY_PATH=/home/jellyfish/ws_moveit/install/moveit_ros_planning/lib:/home/jellyfish/ws_moveit/install/moveit_ros_occupancy_map_monitor/lib:/home/jellyfish/ws_moveit/install/moveit_core/lib:/home/jellyfish/ws_moveit/install/srdfdom/lib:${LD_LIBRARY_PATH} PATH=/home/jellyfish/ws_moveit/install/moveit_core/bin:${PATH} PYTHONPATH=/home/jellyfish/ws_moveit/install/srdfdom/local/lib/python3.10/dist-packages:${PYTHONPATH} /usr/bin/cmake --build /home/jellyfish/ws_moveit/build/moveit_visual_tools -- -j12 -l12
[0.088s] [35m[1mConsolidate compiler generated dependencies of target moveit_visual_tools[0m
[0.144s] [ 66%] Built target moveit_visual_tools
[0.162s] [35m[1mConsolidate compiler generated dependencies of target moveit_visual_tools_demo[0m
[0.220s] [100%] Built target moveit_visual_tools_demo
[0.234s] Invoked command in '/home/jellyfish/ws_moveit/build/moveit_visual_tools' returned '0': AMENT_PREFIX_PATH=/home/jellyfish/ws_moveit/install/moveit_ros_planning:/home/jellyfish/ws_moveit/install/moveit_ros_occupancy_map_monitor:/home/jellyfish/ws_moveit/install/moveit_core:/home/jellyfish/ws_moveit/install/moveit_resources_panda_moveit_config:/home/jellyfish/ws_moveit/install/srdfdom:/home/jellyfish/ws_moveit/install/moveit_resources_pr2_description:/home/jellyfish/ws_moveit/install/moveit_resources_panda_description:/home/jellyfish/ws_moveit/install/moveit_common:${AMENT_PREFIX_PATH} CMAKE_PREFIX_PATH=/home/jellyfish/ws_moveit/install/moveit_ros_planning:/home/jellyfish/ws_moveit/install/moveit_ros_occupancy_map_monitor:/home/jellyfish/ws_moveit/install/moveit_core:/home/jellyfish/ws_moveit/install/moveit_resources_panda_moveit_config:/home/jellyfish/ws_moveit/install/srdfdom:/home/jellyfish/ws_moveit/install/moveit_resources_pr2_description:/home/jellyfish/ws_moveit/install/moveit_resources_panda_description:/home/jellyfish/ws_moveit/install/moveit_common:/opt/ros/humble LD_LIBRARY_PATH=/home/jellyfish/ws_moveit/install/moveit_ros_planning/lib:/home/jellyfish/ws_moveit/install/moveit_ros_occupancy_map_monitor/lib:/home/jellyfish/ws_moveit/install/moveit_core/lib:/home/jellyfish/ws_moveit/install/srdfdom/lib:${LD_LIBRARY_PATH} PATH=/home/jellyfish/ws_moveit/install/moveit_core/bin:${PATH} PYTHONPATH=/home/jellyfish/ws_moveit/install/srdfdom/local/lib/python3.10/dist-packages:${PYTHONPATH} /usr/bin/cmake --build /home/jellyfish/ws_moveit/build/moveit_visual_tools -- -j12 -l12
[0.276s] Invoking command in '/home/jellyfish/ws_moveit/build/moveit_visual_tools': AMENT_PREFIX_PATH=/home/jellyfish/ws_moveit/install/moveit_ros_planning:/home/jellyfish/ws_moveit/install/moveit_ros_occupancy_map_monitor:/home/jellyfish/ws_moveit/install/moveit_core:/home/jellyfish/ws_moveit/install/moveit_resources_panda_moveit_config:/home/jellyfish/ws_moveit/install/srdfdom:/home/jellyfish/ws_moveit/install/moveit_resources_pr2_description:/home/jellyfish/ws_moveit/install/moveit_resources_panda_description:/home/jellyfish/ws_moveit/install/moveit_common:${AMENT_PREFIX_PATH} CMAKE_PREFIX_PATH=/home/jellyfish/ws_moveit/install/moveit_ros_planning:/home/jellyfish/ws_moveit/install/moveit_ros_occupancy_map_monitor:/home/jellyfish/ws_moveit/install/moveit_core:/home/jellyfish/ws_moveit/install/moveit_resources_panda_moveit_config:/home/jellyfish/ws_moveit/install/srdfdom:/home/jellyfish/ws_moveit/install/moveit_resources_pr2_description:/home/jellyfish/ws_moveit/install/moveit_resources_panda_description:/home/jellyfish/ws_moveit/install/moveit_common:/opt/ros/humble LD_LIBRARY_PATH=/home/jellyfish/ws_moveit/install/moveit_ros_planning/lib:/home/jellyfish/ws_moveit/install/moveit_ros_occupancy_map_monitor/lib:/home/jellyfish/ws_moveit/install/moveit_core/lib:/home/jellyfish/ws_moveit/install/srdfdom/lib:${LD_LIBRARY_PATH} PATH=/home/jellyfish/ws_moveit/install/moveit_core/bin:${PATH} PYTHONPATH=/home/jellyfish/ws_moveit/install/srdfdom/local/lib/python3.10/dist-packages:${PYTHONPATH} /usr/bin/cmake --install /home/jellyfish/ws_moveit/build/moveit_visual_tools
[0.283s] -- Install configuration: "Release"
[0.284s] -- Up-to-date: /home/jellyfish/ws_moveit/install/moveit_visual_tools/share/moveit_visual_tools/environment/library_path.sh
[0.284s] -- Up-to-date: /home/jellyfish/ws_moveit/install/moveit_visual_tools/share/moveit_visual_tools/environment/library_path.dsv
[0.285s] -- Up-to-date: /home/jellyfish/ws_moveit/install/moveit_visual_tools/lib/libmoveit_visual_tools.so
[0.286s] -- Up-to-date: /home/jellyfish/ws_moveit/install/moveit_visual_tools/lib/moveit_visual_tools/moveit_visual_tools_demo
[0.287s] -- Up-to-date: /home/jellyfish/ws_moveit/install/moveit_visual_tools/include
[0.287s] -- Up-to-date: /home/jellyfish/ws_moveit/install/moveit_visual_tools/include/moveit_visual_tools
[0.287s] -- Up-to-date: /home/jellyfish/ws_moveit/install/moveit_visual_tools/include/moveit_visual_tools/imarker_end_effector.h
[0.287s] -- Up-to-date: /home/jellyfish/ws_moveit/install/moveit_visual_tools/include/moveit_visual_tools/moveit_visual_tools.h
[0.287s] -- Up-to-date: /home/jellyfish/ws_moveit/install/moveit_visual_tools/include/moveit_visual_tools/imarker_robot_state.h
[0.287s] -- Up-to-date: /home/jellyfish/ws_moveit/install/moveit_visual_tools/share/moveit_visual_tools/launch
[0.287s] -- Up-to-date: /home/jellyfish/ws_moveit/install/moveit_visual_tools/share/moveit_visual_tools/launch/demo_rviz.launch.py
[0.288s] -- Up-to-date: /home/jellyfish/ws_moveit/install/moveit_visual_tools/share/moveit_visual_tools/launch/demo.rviz
[0.288s] -- Up-to-date: /home/jellyfish/ws_moveit/install/moveit_visual_tools/share/moveit_visual_tools/resources
[0.288s] -- Up-to-date: /home/jellyfish/ws_moveit/install/moveit_visual_tools/share/moveit_visual_tools/resources/screenshot.png
[0.288s] -- Up-to-date: /home/jellyfish/ws_moveit/install/moveit_visual_tools/share/moveit_visual_tools/resources/demo.png
[0.288s] -- Up-to-date: /home/jellyfish/ws_moveit/install/moveit_visual_tools/share/moveit_visual_tools/resources/rrbot.srdf
[0.288s] -- Up-to-date: /home/jellyfish/ws_moveit/install/moveit_visual_tools/share/moveit_visual_tools/resources/rrbot.urdf
[0.288s] -- Up-to-date: /home/jellyfish/ws_moveit/install/moveit_visual_tools/share/moveit_visual_tools/resources/demo_mesh.stl
[0.288s] -- Up-to-date: /home/jellyfish/ws_moveit/install/moveit_visual_tools/share/ament_index/resource_index/package_run_dependencies/moveit_visual_tools
[0.289s] -- Up-to-date: /home/jellyfish/ws_moveit/install/moveit_visual_tools/share/ament_index/resource_index/parent_prefix_path/moveit_visual_tools
[0.289s] -- Up-to-date: /home/jellyfish/ws_moveit/install/moveit_visual_tools/share/moveit_visual_tools/environment/ament_prefix_path.sh
[0.289s] -- Up-to-date: /home/jellyfish/ws_moveit/install/moveit_visual_tools/share/moveit_visual_tools/environment/ament_prefix_path.dsv
[0.289s] -- Up-to-date: /home/jellyfish/ws_moveit/install/moveit_visual_tools/share/moveit_visual_tools/environment/path.sh
[0.289s] -- Up-to-date: /home/jellyfish/ws_moveit/install/moveit_visual_tools/share/moveit_visual_tools/environment/path.dsv
[0.289s] -- Up-to-date: /home/jellyfish/ws_moveit/install/moveit_visual_tools/share/moveit_visual_tools/local_setup.bash
[0.289s] -- Up-to-date: /home/jellyfish/ws_moveit/install/moveit_visual_tools/share/moveit_visual_tools/local_setup.sh
[0.289s] -- Up-to-date: /home/jellyfish/ws_moveit/install/moveit_visual_tools/share/moveit_visual_tools/local_setup.zsh
[0.290s] -- Up-to-date: /home/jellyfish/ws_moveit/install/moveit_visual_tools/share/moveit_visual_tools/local_setup.dsv
[0.290s] -- Installing: /home/jellyfish/ws_moveit/install/moveit_visual_tools/share/moveit_visual_tools/package.dsv
[0.290s] -- Up-to-date: /home/jellyfish/ws_moveit/install/moveit_visual_tools/share/ament_index/resource_index/packages/moveit_visual_tools
[0.290s] -- Up-to-date: /home/jellyfish/ws_moveit/install/moveit_visual_tools/share/moveit_visual_tools/cmake/export_moveit_visual_toolsExport.cmake
[0.291s] -- Up-to-date: /home/jellyfish/ws_moveit/install/moveit_visual_tools/share/moveit_visual_tools/cmake/export_moveit_visual_toolsExport-release.cmake
[0.291s] -- Up-to-date: /home/jellyfish/ws_moveit/install/moveit_visual_tools/share/moveit_visual_tools/cmake/ament_cmake_export_targets-extras.cmake
[0.291s] -- Up-to-date: /home/jellyfish/ws_moveit/install/moveit_visual_tools/share/moveit_visual_tools/cmake/ament_cmake_export_dependencies-extras.cmake
[0.291s] -- Up-to-date: /home/jellyfish/ws_moveit/install/moveit_visual_tools/share/moveit_visual_tools/cmake/moveit_visual_toolsConfig.cmake
[0.291s] -- Up-to-date: /home/jellyfish/ws_moveit/install/moveit_visual_tools/share/moveit_visual_tools/cmake/moveit_visual_toolsConfig-version.cmake
[0.291s] -- Up-to-date: /home/jellyfish/ws_moveit/install/moveit_visual_tools/share/moveit_visual_tools/package.xml
[0.293s] Invoked command in '/home/jellyfish/ws_moveit/build/moveit_visual_tools' returned '0': AMENT_PREFIX_PATH=/home/jellyfish/ws_moveit/install/moveit_ros_planning:/home/jellyfish/ws_moveit/install/moveit_ros_occupancy_map_monitor:/home/jellyfish/ws_moveit/install/moveit_core:/home/jellyfish/ws_moveit/install/moveit_resources_panda_moveit_config:/home/jellyfish/ws_moveit/install/srdfdom:/home/jellyfish/ws_moveit/install/moveit_resources_pr2_description:/home/jellyfish/ws_moveit/install/moveit_resources_panda_description:/home/jellyfish/ws_moveit/install/moveit_common:${AMENT_PREFIX_PATH} CMAKE_PREFIX_PATH=/home/jellyfish/ws_moveit/install/moveit_ros_planning:/home/jellyfish/ws_moveit/install/moveit_ros_occupancy_map_monitor:/home/jellyfish/ws_moveit/install/moveit_core:/home/jellyfish/ws_moveit/install/moveit_resources_panda_moveit_config:/home/jellyfish/ws_moveit/install/srdfdom:/home/jellyfish/ws_moveit/install/moveit_resources_pr2_description:/home/jellyfish/ws_moveit/install/moveit_resources_panda_description:/home/jellyfish/ws_moveit/install/moveit_common:/opt/ros/humble LD_LIBRARY_PATH=/home/jellyfish/ws_moveit/install/moveit_ros_planning/lib:/home/jellyfish/ws_moveit/install/moveit_ros_occupancy_map_monitor/lib:/home/jellyfish/ws_moveit/install/moveit_core/lib:/home/jellyfish/ws_moveit/install/srdfdom/lib:${LD_LIBRARY_PATH} PATH=/home/jellyfish/ws_moveit/install/moveit_core/bin:${PATH} PYTHONPATH=/home/jellyfish/ws_moveit/install/srdfdom/local/lib/python3.10/dist-packages:${PYTHONPATH} /usr/bin/cmake --install /home/jellyfish/ws_moveit/build/moveit_visual_tools
