[0.626s] Invoking command in '/home/jellyfish/ws_moveit/src/launch_param_builder': PYTHONPATH=/home/jellyfish/ws_moveit/build/launch_param_builder/prefix_override:/usr/lib/python3/dist-packages/colcon_core/task/python/colcon_distutils_commands:/home/jellyfish/ws_moveit/install/launch_param_builder/lib/python3.10/site-packages:${PYTHONPATH} /usr/bin/python3 -W ignore:setup.py install is deprecated setup.py egg_info --egg-base ../../build/launch_param_builder build --build-base /home/jellyfish/ws_moveit/build/launch_param_builder/build install --record /home/jellyfish/ws_moveit/build/launch_param_builder/install.log --single-version-externally-managed install_data
[0.835s] running egg_info
[0.836s] creating ../../build/launch_param_builder/launch_param_builder.egg-info
[0.836s] writing ../../build/launch_param_builder/launch_param_builder.egg-info/PKG-INFO
[0.837s] writing dependency_links to ../../build/launch_param_builder/launch_param_builder.egg-info/dependency_links.txt
[0.837s] writing entry points to ../../build/launch_param_builder/launch_param_builder.egg-info/entry_points.txt
[0.837s] writing requirements to ../../build/launch_param_builder/launch_param_builder.egg-info/requires.txt
[0.837s] writing top-level names to ../../build/launch_param_builder/launch_param_builder.egg-info/top_level.txt
[0.837s] writing manifest file '../../build/launch_param_builder/launch_param_builder.egg-info/SOURCES.txt'
[0.838s] reading manifest file '../../build/launch_param_builder/launch_param_builder.egg-info/SOURCES.txt'
[0.838s] adding license file 'LICENSE'
[0.839s] writing manifest file '../../build/launch_param_builder/launch_param_builder.egg-info/SOURCES.txt'
[0.839s] running build
[0.839s] running build_py
[0.839s] creating /home/jellyfish/ws_moveit/build/launch_param_builder/build
[0.840s] creating /home/jellyfish/ws_moveit/build/launch_param_builder/build/lib
[0.840s] creating /home/jellyfish/ws_moveit/build/launch_param_builder/build/lib/launch_param_builder
[0.840s] copying launch_param_builder/__init__.py -> /home/jellyfish/ws_moveit/build/launch_param_builder/build/lib/launch_param_builder
[0.840s] copying launch_param_builder/utils.py -> /home/jellyfish/ws_moveit/build/launch_param_builder/build/lib/launch_param_builder
[0.840s] copying launch_param_builder/launch_param_builder.py -> /home/jellyfish/ws_moveit/build/launch_param_builder/build/lib/launch_param_builder
[0.840s] running install
[0.840s] running install_lib
[0.841s] creating /home/jellyfish/ws_moveit/install/launch_param_builder/lib/python3.10/site-packages/launch_param_builder
[0.841s] copying /home/jellyfish/ws_moveit/build/launch_param_builder/build/lib/launch_param_builder/__init__.py -> /home/jellyfish/ws_moveit/install/launch_param_builder/lib/python3.10/site-packages/launch_param_builder
[0.841s] copying /home/jellyfish/ws_moveit/build/launch_param_builder/build/lib/launch_param_builder/utils.py -> /home/jellyfish/ws_moveit/install/launch_param_builder/lib/python3.10/site-packages/launch_param_builder
[0.841s] copying /home/jellyfish/ws_moveit/build/launch_param_builder/build/lib/launch_param_builder/launch_param_builder.py -> /home/jellyfish/ws_moveit/install/launch_param_builder/lib/python3.10/site-packages/launch_param_builder
[0.841s] byte-compiling /home/jellyfish/ws_moveit/install/launch_param_builder/lib/python3.10/site-packages/launch_param_builder/__init__.py to __init__.cpython-310.pyc
[0.841s] byte-compiling /home/jellyfish/ws_moveit/install/launch_param_builder/lib/python3.10/site-packages/launch_param_builder/utils.py to utils.cpython-310.pyc
[0.842s] byte-compiling /home/jellyfish/ws_moveit/install/launch_param_builder/lib/python3.10/site-packages/launch_param_builder/launch_param_builder.py to launch_param_builder.cpython-310.pyc
[0.842s] running install_data
[0.842s] creating /home/jellyfish/ws_moveit/install/launch_param_builder/share/ament_index
[0.842s] creating /home/jellyfish/ws_moveit/install/launch_param_builder/share/ament_index/resource_index
[0.842s] creating /home/jellyfish/ws_moveit/install/launch_param_builder/share/ament_index/resource_index/packages
[0.843s] copying resource/launch_param_builder -> /home/jellyfish/ws_moveit/install/launch_param_builder/share/ament_index/resource_index/packages
[0.843s] creating /home/jellyfish/ws_moveit/install/launch_param_builder/share/launch_param_builder/launch
[0.843s] copying example/launch_param_builder_example.launch.py -> /home/jellyfish/ws_moveit/install/launch_param_builder/share/launch_param_builder/launch
[0.843s] creating /home/jellyfish/ws_moveit/install/launch_param_builder/share/launch_param_builder/config
[0.843s] copying test/data/parameter.xacro -> /home/jellyfish/ws_moveit/install/launch_param_builder/share/launch_param_builder/config
[0.843s] copying test/data/param_file_to_inject.yaml -> /home/jellyfish/ws_moveit/install/launch_param_builder/share/launch_param_builder/config
[0.844s] copying test/data/parameter_file -> /home/jellyfish/ws_moveit/install/launch_param_builder/share/launch_param_builder/config
[0.844s] copying test/data/parameters.yaml -> /home/jellyfish/ws_moveit/install/launch_param_builder/share/launch_param_builder/config
[0.844s] copying test/data/parameters_injection.yaml -> /home/jellyfish/ws_moveit/install/launch_param_builder/share/launch_param_builder/config
[0.844s] copying package.xml -> /home/jellyfish/ws_moveit/install/launch_param_builder/share/launch_param_builder
[0.844s] creating /home/jellyfish/ws_moveit/install/launch_param_builder/lib/launch_param_builder
[0.844s] copying example/example_node.py -> /home/jellyfish/ws_moveit/install/launch_param_builder/lib/launch_param_builder
[0.845s] running install_egg_info
[0.845s] Copying ../../build/launch_param_builder/launch_param_builder.egg-info to /home/jellyfish/ws_moveit/install/launch_param_builder/lib/python3.10/site-packages/launch_param_builder-0.1.1-py3.10.egg-info
[0.845s] running install_scripts
[0.862s] writing list of installed files to '/home/jellyfish/ws_moveit/build/launch_param_builder/install.log'
[0.887s] Invoked command in '/home/jellyfish/ws_moveit/src/launch_param_builder' returned '0': PYTHONPATH=/home/jellyfish/ws_moveit/build/launch_param_builder/prefix_override:/usr/lib/python3/dist-packages/colcon_core/task/python/colcon_distutils_commands:/home/jellyfish/ws_moveit/install/launch_param_builder/lib/python3.10/site-packages:${PYTHONPATH} /usr/bin/python3 -W ignore:setup.py install is deprecated setup.py egg_info --egg-base ../../build/launch_param_builder build --build-base /home/jellyfish/ws_moveit/build/launch_param_builder/build install --record /home/jellyfish/ws_moveit/build/launch_param_builder/install.log --single-version-externally-managed install_data
