[0.013s] Invoking command in '/home/jellyfish/ws_moveit/build/rosparam_shortcuts': CMAKE_PREFIX_PATH=/opt/ros/humble /usr/bin/cmake --build /home/jellyfish/ws_moveit/build/rosparam_shortcuts -- -j12 -l12
[0.082s] [35m[1mConsolidate compiler generated dependencies of target gtest[0m
[0.082s] [35m[1mConsolidate compiler generated dependencies of target gtest_main[0m
[0.083s] [35m[1mConsolidate compiler generated dependencies of target rosparam_shortcuts[0m
[0.098s] [ 15%] Built target gtest_main
[0.098s] [ 30%] Built target gtest
[0.119s] [ 53%] Built target rosparam_shortcuts
[0.131s] [35m[1mConsolidate compiler generated dependencies of target rosparam_shortcuts_node_parameters_example[0m
[0.131s] [35m[1mConsolidate compiler generated dependencies of target test_node_parameters[0m
[0.132s] [35m[1mConsolidate compiler generated dependencies of target rosparam_shortcuts_example[0m
[0.153s] [ 69%] Built target test_node_parameters
[0.153s] [100%] Built target rosparam_shortcuts_node_parameters_example
[0.153s] [100%] Built target rosparam_shortcuts_example
[0.167s] Invoked command in '/home/jellyfish/ws_moveit/build/rosparam_shortcuts' returned '0': CMAKE_PREFIX_PATH=/opt/ros/humble /usr/bin/cmake --build /home/jellyfish/ws_moveit/build/rosparam_shortcuts -- -j12 -l12
[0.206s] Invoking command in '/home/jellyfish/ws_moveit/build/rosparam_shortcuts': CMAKE_PREFIX_PATH=/opt/ros/humble /usr/bin/cmake --install /home/jellyfish/ws_moveit/build/rosparam_shortcuts
[0.214s] -- Install configuration: "Release"
[0.214s] -- Up-to-date: /home/jellyfish/ws_moveit/install/rosparam_shortcuts/lib/librosparam_shortcuts.so
[0.215s] -- Up-to-date: /home/jellyfish/ws_moveit/install/rosparam_shortcuts/lib/rosparam_shortcuts/example
[0.215s] -- Up-to-date: /home/jellyfish/ws_moveit/install/rosparam_shortcuts/lib/rosparam_shortcuts/node_parameters_example
[0.216s] -- Up-to-date: /home/jellyfish/ws_moveit/install/rosparam_shortcuts/include
[0.216s] -- Up-to-date: /home/jellyfish/ws_moveit/install/rosparam_shortcuts/include/rosparam_shortcuts
[0.216s] -- Up-to-date: /home/jellyfish/ws_moveit/install/rosparam_shortcuts/include/rosparam_shortcuts/node_parameters.h
[0.216s] -- Up-to-date: /home/jellyfish/ws_moveit/install/rosparam_shortcuts/include/rosparam_shortcuts/rosparam_shortcuts.h
[0.216s] -- Up-to-date: /home/jellyfish/ws_moveit/install/rosparam_shortcuts/share/rosparam_shortcuts/launch
[0.216s] -- Up-to-date: /home/jellyfish/ws_moveit/install/rosparam_shortcuts/share/rosparam_shortcuts/launch/example.launch.py
[0.216s] -- Up-to-date: /home/jellyfish/ws_moveit/install/rosparam_shortcuts/share/rosparam_shortcuts/config
[0.216s] -- Up-to-date: /home/jellyfish/ws_moveit/install/rosparam_shortcuts/share/rosparam_shortcuts/config/example.yaml
[0.217s] -- Up-to-date: /home/jellyfish/ws_moveit/install/rosparam_shortcuts/share/rosparam_shortcuts/environment/library_path.sh
[0.217s] -- Up-to-date: /home/jellyfish/ws_moveit/install/rosparam_shortcuts/share/rosparam_shortcuts/environment/library_path.dsv
[0.217s] -- Up-to-date: /home/jellyfish/ws_moveit/install/rosparam_shortcuts/share/ament_index/resource_index/package_run_dependencies/rosparam_shortcuts
[0.217s] -- Up-to-date: /home/jellyfish/ws_moveit/install/rosparam_shortcuts/share/ament_index/resource_index/parent_prefix_path/rosparam_shortcuts
[0.217s] -- Up-to-date: /home/jellyfish/ws_moveit/install/rosparam_shortcuts/share/rosparam_shortcuts/environment/ament_prefix_path.sh
[0.217s] -- Up-to-date: /home/jellyfish/ws_moveit/install/rosparam_shortcuts/share/rosparam_shortcuts/environment/ament_prefix_path.dsv
[0.217s] -- Up-to-date: /home/jellyfish/ws_moveit/install/rosparam_shortcuts/share/rosparam_shortcuts/environment/path.sh
[0.218s] -- Up-to-date: /home/jellyfish/ws_moveit/install/rosparam_shortcuts/share/rosparam_shortcuts/environment/path.dsv
[0.218s] -- Up-to-date: /home/jellyfish/ws_moveit/install/rosparam_shortcuts/share/rosparam_shortcuts/local_setup.bash
[0.218s] -- Up-to-date: /home/jellyfish/ws_moveit/install/rosparam_shortcuts/share/rosparam_shortcuts/local_setup.sh
[0.218s] -- Up-to-date: /home/jellyfish/ws_moveit/install/rosparam_shortcuts/share/rosparam_shortcuts/local_setup.zsh
[0.218s] -- Up-to-date: /home/jellyfish/ws_moveit/install/rosparam_shortcuts/share/rosparam_shortcuts/local_setup.dsv
[0.218s] -- Installing: /home/jellyfish/ws_moveit/install/rosparam_shortcuts/share/rosparam_shortcuts/package.dsv
[0.218s] -- Up-to-date: /home/jellyfish/ws_moveit/install/rosparam_shortcuts/share/ament_index/resource_index/packages/rosparam_shortcuts
[0.219s] -- Up-to-date: /home/jellyfish/ws_moveit/install/rosparam_shortcuts/share/rosparam_shortcuts/cmake/export_rosparam_shortcutsExport.cmake
[0.219s] -- Up-to-date: /home/jellyfish/ws_moveit/install/rosparam_shortcuts/share/rosparam_shortcuts/cmake/export_rosparam_shortcutsExport-release.cmake
[0.219s] -- Up-to-date: /home/jellyfish/ws_moveit/install/rosparam_shortcuts/share/rosparam_shortcuts/cmake/ament_cmake_export_targets-extras.cmake
[0.219s] -- Up-to-date: /home/jellyfish/ws_moveit/install/rosparam_shortcuts/share/rosparam_shortcuts/cmake/ament_cmake_export_dependencies-extras.cmake
[0.219s] -- Up-to-date: /home/jellyfish/ws_moveit/install/rosparam_shortcuts/share/rosparam_shortcuts/cmake/rosparam_shortcutsConfig.cmake
[0.219s] -- Up-to-date: /home/jellyfish/ws_moveit/install/rosparam_shortcuts/share/rosparam_shortcuts/cmake/rosparam_shortcutsConfig-version.cmake
[0.219s] -- Up-to-date: /home/jellyfish/ws_moveit/install/rosparam_shortcuts/share/rosparam_shortcuts/package.xml
[0.221s] Invoked command in '/home/jellyfish/ws_moveit/build/rosparam_shortcuts' returned '0': CMAKE_PREFIX_PATH=/opt/ros/humble /usr/bin/cmake --install /home/jellyfish/ws_moveit/build/rosparam_shortcuts
