[0.030s] Invoking command in '/home/jellyfish/ws_moveit/build/moveit_ros_perception': AMENT_PREFIX_PATH=/home/jellyfish/ws_moveit/install/moveit_ros_planning:/home/jellyfish/ws_moveit/install/moveit_ros_occupancy_map_monitor:/home/jellyfish/ws_moveit/install/moveit_core:/home/jellyfish/ws_moveit/install/moveit_resources_panda_moveit_config:/home/jellyfish/ws_moveit/install/srdfdom:/home/jellyfish/ws_moveit/install/moveit_resources_pr2_description:/home/jellyfish/ws_moveit/install/moveit_resources_panda_description:/home/jellyfish/ws_moveit/install/moveit_common:${AMENT_PREFIX_PATH} CMAKE_PREFIX_PATH=/home/jellyfish/ws_moveit/install/moveit_ros_planning:/home/jellyfish/ws_moveit/install/moveit_ros_occupancy_map_monitor:/home/jellyfish/ws_moveit/install/moveit_core:/home/jellyfish/ws_moveit/install/moveit_resources_panda_moveit_config:/home/jellyfish/ws_moveit/install/srdfdom:/home/jellyfish/ws_moveit/install/moveit_resources_pr2_description:/home/jellyfish/ws_moveit/install/moveit_resources_panda_description:/home/jellyfish/ws_moveit/install/moveit_common:/opt/ros/humble LD_LIBRARY_PATH=/home/jellyfish/ws_moveit/install/moveit_ros_planning/lib:/home/jellyfish/ws_moveit/install/moveit_ros_occupancy_map_monitor/lib:/home/jellyfish/ws_moveit/install/moveit_core/lib:/home/jellyfish/ws_moveit/install/srdfdom/lib:${LD_LIBRARY_PATH} PATH=/home/jellyfish/ws_moveit/install/moveit_core/bin:${PATH} PYTHONPATH=/home/jellyfish/ws_moveit/install/srdfdom/local/lib/python3.10/dist-packages:${PYTHONPATH} /usr/bin/cmake --build /home/jellyfish/ws_moveit/build/moveit_ros_perception -- -j12 -l12
[0.087s] [35m[1mConsolidate compiler generated dependencies of target moveit_lazy_free_space_updater[0m
[0.088s] [35m[1mConsolidate compiler generated dependencies of target moveit_point_containment_filter[0m
[0.089s] [35m[1mConsolidate compiler generated dependencies of target moveit_semantic_world[0m
[0.101s] [35m[1mConsolidate compiler generated dependencies of target moveit_mesh_filter[0m
[0.107s] [ 10%] Built target moveit_lazy_free_space_updater
[0.114s] [ 20%] Built target moveit_point_containment_filter
[0.124s] [ 30%] Built target moveit_semantic_world
[0.127s] [35m[1mConsolidate compiler generated dependencies of target moveit_pointcloud_octomap_updater_core[0m
[0.148s] [ 60%] Built target moveit_mesh_filter
[0.155s] [ 70%] Built target moveit_pointcloud_octomap_updater_core
[0.163s] [35m[1mConsolidate compiler generated dependencies of target moveit_depth_image_octomap_updater_core[0m
[0.170s] [35m[1mConsolidate compiler generated dependencies of target moveit_pointcloud_octomap_updater[0m
[0.196s] [ 80%] Built target moveit_depth_image_octomap_updater_core
[0.197s] [ 90%] Built target moveit_pointcloud_octomap_updater
[0.210s] [35m[1mConsolidate compiler generated dependencies of target moveit_depth_image_octomap_updater[0m
[0.237s] [100%] Built target moveit_depth_image_octomap_updater
[0.251s] Invoked command in '/home/jellyfish/ws_moveit/build/moveit_ros_perception' returned '0': AMENT_PREFIX_PATH=/home/jellyfish/ws_moveit/install/moveit_ros_planning:/home/jellyfish/ws_moveit/install/moveit_ros_occupancy_map_monitor:/home/jellyfish/ws_moveit/install/moveit_core:/home/jellyfish/ws_moveit/install/moveit_resources_panda_moveit_config:/home/jellyfish/ws_moveit/install/srdfdom:/home/jellyfish/ws_moveit/install/moveit_resources_pr2_description:/home/jellyfish/ws_moveit/install/moveit_resources_panda_description:/home/jellyfish/ws_moveit/install/moveit_common:${AMENT_PREFIX_PATH} CMAKE_PREFIX_PATH=/home/jellyfish/ws_moveit/install/moveit_ros_planning:/home/jellyfish/ws_moveit/install/moveit_ros_occupancy_map_monitor:/home/jellyfish/ws_moveit/install/moveit_core:/home/jellyfish/ws_moveit/install/moveit_resources_panda_moveit_config:/home/jellyfish/ws_moveit/install/srdfdom:/home/jellyfish/ws_moveit/install/moveit_resources_pr2_description:/home/jellyfish/ws_moveit/install/moveit_resources_panda_description:/home/jellyfish/ws_moveit/install/moveit_common:/opt/ros/humble LD_LIBRARY_PATH=/home/jellyfish/ws_moveit/install/moveit_ros_planning/lib:/home/jellyfish/ws_moveit/install/moveit_ros_occupancy_map_monitor/lib:/home/jellyfish/ws_moveit/install/moveit_core/lib:/home/jellyfish/ws_moveit/install/srdfdom/lib:${LD_LIBRARY_PATH} PATH=/home/jellyfish/ws_moveit/install/moveit_core/bin:${PATH} PYTHONPATH=/home/jellyfish/ws_moveit/install/srdfdom/local/lib/python3.10/dist-packages:${PYTHONPATH} /usr/bin/cmake --build /home/jellyfish/ws_moveit/build/moveit_ros_perception -- -j12 -l12
[0.294s] Invoking command in '/home/jellyfish/ws_moveit/build/moveit_ros_perception': AMENT_PREFIX_PATH=/home/jellyfish/ws_moveit/install/moveit_ros_planning:/home/jellyfish/ws_moveit/install/moveit_ros_occupancy_map_monitor:/home/jellyfish/ws_moveit/install/moveit_core:/home/jellyfish/ws_moveit/install/moveit_resources_panda_moveit_config:/home/jellyfish/ws_moveit/install/srdfdom:/home/jellyfish/ws_moveit/install/moveit_resources_pr2_description:/home/jellyfish/ws_moveit/install/moveit_resources_panda_description:/home/jellyfish/ws_moveit/install/moveit_common:${AMENT_PREFIX_PATH} CMAKE_PREFIX_PATH=/home/jellyfish/ws_moveit/install/moveit_ros_planning:/home/jellyfish/ws_moveit/install/moveit_ros_occupancy_map_monitor:/home/jellyfish/ws_moveit/install/moveit_core:/home/jellyfish/ws_moveit/install/moveit_resources_panda_moveit_config:/home/jellyfish/ws_moveit/install/srdfdom:/home/jellyfish/ws_moveit/install/moveit_resources_pr2_description:/home/jellyfish/ws_moveit/install/moveit_resources_panda_description:/home/jellyfish/ws_moveit/install/moveit_common:/opt/ros/humble LD_LIBRARY_PATH=/home/jellyfish/ws_moveit/install/moveit_ros_planning/lib:/home/jellyfish/ws_moveit/install/moveit_ros_occupancy_map_monitor/lib:/home/jellyfish/ws_moveit/install/moveit_core/lib:/home/jellyfish/ws_moveit/install/srdfdom/lib:${LD_LIBRARY_PATH} PATH=/home/jellyfish/ws_moveit/install/moveit_core/bin:${PATH} PYTHONPATH=/home/jellyfish/ws_moveit/install/srdfdom/local/lib/python3.10/dist-packages:${PYTHONPATH} /usr/bin/cmake --install /home/jellyfish/ws_moveit/build/moveit_ros_perception
[0.304s] -- Install configuration: "Release"
[0.304s] -- Up-to-date: /home/jellyfish/ws_moveit/install/moveit_ros_perception/include
[0.304s] -- Up-to-date: /home/jellyfish/ws_moveit/install/moveit_ros_perception/include/moveit
[0.304s] -- Up-to-date: /home/jellyfish/ws_moveit/install/moveit_ros_perception/include/moveit/lazy_free_space_updater
[0.305s] -- Up-to-date: /home/jellyfish/ws_moveit/install/moveit_ros_perception/include/moveit/lazy_free_space_updater/lazy_free_space_updater.h
[0.305s] -- Up-to-date: /home/jellyfish/ws_moveit/install/moveit_ros_perception/include
[0.305s] -- Up-to-date: /home/jellyfish/ws_moveit/install/moveit_ros_perception/include/moveit
[0.305s] -- Up-to-date: /home/jellyfish/ws_moveit/install/moveit_ros_perception/include/moveit/point_containment_filter
[0.305s] -- Up-to-date: /home/jellyfish/ws_moveit/install/moveit_ros_perception/include/moveit/point_containment_filter/shape_mask.h
[0.305s] -- Up-to-date: /home/jellyfish/ws_moveit/install/moveit_ros_perception/include
[0.306s] -- Up-to-date: /home/jellyfish/ws_moveit/install/moveit_ros_perception/include/moveit
[0.306s] -- Up-to-date: /home/jellyfish/ws_moveit/install/moveit_ros_perception/include/moveit/pointcloud_octomap_updater
[0.306s] -- Up-to-date: /home/jellyfish/ws_moveit/install/moveit_ros_perception/include/moveit/pointcloud_octomap_updater/pointcloud_octomap_updater.h
[0.306s] -- Up-to-date: /home/jellyfish/ws_moveit/install/moveit_ros_perception/include
[0.306s] -- Up-to-date: /home/jellyfish/ws_moveit/install/moveit_ros_perception/include/moveit
[0.306s] -- Up-to-date: /home/jellyfish/ws_moveit/install/moveit_ros_perception/include/moveit/mesh_filter
[0.306s] -- Up-to-date: /home/jellyfish/ws_moveit/install/moveit_ros_perception/include/moveit/mesh_filter/gl_renderer.h
[0.306s] -- Up-to-date: /home/jellyfish/ws_moveit/install/moveit_ros_perception/include/moveit/mesh_filter/stereo_camera_model.h
[0.306s] -- Up-to-date: /home/jellyfish/ws_moveit/install/moveit_ros_perception/include/moveit/mesh_filter/depth_self_filter_nodelet.h
[0.306s] -- Up-to-date: /home/jellyfish/ws_moveit/install/moveit_ros_perception/include/moveit/mesh_filter/filter_job.h
[0.306s] -- Up-to-date: /home/jellyfish/ws_moveit/install/moveit_ros_perception/include/moveit/mesh_filter/transform_provider.h
[0.306s] -- Up-to-date: /home/jellyfish/ws_moveit/install/moveit_ros_perception/include/moveit/mesh_filter/sensor_model.h
[0.306s] -- Up-to-date: /home/jellyfish/ws_moveit/install/moveit_ros_perception/include/moveit/mesh_filter/gl_mesh.h
[0.306s] -- Up-to-date: /home/jellyfish/ws_moveit/install/moveit_ros_perception/include/moveit/mesh_filter/mesh_filter_base.h
[0.306s] -- Up-to-date: /home/jellyfish/ws_moveit/install/moveit_ros_perception/include/moveit/mesh_filter/mesh_filter.h
[0.306s] -- Up-to-date: /home/jellyfish/ws_moveit/install/moveit_ros_perception/include/moveit_mesh_filter_export.h
[0.307s] -- Up-to-date: /home/jellyfish/ws_moveit/install/moveit_ros_perception/include
[0.307s] -- Up-to-date: /home/jellyfish/ws_moveit/install/moveit_ros_perception/include/moveit
[0.307s] -- Up-to-date: /home/jellyfish/ws_moveit/install/moveit_ros_perception/include/moveit/depth_image_octomap_updater
[0.307s] -- Up-to-date: /home/jellyfish/ws_moveit/install/moveit_ros_perception/include/moveit/depth_image_octomap_updater/depth_image_octomap_updater.h
[0.307s] -- Up-to-date: /home/jellyfish/ws_moveit/install/moveit_ros_perception/include
[0.307s] -- Up-to-date: /home/jellyfish/ws_moveit/install/moveit_ros_perception/include/moveit
[0.307s] -- Up-to-date: /home/jellyfish/ws_moveit/install/moveit_ros_perception/include/moveit/semantic_world
[0.307s] -- Up-to-date: /home/jellyfish/ws_moveit/install/moveit_ros_perception/include/moveit/semantic_world/semantic_world.h
[0.307s] -- Up-to-date: /home/jellyfish/ws_moveit/install/moveit_ros_perception/lib/libmoveit_depth_image_octomap_updater.so.2.5.5
[0.307s] -- Up-to-date: /home/jellyfish/ws_moveit/install/moveit_ros_perception/lib/libmoveit_depth_image_octomap_updater.so
[0.307s] -- Up-to-date: /home/jellyfish/ws_moveit/install/moveit_ros_perception/lib/libmoveit_depth_image_octomap_updater_core.so.2.5.5
[0.307s] -- Up-to-date: /home/jellyfish/ws_moveit/install/moveit_ros_perception/lib/libmoveit_depth_image_octomap_updater_core.so
[0.307s] -- Up-to-date: /home/jellyfish/ws_moveit/install/moveit_ros_perception/lib/libmoveit_lazy_free_space_updater.so.2.5.5
[0.308s] -- Up-to-date: /home/jellyfish/ws_moveit/install/moveit_ros_perception/lib/libmoveit_lazy_free_space_updater.so
[0.308s] -- Up-to-date: /home/jellyfish/ws_moveit/install/moveit_ros_perception/lib/libmoveit_mesh_filter.so.2.5.5
[0.308s] -- Up-to-date: /home/jellyfish/ws_moveit/install/moveit_ros_perception/lib/libmoveit_mesh_filter.so
[0.309s] -- Up-to-date: /home/jellyfish/ws_moveit/install/moveit_ros_perception/lib/libmoveit_point_containment_filter.so.2.5.5
[0.309s] -- Up-to-date: /home/jellyfish/ws_moveit/install/moveit_ros_perception/lib/libmoveit_point_containment_filter.so
[0.309s] -- Up-to-date: /home/jellyfish/ws_moveit/install/moveit_ros_perception/lib/libmoveit_pointcloud_octomap_updater.so.2.5.5
[0.309s] -- Up-to-date: /home/jellyfish/ws_moveit/install/moveit_ros_perception/lib/libmoveit_pointcloud_octomap_updater.so
[0.310s] -- Up-to-date: /home/jellyfish/ws_moveit/install/moveit_ros_perception/lib/libmoveit_pointcloud_octomap_updater_core.so.2.5.5
[0.310s] -- Up-to-date: /home/jellyfish/ws_moveit/install/moveit_ros_perception/lib/libmoveit_pointcloud_octomap_updater_core.so
[0.311s] -- Up-to-date: /home/jellyfish/ws_moveit/install/moveit_ros_perception/lib/libmoveit_semantic_world.so.2.5.5
[0.311s] -- Up-to-date: /home/jellyfish/ws_moveit/install/moveit_ros_perception/lib/libmoveit_semantic_world.so
[0.311s] -- Up-to-date: /home/jellyfish/ws_moveit/install/moveit_ros_perception/share/moveit_ros_perception/environment/library_path.sh
[0.311s] -- Up-to-date: /home/jellyfish/ws_moveit/install/moveit_ros_perception/share/moveit_ros_perception/environment/library_path.dsv
[0.311s] -- Up-to-date: /home/jellyfish/ws_moveit/install/moveit_ros_perception/share/moveit_ros_perception/pointcloud_octomap_updater_plugin_description.xml
[0.311s] -- Up-to-date: /home/jellyfish/ws_moveit/install/moveit_ros_perception/share/moveit_ros_perception/depth_image_octomap_updater_plugin_description.xml
[0.311s] -- Up-to-date: /home/jellyfish/ws_moveit/install/moveit_ros_perception/share/ament_index/resource_index/package_run_dependencies/moveit_ros_perception
[0.311s] -- Up-to-date: /home/jellyfish/ws_moveit/install/moveit_ros_perception/share/ament_index/resource_index/parent_prefix_path/moveit_ros_perception
[0.311s] -- Up-to-date: /home/jellyfish/ws_moveit/install/moveit_ros_perception/share/moveit_ros_perception/environment/ament_prefix_path.sh
[0.311s] -- Up-to-date: /home/jellyfish/ws_moveit/install/moveit_ros_perception/share/moveit_ros_perception/environment/ament_prefix_path.dsv
[0.312s] -- Up-to-date: /home/jellyfish/ws_moveit/install/moveit_ros_perception/share/moveit_ros_perception/environment/path.sh
[0.312s] -- Up-to-date: /home/jellyfish/ws_moveit/install/moveit_ros_perception/share/moveit_ros_perception/environment/path.dsv
[0.312s] -- Up-to-date: /home/jellyfish/ws_moveit/install/moveit_ros_perception/share/moveit_ros_perception/local_setup.bash
[0.312s] -- Up-to-date: /home/jellyfish/ws_moveit/install/moveit_ros_perception/share/moveit_ros_perception/local_setup.sh
[0.312s] -- Up-to-date: /home/jellyfish/ws_moveit/install/moveit_ros_perception/share/moveit_ros_perception/local_setup.zsh
[0.312s] -- Up-to-date: /home/jellyfish/ws_moveit/install/moveit_ros_perception/share/moveit_ros_perception/local_setup.dsv
[0.312s] -- Installing: /home/jellyfish/ws_moveit/install/moveit_ros_perception/share/moveit_ros_perception/package.dsv
[0.312s] -- Up-to-date: /home/jellyfish/ws_moveit/install/moveit_ros_perception/share/ament_index/resource_index/packages/moveit_ros_perception
[0.312s] -- Up-to-date: /home/jellyfish/ws_moveit/install/moveit_ros_perception/share/ament_index/resource_index/moveit_ros_occupancy_map_monitor__pluginlib__plugin/moveit_ros_perception
[0.313s] -- Up-to-date: /home/jellyfish/ws_moveit/install/moveit_ros_perception/share/moveit_ros_perception/cmake/export_moveit_ros_perceptionExport.cmake
[0.313s] -- Up-to-date: /home/jellyfish/ws_moveit/install/moveit_ros_perception/share/moveit_ros_perception/cmake/export_moveit_ros_perceptionExport-release.cmake
[0.313s] -- Up-to-date: /home/jellyfish/ws_moveit/install/moveit_ros_perception/share/moveit_ros_perception/cmake/ConfigExtras.cmake
[0.313s] -- Up-to-date: /home/jellyfish/ws_moveit/install/moveit_ros_perception/share/moveit_ros_perception/cmake/ament_cmake_export_targets-extras.cmake
[0.313s] -- Up-to-date: /home/jellyfish/ws_moveit/install/moveit_ros_perception/share/moveit_ros_perception/cmake/ament_cmake_export_dependencies-extras.cmake
[0.313s] -- Up-to-date: /home/jellyfish/ws_moveit/install/moveit_ros_perception/share/moveit_ros_perception/cmake/moveit_ros_perceptionConfig.cmake
[0.313s] -- Up-to-date: /home/jellyfish/ws_moveit/install/moveit_ros_perception/share/moveit_ros_perception/cmake/moveit_ros_perceptionConfig-version.cmake
[0.313s] -- Up-to-date: /home/jellyfish/ws_moveit/install/moveit_ros_perception/share/moveit_ros_perception/package.xml
[0.315s] Invoked command in '/home/jellyfish/ws_moveit/build/moveit_ros_perception' returned '0': AMENT_PREFIX_PATH=/home/jellyfish/ws_moveit/install/moveit_ros_planning:/home/jellyfish/ws_moveit/install/moveit_ros_occupancy_map_monitor:/home/jellyfish/ws_moveit/install/moveit_core:/home/jellyfish/ws_moveit/install/moveit_resources_panda_moveit_config:/home/jellyfish/ws_moveit/install/srdfdom:/home/jellyfish/ws_moveit/install/moveit_resources_pr2_description:/home/jellyfish/ws_moveit/install/moveit_resources_panda_description:/home/jellyfish/ws_moveit/install/moveit_common:${AMENT_PREFIX_PATH} CMAKE_PREFIX_PATH=/home/jellyfish/ws_moveit/install/moveit_ros_planning:/home/jellyfish/ws_moveit/install/moveit_ros_occupancy_map_monitor:/home/jellyfish/ws_moveit/install/moveit_core:/home/jellyfish/ws_moveit/install/moveit_resources_panda_moveit_config:/home/jellyfish/ws_moveit/install/srdfdom:/home/jellyfish/ws_moveit/install/moveit_resources_pr2_description:/home/jellyfish/ws_moveit/install/moveit_resources_panda_description:/home/jellyfish/ws_moveit/install/moveit_common:/opt/ros/humble LD_LIBRARY_PATH=/home/jellyfish/ws_moveit/install/moveit_ros_planning/lib:/home/jellyfish/ws_moveit/install/moveit_ros_occupancy_map_monitor/lib:/home/jellyfish/ws_moveit/install/moveit_core/lib:/home/jellyfish/ws_moveit/install/srdfdom/lib:${LD_LIBRARY_PATH} PATH=/home/jellyfish/ws_moveit/install/moveit_core/bin:${PATH} PYTHONPATH=/home/jellyfish/ws_moveit/install/srdfdom/local/lib/python3.10/dist-packages:${PYTHONPATH} /usr/bin/cmake --install /home/jellyfish/ws_moveit/build/moveit_ros_perception
