[0.031s] Invoking command in '/home/jellyfish/ws_moveit/build/chomp_motion_planner': AMENT_PREFIX_PATH=/home/jellyfish/ws_moveit/install/moveit_core:/home/jellyfish/ws_moveit/install/moveit_resources_panda_moveit_config:/home/jellyfish/ws_moveit/install/srdfdom:/home/jellyfish/ws_moveit/install/moveit_resources_pr2_description:/home/jellyfish/ws_moveit/install/moveit_resources_panda_description:/home/jellyfish/ws_moveit/install/moveit_common:${AMENT_PREFIX_PATH} CMAKE_PREFIX_PATH=/home/jellyfish/ws_moveit/install/moveit_core:/home/jellyfish/ws_moveit/install/moveit_resources_panda_moveit_config:/home/jellyfish/ws_moveit/install/srdfdom:/home/jellyfish/ws_moveit/install/moveit_resources_pr2_description:/home/jellyfish/ws_moveit/install/moveit_resources_panda_description:/home/jellyfish/ws_moveit/install/moveit_common:/opt/ros/humble LD_LIBRARY_PATH=/home/jellyfish/ws_moveit/install/moveit_core/lib:/home/jellyfish/ws_moveit/install/srdfdom/lib:${LD_LIBRARY_PATH} PATH=/home/jellyfish/ws_moveit/install/moveit_core/bin:${PATH} PYTHONPATH=/home/jellyfish/ws_moveit/install/srdfdom/local/lib/python3.10/dist-packages:${PYTHONPATH} /usr/bin/cmake --build /home/jellyfish/ws_moveit/build/chomp_motion_planner -- -j12 -l12
[0.121s] [35m[1mConsolidate compiler generated dependencies of target chomp_motion_planner[0m
[0.192s] [100%] Built target chomp_motion_planner
[0.220s] Invoked command in '/home/jellyfish/ws_moveit/build/chomp_motion_planner' returned '0': AMENT_PREFIX_PATH=/home/jellyfish/ws_moveit/install/moveit_core:/home/jellyfish/ws_moveit/install/moveit_resources_panda_moveit_config:/home/jellyfish/ws_moveit/install/srdfdom:/home/jellyfish/ws_moveit/install/moveit_resources_pr2_description:/home/jellyfish/ws_moveit/install/moveit_resources_panda_description:/home/jellyfish/ws_moveit/install/moveit_common:${AMENT_PREFIX_PATH} CMAKE_PREFIX_PATH=/home/jellyfish/ws_moveit/install/moveit_core:/home/jellyfish/ws_moveit/install/moveit_resources_panda_moveit_config:/home/jellyfish/ws_moveit/install/srdfdom:/home/jellyfish/ws_moveit/install/moveit_resources_pr2_description:/home/jellyfish/ws_moveit/install/moveit_resources_panda_description:/home/jellyfish/ws_moveit/install/moveit_common:/opt/ros/humble LD_LIBRARY_PATH=/home/jellyfish/ws_moveit/install/moveit_core/lib:/home/jellyfish/ws_moveit/install/srdfdom/lib:${LD_LIBRARY_PATH} PATH=/home/jellyfish/ws_moveit/install/moveit_core/bin:${PATH} PYTHONPATH=/home/jellyfish/ws_moveit/install/srdfdom/local/lib/python3.10/dist-packages:${PYTHONPATH} /usr/bin/cmake --build /home/jellyfish/ws_moveit/build/chomp_motion_planner -- -j12 -l12
[0.286s] Invoking command in '/home/jellyfish/ws_moveit/build/chomp_motion_planner': AMENT_PREFIX_PATH=/home/jellyfish/ws_moveit/install/moveit_core:/home/jellyfish/ws_moveit/install/moveit_resources_panda_moveit_config:/home/jellyfish/ws_moveit/install/srdfdom:/home/jellyfish/ws_moveit/install/moveit_resources_pr2_description:/home/jellyfish/ws_moveit/install/moveit_resources_panda_description:/home/jellyfish/ws_moveit/install/moveit_common:${AMENT_PREFIX_PATH} CMAKE_PREFIX_PATH=/home/jellyfish/ws_moveit/install/moveit_core:/home/jellyfish/ws_moveit/install/moveit_resources_panda_moveit_config:/home/jellyfish/ws_moveit/install/srdfdom:/home/jellyfish/ws_moveit/install/moveit_resources_pr2_description:/home/jellyfish/ws_moveit/install/moveit_resources_panda_description:/home/jellyfish/ws_moveit/install/moveit_common:/opt/ros/humble LD_LIBRARY_PATH=/home/jellyfish/ws_moveit/install/moveit_core/lib:/home/jellyfish/ws_moveit/install/srdfdom/lib:${LD_LIBRARY_PATH} PATH=/home/jellyfish/ws_moveit/install/moveit_core/bin:${PATH} PYTHONPATH=/home/jellyfish/ws_moveit/install/srdfdom/local/lib/python3.10/dist-packages:${PYTHONPATH} /usr/bin/cmake --install /home/jellyfish/ws_moveit/build/chomp_motion_planner
[0.295s] -- Install configuration: "Release"
[0.296s] -- Up-to-date: /home/jellyfish/ws_moveit/install/chomp_motion_planner/lib/libchomp_motion_planner.so.2.5.5
[0.296s] -- Up-to-date: /home/jellyfish/ws_moveit/install/chomp_motion_planner/lib/libchomp_motion_planner.so
[0.296s] -- Up-to-date: /home/jellyfish/ws_moveit/install/chomp_motion_planner/include
[0.296s] -- Up-to-date: /home/jellyfish/ws_moveit/install/chomp_motion_planner/include/chomp_motion_planner
[0.297s] -- Up-to-date: /home/jellyfish/ws_moveit/install/chomp_motion_planner/include/chomp_motion_planner/chomp_planner.h
[0.297s] -- Up-to-date: /home/jellyfish/ws_moveit/install/chomp_motion_planner/include/chomp_motion_planner/chomp_utils.h
[0.297s] -- Up-to-date: /home/jellyfish/ws_moveit/install/chomp_motion_planner/include/chomp_motion_planner/chomp_optimizer.h
[0.297s] -- Up-to-date: /home/jellyfish/ws_moveit/install/chomp_motion_planner/include/chomp_motion_planner/chomp_cost.h
[0.297s] -- Up-to-date: /home/jellyfish/ws_moveit/install/chomp_motion_planner/include/chomp_motion_planner/chomp_parameters.h
[0.297s] -- Up-to-date: /home/jellyfish/ws_moveit/install/chomp_motion_planner/include/chomp_motion_planner/multivariate_gaussian.h
[0.297s] -- Up-to-date: /home/jellyfish/ws_moveit/install/chomp_motion_planner/include/chomp_motion_planner/chomp_trajectory.h
[0.297s] -- Up-to-date: /home/jellyfish/ws_moveit/install/chomp_motion_planner/share/chomp_motion_planner/environment/library_path.sh
[0.297s] -- Up-to-date: /home/jellyfish/ws_moveit/install/chomp_motion_planner/share/chomp_motion_planner/environment/library_path.dsv
[0.298s] -- Up-to-date: /home/jellyfish/ws_moveit/install/chomp_motion_planner/share/ament_index/resource_index/package_run_dependencies/chomp_motion_planner
[0.298s] -- Up-to-date: /home/jellyfish/ws_moveit/install/chomp_motion_planner/share/ament_index/resource_index/parent_prefix_path/chomp_motion_planner
[0.298s] -- Up-to-date: /home/jellyfish/ws_moveit/install/chomp_motion_planner/share/chomp_motion_planner/environment/ament_prefix_path.sh
[0.298s] -- Up-to-date: /home/jellyfish/ws_moveit/install/chomp_motion_planner/share/chomp_motion_planner/environment/ament_prefix_path.dsv
[0.298s] -- Up-to-date: /home/jellyfish/ws_moveit/install/chomp_motion_planner/share/chomp_motion_planner/environment/path.sh
[0.298s] -- Up-to-date: /home/jellyfish/ws_moveit/install/chomp_motion_planner/share/chomp_motion_planner/environment/path.dsv
[0.298s] -- Up-to-date: /home/jellyfish/ws_moveit/install/chomp_motion_planner/share/chomp_motion_planner/local_setup.bash
[0.298s] -- Up-to-date: /home/jellyfish/ws_moveit/install/chomp_motion_planner/share/chomp_motion_planner/local_setup.sh
[0.298s] -- Up-to-date: /home/jellyfish/ws_moveit/install/chomp_motion_planner/share/chomp_motion_planner/local_setup.zsh
[0.299s] -- Up-to-date: /home/jellyfish/ws_moveit/install/chomp_motion_planner/share/chomp_motion_planner/local_setup.dsv
[0.299s] -- Installing: /home/jellyfish/ws_moveit/install/chomp_motion_planner/share/chomp_motion_planner/package.dsv
[0.299s] -- Up-to-date: /home/jellyfish/ws_moveit/install/chomp_motion_planner/share/ament_index/resource_index/packages/chomp_motion_planner
[0.300s] -- Up-to-date: /home/jellyfish/ws_moveit/install/chomp_motion_planner/share/chomp_motion_planner/cmake/chomp_motion_plannerTargetsExport.cmake
[0.300s] -- Up-to-date: /home/jellyfish/ws_moveit/install/chomp_motion_planner/share/chomp_motion_planner/cmake/chomp_motion_plannerTargetsExport-release.cmake
[0.300s] -- Up-to-date: /home/jellyfish/ws_moveit/install/chomp_motion_planner/share/chomp_motion_planner/cmake/ament_cmake_export_targets-extras.cmake
[0.300s] -- Up-to-date: /home/jellyfish/ws_moveit/install/chomp_motion_planner/share/chomp_motion_planner/cmake/chomp_motion_plannerConfig.cmake
[0.300s] -- Up-to-date: /home/jellyfish/ws_moveit/install/chomp_motion_planner/share/chomp_motion_planner/cmake/chomp_motion_plannerConfig-version.cmake
[0.300s] -- Up-to-date: /home/jellyfish/ws_moveit/install/chomp_motion_planner/share/chomp_motion_planner/package.xml
[0.303s] Invoked command in '/home/jellyfish/ws_moveit/build/chomp_motion_planner' returned '0': AMENT_PREFIX_PATH=/home/jellyfish/ws_moveit/install/moveit_core:/home/jellyfish/ws_moveit/install/moveit_resources_panda_moveit_config:/home/jellyfish/ws_moveit/install/srdfdom:/home/jellyfish/ws_moveit/install/moveit_resources_pr2_description:/home/jellyfish/ws_moveit/install/moveit_resources_panda_description:/home/jellyfish/ws_moveit/install/moveit_common:${AMENT_PREFIX_PATH} CMAKE_PREFIX_PATH=/home/jellyfish/ws_moveit/install/moveit_core:/home/jellyfish/ws_moveit/install/moveit_resources_panda_moveit_config:/home/jellyfish/ws_moveit/install/srdfdom:/home/jellyfish/ws_moveit/install/moveit_resources_pr2_description:/home/jellyfish/ws_moveit/install/moveit_resources_panda_description:/home/jellyfish/ws_moveit/install/moveit_common:/opt/ros/humble LD_LIBRARY_PATH=/home/jellyfish/ws_moveit/install/moveit_core/lib:/home/jellyfish/ws_moveit/install/srdfdom/lib:${LD_LIBRARY_PATH} PATH=/home/jellyfish/ws_moveit/install/moveit_core/bin:${PATH} PYTHONPATH=/home/jellyfish/ws_moveit/install/srdfdom/local/lib/python3.10/dist-packages:${PYTHONPATH} /usr/bin/cmake --install /home/jellyfish/ws_moveit/build/chomp_motion_planner
