[0.019s] Invoking command in '/home/jellyfish/ws_moveit/build/moveit_ros_occupancy_map_monitor': AMENT_PREFIX_PATH=/home/jellyfish/ws_moveit/install/moveit_core:/home/jellyfish/ws_moveit/install/moveit_resources_panda_moveit_config:/home/jellyfish/ws_moveit/install/srdfdom:/home/jellyfish/ws_moveit/install/moveit_resources_pr2_description:/home/jellyfish/ws_moveit/install/moveit_resources_panda_description:/home/jellyfish/ws_moveit/install/moveit_common:${AMENT_PREFIX_PATH} CMAKE_PREFIX_PATH=/home/jellyfish/ws_moveit/install/moveit_core:/home/jellyfish/ws_moveit/install/moveit_resources_panda_moveit_config:/home/jellyfish/ws_moveit/install/srdfdom:/home/jellyfish/ws_moveit/install/moveit_resources_pr2_description:/home/jellyfish/ws_moveit/install/moveit_resources_panda_description:/home/jellyfish/ws_moveit/install/moveit_common:/opt/ros/humble LD_LIBRARY_PATH=/home/jellyfish/ws_moveit/install/moveit_core/lib:/home/jellyfish/ws_moveit/install/srdfdom/lib:${LD_LIBRARY_PATH} PATH=/home/jellyfish/ws_moveit/install/moveit_core/bin:${PATH} PYTHONPATH=/home/jellyfish/ws_moveit/install/srdfdom/local/lib/python3.10/dist-packages:${PYTHONPATH} /usr/bin/cmake /home/jellyfish/ws_moveit/src/moveit2/moveit_ros/occupancy_map_monitor -DCMAKE_BUILD_TYPE=Release -DCMAKE_INSTALL_PREFIX=/home/jellyfish/ws_moveit/install/moveit_ros_occupancy_map_monitor
[0.080s] -- The C compiler identification is GNU 11.4.0
[0.190s] -- The CXX compiler identification is GNU 11.4.0
[0.200s] -- Detecting C compiler ABI info
[0.316s] -- Detecting C compiler ABI info - done
[0.333s] -- Check for working C compiler: /usr/bin/cc - skipped
[0.334s] -- Detecting C compile features
[0.334s] -- Detecting C compile features - done
[0.342s] -- Detecting CXX compiler ABI info
[0.445s] -- Detecting CXX compiler ABI info - done
[0.463s] -- Check for working CXX compiler: /usr/bin/c++ - skipped
[0.463s] -- Detecting CXX compile features
[0.464s] -- Detecting CXX compile features - done
[0.467s] -- Found moveit_common: 2.5.5 (/home/jellyfish/ws_moveit/install/moveit_common/share/moveit_common/cmake)
[0.475s] -- Found ament_cmake: 1.3.9 (/opt/ros/humble/share/ament_cmake/cmake)
[0.669s] -- Found Python3: /usr/bin/python3 (found version "3.10.12") found components: Interpreter 
[0.911s] -- Found libdw: /usr/lib/x86_64-linux-gnu/libdw.so  
[0.917s] -- Could NOT find libbfd (missing: LIBBFD_LIBRARY LIBBFD_INCLUDE_DIR) 
[0.917s] -- BACKWARD_HAS_UNWIND=1
[0.917s] -- BACKWARD_HAS_BACKTRACE=0
[0.918s] -- BACKWARD_HAS_BACKTRACE_SYMBOL=0
[0.918s] -- BACKWARD_HAS_DW=1
[0.918s] -- BACKWARD_HAS_BFD=0
[0.918s] -- Found Backward: /opt/ros/humble/share/backward_ros/cmake  
[0.918s] -- Found moveit_core: 2.5.5 (/home/jellyfish/ws_moveit/install/moveit_core/share/moveit_core/cmake)
[1.232s] -- Found Boost: /usr/lib/x86_64-linux-gnu/cmake/Boost-1.74.0/BoostConfig.cmake (found version "1.74.0") found components: chrono date_time filesystem iostreams program_options regex serialization system thread 
[1.310s] -- Found parameter_traits: 0.3.8 (/opt/ros/humble/share/parameter_traits/cmake)
[1.355s] -- Found rosidl_generator_c: 3.1.5 (/opt/ros/humble/share/rosidl_generator_c/cmake)
[1.362s] -- Found rosidl_adapter: 3.1.5 (/opt/ros/humble/share/rosidl_adapter/cmake)
[1.371s] -- Found rosidl_generator_cpp: 3.1.5 (/opt/ros/humble/share/rosidl_generator_cpp/cmake)
[1.386s] -- Using all available rosidl_typesupport_c: rosidl_typesupport_fastrtps_c;rosidl_typesupport_introspection_c
[1.407s] -- Using all available rosidl_typesupport_cpp: rosidl_typesupport_fastrtps_cpp;rosidl_typesupport_introspection_cpp
[1.482s] -- Found rmw_implementation_cmake: 6.1.2 (/opt/ros/humble/share/rmw_implementation_cmake/cmake)
[1.486s] -- Found rmw_fastrtps_cpp: 6.2.6 (/opt/ros/humble/share/rmw_fastrtps_cpp/cmake)
[1.641s] -- Found OpenSSL: /usr/lib/x86_64-linux-gnu/libcrypto.so (found version "3.0.2")  
[1.668s] -- Found FastRTPS: /opt/ros/humble/include  
[1.735s] -- Using RMW implementation 'rmw_fastrtps_cpp' as default
[1.747s] -- Found Threads: TRUE  
[1.924s] -- Found Eigen3: TRUE (found version "3.4.0") 
[1.927s] -- Found rclcpp_lifecycle: 16.0.9 (/opt/ros/humble/share/rclcpp_lifecycle/cmake)
[1.976s] -- Found Boost: /usr/lib/x86_64-linux-gnu/cmake/Boost-1.74.0/BoostConfig.cmake (found version "1.74.0") found components: filesystem 
[2.173s] -- library: /usr/lib/x86_64-linux-gnu/libcurl.so
[2.490s] -- Ensuring Eigen3 include directory is part of orocos-kdl CMake target
[3.566s] -- Found ament_lint_auto: 0.12.11 (/opt/ros/humble/share/ament_lint_auto/cmake)
[3.587s] -- Found gmock sources under '/opt/ros/humble/src/gmock_vendor': C++ tests using 'Google Mock' will be built
[3.593s] -- Found ament_cmake_gtest: 1.3.9 (/opt/ros/humble/share/ament_cmake_gtest/cmake)
[3.594s] -- Found gtest sources under '/opt/ros/humble/src/gtest_vendor': C++ tests using 'Google Test' will be built
[3.601s] -- Added test 'cppcheck' to perform static code analysis on C / C++ code
[3.602s] -- Configured cppcheck include dirs: /home/jellyfish/ws_moveit/src/moveit2/moveit_ros/occupancy_map_monitor/include
[3.602s] -- Configured cppcheck exclude dirs and/or files: 
[3.602s] -- Added test 'lint_cmake' to check CMake code style
[3.603s] -- Added test 'xmllint' to check XML markup files
[3.605s] -- Configuring done
[3.666s] -- Generating done
[3.669s] -- Build files have been written to: /home/jellyfish/ws_moveit/build/moveit_ros_occupancy_map_monitor
[3.685s] Invoked command in '/home/jellyfish/ws_moveit/build/moveit_ros_occupancy_map_monitor' returned '0': AMENT_PREFIX_PATH=/home/jellyfish/ws_moveit/install/moveit_core:/home/jellyfish/ws_moveit/install/moveit_resources_panda_moveit_config:/home/jellyfish/ws_moveit/install/srdfdom:/home/jellyfish/ws_moveit/install/moveit_resources_pr2_description:/home/jellyfish/ws_moveit/install/moveit_resources_panda_description:/home/jellyfish/ws_moveit/install/moveit_common:${AMENT_PREFIX_PATH} CMAKE_PREFIX_PATH=/home/jellyfish/ws_moveit/install/moveit_core:/home/jellyfish/ws_moveit/install/moveit_resources_panda_moveit_config:/home/jellyfish/ws_moveit/install/srdfdom:/home/jellyfish/ws_moveit/install/moveit_resources_pr2_description:/home/jellyfish/ws_moveit/install/moveit_resources_panda_description:/home/jellyfish/ws_moveit/install/moveit_common:/opt/ros/humble LD_LIBRARY_PATH=/home/jellyfish/ws_moveit/install/moveit_core/lib:/home/jellyfish/ws_moveit/install/srdfdom/lib:${LD_LIBRARY_PATH} PATH=/home/jellyfish/ws_moveit/install/moveit_core/bin:${PATH} PYTHONPATH=/home/jellyfish/ws_moveit/install/srdfdom/local/lib/python3.10/dist-packages:${PYTHONPATH} /usr/bin/cmake /home/jellyfish/ws_moveit/src/moveit2/moveit_ros/occupancy_map_monitor -DCMAKE_BUILD_TYPE=Release -DCMAKE_INSTALL_PREFIX=/home/jellyfish/ws_moveit/install/moveit_ros_occupancy_map_monitor
[3.688s] Invoking command in '/home/jellyfish/ws_moveit/build/moveit_ros_occupancy_map_monitor': AMENT_PREFIX_PATH=/home/jellyfish/ws_moveit/install/moveit_core:/home/jellyfish/ws_moveit/install/moveit_resources_panda_moveit_config:/home/jellyfish/ws_moveit/install/srdfdom:/home/jellyfish/ws_moveit/install/moveit_resources_pr2_description:/home/jellyfish/ws_moveit/install/moveit_resources_panda_description:/home/jellyfish/ws_moveit/install/moveit_common:${AMENT_PREFIX_PATH} CMAKE_PREFIX_PATH=/home/jellyfish/ws_moveit/install/moveit_core:/home/jellyfish/ws_moveit/install/moveit_resources_panda_moveit_config:/home/jellyfish/ws_moveit/install/srdfdom:/home/jellyfish/ws_moveit/install/moveit_resources_pr2_description:/home/jellyfish/ws_moveit/install/moveit_resources_panda_description:/home/jellyfish/ws_moveit/install/moveit_common:/opt/ros/humble LD_LIBRARY_PATH=/home/jellyfish/ws_moveit/install/moveit_core/lib:/home/jellyfish/ws_moveit/install/srdfdom/lib:${LD_LIBRARY_PATH} PATH=/home/jellyfish/ws_moveit/install/moveit_core/bin:${PATH} PYTHONPATH=/home/jellyfish/ws_moveit/install/srdfdom/local/lib/python3.10/dist-packages:${PYTHONPATH} /usr/bin/cmake --build /home/jellyfish/ws_moveit/build/moveit_ros_occupancy_map_monitor -- -j12 -l12
[3.778s] [ 23%] [32mBuilding CXX object CMakeFiles/moveit_ros_occupancy_map_monitor.dir/src/occupancy_map_monitor_middleware_handle.cpp.o[0m
[3.778s] [ 23%] [32mBuilding CXX object CMakeFiles/moveit_ros_occupancy_map_monitor.dir/src/occupancy_map_monitor.cpp.o[0m
[3.778s] [ 23%] [32mBuilding CXX object CMakeFiles/moveit_ros_occupancy_map_monitor.dir/src/occupancy_map_updater.cpp.o[0m
[3.785s] [ 30%] [32mBuilding CXX object gmock/CMakeFiles/gmock_main.dir/src/gmock_main.cc.o[0m
[3.787s] [ 38%] [32mBuilding CXX object gmock/CMakeFiles/gmock.dir/opt/ros/humble/src/gtest_vendor/src/gtest-all.cc.o[0m
[3.792s] [ 46%] [32mBuilding CXX object gmock/CMakeFiles/gmock.dir/src/gmock-all.cc.o[0m
[5.040s] [ 53%] [32m[1mLinking CXX static library libgmock_main.a[0m
[5.121s] [ 53%] Built target gmock_main
[10.833s] [ 61%] [32m[1mLinking CXX static library libgmock.a[0m
[10.942s] [ 61%] Built target gmock
[13.588s] [ 69%] [32m[1mLinking CXX shared library libmoveit_ros_occupancy_map_monitor.so[0m
[13.876s] [ 69%] Built target moveit_ros_occupancy_map_monitor
[13.903s] [ 76%] [32mBuilding CXX object CMakeFiles/moveit_ros_occupancy_map_server.dir/src/occupancy_map_server.cpp.o[0m
[13.914s] [ 84%] [32mBuilding CXX object CMakeFiles/occupancy_map_monitor_tests.dir/test/occupancy_map_monitor_tests.cpp.o[0m
[19.967s] [ 92%] [32m[1mLinking CXX executable occupancy_map_monitor_tests[0m
[20.268s] [ 92%] Built target occupancy_map_monitor_tests
[24.755s] [100%] [32m[1mLinking CXX executable moveit_ros_occupancy_map_server[0m
[25.070s] [100%] Built target moveit_ros_occupancy_map_server
[25.092s] Invoked command in '/home/jellyfish/ws_moveit/build/moveit_ros_occupancy_map_monitor' returned '0': AMENT_PREFIX_PATH=/home/jellyfish/ws_moveit/install/moveit_core:/home/jellyfish/ws_moveit/install/moveit_resources_panda_moveit_config:/home/jellyfish/ws_moveit/install/srdfdom:/home/jellyfish/ws_moveit/install/moveit_resources_pr2_description:/home/jellyfish/ws_moveit/install/moveit_resources_panda_description:/home/jellyfish/ws_moveit/install/moveit_common:${AMENT_PREFIX_PATH} CMAKE_PREFIX_PATH=/home/jellyfish/ws_moveit/install/moveit_core:/home/jellyfish/ws_moveit/install/moveit_resources_panda_moveit_config:/home/jellyfish/ws_moveit/install/srdfdom:/home/jellyfish/ws_moveit/install/moveit_resources_pr2_description:/home/jellyfish/ws_moveit/install/moveit_resources_panda_description:/home/jellyfish/ws_moveit/install/moveit_common:/opt/ros/humble LD_LIBRARY_PATH=/home/jellyfish/ws_moveit/install/moveit_core/lib:/home/jellyfish/ws_moveit/install/srdfdom/lib:${LD_LIBRARY_PATH} PATH=/home/jellyfish/ws_moveit/install/moveit_core/bin:${PATH} PYTHONPATH=/home/jellyfish/ws_moveit/install/srdfdom/local/lib/python3.10/dist-packages:${PYTHONPATH} /usr/bin/cmake --build /home/jellyfish/ws_moveit/build/moveit_ros_occupancy_map_monitor -- -j12 -l12
[25.152s] Invoking command in '/home/jellyfish/ws_moveit/build/moveit_ros_occupancy_map_monitor': AMENT_PREFIX_PATH=/home/jellyfish/ws_moveit/install/moveit_core:/home/jellyfish/ws_moveit/install/moveit_resources_panda_moveit_config:/home/jellyfish/ws_moveit/install/srdfdom:/home/jellyfish/ws_moveit/install/moveit_resources_pr2_description:/home/jellyfish/ws_moveit/install/moveit_resources_panda_description:/home/jellyfish/ws_moveit/install/moveit_common:${AMENT_PREFIX_PATH} CMAKE_PREFIX_PATH=/home/jellyfish/ws_moveit/install/moveit_core:/home/jellyfish/ws_moveit/install/moveit_resources_panda_moveit_config:/home/jellyfish/ws_moveit/install/srdfdom:/home/jellyfish/ws_moveit/install/moveit_resources_pr2_description:/home/jellyfish/ws_moveit/install/moveit_resources_panda_description:/home/jellyfish/ws_moveit/install/moveit_common:/opt/ros/humble LD_LIBRARY_PATH=/home/jellyfish/ws_moveit/install/moveit_core/lib:/home/jellyfish/ws_moveit/install/srdfdom/lib:${LD_LIBRARY_PATH} PATH=/home/jellyfish/ws_moveit/install/moveit_core/bin:${PATH} PYTHONPATH=/home/jellyfish/ws_moveit/install/srdfdom/local/lib/python3.10/dist-packages:${PYTHONPATH} /usr/bin/cmake --install /home/jellyfish/ws_moveit/build/moveit_ros_occupancy_map_monitor
[25.171s] -- Install configuration: "Release"
[25.171s] -- Installing: /home/jellyfish/ws_moveit/install/moveit_ros_occupancy_map_monitor/lib/libmoveit_ros_occupancy_map_monitor.so.2.5.5
[25.175s] -- Set runtime path of "/home/jellyfish/ws_moveit/install/moveit_ros_occupancy_map_monitor/lib/libmoveit_ros_occupancy_map_monitor.so.2.5.5" to ""
[25.175s] -- Installing: /home/jellyfish/ws_moveit/install/moveit_ros_occupancy_map_monitor/lib/libmoveit_ros_occupancy_map_monitor.so
[25.176s] -- Installing: /home/jellyfish/ws_moveit/install/moveit_ros_occupancy_map_monitor/lib/moveit_ros_occupancy_map_monitor/moveit_ros_occupancy_map_server
[25.179s] -- Set runtime path of "/home/jellyfish/ws_moveit/install/moveit_ros_occupancy_map_monitor/lib/moveit_ros_occupancy_map_monitor/moveit_ros_occupancy_map_server" to ""
[25.180s] -- Installing: /home/jellyfish/ws_moveit/install/moveit_ros_occupancy_map_monitor/include
[25.180s] -- Installing: /home/jellyfish/ws_moveit/install/moveit_ros_occupancy_map_monitor/include/moveit
[25.180s] -- Installing: /home/jellyfish/ws_moveit/install/moveit_ros_occupancy_map_monitor/include/moveit/occupancy_map_monitor
[25.180s] -- Installing: /home/jellyfish/ws_moveit/install/moveit_ros_occupancy_map_monitor/include/moveit/occupancy_map_monitor/occupancy_map_updater.h
[25.180s] -- Installing: /home/jellyfish/ws_moveit/install/moveit_ros_occupancy_map_monitor/include/moveit/occupancy_map_monitor/occupancy_map_monitor.h
[25.180s] -- Installing: /home/jellyfish/ws_moveit/install/moveit_ros_occupancy_map_monitor/include/moveit/occupancy_map_monitor/occupancy_map_monitor_middleware_handle.hpp
[25.181s] -- Installing: /home/jellyfish/ws_moveit/install/moveit_ros_occupancy_map_monitor/share/moveit_ros_occupancy_map_monitor/environment/library_path.sh
[25.181s] -- Installing: /home/jellyfish/ws_moveit/install/moveit_ros_occupancy_map_monitor/share/moveit_ros_occupancy_map_monitor/environment/library_path.dsv
[25.183s] -- Installing: /home/jellyfish/ws_moveit/install/moveit_ros_occupancy_map_monitor/share/ament_index/resource_index/package_run_dependencies/moveit_ros_occupancy_map_monitor
[25.183s] -- Installing: /home/jellyfish/ws_moveit/install/moveit_ros_occupancy_map_monitor/share/ament_index/resource_index/parent_prefix_path/moveit_ros_occupancy_map_monitor
[25.184s] -- Installing: /home/jellyfish/ws_moveit/install/moveit_ros_occupancy_map_monitor/share/moveit_ros_occupancy_map_monitor/environment/ament_prefix_path.sh
[25.184s] -- Installing: /home/jellyfish/ws_moveit/install/moveit_ros_occupancy_map_monitor/share/moveit_ros_occupancy_map_monitor/environment/ament_prefix_path.dsv
[25.184s] -- Installing: /home/jellyfish/ws_moveit/install/moveit_ros_occupancy_map_monitor/share/moveit_ros_occupancy_map_monitor/environment/path.sh
[25.185s] -- Installing: /home/jellyfish/ws_moveit/install/moveit_ros_occupancy_map_monitor/share/moveit_ros_occupancy_map_monitor/environment/path.dsv
[25.185s] -- Installing: /home/jellyfish/ws_moveit/install/moveit_ros_occupancy_map_monitor/share/moveit_ros_occupancy_map_monitor/local_setup.bash
[25.185s] -- Installing: /home/jellyfish/ws_moveit/install/moveit_ros_occupancy_map_monitor/share/moveit_ros_occupancy_map_monitor/local_setup.sh
[25.186s] -- Installing: /home/jellyfish/ws_moveit/install/moveit_ros_occupancy_map_monitor/share/moveit_ros_occupancy_map_monitor/local_setup.zsh
[25.186s] -- Installing: /home/jellyfish/ws_moveit/install/moveit_ros_occupancy_map_monitor/share/moveit_ros_occupancy_map_monitor/local_setup.dsv
[25.187s] -- Installing: /home/jellyfish/ws_moveit/install/moveit_ros_occupancy_map_monitor/share/moveit_ros_occupancy_map_monitor/package.dsv
[25.187s] -- Installing: /home/jellyfish/ws_moveit/install/moveit_ros_occupancy_map_monitor/share/ament_index/resource_index/packages/moveit_ros_occupancy_map_monitor
[25.187s] -- Installing: /home/jellyfish/ws_moveit/install/moveit_ros_occupancy_map_monitor/share/moveit_ros_occupancy_map_monitor/cmake/export_moveit_ros_occupancy_map_monitorExport.cmake
[25.188s] -- Installing: /home/jellyfish/ws_moveit/install/moveit_ros_occupancy_map_monitor/share/moveit_ros_occupancy_map_monitor/cmake/export_moveit_ros_occupancy_map_monitorExport-release.cmake
[25.188s] -- Installing: /home/jellyfish/ws_moveit/install/moveit_ros_occupancy_map_monitor/share/moveit_ros_occupancy_map_monitor/cmake/ament_cmake_export_targets-extras.cmake
[25.188s] -- Installing: /home/jellyfish/ws_moveit/install/moveit_ros_occupancy_map_monitor/share/moveit_ros_occupancy_map_monitor/cmake/ament_cmake_export_dependencies-extras.cmake
[25.189s] -- Installing: /home/jellyfish/ws_moveit/install/moveit_ros_occupancy_map_monitor/share/moveit_ros_occupancy_map_monitor/cmake/moveit_ros_occupancy_map_monitorConfig.cmake
[25.189s] -- Installing: /home/jellyfish/ws_moveit/install/moveit_ros_occupancy_map_monitor/share/moveit_ros_occupancy_map_monitor/cmake/moveit_ros_occupancy_map_monitorConfig-version.cmake
[25.189s] -- Installing: /home/jellyfish/ws_moveit/install/moveit_ros_occupancy_map_monitor/share/moveit_ros_occupancy_map_monitor/package.xml
[25.196s] Invoked command in '/home/jellyfish/ws_moveit/build/moveit_ros_occupancy_map_monitor' returned '0': AMENT_PREFIX_PATH=/home/jellyfish/ws_moveit/install/moveit_core:/home/jellyfish/ws_moveit/install/moveit_resources_panda_moveit_config:/home/jellyfish/ws_moveit/install/srdfdom:/home/jellyfish/ws_moveit/install/moveit_resources_pr2_description:/home/jellyfish/ws_moveit/install/moveit_resources_panda_description:/home/jellyfish/ws_moveit/install/moveit_common:${AMENT_PREFIX_PATH} CMAKE_PREFIX_PATH=/home/jellyfish/ws_moveit/install/moveit_core:/home/jellyfish/ws_moveit/install/moveit_resources_panda_moveit_config:/home/jellyfish/ws_moveit/install/srdfdom:/home/jellyfish/ws_moveit/install/moveit_resources_pr2_description:/home/jellyfish/ws_moveit/install/moveit_resources_panda_description:/home/jellyfish/ws_moveit/install/moveit_common:/opt/ros/humble LD_LIBRARY_PATH=/home/jellyfish/ws_moveit/install/moveit_core/lib:/home/jellyfish/ws_moveit/install/srdfdom/lib:${LD_LIBRARY_PATH} PATH=/home/jellyfish/ws_moveit/install/moveit_core/bin:${PATH} PYTHONPATH=/home/jellyfish/ws_moveit/install/srdfdom/local/lib/python3.10/dist-packages:${PYTHONPATH} /usr/bin/cmake --install /home/jellyfish/ws_moveit/build/moveit_ros_occupancy_map_monitor
