[0.071s] Invoking command in '/home/jellyfish/ws_moveit/build/moveit_ros_visualization': AMENT_PREFIX_PATH=/home/jellyfish/ws_moveit/install/moveit_ros_planning_interface:/home/jellyfish/ws_moveit/install/moveit_ros_move_group:/home/jellyfish/ws_moveit/install/moveit_ros_warehouse:/home/jellyfish/ws_moveit/install/moveit_ros_robot_interaction:/home/jellyfish/ws_moveit/install/moveit_planners_ompl:/home/jellyfish/ws_moveit/install/moveit_kinematics:/home/jellyfish/ws_moveit/install/moveit_ros_planning:/home/jellyfish/ws_moveit/install/moveit_simple_controller_manager:/home/jellyfish/ws_moveit/install/moveit_ros_occupancy_map_monitor:/home/jellyfish/ws_moveit/install/moveit_core:/home/jellyfish/ws_moveit/install/moveit_resources_panda_moveit_config:/home/jellyfish/ws_moveit/install/moveit_resources_fanuc_moveit_config:/home/jellyfish/ws_moveit/install/moveit_configs_utils:/home/jellyfish/ws_moveit/install/srdfdom:/home/jellyfish/ws_moveit/install/moveit_resources_pr2_description:/home/jellyfish/ws_moveit/install/moveit_resources_panda_description:/home/jellyfish/ws_moveit/install/moveit_resources_fanuc_description:/home/jellyfish/ws_moveit/install/moveit_common:/home/jellyfish/ws_moveit/install/launch_param_builder:${AMENT_PREFIX_PATH} CMAKE_PREFIX_PATH=/home/jellyfish/ws_moveit/install/moveit_ros_planning_interface:/home/jellyfish/ws_moveit/install/moveit_ros_move_group:/home/jellyfish/ws_moveit/install/moveit_ros_warehouse:/home/jellyfish/ws_moveit/install/moveit_ros_robot_interaction:/home/jellyfish/ws_moveit/install/moveit_planners_ompl:/home/jellyfish/ws_moveit/install/moveit_kinematics:/home/jellyfish/ws_moveit/install/moveit_ros_planning:/home/jellyfish/ws_moveit/install/moveit_simple_controller_manager:/home/jellyfish/ws_moveit/install/moveit_ros_occupancy_map_monitor:/home/jellyfish/ws_moveit/install/moveit_core:/home/jellyfish/ws_moveit/install/moveit_resources_panda_moveit_config:/home/jellyfish/ws_moveit/install/moveit_resources_fanuc_moveit_config:/home/jellyfish/ws_moveit/install/srdfdom:/home/jellyfish/ws_moveit/install/moveit_resources_pr2_description:/home/jellyfish/ws_moveit/install/moveit_resources_panda_description:/home/jellyfish/ws_moveit/install/moveit_resources_fanuc_description:/home/jellyfish/ws_moveit/install/moveit_common:/opt/ros/humble LD_LIBRARY_PATH=/home/jellyfish/ws_moveit/install/moveit_ros_planning_interface/lib:/home/jellyfish/ws_moveit/install/moveit_ros_move_group/lib:/home/jellyfish/ws_moveit/install/moveit_ros_warehouse/lib:/home/jellyfish/ws_moveit/install/moveit_ros_robot_interaction/lib:/home/jellyfish/ws_moveit/install/moveit_planners_ompl/lib:/home/jellyfish/ws_moveit/install/moveit_kinematics/lib:/home/jellyfish/ws_moveit/install/moveit_ros_planning/lib:/home/jellyfish/ws_moveit/install/moveit_simple_controller_manager/lib:/home/jellyfish/ws_moveit/install/moveit_ros_occupancy_map_monitor/lib:/home/jellyfish/ws_moveit/install/moveit_core/lib:/home/jellyfish/ws_moveit/install/srdfdom/lib:${LD_LIBRARY_PATH} PATH=/home/jellyfish/ws_moveit/install/moveit_core/bin:${PATH} PYTHONPATH=/home/jellyfish/ws_moveit/install/moveit_configs_utils/lib/python3.10/site-packages:/home/jellyfish/ws_moveit/install/srdfdom/local/lib/python3.10/dist-packages:/home/jellyfish/ws_moveit/install/launch_param_builder/lib/python3.10/site-packages:${PYTHONPATH} /usr/bin/cmake --build /home/jellyfish/ws_moveit/build/moveit_ros_visualization -- -j12 -l12
[0.144s] [  1%] [34m[1mAutomatic MOC for target moveit_rviz_plugin_render_tools[0m
[0.186s] [  1%] Built target moveit_rviz_plugin_render_tools_autogen
[0.214s] [35m[1mConsolidate compiler generated dependencies of target moveit_rviz_plugin_render_tools[0m
[0.285s] [ 18%] Built target moveit_rviz_plugin_render_tools
[0.314s] [ 20%] [34m[1mAutomatic MOC for target moveit_robot_state_rviz_plugin_core[0m
[0.329s] [ 22%] [34m[1mAutomatic MOC for target moveit_planning_scene_rviz_plugin_core[0m
[0.342s] [ 22%] Built target moveit_robot_state_rviz_plugin_core_autogen
[0.361s] [35m[1mConsolidate compiler generated dependencies of target moveit_robot_state_rviz_plugin_core[0m
[0.382s] [ 22%] Built target moveit_planning_scene_rviz_plugin_core_autogen
[0.399s] [ 27%] Built target moveit_robot_state_rviz_plugin_core
[0.405s] [35m[1mConsolidate compiler generated dependencies of target moveit_planning_scene_rviz_plugin_core[0m
[0.428s] [ 29%] [34m[1mAutomatic MOC for target moveit_robot_state_rviz_plugin[0m
[0.454s] [ 29%] Built target moveit_robot_state_rviz_plugin_autogen
[0.454s] [ 36%] Built target moveit_planning_scene_rviz_plugin_core
[0.473s] [35m[1mConsolidate compiler generated dependencies of target moveit_robot_state_rviz_plugin[0m
[0.481s] [ 37%] [34m[1mAutomatic MOC for target moveit_trajectory_rviz_plugin_core[0m
[0.483s] [ 39%] [34m[1mAutomatic MOC for target moveit_planning_scene_rviz_plugin[0m
[0.504s] [ 44%] Built target moveit_robot_state_rviz_plugin
[0.508s] [ 44%] Built target moveit_planning_scene_rviz_plugin_autogen
[0.508s] [ 44%] Built target moveit_trajectory_rviz_plugin_core_autogen
[0.524s] [35m[1mConsolidate compiler generated dependencies of target moveit_planning_scene_rviz_plugin[0m
[0.527s] [35m[1mConsolidate compiler generated dependencies of target moveit_trajectory_rviz_plugin_core[0m
[0.566s] [ 51%] Built target moveit_trajectory_rviz_plugin_core
[0.566s] [ 55%] Built target moveit_planning_scene_rviz_plugin
[0.595s] [ 56%] [34m[1mAutomatic MOC for target moveit_motion_planning_rviz_plugin_core[0m
[0.596s] [ 58%] [34m[1mAutomatic MOC for target moveit_trajectory_rviz_plugin[0m
[0.622s] [ 58%] Built target moveit_trajectory_rviz_plugin_autogen
[0.629s] [ 58%] Built target moveit_motion_planning_rviz_plugin_core_autogen
[0.648s] [35m[1mConsolidate compiler generated dependencies of target moveit_motion_planning_rviz_plugin_core[0m
[0.649s] [35m[1mConsolidate compiler generated dependencies of target moveit_trajectory_rviz_plugin[0m
[0.680s] [ 62%] [32mBuilding CXX object motion_planning_rviz_plugin/CMakeFiles/moveit_motion_planning_rviz_plugin_core.dir/moveit_motion_planning_rviz_plugin_core_autogen/mocs_compilation.cpp.o[0m
[0.680s] [ 62%] [32mBuilding CXX object motion_planning_rviz_plugin/CMakeFiles/moveit_motion_planning_rviz_plugin_core.dir/src/motion_planning_frame.cpp.o[0m
[0.680s] [ 65%] [32mBuilding CXX object motion_planning_rviz_plugin/CMakeFiles/moveit_motion_planning_rviz_plugin_core.dir/src/motion_planning_frame_context.cpp.o[0m
[0.681s] [ 65%] [32mBuilding CXX object motion_planning_rviz_plugin/CMakeFiles/moveit_motion_planning_rviz_plugin_core.dir/src/motion_planning_frame_objects.cpp.o[0m
[0.682s] [ 68%] [32mBuilding CXX object motion_planning_rviz_plugin/CMakeFiles/moveit_motion_planning_rviz_plugin_core.dir/src/motion_planning_frame_manipulation.cpp.o[0m
[0.682s] [ 70%] [32mBuilding CXX object motion_planning_rviz_plugin/CMakeFiles/moveit_motion_planning_rviz_plugin_core.dir/src/motion_planning_frame_planning.cpp.o[0m
[0.682s] [ 70%] [32mBuilding CXX object motion_planning_rviz_plugin/CMakeFiles/moveit_motion_planning_rviz_plugin_core.dir/src/motion_planning_frame_states.cpp.o[0m
[0.683s] [ 72%] [32mBuilding CXX object motion_planning_rviz_plugin/CMakeFiles/moveit_motion_planning_rviz_plugin_core.dir/src/motion_planning_frame_joints_widget.cpp.o[0m
[0.683s] [ 75%] [32mBuilding CXX object motion_planning_rviz_plugin/CMakeFiles/moveit_motion_planning_rviz_plugin_core.dir/src/motion_planning_frame_scenes.cpp.o[0m
[0.683s] [ 75%] [32mBuilding CXX object motion_planning_rviz_plugin/CMakeFiles/moveit_motion_planning_rviz_plugin_core.dir/src/motion_planning_display.cpp.o[0m
[0.686s] [ 81%] Built target moveit_trajectory_rviz_plugin
[0.689s] [ 82%] [32mBuilding CXX object motion_planning_rviz_plugin/CMakeFiles/moveit_motion_planning_rviz_plugin_core.dir/src/interactive_marker_display.cpp.o[0m
[43.441s] [ 84%] [32m[1mLinking CXX shared library libmoveit_motion_planning_rviz_plugin_core.so[0m
[48.925s] [ 93%] Built target moveit_motion_planning_rviz_plugin_core
[48.965s] [ 94%] [34m[1mAutomatic MOC for target moveit_motion_planning_rviz_plugin[0m
[49.046s] [ 94%] Built target moveit_motion_planning_rviz_plugin_autogen
[49.080s] [ 96%] [32mBuilding CXX object motion_planning_rviz_plugin/CMakeFiles/moveit_motion_planning_rviz_plugin.dir/src/plugin_init.cpp.o[0m
[49.092s] [ 98%] [32mBuilding CXX object motion_planning_rviz_plugin/CMakeFiles/moveit_motion_planning_rviz_plugin.dir/moveit_motion_planning_rviz_plugin_autogen/mocs_compilation.cpp.o[0m
[62.814s] [100%] [32m[1mLinking CXX shared library libmoveit_motion_planning_rviz_plugin.so[0m
[64.191s] [100%] Built target moveit_motion_planning_rviz_plugin
[64.298s] Invoked command in '/home/jellyfish/ws_moveit/build/moveit_ros_visualization' returned '0': AMENT_PREFIX_PATH=/home/jellyfish/ws_moveit/install/moveit_ros_planning_interface:/home/jellyfish/ws_moveit/install/moveit_ros_move_group:/home/jellyfish/ws_moveit/install/moveit_ros_warehouse:/home/jellyfish/ws_moveit/install/moveit_ros_robot_interaction:/home/jellyfish/ws_moveit/install/moveit_planners_ompl:/home/jellyfish/ws_moveit/install/moveit_kinematics:/home/jellyfish/ws_moveit/install/moveit_ros_planning:/home/jellyfish/ws_moveit/install/moveit_simple_controller_manager:/home/jellyfish/ws_moveit/install/moveit_ros_occupancy_map_monitor:/home/jellyfish/ws_moveit/install/moveit_core:/home/jellyfish/ws_moveit/install/moveit_resources_panda_moveit_config:/home/jellyfish/ws_moveit/install/moveit_resources_fanuc_moveit_config:/home/jellyfish/ws_moveit/install/moveit_configs_utils:/home/jellyfish/ws_moveit/install/srdfdom:/home/jellyfish/ws_moveit/install/moveit_resources_pr2_description:/home/jellyfish/ws_moveit/install/moveit_resources_panda_description:/home/jellyfish/ws_moveit/install/moveit_resources_fanuc_description:/home/jellyfish/ws_moveit/install/moveit_common:/home/jellyfish/ws_moveit/install/launch_param_builder:${AMENT_PREFIX_PATH} CMAKE_PREFIX_PATH=/home/jellyfish/ws_moveit/install/moveit_ros_planning_interface:/home/jellyfish/ws_moveit/install/moveit_ros_move_group:/home/jellyfish/ws_moveit/install/moveit_ros_warehouse:/home/jellyfish/ws_moveit/install/moveit_ros_robot_interaction:/home/jellyfish/ws_moveit/install/moveit_planners_ompl:/home/jellyfish/ws_moveit/install/moveit_kinematics:/home/jellyfish/ws_moveit/install/moveit_ros_planning:/home/jellyfish/ws_moveit/install/moveit_simple_controller_manager:/home/jellyfish/ws_moveit/install/moveit_ros_occupancy_map_monitor:/home/jellyfish/ws_moveit/install/moveit_core:/home/jellyfish/ws_moveit/install/moveit_resources_panda_moveit_config:/home/jellyfish/ws_moveit/install/moveit_resources_fanuc_moveit_config:/home/jellyfish/ws_moveit/install/srdfdom:/home/jellyfish/ws_moveit/install/moveit_resources_pr2_description:/home/jellyfish/ws_moveit/install/moveit_resources_panda_description:/home/jellyfish/ws_moveit/install/moveit_resources_fanuc_description:/home/jellyfish/ws_moveit/install/moveit_common:/opt/ros/humble LD_LIBRARY_PATH=/home/jellyfish/ws_moveit/install/moveit_ros_planning_interface/lib:/home/jellyfish/ws_moveit/install/moveit_ros_move_group/lib:/home/jellyfish/ws_moveit/install/moveit_ros_warehouse/lib:/home/jellyfish/ws_moveit/install/moveit_ros_robot_interaction/lib:/home/jellyfish/ws_moveit/install/moveit_planners_ompl/lib:/home/jellyfish/ws_moveit/install/moveit_kinematics/lib:/home/jellyfish/ws_moveit/install/moveit_ros_planning/lib:/home/jellyfish/ws_moveit/install/moveit_simple_controller_manager/lib:/home/jellyfish/ws_moveit/install/moveit_ros_occupancy_map_monitor/lib:/home/jellyfish/ws_moveit/install/moveit_core/lib:/home/jellyfish/ws_moveit/install/srdfdom/lib:${LD_LIBRARY_PATH} PATH=/home/jellyfish/ws_moveit/install/moveit_core/bin:${PATH} PYTHONPATH=/home/jellyfish/ws_moveit/install/moveit_configs_utils/lib/python3.10/site-packages:/home/jellyfish/ws_moveit/install/srdfdom/local/lib/python3.10/dist-packages:/home/jellyfish/ws_moveit/install/launch_param_builder/lib/python3.10/site-packages:${PYTHONPATH} /usr/bin/cmake --build /home/jellyfish/ws_moveit/build/moveit_ros_visualization -- -j12 -l12
[64.348s] Invoking command in '/home/jellyfish/ws_moveit/build/moveit_ros_visualization': AMENT_PREFIX_PATH=/home/jellyfish/ws_moveit/install/moveit_ros_planning_interface:/home/jellyfish/ws_moveit/install/moveit_ros_move_group:/home/jellyfish/ws_moveit/install/moveit_ros_warehouse:/home/jellyfish/ws_moveit/install/moveit_ros_robot_interaction:/home/jellyfish/ws_moveit/install/moveit_planners_ompl:/home/jellyfish/ws_moveit/install/moveit_kinematics:/home/jellyfish/ws_moveit/install/moveit_ros_planning:/home/jellyfish/ws_moveit/install/moveit_simple_controller_manager:/home/jellyfish/ws_moveit/install/moveit_ros_occupancy_map_monitor:/home/jellyfish/ws_moveit/install/moveit_core:/home/jellyfish/ws_moveit/install/moveit_resources_panda_moveit_config:/home/jellyfish/ws_moveit/install/moveit_resources_fanuc_moveit_config:/home/jellyfish/ws_moveit/install/moveit_configs_utils:/home/jellyfish/ws_moveit/install/srdfdom:/home/jellyfish/ws_moveit/install/moveit_resources_pr2_description:/home/jellyfish/ws_moveit/install/moveit_resources_panda_description:/home/jellyfish/ws_moveit/install/moveit_resources_fanuc_description:/home/jellyfish/ws_moveit/install/moveit_common:/home/jellyfish/ws_moveit/install/launch_param_builder:${AMENT_PREFIX_PATH} CMAKE_PREFIX_PATH=/home/jellyfish/ws_moveit/install/moveit_ros_planning_interface:/home/jellyfish/ws_moveit/install/moveit_ros_move_group:/home/jellyfish/ws_moveit/install/moveit_ros_warehouse:/home/jellyfish/ws_moveit/install/moveit_ros_robot_interaction:/home/jellyfish/ws_moveit/install/moveit_planners_ompl:/home/jellyfish/ws_moveit/install/moveit_kinematics:/home/jellyfish/ws_moveit/install/moveit_ros_planning:/home/jellyfish/ws_moveit/install/moveit_simple_controller_manager:/home/jellyfish/ws_moveit/install/moveit_ros_occupancy_map_monitor:/home/jellyfish/ws_moveit/install/moveit_core:/home/jellyfish/ws_moveit/install/moveit_resources_panda_moveit_config:/home/jellyfish/ws_moveit/install/moveit_resources_fanuc_moveit_config:/home/jellyfish/ws_moveit/install/srdfdom:/home/jellyfish/ws_moveit/install/moveit_resources_pr2_description:/home/jellyfish/ws_moveit/install/moveit_resources_panda_description:/home/jellyfish/ws_moveit/install/moveit_resources_fanuc_description:/home/jellyfish/ws_moveit/install/moveit_common:/opt/ros/humble LD_LIBRARY_PATH=/home/jellyfish/ws_moveit/install/moveit_ros_planning_interface/lib:/home/jellyfish/ws_moveit/install/moveit_ros_move_group/lib:/home/jellyfish/ws_moveit/install/moveit_ros_warehouse/lib:/home/jellyfish/ws_moveit/install/moveit_ros_robot_interaction/lib:/home/jellyfish/ws_moveit/install/moveit_planners_ompl/lib:/home/jellyfish/ws_moveit/install/moveit_kinematics/lib:/home/jellyfish/ws_moveit/install/moveit_ros_planning/lib:/home/jellyfish/ws_moveit/install/moveit_simple_controller_manager/lib:/home/jellyfish/ws_moveit/install/moveit_ros_occupancy_map_monitor/lib:/home/jellyfish/ws_moveit/install/moveit_core/lib:/home/jellyfish/ws_moveit/install/srdfdom/lib:${LD_LIBRARY_PATH} PATH=/home/jellyfish/ws_moveit/install/moveit_core/bin:${PATH} PYTHONPATH=/home/jellyfish/ws_moveit/install/moveit_configs_utils/lib/python3.10/site-packages:/home/jellyfish/ws_moveit/install/srdfdom/local/lib/python3.10/dist-packages:/home/jellyfish/ws_moveit/install/launch_param_builder/lib/python3.10/site-packages:${PYTHONPATH} /usr/bin/cmake --install /home/jellyfish/ws_moveit/build/moveit_ros_visualization
[64.355s] -- Install configuration: "Release"
[64.355s] -- Installing: /home/jellyfish/ws_moveit/install/moveit_ros_visualization/include
[64.356s] -- Installing: /home/jellyfish/ws_moveit/install/moveit_ros_visualization/include/moveit
[64.356s] -- Installing: /home/jellyfish/ws_moveit/install/moveit_ros_visualization/include/moveit/rviz_plugin_render_tools
[64.356s] -- Installing: /home/jellyfish/ws_moveit/install/moveit_ros_visualization/include/moveit/rviz_plugin_render_tools/planning_scene_render.h
[64.356s] -- Installing: /home/jellyfish/ws_moveit/install/moveit_ros_visualization/include/moveit/rviz_plugin_render_tools/render_shapes.h
[64.356s] -- Installing: /home/jellyfish/ws_moveit/install/moveit_ros_visualization/include/moveit/rviz_plugin_render_tools/planning_link_updater.h
[64.357s] -- Installing: /home/jellyfish/ws_moveit/install/moveit_ros_visualization/include/moveit/rviz_plugin_render_tools/robot_state_visualization.h
[64.357s] -- Installing: /home/jellyfish/ws_moveit/install/moveit_ros_visualization/include/moveit/rviz_plugin_render_tools/octomap_render.h
[64.357s] -- Installing: /home/jellyfish/ws_moveit/install/moveit_ros_visualization/include/moveit/rviz_plugin_render_tools/trajectory_visualization.h
[64.357s] -- Installing: /home/jellyfish/ws_moveit/install/moveit_ros_visualization/include/moveit/rviz_plugin_render_tools/trajectory_panel.h
[64.357s] -- Installing: /home/jellyfish/ws_moveit/install/moveit_ros_visualization/include/ogre_helpers
[64.357s] -- Installing: /home/jellyfish/ws_moveit/install/moveit_ros_visualization/include/ogre_helpers/mesh_shape.hpp
[64.358s] -- Up-to-date: /home/jellyfish/ws_moveit/install/moveit_ros_visualization/include
[64.358s] -- Up-to-date: /home/jellyfish/ws_moveit/install/moveit_ros_visualization/include/moveit
[64.358s] -- Installing: /home/jellyfish/ws_moveit/install/moveit_ros_visualization/include/moveit/robot_state_rviz_plugin
[64.358s] -- Installing: /home/jellyfish/ws_moveit/install/moveit_ros_visualization/include/moveit/robot_state_rviz_plugin/robot_state_display.h
[64.358s] -- Up-to-date: /home/jellyfish/ws_moveit/install/moveit_ros_visualization/include
[64.358s] -- Up-to-date: /home/jellyfish/ws_moveit/install/moveit_ros_visualization/include/moveit
[64.359s] -- Installing: /home/jellyfish/ws_moveit/install/moveit_ros_visualization/include/moveit/planning_scene_rviz_plugin
[64.359s] -- Installing: /home/jellyfish/ws_moveit/install/moveit_ros_visualization/include/moveit/planning_scene_rviz_plugin/planning_scene_display.h
[64.359s] -- Installing: /home/jellyfish/ws_moveit/install/moveit_ros_visualization/include/moveit/planning_scene_rviz_plugin/background_processing.hpp
[64.359s] -- Installing: /home/jellyfish/ws_moveit/install/moveit_ros_visualization/include/moveit_planning_scene_rviz_plugin_core_export.h
[64.359s] -- Up-to-date: /home/jellyfish/ws_moveit/install/moveit_ros_visualization/include
[64.360s] -- Up-to-date: /home/jellyfish/ws_moveit/install/moveit_ros_visualization/include/moveit
[64.360s] -- Installing: /home/jellyfish/ws_moveit/install/moveit_ros_visualization/include/moveit/motion_planning_rviz_plugin
[64.360s] -- Installing: /home/jellyfish/ws_moveit/install/moveit_ros_visualization/include/moveit/motion_planning_rviz_plugin/interactive_marker_display.h
[64.360s] -- Installing: /home/jellyfish/ws_moveit/install/moveit_ros_visualization/include/moveit/motion_planning_rviz_plugin/motion_planning_frame.h
[64.360s] -- Installing: /home/jellyfish/ws_moveit/install/moveit_ros_visualization/include/moveit/motion_planning_rviz_plugin/motion_planning_frame_joints_widget.h
[64.360s] -- Installing: /home/jellyfish/ws_moveit/install/moveit_ros_visualization/include/moveit/motion_planning_rviz_plugin/motion_planning_display.h
[64.361s] -- Installing: /home/jellyfish/ws_moveit/install/moveit_ros_visualization/include/moveit/motion_planning_rviz_plugin/motion_planning_param_widget.h
[64.361s] -- Up-to-date: /home/jellyfish/ws_moveit/install/moveit_ros_visualization/include
[64.361s] -- Up-to-date: /home/jellyfish/ws_moveit/install/moveit_ros_visualization/include/moveit
[64.361s] -- Installing: /home/jellyfish/ws_moveit/install/moveit_ros_visualization/include/moveit/trajectory_rviz_plugin
[64.361s] -- Installing: /home/jellyfish/ws_moveit/install/moveit_ros_visualization/include/moveit/trajectory_rviz_plugin/trajectory_display.h
[64.361s] -- Installing: /home/jellyfish/ws_moveit/install/moveit_ros_visualization/share/moveit_ros_visualization/icons
[64.362s] -- Installing: /home/jellyfish/ws_moveit/install/moveit_ros_visualization/share/moveit_ros_visualization/icons/classes
[64.362s] -- Installing: /home/jellyfish/ws_moveit/install/moveit_ros_visualization/share/moveit_ros_visualization/icons/classes/PlanningScene.png
[64.362s] -- Installing: /home/jellyfish/ws_moveit/install/moveit_ros_visualization/share/moveit_ros_visualization/icons/classes/RobotState.png
[64.362s] -- Installing: /home/jellyfish/ws_moveit/install/moveit_ros_visualization/share/moveit_ros_visualization/icons/classes/Trajectory.png
[64.363s] -- Installing: /home/jellyfish/ws_moveit/install/moveit_ros_visualization/share/moveit_ros_visualization/icons/classes/MotionPlanning.png
[64.363s] -- Installing: /home/jellyfish/ws_moveit/install/moveit_ros_visualization/share/moveit_ros_visualization/motion_planning_rviz_plugin_description.xml
[64.364s] -- Installing: /home/jellyfish/ws_moveit/install/moveit_ros_visualization/share/moveit_ros_visualization/trajectory_rviz_plugin_description.xml
[64.364s] -- Installing: /home/jellyfish/ws_moveit/install/moveit_ros_visualization/share/moveit_ros_visualization/planning_scene_rviz_plugin_description.xml
[64.365s] -- Installing: /home/jellyfish/ws_moveit/install/moveit_ros_visualization/share/moveit_ros_visualization/robot_state_rviz_plugin_description.xml
[64.365s] -- Installing: /home/jellyfish/ws_moveit/install/moveit_ros_visualization/lib/libmoveit_motion_planning_rviz_plugin.so.2.5.5
[64.365s] -- Set runtime path of "/home/jellyfish/ws_moveit/install/moveit_ros_visualization/lib/libmoveit_motion_planning_rviz_plugin.so.2.5.5" to ""
[64.365s] -- Installing: /home/jellyfish/ws_moveit/install/moveit_ros_visualization/lib/libmoveit_motion_planning_rviz_plugin.so
[64.366s] -- Installing: /home/jellyfish/ws_moveit/install/moveit_ros_visualization/lib/libmoveit_motion_planning_rviz_plugin_core.so.2.5.5
[64.372s] -- Set runtime path of "/home/jellyfish/ws_moveit/install/moveit_ros_visualization/lib/libmoveit_motion_planning_rviz_plugin_core.so.2.5.5" to ""
[64.372s] -- Installing: /home/jellyfish/ws_moveit/install/moveit_ros_visualization/lib/libmoveit_motion_planning_rviz_plugin_core.so
[64.372s] -- Installing: /home/jellyfish/ws_moveit/install/moveit_ros_visualization/lib/libmoveit_planning_scene_rviz_plugin.so.2.5.5
[64.373s] -- Set runtime path of "/home/jellyfish/ws_moveit/install/moveit_ros_visualization/lib/libmoveit_planning_scene_rviz_plugin.so.2.5.5" to ""
[64.373s] -- Installing: /home/jellyfish/ws_moveit/install/moveit_ros_visualization/lib/libmoveit_planning_scene_rviz_plugin.so
[64.373s] -- Installing: /home/jellyfish/ws_moveit/install/moveit_ros_visualization/lib/libmoveit_planning_scene_rviz_plugin_core.so.2.5.5
[64.373s] -- Set runtime path of "/home/jellyfish/ws_moveit/install/moveit_ros_visualization/lib/libmoveit_planning_scene_rviz_plugin_core.so.2.5.5" to ""
[64.374s] -- Installing: /home/jellyfish/ws_moveit/install/moveit_ros_visualization/lib/libmoveit_planning_scene_rviz_plugin_core.so
[64.374s] -- Installing: /home/jellyfish/ws_moveit/install/moveit_ros_visualization/lib/libmoveit_robot_state_rviz_plugin.so.2.5.5
[64.374s] -- Set runtime path of "/home/jellyfish/ws_moveit/install/moveit_ros_visualization/lib/libmoveit_robot_state_rviz_plugin.so.2.5.5" to ""
[64.374s] -- Installing: /home/jellyfish/ws_moveit/install/moveit_ros_visualization/lib/libmoveit_robot_state_rviz_plugin.so
[64.374s] -- Installing: /home/jellyfish/ws_moveit/install/moveit_ros_visualization/lib/libmoveit_robot_state_rviz_plugin_core.so.2.5.5
[64.376s] -- Set runtime path of "/home/jellyfish/ws_moveit/install/moveit_ros_visualization/lib/libmoveit_robot_state_rviz_plugin_core.so.2.5.5" to ""
[64.377s] -- Installing: /home/jellyfish/ws_moveit/install/moveit_ros_visualization/lib/libmoveit_robot_state_rviz_plugin_core.so
[64.377s] -- Installing: /home/jellyfish/ws_moveit/install/moveit_ros_visualization/lib/libmoveit_rviz_plugin_render_tools.so.2.5.5
[64.379s] -- Set runtime path of "/home/jellyfish/ws_moveit/install/moveit_ros_visualization/lib/libmoveit_rviz_plugin_render_tools.so.2.5.5" to ""
[64.379s] -- Installing: /home/jellyfish/ws_moveit/install/moveit_ros_visualization/lib/libmoveit_rviz_plugin_render_tools.so
[64.379s] -- Installing: /home/jellyfish/ws_moveit/install/moveit_ros_visualization/lib/libmoveit_trajectory_rviz_plugin.so.2.5.5
[64.380s] -- Set runtime path of "/home/jellyfish/ws_moveit/install/moveit_ros_visualization/lib/libmoveit_trajectory_rviz_plugin.so.2.5.5" to ""
[64.380s] -- Installing: /home/jellyfish/ws_moveit/install/moveit_ros_visualization/lib/libmoveit_trajectory_rviz_plugin.so
[64.380s] -- Installing: /home/jellyfish/ws_moveit/install/moveit_ros_visualization/lib/libmoveit_trajectory_rviz_plugin_core.so.2.5.5
[64.380s] -- Set runtime path of "/home/jellyfish/ws_moveit/install/moveit_ros_visualization/lib/libmoveit_trajectory_rviz_plugin_core.so.2.5.5" to ""
[64.381s] -- Installing: /home/jellyfish/ws_moveit/install/moveit_ros_visualization/lib/libmoveit_trajectory_rviz_plugin_core.so
[64.381s] -- Installing: /home/jellyfish/ws_moveit/install/moveit_ros_visualization/share/moveit_ros_visualization/environment/library_path.sh
[64.382s] -- Installing: /home/jellyfish/ws_moveit/install/moveit_ros_visualization/share/moveit_ros_visualization/environment/library_path.dsv
[64.382s] -- Installing: /home/jellyfish/ws_moveit/install/moveit_ros_visualization/share/ament_index/resource_index/package_run_dependencies/moveit_ros_visualization
[64.383s] -- Installing: /home/jellyfish/ws_moveit/install/moveit_ros_visualization/share/ament_index/resource_index/parent_prefix_path/moveit_ros_visualization
[64.384s] -- Installing: /home/jellyfish/ws_moveit/install/moveit_ros_visualization/share/moveit_ros_visualization/environment/ament_prefix_path.sh
[64.385s] -- Installing: /home/jellyfish/ws_moveit/install/moveit_ros_visualization/share/moveit_ros_visualization/environment/ament_prefix_path.dsv
[64.385s] -- Installing: /home/jellyfish/ws_moveit/install/moveit_ros_visualization/share/moveit_ros_visualization/environment/path.sh
[64.385s] -- Installing: /home/jellyfish/ws_moveit/install/moveit_ros_visualization/share/moveit_ros_visualization/environment/path.dsv
[64.385s] -- Installing: /home/jellyfish/ws_moveit/install/moveit_ros_visualization/share/moveit_ros_visualization/local_setup.bash
[64.386s] -- Installing: /home/jellyfish/ws_moveit/install/moveit_ros_visualization/share/moveit_ros_visualization/local_setup.sh
[64.386s] -- Installing: /home/jellyfish/ws_moveit/install/moveit_ros_visualization/share/moveit_ros_visualization/local_setup.zsh
[64.386s] -- Installing: /home/jellyfish/ws_moveit/install/moveit_ros_visualization/share/moveit_ros_visualization/local_setup.dsv
[64.386s] -- Installing: /home/jellyfish/ws_moveit/install/moveit_ros_visualization/share/moveit_ros_visualization/package.dsv
[64.386s] -- Installing: /home/jellyfish/ws_moveit/install/moveit_ros_visualization/share/ament_index/resource_index/packages/moveit_ros_visualization
[64.387s] -- Installing: /home/jellyfish/ws_moveit/install/moveit_ros_visualization/share/ament_index/resource_index/rviz_common__pluginlib__plugin/moveit_ros_visualization
[64.387s] -- Installing: /home/jellyfish/ws_moveit/install/moveit_ros_visualization/share/moveit_ros_visualization/cmake/export_moveit_ros_visualizationExport.cmake
[64.387s] -- Installing: /home/jellyfish/ws_moveit/install/moveit_ros_visualization/share/moveit_ros_visualization/cmake/export_moveit_ros_visualizationExport-release.cmake
[64.388s] -- Installing: /home/jellyfish/ws_moveit/install/moveit_ros_visualization/share/moveit_ros_visualization/cmake/ConfigExtras.cmake
[64.388s] -- Installing: /home/jellyfish/ws_moveit/install/moveit_ros_visualization/share/moveit_ros_visualization/cmake/ament_cmake_export_targets-extras.cmake
[64.388s] -- Installing: /home/jellyfish/ws_moveit/install/moveit_ros_visualization/share/moveit_ros_visualization/cmake/ament_cmake_export_dependencies-extras.cmake
[64.388s] -- Installing: /home/jellyfish/ws_moveit/install/moveit_ros_visualization/share/moveit_ros_visualization/cmake/moveit_ros_visualizationConfig.cmake
[64.388s] -- Installing: /home/jellyfish/ws_moveit/install/moveit_ros_visualization/share/moveit_ros_visualization/cmake/moveit_ros_visualizationConfig-version.cmake
[64.389s] -- Installing: /home/jellyfish/ws_moveit/install/moveit_ros_visualization/share/moveit_ros_visualization/package.xml
[64.402s] Invoked command in '/home/jellyfish/ws_moveit/build/moveit_ros_visualization' returned '0': AMENT_PREFIX_PATH=/home/jellyfish/ws_moveit/install/moveit_ros_planning_interface:/home/jellyfish/ws_moveit/install/moveit_ros_move_group:/home/jellyfish/ws_moveit/install/moveit_ros_warehouse:/home/jellyfish/ws_moveit/install/moveit_ros_robot_interaction:/home/jellyfish/ws_moveit/install/moveit_planners_ompl:/home/jellyfish/ws_moveit/install/moveit_kinematics:/home/jellyfish/ws_moveit/install/moveit_ros_planning:/home/jellyfish/ws_moveit/install/moveit_simple_controller_manager:/home/jellyfish/ws_moveit/install/moveit_ros_occupancy_map_monitor:/home/jellyfish/ws_moveit/install/moveit_core:/home/jellyfish/ws_moveit/install/moveit_resources_panda_moveit_config:/home/jellyfish/ws_moveit/install/moveit_resources_fanuc_moveit_config:/home/jellyfish/ws_moveit/install/moveit_configs_utils:/home/jellyfish/ws_moveit/install/srdfdom:/home/jellyfish/ws_moveit/install/moveit_resources_pr2_description:/home/jellyfish/ws_moveit/install/moveit_resources_panda_description:/home/jellyfish/ws_moveit/install/moveit_resources_fanuc_description:/home/jellyfish/ws_moveit/install/moveit_common:/home/jellyfish/ws_moveit/install/launch_param_builder:${AMENT_PREFIX_PATH} CMAKE_PREFIX_PATH=/home/jellyfish/ws_moveit/install/moveit_ros_planning_interface:/home/jellyfish/ws_moveit/install/moveit_ros_move_group:/home/jellyfish/ws_moveit/install/moveit_ros_warehouse:/home/jellyfish/ws_moveit/install/moveit_ros_robot_interaction:/home/jellyfish/ws_moveit/install/moveit_planners_ompl:/home/jellyfish/ws_moveit/install/moveit_kinematics:/home/jellyfish/ws_moveit/install/moveit_ros_planning:/home/jellyfish/ws_moveit/install/moveit_simple_controller_manager:/home/jellyfish/ws_moveit/install/moveit_ros_occupancy_map_monitor:/home/jellyfish/ws_moveit/install/moveit_core:/home/jellyfish/ws_moveit/install/moveit_resources_panda_moveit_config:/home/jellyfish/ws_moveit/install/moveit_resources_fanuc_moveit_config:/home/jellyfish/ws_moveit/install/srdfdom:/home/jellyfish/ws_moveit/install/moveit_resources_pr2_description:/home/jellyfish/ws_moveit/install/moveit_resources_panda_description:/home/jellyfish/ws_moveit/install/moveit_resources_fanuc_description:/home/jellyfish/ws_moveit/install/moveit_common:/opt/ros/humble LD_LIBRARY_PATH=/home/jellyfish/ws_moveit/install/moveit_ros_planning_interface/lib:/home/jellyfish/ws_moveit/install/moveit_ros_move_group/lib:/home/jellyfish/ws_moveit/install/moveit_ros_warehouse/lib:/home/jellyfish/ws_moveit/install/moveit_ros_robot_interaction/lib:/home/jellyfish/ws_moveit/install/moveit_planners_ompl/lib:/home/jellyfish/ws_moveit/install/moveit_kinematics/lib:/home/jellyfish/ws_moveit/install/moveit_ros_planning/lib:/home/jellyfish/ws_moveit/install/moveit_simple_controller_manager/lib:/home/jellyfish/ws_moveit/install/moveit_ros_occupancy_map_monitor/lib:/home/jellyfish/ws_moveit/install/moveit_core/lib:/home/jellyfish/ws_moveit/install/srdfdom/lib:${LD_LIBRARY_PATH} PATH=/home/jellyfish/ws_moveit/install/moveit_core/bin:${PATH} PYTHONPATH=/home/jellyfish/ws_moveit/install/moveit_configs_utils/lib/python3.10/site-packages:/home/jellyfish/ws_moveit/install/srdfdom/local/lib/python3.10/dist-packages:/home/jellyfish/ws_moveit/install/launch_param_builder/lib/python3.10/site-packages:${PYTHONPATH} /usr/bin/cmake --install /home/jellyfish/ws_moveit/build/moveit_ros_visualization
