[0.017s] Invoking command in '/home/jellyfish/ws_moveit/build/moveit_core': AMENT_PREFIX_PATH=/home/jellyfish/ws_moveit/install/moveit_resources_panda_moveit_config:/home/jellyfish/ws_moveit/install/srdfdom:/home/jellyfish/ws_moveit/install/moveit_resources_pr2_description:/home/jellyfish/ws_moveit/install/moveit_resources_panda_description:/home/jellyfish/ws_moveit/install/moveit_common:${AMENT_PREFIX_PATH} CMAKE_PREFIX_PATH=/home/jellyfish/ws_moveit/install/moveit_resources_panda_moveit_config:/home/jellyfish/ws_moveit/install/srdfdom:/home/jellyfish/ws_moveit/install/moveit_resources_pr2_description:/home/jellyfish/ws_moveit/install/moveit_resources_panda_description:/home/jellyfish/ws_moveit/install/moveit_common:/opt/ros/humble LD_LIBRARY_PATH=/home/jellyfish/ws_moveit/install/srdfdom/lib:${LD_LIBRARY_PATH} PYTHONPATH=/home/jellyfish/ws_moveit/install/srdfdom/local/lib/python3.10/dist-packages:${PYTHONPATH} /usr/bin/cmake /home/jellyfish/ws_moveit/src/moveit2/moveit_core -DCMAKE_BUILD_TYPE=Release -DCMAKE_INSTALL_PREFIX=/home/jellyfish/ws_moveit/install/moveit_core
[0.105s] -- The CXX compiler identification is GNU 11.4.0
[0.116s] -- Detecting CXX compiler ABI info
[0.223s] -- Detecting CXX compiler ABI info - done
[0.229s] -- Check for working CXX compiler: /usr/bin/c++ - skipped
[0.230s] -- Detecting CXX compile features
[0.230s] -- Detecting CXX compile features - done
[0.231s] -- Found moveit_common: 2.5.5 (/home/jellyfish/ws_moveit/install/moveit_common/share/moveit_common/cmake)
[0.234s] -- Found ament_cmake: 1.3.9 (/opt/ros/humble/share/ament_cmake/cmake)
[0.523s] -- Found Python3: /usr/bin/python3 (found version "3.10.12") found components: Interpreter 
[0.752s] -- Found libdw: /usr/lib/x86_64-linux-gnu/libdw.so  
[0.757s] -- Could NOT find libbfd (missing: LIBBFD_LIBRARY LIBBFD_INCLUDE_DIR) 
[0.757s] -- BACKWARD_HAS_UNWIND=1
[0.758s] -- BACKWARD_HAS_BACKTRACE=0
[0.758s] -- BACKWARD_HAS_BACKTRACE_SYMBOL=0
[0.758s] -- BACKWARD_HAS_DW=1
[0.758s] -- BACKWARD_HAS_BFD=0
[0.758s] -- Found Backward: /opt/ros/humble/share/backward_ros/cmake  
[0.762s] -- Found angles: 1.15.0 (/opt/ros/humble/share/angles/cmake)
[0.776s] -- Found Bullet: /usr/lib/x86_64-linux-gnu/libBulletDynamics.so (Required is at least version "2.87") 
[0.779s] -- Found common_interfaces: 4.2.4 (/opt/ros/humble/share/common_interfaces/cmake)
[0.782s] -- Found eigen_stl_containers: 1.0.0 (/opt/ros/humble/share/eigen_stl_containers/cmake)
[0.793s] -- Found eigen3_cmake_module: 0.1.1 (/opt/ros/humble/share/eigen3_cmake_module/cmake)
[0.798s] -- Found Eigen3: TRUE (found version "3.4.0") 
[0.805s] -- Found generate_parameter_library: 0.3.8 (/opt/ros/humble/share/generate_parameter_library/cmake)
[0.811s] -- Found parameter_traits: 0.3.8 (/opt/ros/humble/share/parameter_traits/cmake)
[0.854s] -- Found rosidl_generator_c: 3.1.5 (/opt/ros/humble/share/rosidl_generator_c/cmake)
[0.860s] -- Found rosidl_adapter: 3.1.5 (/opt/ros/humble/share/rosidl_adapter/cmake)
[0.869s] -- Found rosidl_generator_cpp: 3.1.5 (/opt/ros/humble/share/rosidl_generator_cpp/cmake)
[0.883s] -- Using all available rosidl_typesupport_c: rosidl_typesupport_fastrtps_c;rosidl_typesupport_introspection_c
[0.903s] -- Using all available rosidl_typesupport_cpp: rosidl_typesupport_fastrtps_cpp;rosidl_typesupport_introspection_cpp
[0.975s] -- Found rmw_implementation_cmake: 6.1.2 (/opt/ros/humble/share/rmw_implementation_cmake/cmake)
[0.978s] -- Found rmw_fastrtps_cpp: 6.2.6 (/opt/ros/humble/share/rmw_fastrtps_cpp/cmake)
[1.132s] -- Found OpenSSL: /usr/lib/x86_64-linux-gnu/libcrypto.so (found version "3.0.2")  
[1.188s] -- Found FastRTPS: /opt/ros/humble/include  
[1.242s] -- Using RMW implementation 'rmw_fastrtps_cpp' as default
[1.253s] -- Looking for C++ include pthread.h
[1.391s] -- Looking for C++ include pthread.h - found
[1.391s] -- Performing Test CMAKE_HAVE_LIBC_PTHREAD
[1.547s] -- Performing Test CMAKE_HAVE_LIBC_PTHREAD - Success
[1.549s] -- Found Threads: TRUE  
[1.774s] -- Found rclcpp_lifecycle: 16.0.9 (/opt/ros/humble/share/rclcpp_lifecycle/cmake)
[1.827s] -- Found geometric_shapes: 2.1.3 (/opt/ros/humble/share/geometric_shapes/cmake)
[1.838s] -- Found Boost: /usr/lib/x86_64-linux-gnu/cmake/Boost-1.74.0/BoostConfig.cmake (found version "1.74.0") found components: filesystem 
[2.065s] -- library: /usr/lib/x86_64-linux-gnu/libcurl.so
[2.333s] -- Found kdl_parser: 2.6.4 (/opt/ros/humble/share/kdl_parser/cmake)
[2.344s] -- Ensuring Eigen3 include directory is part of orocos-kdl CMake target
[2.350s] -- Found moveit_msgs: 2.2.1 (/opt/ros/humble/share/moveit_msgs/cmake)
[2.935s] -- Found pluginlib: 5.1.0 (/opt/ros/humble/share/pluginlib/cmake)
[2.961s] -- Found srdfdom: 2.0.4 (/home/jellyfish/ws_moveit/install/srdfdom/share/srdfdom/cmake)
[2.975s] -- Found tf2_eigen: 0.25.7 (/opt/ros/humble/share/tf2_eigen/cmake)
[3.249s] -- Found tf2_geometry_msgs: 0.25.7 (/opt/ros/humble/share/tf2_geometry_msgs/cmake)
[3.264s] -- Found tf2_kdl: 0.25.7 (/opt/ros/humble/share/tf2_kdl/cmake)
[3.321s] -- Found Boost: /usr/lib/x86_64-linux-gnu/cmake/Boost-1.74.0/BoostConfig.cmake (found version "1.74.0") found components: chrono date_time filesystem iostreams program_options regex serialization system thread 
[3.323s] --  *** Building MoveIt 2.5.5-Alpha ***
[3.328s] -- Performing Test COMPILER_HAS_HIDDEN_VISIBILITY
[3.505s] -- Performing Test COMPILER_HAS_HIDDEN_VISIBILITY - Success
[3.507s] -- Performing Test COMPILER_HAS_HIDDEN_INLINE_VISIBILITY
[3.679s] -- Performing Test COMPILER_HAS_HIDDEN_INLINE_VISIBILITY - Success
[3.679s] -- Performing Test COMPILER_HAS_DEPRECATED_ATTR
[3.827s] -- Performing Test COMPILER_HAS_DEPRECATED_ATTR - Success
[3.840s] -- Found ament_cmake_gtest: 1.3.9 (/opt/ros/humble/share/ament_cmake_gtest/cmake)
[3.848s] -- Found gtest sources under '/opt/ros/humble/src/gtest_vendor': C++ tests using 'Google Test' will be built
[3.925s] -- The C compiler identification is GNU 11.4.0
[3.940s] -- Detecting C compiler ABI info
[4.152s] -- Detecting C compiler ABI info - done
[4.159s] -- Check for working C compiler: /usr/bin/cc - skipped
[4.159s] -- Detecting C compile features
[4.160s] -- Detecting C compile features - done
[4.169s] -- Found ament_cmake_gmock: 1.3.9 (/opt/ros/humble/share/ament_cmake_gmock/cmake)
[4.175s] -- Found gmock sources under '/opt/ros/humble/src/gmock_vendor': C++ tests using 'Google Mock' will be built
[4.179s] -- Found ament_cmake_gtest: 1.3.9 (/opt/ros/humble/share/ament_cmake_gtest/cmake)
[4.180s] -- Found gtest sources under '/opt/ros/humble/src/gtest_vendor': C++ tests using 'Google Test' will be built
[4.188s] -- Found ament_cmake_gtest: 1.3.9 (/opt/ros/humble/share/ament_cmake_gtest/cmake)
[4.189s] -- Found gtest sources under '/opt/ros/humble/src/gtest_vendor': C++ tests using 'Google Test' will be built
[4.209s] -- Found ament_cmake_gtest: 1.3.9 (/opt/ros/humble/share/ament_cmake_gtest/cmake)
[4.210s] -- Found gtest sources under '/opt/ros/humble/src/gtest_vendor': C++ tests using 'Google Test' will be built
[4.224s] -- Found ament_lint_auto: 0.12.11 (/opt/ros/humble/share/ament_lint_auto/cmake)
[4.225s] -- Found ament_cmake_gtest: 1.3.9 (/opt/ros/humble/share/ament_cmake_gtest/cmake)
[4.225s] -- Found gtest sources under '/opt/ros/humble/src/gtest_vendor': C++ tests using 'Google Test' will be built
[4.240s] -- Found ament_cmake_gtest: 1.3.9 (/opt/ros/humble/share/ament_cmake_gtest/cmake)
[4.241s] -- Found gtest sources under '/opt/ros/humble/src/gtest_vendor': C++ tests using 'Google Test' will be built
[4.251s] -- Found ament_cmake_gtest: 1.3.9 (/opt/ros/humble/share/ament_cmake_gtest/cmake)
[4.251s] -- Found gtest sources under '/opt/ros/humble/src/gtest_vendor': C++ tests using 'Google Test' will be built
[4.259s] -- Found ament_cmake_gtest: 1.3.9 (/opt/ros/humble/share/ament_cmake_gtest/cmake)
[4.260s] -- Found gtest sources under '/opt/ros/humble/src/gtest_vendor': C++ tests using 'Google Test' will be built
[4.271s] -- Found gtest sources under '/opt/ros/humble/src/gtest_vendor': C++ tests using 'Google Test' will be built
[4.280s] -- Found gtest sources under '/opt/ros/humble/src/gtest_vendor': C++ tests using 'Google Test' will be built
[4.290s] -- Found ament_cmake_gtest: 1.3.9 (/opt/ros/humble/share/ament_cmake_gtest/cmake)
[4.291s] -- Found gtest sources under '/opt/ros/humble/src/gtest_vendor': C++ tests using 'Google Test' will be built
[4.309s] -- Found gtest sources under '/opt/ros/humble/src/gtest_vendor': C++ tests using 'Google Test' will be built
[4.321s] -- Found gtest sources under '/opt/ros/humble/src/gtest_vendor': C++ tests using 'Google Test' will be built
[4.331s] -- Found gtest sources under '/opt/ros/humble/src/gtest_vendor': C++ tests using 'Google Test' will be built
[4.338s] -- Found ament_lint_auto: 0.12.11 (/opt/ros/humble/share/ament_lint_auto/cmake)
[4.380s] -- Added test 'cppcheck' to perform static code analysis on C / C++ code
[4.381s] -- Configured cppcheck include dirs: /home/jellyfish/ws_moveit/src/moveit2/moveit_core/exceptions/include;/home/jellyfish/ws_moveit/src/moveit2/moveit_core/collision_detection/include;/home/jellyfish/ws_moveit/src/moveit2/moveit_core/collision_detection_fcl/include;/home/jellyfish/ws_moveit/src/moveit2/moveit_core/collision_detection_bullet/include;/home/jellyfish/ws_moveit/src/moveit2/moveit_core/constraint_samplers/include;/home/jellyfish/ws_moveit/src/moveit2/moveit_core/controller_manager/include;/home/jellyfish/ws_moveit/src/moveit2/moveit_core/distance_field/include;/home/jellyfish/ws_moveit/src/moveit2/moveit_core/collision_distance_field/include;/home/jellyfish/ws_moveit/src/moveit2/moveit_core/dynamics_solver/include;/home/jellyfish/ws_moveit/src/moveit2/moveit_core/kinematics_base/include;/home/jellyfish/ws_moveit/src/moveit2/moveit_core/kinematics_metrics/include;/home/jellyfish/ws_moveit/src/moveit2/moveit_core/robot_model/include;/home/jellyfish/ws_moveit/src/moveit2/moveit_core/transforms/include;/home/jellyfish/ws_moveit/src/moveit2/moveit_core/robot_state/include;/home/jellyfish/ws_moveit/src/moveit2/moveit_core/robot_trajectory/include;/home/jellyfish/ws_moveit/src/moveit2/moveit_core/kinematic_constraints/include;/home/jellyfish/ws_moveit/src/moveit2/moveit_core/macros/include;/home/jellyfish/ws_moveit/src/moveit2/moveit_core/online_signal_smoothing/include;/home/jellyfish/ws_moveit/src/moveit2/moveit_core/planning_interface/include;/home/jellyfish/ws_moveit/src/moveit2/moveit_core/planning_request_adapter/include;/home/jellyfish/ws_moveit/src/moveit2/moveit_core/planning_scene/include;/home/jellyfish/ws_moveit/src/moveit2/moveit_core/sensor_manager/include;/home/jellyfish/ws_moveit/src/moveit2/moveit_core/trajectory_processing/include;/home/jellyfish/ws_moveit/src/moveit2/moveit_core/utils/include
[4.381s] -- Configured cppcheck exclude dirs and/or files: 
[4.385s] -- Added test 'pep257' to check Python code against some of the docstring style conventions in PEP 257
[4.389s] -- Added test 'xmllint' to check XML markup files
[4.392s] -- Configuring done
[5.141s] -- Generating done
[5.151s] -- Build files have been written to: /home/jellyfish/ws_moveit/build/moveit_core
[5.187s] Invoked command in '/home/jellyfish/ws_moveit/build/moveit_core' returned '0': AMENT_PREFIX_PATH=/home/jellyfish/ws_moveit/install/moveit_resources_panda_moveit_config:/home/jellyfish/ws_moveit/install/srdfdom:/home/jellyfish/ws_moveit/install/moveit_resources_pr2_description:/home/jellyfish/ws_moveit/install/moveit_resources_panda_description:/home/jellyfish/ws_moveit/install/moveit_common:${AMENT_PREFIX_PATH} CMAKE_PREFIX_PATH=/home/jellyfish/ws_moveit/install/moveit_resources_panda_moveit_config:/home/jellyfish/ws_moveit/install/srdfdom:/home/jellyfish/ws_moveit/install/moveit_resources_pr2_description:/home/jellyfish/ws_moveit/install/moveit_resources_panda_description:/home/jellyfish/ws_moveit/install/moveit_common:/opt/ros/humble LD_LIBRARY_PATH=/home/jellyfish/ws_moveit/install/srdfdom/lib:${LD_LIBRARY_PATH} PYTHONPATH=/home/jellyfish/ws_moveit/install/srdfdom/local/lib/python3.10/dist-packages:${PYTHONPATH} /usr/bin/cmake /home/jellyfish/ws_moveit/src/moveit2/moveit_core -DCMAKE_BUILD_TYPE=Release -DCMAKE_INSTALL_PREFIX=/home/jellyfish/ws_moveit/install/moveit_core
[5.190s] Invoking command in '/home/jellyfish/ws_moveit/build/moveit_core': AMENT_PREFIX_PATH=/home/jellyfish/ws_moveit/install/moveit_resources_panda_moveit_config:/home/jellyfish/ws_moveit/install/srdfdom:/home/jellyfish/ws_moveit/install/moveit_resources_pr2_description:/home/jellyfish/ws_moveit/install/moveit_resources_panda_description:/home/jellyfish/ws_moveit/install/moveit_common:${AMENT_PREFIX_PATH} CMAKE_PREFIX_PATH=/home/jellyfish/ws_moveit/install/moveit_resources_panda_moveit_config:/home/jellyfish/ws_moveit/install/srdfdom:/home/jellyfish/ws_moveit/install/moveit_resources_pr2_description:/home/jellyfish/ws_moveit/install/moveit_resources_panda_description:/home/jellyfish/ws_moveit/install/moveit_common:/opt/ros/humble LD_LIBRARY_PATH=/home/jellyfish/ws_moveit/install/srdfdom/lib:${LD_LIBRARY_PATH} PYTHONPATH=/home/jellyfish/ws_moveit/install/srdfdom/local/lib/python3.10/dist-packages:${PYTHONPATH} /usr/bin/cmake --build /home/jellyfish/ws_moveit/build/moveit_core -- -j12 -l12
[5.272s] [  1%] [32mBuilding CXX object gtest/CMakeFiles/gtest.dir/src/gtest-all.cc.o[0m
[5.273s] [  1%] [32mBuilding CXX object transforms/CMakeFiles/moveit_transforms.dir/src/transforms.cpp.o[0m
[5.273s] [  1%] [32mBuilding CXX object gtest/CMakeFiles/gtest_main.dir/src/gtest_main.cc.o[0m
[5.274s] [  4%] [32mBuilding CXX object distance_field/CMakeFiles/moveit_distance_field.dir/src/distance_field.cpp.o[0m
[5.274s] [  4%] [32mBuilding CXX object exceptions/CMakeFiles/moveit_exceptions.dir/src/exceptions.cpp.o[0m
[5.275s] [  4%] [32mBuilding CXX object gmock/CMakeFiles/gmock.dir/opt/ros/humble/src/gtest_vendor/src/gtest-all.cc.o[0m
[5.275s] [  4%] [32mBuilding CXX object online_signal_smoothing/CMakeFiles/moveit_smoothing_base.dir/src/smoothing_base_class.cpp.o[0m
[5.275s] [  4%] [32mBuilding CXX object utils/CMakeFiles/moveit_utils.dir/src/lexical_casts.cpp.o[0m
[5.275s] [  4%] [34m[1mRunning `/opt/ros/humble/bin/generate_parameter_library_cpp /home/jellyfish/ws_moveit/build/moveit_core/online_signal_smoothing/moveit_butterworth_parameters/include//moveit_butterworth_parameters.hpp /home/jellyfish/ws_moveit/src/moveit2/moveit_core/online_signal_smoothing/src/butterworth_parameters.yaml `[0m
[5.277s] [  4%] [32mBuilding CXX object gmock/CMakeFiles/gmock_main.dir/src/gmock_main.cc.o[0m
[5.277s] [  4%] [32mBuilding CXX object kinematics_base/CMakeFiles/moveit_kinematics_base.dir/src/kinematics_base.cpp.o[0m
[5.286s] [  5%] [32mBuilding CXX object version/CMakeFiles/moveit_version.dir/version.cpp.o[0m
[5.351s] [  6%] [32m[1mLinking CXX executable moveit_version[0m
[5.484s] [  6%] Built target moveit_version
[5.491s] [  6%] Built target moveit_butterworth_parameters
[5.499s] [  7%] [32mBuilding CXX object gmock/CMakeFiles/gmock.dir/src/gmock-all.cc.o[0m
[5.506s] [  7%] [32mBuilding CXX object distance_field/CMakeFiles/moveit_distance_field.dir/src/find_internal_points.cpp.o[0m
[5.902s] [  7%] [32mBuilding CXX object utils/CMakeFiles/moveit_utils.dir/src/message_checks.cpp.o[0m
[6.234s] [  8%] [32m[1mLinking CXX shared library libmoveit_exceptions.so[0m
[6.473s] [  8%] Built target moveit_exceptions
[6.489s] [  9%] [32mBuilding CXX object utils/CMakeFiles/moveit_utils.dir/src/rclcpp_utils.cpp.o[0m
[6.903s] [ 10%] [32mBuilding CXX object distance_field/CMakeFiles/moveit_distance_field.dir/src/propagation_distance_field.cpp.o[0m
[6.944s] [ 10%] [32m[1mLinking CXX static library libgtest_main.a[0m
[7.051s] [ 10%] Built target gtest_main
[7.322s] [ 11%] [32m[1mLinking CXX static library libgmock_main.a[0m
[7.429s] [ 11%] Built target gmock_main
[7.575s] [ 11%] [32m[1mLinking CXX shared library libmoveit_utils.so[0m
[8.274s] [ 11%] Built target moveit_utils
[9.504s] [ 12%] [32m[1mLinking CXX shared library libmoveit_smoothing_base.so[0m
[9.677s] [ 12%] Built target moveit_smoothing_base
[11.287s] [ 13%] [32m[1mLinking CXX shared library libmoveit_kinematics_base.so[0m
[11.449s] [ 13%] Built target moveit_kinematics_base
[11.476s] [ 14%] [32mBuilding CXX object robot_model/CMakeFiles/moveit_robot_model.dir/src/aabb.cpp.o[0m
[11.477s] [ 15%] [32mBuilding CXX object robot_model/CMakeFiles/moveit_robot_model.dir/src/fixed_joint_model.cpp.o[0m
[11.477s] [ 15%] [32mBuilding CXX object robot_model/CMakeFiles/moveit_robot_model.dir/src/floating_joint_model.cpp.o[0m
[11.478s] [ 15%] [32mBuilding CXX object robot_model/CMakeFiles/moveit_robot_model.dir/src/joint_model_group.cpp.o[0m
[11.479s] [ 16%] [32mBuilding CXX object robot_model/CMakeFiles/moveit_robot_model.dir/src/joint_model.cpp.o[0m
[11.480s] [ 17%] [32mBuilding CXX object robot_model/CMakeFiles/moveit_robot_model.dir/src/link_model.cpp.o[0m
[11.488s] [ 17%] [32mBuilding CXX object robot_model/CMakeFiles/moveit_robot_model.dir/src/planar_joint_model.cpp.o[0m
[13.680s] [ 18%] [32mBuilding CXX object robot_model/CMakeFiles/moveit_robot_model.dir/src/prismatic_joint_model.cpp.o[0m
[13.847s] [ 19%] [32mBuilding CXX object robot_model/CMakeFiles/moveit_robot_model.dir/src/revolute_joint_model.cpp.o[0m
[14.510s] [ 19%] [32mBuilding CXX object robot_model/CMakeFiles/moveit_robot_model.dir/src/robot_model.cpp.o[0m
[14.655s] [ 20%] [32m[1mLinking CXX shared library libmoveit_transforms.so[0m
[14.806s] [ 21%] [32m[1mLinking CXX static library libgmock.a[0m
[14.930s] [ 21%] Built target gmock
[14.970s] [ 21%] Built target moveit_transforms
[15.362s] [ 22%] [32m[1mLinking CXX static library libgtest.a[0m
[15.479s] [ 22%] Built target gtest
[15.515s] [ 22%] [32mBuilding CXX object transforms/CMakeFiles/test_transforms.dir/test/test_transforms.cpp.o[0m
[15.912s] [ 22%] [32m[1mLinking CXX shared library libmoveit_distance_field.so[0m
[16.241s] [ 22%] Built target moveit_distance_field
[16.276s] [ 23%] [32mBuilding CXX object distance_field/CMakeFiles/test_distance_field.dir/test/test_distance_field.cpp.o[0m
[16.276s] [ 23%] [32mBuilding CXX object distance_field/CMakeFiles/test_voxel_grid.dir/test/test_voxel_grid.cpp.o[0m
[18.736s] [ 24%] [32m[1mLinking CXX executable test_transforms[0m
[18.937s] [ 24%] Built target test_transforms
[20.531s] [ 24%] [32m[1mLinking CXX executable test_voxel_grid[0m
[20.688s] [ 24%] Built target test_voxel_grid
[23.310s] [ 25%] [32m[1mLinking CXX shared library libmoveit_robot_model.so[0m
[23.518s] [ 25%] Built target moveit_robot_model
[23.551s] [ 26%] [32mBuilding CXX object robot_state/CMakeFiles/moveit_robot_state.dir/src/cartesian_interpolator.cpp.o[0m
[23.551s] [ 26%] [32mBuilding CXX object robot_state/CMakeFiles/moveit_robot_state.dir/src/conversions.cpp.o[0m
[23.551s] [ 27%] [32mBuilding CXX object online_signal_smoothing/CMakeFiles/moveit_butterworth_filter.dir/src/butterworth_filter.cpp.o[0m
[23.552s] [ 27%] [32mBuilding CXX object robot_state/CMakeFiles/moveit_robot_state.dir/src/attached_body.cpp.o[0m
[23.552s] [ 28%] [32mBuilding CXX object robot_state/CMakeFiles/moveit_robot_state.dir/src/robot_state.cpp.o[0m
[23.557s] [ 29%] [32mBuilding CXX object utils/CMakeFiles/moveit_test_utils.dir/src/robot_model_test_utils.cpp.o[0m
[24.968s] [ 30%] [32m[1mLinking CXX executable test_distance_field[0m
[25.249s] [ 30%] Built target test_distance_field
[29.613s] [ 30%] [32m[1mLinking CXX shared library libmoveit_butterworth_filter.so[0m
[29.828s] [ 30%] Built target moveit_butterworth_filter
[29.864s] [ 30%] [32mBuilding CXX object online_signal_smoothing/CMakeFiles/test_butterworth_filter.dir/test/test_butterworth_filter.cpp.o[0m
[32.017s] [ 30%] [32m[1mLinking CXX shared library libmoveit_test_utils.so[0m
[32.205s] [ 30%] Built target moveit_test_utils
[32.249s] [ 31%] [32mBuilding CXX object robot_model/CMakeFiles/test_robot_model.dir/test/test.cpp.o[0m
[35.698s] [ 32%] [32m[1mLinking CXX executable test_butterworth_filter[0m
[35.891s] [ 32%] Built target test_butterworth_filter
[37.250s] [ 32%] [32m[1mLinking CXX executable test_robot_model[0m
[37.525s] [ 32%] Built target test_robot_model
[43.393s] [ 33%] [32m[1mLinking CXX shared library libmoveit_robot_state.so[0m
[43.647s] [ 33%] Built target moveit_robot_state
[43.680s] [ 34%] [32mBuilding CXX object collision_detection/CMakeFiles/moveit_collision_detection.dir/src/collision_common.cpp.o[0m
[43.680s] [ 34%] [32mBuilding CXX object dynamics_solver/CMakeFiles/moveit_dynamics_solver.dir/src/dynamics_solver.cpp.o[0m
[43.680s] [ 35%] [32mBuilding CXX object robot_state/CMakeFiles/test_robot_state_benchmark.dir/test/robot_state_benchmark.cpp.o[0m
[43.680s] [ 35%] [32mBuilding CXX object collision_detection/CMakeFiles/moveit_collision_detection.dir/src/collision_octomap_filter.cpp.o[0m
[43.681s] [ 36%] [32mBuilding CXX object collision_detection/CMakeFiles/moveit_collision_detection.dir/src/collision_matrix.cpp.o[0m
[43.681s] [ 36%] [32mBuilding CXX object collision_detection/CMakeFiles/moveit_collision_detection.dir/src/allvalid/collision_env_allvalid.cpp.o[0m
[43.681s] [ 37%] [32mBuilding CXX object robot_state/CMakeFiles/test_robot_state.dir/test/robot_state_test.cpp.o[0m
[43.686s] [ 37%] [32mBuilding CXX object kinematics_metrics/CMakeFiles/moveit_kinematics_metrics.dir/src/kinematics_metrics.cpp.o[0m
[43.688s] [ 37%] [32mBuilding CXX object robot_state/CMakeFiles/test_cartesian_interpolator.dir/test/test_cartesian_interpolator.cpp.o[0m
[43.693s] [ 37%] [32mBuilding CXX object robot_state/CMakeFiles/test_aabb.dir/test/test_aabb.cpp.o[0m
[43.695s] [ 37%] [32mBuilding CXX object robot_state/CMakeFiles/test_robot_state_complex.dir/test/test_kinematic_complex.cpp.o[0m
[43.695s] [ 37%] [32mBuilding CXX object robot_trajectory/CMakeFiles/moveit_robot_trajectory.dir/src/robot_trajectory.cpp.o[0m
[51.239s] [ 38%] [32mBuilding CXX object collision_detection/CMakeFiles/moveit_collision_detection.dir/src/collision_tools.cpp.o[0m
[51.801s] [ 39%] [32mBuilding CXX object collision_detection/CMakeFiles/moveit_collision_detection.dir/src/world.cpp.o[0m
[52.462s] [ 39%] [32mBuilding CXX object collision_detection/CMakeFiles/moveit_collision_detection.dir/src/world_diff.cpp.o[0m
[52.739s] [ 40%] [32mBuilding CXX object collision_detection/CMakeFiles/moveit_collision_detection.dir/src/collision_env.cpp.o[0m
[53.225s] [ 41%] [32m[1mLinking CXX shared library libmoveit_dynamics_solver.so[0m
[53.597s] [ 41%] Built target moveit_dynamics_solver
[53.613s] [ 41%] [32mBuilding CXX object collision_detection/CMakeFiles/moveit_collision_detection.dir/src/collision_plugin_cache.cpp.o[0m
[54.161s] [ 42%] [32m[1mLinking CXX executable test_cartesian_interpolator[0m
[54.698s] [ 42%] Built target test_cartesian_interpolator
[55.144s] [ 43%] [32m[1mLinking CXX executable test_robot_state_benchmark[0m
[55.677s] [ 43%] Built target test_robot_state_benchmark
[56.163s] [ 44%] [32m[1mLinking CXX executable test_aabb[0m
[56.507s] [ 44%] Built target test_aabb
[57.355s] [ 45%] [32m[1mLinking CXX executable test_robot_state_complex[0m
[57.456s] [ 46%] [32m[1mLinking CXX shared library libmoveit_robot_trajectory.so[0m
[57.686s] [ 46%] Built target moveit_robot_trajectory
[57.716s] [ 47%] [32mBuilding CXX object planning_interface/CMakeFiles/moveit_planning_interface.dir/src/planning_interface.cpp.o[0m
[57.718s] [ 47%] [32mBuilding CXX object planning_interface/CMakeFiles/moveit_planning_interface.dir/src/planning_response.cpp.o[0m
[57.720s] [ 48%] [32mBuilding CXX object trajectory_processing/CMakeFiles/moveit_trajectory_processing.dir/src/iterative_time_parameterization.cpp.o[0m
[57.720s] [ 49%] [32mBuilding CXX object robot_trajectory/CMakeFiles/test_robot_trajectory.dir/test/test_robot_trajectory.cpp.o[0m
[57.721s] [ 49%] [32mBuilding CXX object trajectory_processing/CMakeFiles/moveit_trajectory_processing.dir/src/iterative_spline_parameterization.cpp.o[0m
[57.820s] [ 50%] [32mBuilding CXX object trajectory_processing/CMakeFiles/moveit_trajectory_processing.dir/src/ruckig_traj_smoothing.cpp.o[0m
[57.889s] [ 50%] Built target test_robot_state_complex
[57.907s] [ 51%] [32mBuilding CXX object trajectory_processing/CMakeFiles/moveit_trajectory_processing.dir/src/trajectory_tools.cpp.o[0m
[59.028s] [ 51%] [32mBuilding CXX object trajectory_processing/CMakeFiles/moveit_trajectory_processing.dir/src/time_optimal_trajectory_generation.cpp.o[0m
[59.395s] [ 52%] [32m[1mLinking CXX executable test_robot_state[0m
[60.001s] [ 52%] Built target test_robot_state
[68.511s] [ 52%] [32m[1mLinking CXX executable test_robot_trajectory[0m
[68.830s] [ 52%] Built target test_robot_trajectory
[69.748s] [ 53%] [32m[1mLinking CXX shared library libmoveit_planning_interface.so[0m
[69.917s] [ 54%] [32m[1mLinking CXX shared library libmoveit_kinematics_metrics.so[0m
[69.922s] [ 55%] [32m[1mLinking CXX shared library libmoveit_trajectory_processing.so[0m
[69.941s] [ 55%] Built target moveit_planning_interface
[69.961s] [ 56%] [32m[1mLinking CXX shared library libmoveit_collision_detection.so[0m
[70.125s] [ 56%] Built target moveit_trajectory_processing
[70.136s] [ 56%] Built target moveit_kinematics_metrics
[70.151s] [ 56%] [32mBuilding CXX object trajectory_processing/CMakeFiles/test_time_parameterization.dir/test/test_time_parameterization.cpp.o[0m
[70.152s] [ 57%] [32mBuilding CXX object trajectory_processing/CMakeFiles/test_ruckig_traj_smoothing.dir/test/test_ruckig_traj_smoothing.cpp.o[0m
[70.167s] [ 58%] [32mBuilding CXX object trajectory_processing/CMakeFiles/test_time_optimal_trajectory_generation.dir/test/test_time_optimal_trajectory_generation.cpp.o[0m
[70.184s] [ 58%] Built target moveit_collision_detection
[70.209s] [ 58%] [32mBuilding CXX object collision_detection/CMakeFiles/test_all_valid.dir/test/test_all_valid.cpp.o[0m
[70.212s] [ 59%] [32mBuilding CXX object collision_detection_fcl/CMakeFiles/moveit_collision_detection_fcl.dir/src/collision_common.cpp.o[0m
[70.212s] [ 59%] [32mBuilding CXX object collision_detection/CMakeFiles/test_world_diff.dir/test/test_world_diff.cpp.o[0m
[70.213s] [ 60%] [32mBuilding CXX object collision_detection_fcl/CMakeFiles/moveit_collision_detection_fcl.dir/src/collision_env_fcl.cpp.o[0m
[70.214s] [ 61%] [32mBuilding CXX object collision_detection/CMakeFiles/test_world.dir/test/test_world.cpp.o[0m
[70.214s] [ 62%] [32mBuilding CXX object collision_detection_bullet/CMakeFiles/moveit_collision_detection_bullet.dir/src/bullet_integration/bullet_discrete_bvh_manager.cpp.o[0m
[70.214s] [ 62%] [32mBuilding CXX object collision_detection_bullet/CMakeFiles/moveit_collision_detection_bullet.dir/src/bullet_integration/bullet_utils.cpp.o[0m
[70.215s] [ 63%] [32mBuilding CXX object collision_detection_bullet/CMakeFiles/moveit_collision_detection_bullet.dir/src/collision_env_bullet.cpp.o[0m
[70.216s] [ 63%] [32mBuilding CXX object collision_detection_bullet/CMakeFiles/moveit_collision_detection_bullet.dir/src/bullet_integration/bullet_cast_bvh_manager.cpp.o[0m
[78.657s] [ 64%] [32mBuilding CXX object collision_detection_bullet/CMakeFiles/moveit_collision_detection_bullet.dir/src/bullet_integration/bullet_bvh_manager.cpp.o[0m
[78.919s] [ 65%] [32mBuilding CXX object collision_detection_bullet/CMakeFiles/moveit_collision_detection_bullet.dir/src/bullet_integration/contact_checker_common.cpp.o[0m
[79.218s] [ 66%] [32m[1mLinking CXX executable test_world_diff[0m
[79.675s] [ 66%] Built target test_world_diff
[79.691s] [ 66%] [32mBuilding CXX object collision_detection_bullet/CMakeFiles/moveit_collision_detection_bullet.dir/src/bullet_integration/ros_bullet_utils.cpp.o[0m
[81.367s] [ 66%] [32m[1mLinking CXX executable test_world[0m
[81.812s] [ 67%] [32m[1mLinking CXX executable test_all_valid[0m
[81.925s] [ 67%] Built target test_world
[82.207s] [ 67%] Built target test_all_valid
[83.427s] [ 68%] [32m[1mLinking CXX executable test_time_parameterization[0m
[83.568s] [ 69%] [32m[1mLinking CXX shared library libmoveit_collision_detection_fcl.so[0m
[83.773s] [ 69%] [32m[1mLinking CXX executable test_ruckig_traj_smoothing[0m
[83.790s] [ 69%] Built target test_time_parameterization
[83.888s] [ 69%] Built target moveit_collision_detection_fcl
[83.917s] [ 70%] [32mBuilding CXX object kinematic_constraints/CMakeFiles/moveit_kinematic_constraints.dir/src/utils.cpp.o[0m
[83.917s] [ 70%] [32mBuilding CXX object kinematic_constraints/CMakeFiles/moveit_kinematic_constraints.dir/src/kinematic_constraint.cpp.o[0m
[83.921s] [ 71%] [32mBuilding CXX object collision_detection_fcl/CMakeFiles/test_fcl_collision_env.dir/test/test_fcl_env.cpp.o[0m
[83.921s] [ 72%] [32mBuilding CXX object collision_detection_fcl/CMakeFiles/test_fcl_collision_detection.dir/test/test_fcl_collision_detection_pr2.cpp.o[0m
[83.924s] [ 73%] [32mBuilding CXX object collision_detection_fcl/CMakeFiles/test_fcl_collision_detection_panda.dir/test/test_fcl_collision_detection_panda.cpp.o[0m
[84.174s] [ 73%] Built target test_ruckig_traj_smoothing
[86.546s] [ 74%] [32m[1mLinking CXX shared library libmoveit_collision_detection_bullet.so[0m
[86.577s] [ 75%] [32m[1mLinking CXX executable test_time_optimal_trajectory_generation[0m
[86.886s] [ 75%] Built target moveit_collision_detection_bullet
[86.916s] [ 76%] [32mBuilding CXX object collision_detection_bullet/CMakeFiles/test_bullet_collision_detection_panda.dir/test/test_bullet_collision_detection_panda.cpp.o[0m
[86.918s] [ 77%] [32mBuilding CXX object collision_detection_bullet/CMakeFiles/test_bullet_collision_detection.dir/test/test_bullet_collision_detection_pr2.cpp.o[0m
[86.924s] [ 78%] [32mBuilding CXX object collision_detection_bullet/CMakeFiles/test_bullet_continuous_collision_checking.dir/test/test_bullet_continuous_collision_checking.cpp.o[0m
[87.017s] [ 78%] Built target test_time_optimal_trajectory_generation
[94.377s] [ 79%] [32m[1mLinking CXX executable test_fcl_collision_env[0m
[94.800s] [ 79%] Built target test_fcl_collision_env
[94.942s] [ 79%] [32m[1mLinking CXX executable test_fcl_collision_detection_panda[0m
[95.444s] [ 79%] Built target test_fcl_collision_detection_panda
[95.587s] [ 79%] [32m[1mLinking CXX executable test_fcl_collision_detection[0m
[95.991s] [ 79%] Built target test_fcl_collision_detection
[97.436s] [ 79%] [32m[1mLinking CXX executable test_bullet_collision_detection_panda[0m
[97.446s] [ 79%] [32m[1mLinking CXX executable test_bullet_collision_detection[0m
[97.790s] [ 79%] Built target test_bullet_collision_detection_panda
[97.837s] [ 79%] Built target test_bullet_collision_detection
[99.851s] [ 80%] [32m[1mLinking CXX executable test_bullet_continuous_collision_checking[0m
[100.216s] [ 80%] Built target test_bullet_continuous_collision_checking
[100.514s] [ 81%] [32m[1mLinking CXX shared library libmoveit_kinematic_constraints.so[0m
[100.791s] [ 81%] Built target moveit_kinematic_constraints
[100.833s] [ 81%] [32mBuilding CXX object kinematic_constraints/CMakeFiles/test_orientation_constraints.dir/test/test_orientation_constraints.cpp.o[0m
[100.839s] [ 82%] [32mBuilding CXX object planning_scene/CMakeFiles/moveit_planning_scene.dir/src/planning_scene.cpp.o[0m
[100.845s] [ 82%] [32mBuilding CXX object kinematic_constraints/CMakeFiles/test_constraints.dir/test/test_constraints.cpp.o[0m
[109.688s] [ 83%] [32m[1mLinking CXX executable test_orientation_constraints[0m
[110.030s] [ 83%] Built target test_orientation_constraints
[110.981s] [ 84%] [32m[1mLinking CXX executable test_constraints[0m
[111.294s] [ 84%] Built target test_constraints
[115.844s] [ 84%] [32m[1mLinking CXX shared library libmoveit_planning_scene.so[0m
[116.101s] [ 84%] Built target moveit_planning_scene
[116.130s] [ 84%] [32mBuilding CXX object planning_request_adapter/CMakeFiles/moveit_planning_request_adapter.dir/src/planning_request_adapter.cpp.o[0m
[116.132s] [ 85%] [32mBuilding CXX object constraint_samplers/CMakeFiles/moveit_constraint_samplers.dir/src/constraint_sampler_tools.cpp.o[0m
[116.132s] [ 85%] [32mBuilding CXX object collision_distance_field/CMakeFiles/moveit_collision_distance_field.dir/src/collision_distance_field_types.cpp.o[0m
[116.134s] [ 85%] [32mBuilding CXX object constraint_samplers/CMakeFiles/moveit_constraint_samplers.dir/src/constraint_sampler.cpp.o[0m
[116.134s] [ 86%] [32mBuilding CXX object collision_distance_field/CMakeFiles/moveit_collision_distance_field.dir/src/collision_env_distance_field.cpp.o[0m
[116.134s] [ 86%] [32mBuilding CXX object collision_distance_field/CMakeFiles/moveit_collision_distance_field.dir/src/collision_common_distance_field.cpp.o[0m
[116.134s] [ 85%] [32mBuilding CXX object constraint_samplers/CMakeFiles/moveit_constraint_samplers.dir/src/constraint_sampler_manager.cpp.o[0m
[116.138s] [ 86%] [32mBuilding CXX object planning_scene/CMakeFiles/test_multi_threaded.dir/test/test_multi_threaded.cpp.o[0m
[116.138s] [ 86%] [32mBuilding CXX object collision_detection_fcl/CMakeFiles/collision_detector_fcl_plugin.dir/src/collision_detector_fcl_plugin_loader.cpp.o[0m
[116.143s] [ 87%] [32mBuilding CXX object planning_scene/CMakeFiles/test_collision_objects.dir/test/test_collision_objects.cpp.o[0m
[116.145s] [ 88%] [32mBuilding CXX object planning_scene/CMakeFiles/test_planning_scene.dir/test/test_planning_scene.cpp.o[0m
[116.146s] [ 88%] [32mBuilding CXX object collision_detection_bullet/CMakeFiles/collision_detector_bullet_plugin.dir/src/collision_detector_bullet_plugin_loader.cpp.o[0m
[127.597s] [ 89%] [32mBuilding CXX object collision_distance_field/CMakeFiles/moveit_collision_distance_field.dir/src/collision_env_hybrid.cpp.o[0m
[128.094s] [ 90%] [32mBuilding CXX object constraint_samplers/CMakeFiles/moveit_constraint_samplers.dir/src/default_constraint_samplers.cpp.o[0m
[128.578s] [ 91%] [32m[1mLinking CXX shared library libmoveit_planning_request_adapter.so[0m
[128.914s] [ 91%] Built target moveit_planning_request_adapter
[128.931s] [ 91%] [32mBuilding CXX object constraint_samplers/CMakeFiles/moveit_constraint_samplers.dir/src/union_constraint_sampler.cpp.o[0m
[129.474s] [ 92%] [32m[1mLinking CXX shared library libcollision_detector_bullet_plugin.so[0m
[129.845s] [ 92%] Built target collision_detector_bullet_plugin
[130.620s] [ 93%] [32m[1mLinking CXX shared library libcollision_detector_fcl_plugin.so[0m
[130.886s] [ 93%] Built target collision_detector_fcl_plugin
[131.672s] [ 94%] [32m[1mLinking CXX executable test_multi_threaded[0m
[132.243s] [ 94%] Built target test_multi_threaded
[134.214s] [ 94%] [32m[1mLinking CXX executable test_collision_objects[0m
[134.606s] [ 94%] Built target test_collision_objects
[138.373s] [ 95%] [32m[1mLinking CXX shared library libmoveit_collision_distance_field.so[0m
[138.627s] [ 95%] Built target moveit_collision_distance_field
[138.655s] [ 96%] [32mBuilding CXX object collision_distance_field/CMakeFiles/test_collision_distance_field.dir/test/test_collision_distance_field.cpp.o[0m
[138.852s] [ 96%] [32m[1mLinking CXX executable test_planning_scene[0m
[139.215s] [ 96%] Built target test_planning_scene
[139.292s] [ 97%] [32m[1mLinking CXX shared library libmoveit_constraint_samplers.so[0m
[139.553s] [ 97%] Built target moveit_constraint_samplers
[139.591s] [ 98%] [32mBuilding CXX object constraint_samplers/CMakeFiles/test_constraint_samplers.dir/test/pr2_arm_kinematics_plugin.cpp.o[0m
[139.598s] [ 99%] [32mBuilding CXX object constraint_samplers/CMakeFiles/test_constraint_samplers.dir/test/pr2_arm_ik.cpp.o[0m
[139.598s] [ 99%] [32mBuilding CXX object constraint_samplers/CMakeFiles/test_constraint_samplers.dir/test/test_constraint_samplers.cpp.o[0m
[149.100s] [ 99%] [32m[1mLinking CXX executable test_collision_distance_field[0m
[149.441s] [ 99%] Built target test_collision_distance_field
[152.706s] [100%] [32m[1mLinking CXX executable test_constraint_samplers[0m
[153.086s] [100%] Built target test_constraint_samplers
[153.107s] Invoked command in '/home/jellyfish/ws_moveit/build/moveit_core' returned '0': AMENT_PREFIX_PATH=/home/jellyfish/ws_moveit/install/moveit_resources_panda_moveit_config:/home/jellyfish/ws_moveit/install/srdfdom:/home/jellyfish/ws_moveit/install/moveit_resources_pr2_description:/home/jellyfish/ws_moveit/install/moveit_resources_panda_description:/home/jellyfish/ws_moveit/install/moveit_common:${AMENT_PREFIX_PATH} CMAKE_PREFIX_PATH=/home/jellyfish/ws_moveit/install/moveit_resources_panda_moveit_config:/home/jellyfish/ws_moveit/install/srdfdom:/home/jellyfish/ws_moveit/install/moveit_resources_pr2_description:/home/jellyfish/ws_moveit/install/moveit_resources_panda_description:/home/jellyfish/ws_moveit/install/moveit_common:/opt/ros/humble LD_LIBRARY_PATH=/home/jellyfish/ws_moveit/install/srdfdom/lib:${LD_LIBRARY_PATH} PYTHONPATH=/home/jellyfish/ws_moveit/install/srdfdom/local/lib/python3.10/dist-packages:${PYTHONPATH} /usr/bin/cmake --build /home/jellyfish/ws_moveit/build/moveit_core -- -j12 -l12
[153.210s] Invoking command in '/home/jellyfish/ws_moveit/build/moveit_core': AMENT_PREFIX_PATH=/home/jellyfish/ws_moveit/install/moveit_resources_panda_moveit_config:/home/jellyfish/ws_moveit/install/srdfdom:/home/jellyfish/ws_moveit/install/moveit_resources_pr2_description:/home/jellyfish/ws_moveit/install/moveit_resources_panda_description:/home/jellyfish/ws_moveit/install/moveit_common:${AMENT_PREFIX_PATH} CMAKE_PREFIX_PATH=/home/jellyfish/ws_moveit/install/moveit_resources_panda_moveit_config:/home/jellyfish/ws_moveit/install/srdfdom:/home/jellyfish/ws_moveit/install/moveit_resources_pr2_description:/home/jellyfish/ws_moveit/install/moveit_resources_panda_description:/home/jellyfish/ws_moveit/install/moveit_common:/opt/ros/humble LD_LIBRARY_PATH=/home/jellyfish/ws_moveit/install/srdfdom/lib:${LD_LIBRARY_PATH} PYTHONPATH=/home/jellyfish/ws_moveit/install/srdfdom/local/lib/python3.10/dist-packages:${PYTHONPATH} /usr/bin/cmake --install /home/jellyfish/ws_moveit/build/moveit_core
[153.221s] -- Install configuration: "Release"
[153.222s] -- Installing: /home/jellyfish/ws_moveit/install/moveit_core/include/moveit/version.h
[153.222s] -- Up-to-date: /home/jellyfish/ws_moveit/install/moveit_core/include
[153.222s] -- Up-to-date: /home/jellyfish/ws_moveit/install/moveit_core/include/moveit
[153.222s] -- Installing: /home/jellyfish/ws_moveit/install/moveit_core/include/moveit/collision_distance_field
[153.223s] -- Installing: /home/jellyfish/ws_moveit/install/moveit_core/include/moveit/collision_distance_field/collision_detector_allocator_hybrid.h
[153.223s] -- Installing: /home/jellyfish/ws_moveit/install/moveit_core/include/moveit/collision_distance_field/collision_common_distance_field.h
[153.223s] -- Installing: /home/jellyfish/ws_moveit/install/moveit_core/include/moveit/collision_distance_field/collision_env_hybrid.h
[153.223s] -- Installing: /home/jellyfish/ws_moveit/install/moveit_core/include/moveit/collision_distance_field/collision_distance_field_types.h
[153.223s] -- Installing: /home/jellyfish/ws_moveit/install/moveit_core/include/moveit/collision_distance_field/collision_env_distance_field.h
[153.223s] -- Installing: /home/jellyfish/ws_moveit/install/moveit_core/include/moveit/collision_distance_field/collision_detector_allocator_distance_field.h
[153.223s] -- Installing: /home/jellyfish/ws_moveit/install/moveit_core/include/moveit_collision_distance_field_export.h
[153.223s] -- Up-to-date: /home/jellyfish/ws_moveit/install/moveit_core/include
[153.224s] -- Up-to-date: /home/jellyfish/ws_moveit/install/moveit_core/include/moveit
[153.224s] -- Installing: /home/jellyfish/ws_moveit/install/moveit_core/include/moveit/constraint_samplers
[153.224s] -- Installing: /home/jellyfish/ws_moveit/install/moveit_core/include/moveit/constraint_samplers/constraint_sampler_manager.h
[153.224s] -- Installing: /home/jellyfish/ws_moveit/install/moveit_core/include/moveit/constraint_samplers/union_constraint_sampler.h
[153.224s] -- Installing: /home/jellyfish/ws_moveit/install/moveit_core/include/moveit/constraint_samplers/constraint_sampler_allocator.h
[153.224s] -- Installing: /home/jellyfish/ws_moveit/install/moveit_core/include/moveit/constraint_samplers/default_constraint_samplers.h
[153.224s] -- Installing: /home/jellyfish/ws_moveit/install/moveit_core/include/moveit/constraint_samplers/constraint_sampler.h
[153.225s] -- Installing: /home/jellyfish/ws_moveit/install/moveit_core/include/moveit/constraint_samplers/constraint_sampler_tools.h
[153.225s] -- Up-to-date: /home/jellyfish/ws_moveit/install/moveit_core/include
[153.225s] -- Up-to-date: /home/jellyfish/ws_moveit/install/moveit_core/include/moveit
[153.225s] -- Installing: /home/jellyfish/ws_moveit/install/moveit_core/include/moveit/controller_manager
[153.225s] -- Installing: /home/jellyfish/ws_moveit/install/moveit_core/include/moveit/controller_manager/controller_manager.h
[153.225s] -- Up-to-date: /home/jellyfish/ws_moveit/install/moveit_core/include
[153.226s] -- Up-to-date: /home/jellyfish/ws_moveit/install/moveit_core/include/moveit
[153.226s] -- Installing: /home/jellyfish/ws_moveit/install/moveit_core/include/moveit/distance_field
[153.226s] -- Installing: /home/jellyfish/ws_moveit/install/moveit_core/include/moveit/distance_field/distance_field.h
[153.226s] -- Installing: /home/jellyfish/ws_moveit/install/moveit_core/include/moveit/distance_field/find_internal_points.h
[153.226s] -- Installing: /home/jellyfish/ws_moveit/install/moveit_core/include/moveit/distance_field/voxel_grid.h
[153.226s] -- Installing: /home/jellyfish/ws_moveit/install/moveit_core/include/moveit/distance_field/propagation_distance_field.h
[153.227s] -- Up-to-date: /home/jellyfish/ws_moveit/install/moveit_core/include
[153.227s] -- Up-to-date: /home/jellyfish/ws_moveit/install/moveit_core/include/moveit
[153.227s] -- Installing: /home/jellyfish/ws_moveit/install/moveit_core/include/moveit/dynamics_solver
[153.227s] -- Installing: /home/jellyfish/ws_moveit/install/moveit_core/include/moveit/dynamics_solver/dynamics_solver.h
[153.227s] -- Up-to-date: /home/jellyfish/ws_moveit/install/moveit_core/include
[153.227s] -- Up-to-date: /home/jellyfish/ws_moveit/install/moveit_core/include/moveit
[153.227s] -- Installing: /home/jellyfish/ws_moveit/install/moveit_core/include/moveit/exceptions
[153.228s] -- Installing: /home/jellyfish/ws_moveit/install/moveit_core/include/moveit/exceptions/exceptions.h
[153.228s] -- Up-to-date: /home/jellyfish/ws_moveit/install/moveit_core/include
[153.228s] -- Up-to-date: /home/jellyfish/ws_moveit/install/moveit_core/include/moveit
[153.228s] -- Installing: /home/jellyfish/ws_moveit/install/moveit_core/include/moveit/kinematics_base
[153.228s] -- Installing: /home/jellyfish/ws_moveit/install/moveit_core/include/moveit/kinematics_base/kinematics_base.h
[153.228s] -- Installing: /home/jellyfish/ws_moveit/install/moveit_core/include/moveit_kinematics_base_export.h
[153.228s] -- Up-to-date: /home/jellyfish/ws_moveit/install/moveit_core/include
[153.229s] -- Up-to-date: /home/jellyfish/ws_moveit/install/moveit_core/include/moveit
[153.229s] -- Installing: /home/jellyfish/ws_moveit/install/moveit_core/include/moveit/kinematic_constraints
[153.229s] -- Installing: /home/jellyfish/ws_moveit/install/moveit_core/include/moveit/kinematic_constraints/utils.h
[153.229s] -- Installing: /home/jellyfish/ws_moveit/install/moveit_core/include/moveit/kinematic_constraints/kinematic_constraint.h
[153.229s] -- Up-to-date: /home/jellyfish/ws_moveit/install/moveit_core/include
[153.229s] -- Up-to-date: /home/jellyfish/ws_moveit/install/moveit_core/include/moveit
[153.229s] -- Installing: /home/jellyfish/ws_moveit/install/moveit_core/include/moveit/kinematics_metrics
[153.229s] -- Installing: /home/jellyfish/ws_moveit/install/moveit_core/include/moveit/kinematics_metrics/kinematics_metrics.h
[153.230s] -- Up-to-date: /home/jellyfish/ws_moveit/install/moveit_core/include
[153.230s] -- Up-to-date: /home/jellyfish/ws_moveit/install/moveit_core/include/moveit
[153.230s] -- Installing: /home/jellyfish/ws_moveit/install/moveit_core/include/moveit/macros
[153.230s] -- Installing: /home/jellyfish/ws_moveit/install/moveit_core/include/moveit/macros/class_forward.h
[153.230s] -- Installing: /home/jellyfish/ws_moveit/install/moveit_core/include/moveit/macros/declare_ptr.h
[153.230s] -- Installing: /home/jellyfish/ws_moveit/install/moveit_core/include/moveit/macros/deprecation.h
[153.230s] -- Installing: /home/jellyfish/ws_moveit/install/moveit_core/include/moveit/macros/console_colors.h
[153.230s] -- Installing: /home/jellyfish/ws_moveit/install/moveit_core/include/moveit_butterworth_parameters
[153.231s] -- Installing: /home/jellyfish/ws_moveit/install/moveit_core/include/moveit_butterworth_parameters/moveit_butterworth_parameters.hpp
[153.231s] -- Up-to-date: /home/jellyfish/ws_moveit/install/moveit_core/include
[153.231s] -- Up-to-date: /home/jellyfish/ws_moveit/install/moveit_core/include/moveit
[153.231s] -- Installing: /home/jellyfish/ws_moveit/install/moveit_core/include/moveit/online_signal_smoothing
[153.231s] -- Installing: /home/jellyfish/ws_moveit/install/moveit_core/include/moveit/online_signal_smoothing/butterworth_filter.h
[153.231s] -- Installing: /home/jellyfish/ws_moveit/install/moveit_core/include/moveit/online_signal_smoothing/smoothing_base_class.h
[153.232s] -- Installing: /home/jellyfish/ws_moveit/install/moveit_core/include/moveit_smoothing_base_export.h
[153.232s] -- Installing: /home/jellyfish/ws_moveit/install/moveit_core/include/moveit_butterworth_filter_export.h
[153.232s] -- Up-to-date: /home/jellyfish/ws_moveit/install/moveit_core/include
[153.232s] -- Up-to-date: /home/jellyfish/ws_moveit/install/moveit_core/include/moveit
[153.232s] -- Installing: /home/jellyfish/ws_moveit/install/moveit_core/include/moveit/planning_interface
[153.232s] -- Installing: /home/jellyfish/ws_moveit/install/moveit_core/include/moveit/planning_interface/planning_response.h
[153.232s] -- Installing: /home/jellyfish/ws_moveit/install/moveit_core/include/moveit/planning_interface/planning_request.h
[153.233s] -- Installing: /home/jellyfish/ws_moveit/install/moveit_core/include/moveit/planning_interface/planning_interface.h
[153.233s] -- Up-to-date: /home/jellyfish/ws_moveit/install/moveit_core/include
[153.233s] -- Up-to-date: /home/jellyfish/ws_moveit/install/moveit_core/include/moveit
[153.233s] -- Installing: /home/jellyfish/ws_moveit/install/moveit_core/include/moveit/planning_request_adapter
[153.233s] -- Installing: /home/jellyfish/ws_moveit/install/moveit_core/include/moveit/planning_request_adapter/planning_request_adapter.h
[153.233s] -- Up-to-date: /home/jellyfish/ws_moveit/install/moveit_core/include
[153.233s] -- Up-to-date: /home/jellyfish/ws_moveit/install/moveit_core/include/moveit
[153.233s] -- Installing: /home/jellyfish/ws_moveit/install/moveit_core/include/moveit/planning_scene
[153.233s] -- Installing: /home/jellyfish/ws_moveit/install/moveit_core/include/moveit/planning_scene/planning_scene.h
[153.234s] -- Installing: /home/jellyfish/ws_moveit/install/moveit_core/include/moveit_planning_scene_export.h
[153.234s] -- Up-to-date: /home/jellyfish/ws_moveit/install/moveit_core/include
[153.234s] -- Up-to-date: /home/jellyfish/ws_moveit/install/moveit_core/include/moveit
[153.234s] -- Installing: /home/jellyfish/ws_moveit/install/moveit_core/include/moveit/robot_model
[153.234s] -- Installing: /home/jellyfish/ws_moveit/install/moveit_core/include/moveit/robot_model/joint_model_group.h
[153.234s] -- Installing: /home/jellyfish/ws_moveit/install/moveit_core/include/moveit/robot_model/revolute_joint_model.h
[153.234s] -- Installing: /home/jellyfish/ws_moveit/install/moveit_core/include/moveit/robot_model/floating_joint_model.h
[153.234s] -- Installing: /home/jellyfish/ws_moveit/install/moveit_core/include/moveit/robot_model/planar_joint_model.h
[153.234s] -- Installing: /home/jellyfish/ws_moveit/install/moveit_core/include/moveit/robot_model/joint_model.h
[153.235s] -- Installing: /home/jellyfish/ws_moveit/install/moveit_core/include/moveit/robot_model/robot_model.h
[153.235s] -- Installing: /home/jellyfish/ws_moveit/install/moveit_core/include/moveit/robot_model/fixed_joint_model.h
[153.235s] -- Installing: /home/jellyfish/ws_moveit/install/moveit_core/include/moveit/robot_model/prismatic_joint_model.h
[153.235s] -- Installing: /home/jellyfish/ws_moveit/install/moveit_core/include/moveit/robot_model/aabb.h
[153.235s] -- Installing: /home/jellyfish/ws_moveit/install/moveit_core/include/moveit/robot_model/link_model.h
[153.235s] -- Up-to-date: /home/jellyfish/ws_moveit/install/moveit_core/include
[153.235s] -- Up-to-date: /home/jellyfish/ws_moveit/install/moveit_core/include/moveit
[153.236s] -- Installing: /home/jellyfish/ws_moveit/install/moveit_core/include/moveit/robot_state
[153.236s] -- Installing: /home/jellyfish/ws_moveit/install/moveit_core/include/moveit/robot_state/cartesian_interpolator.h
[153.236s] -- Installing: /home/jellyfish/ws_moveit/install/moveit_core/include/moveit/robot_state/robot_state.h
[153.236s] -- Installing: /home/jellyfish/ws_moveit/install/moveit_core/include/moveit/robot_state/attached_body.h
[153.236s] -- Installing: /home/jellyfish/ws_moveit/install/moveit_core/include/moveit/robot_state/conversions.h
[153.237s] -- Up-to-date: /home/jellyfish/ws_moveit/install/moveit_core/include
[153.237s] -- Up-to-date: /home/jellyfish/ws_moveit/install/moveit_core/include/moveit
[153.237s] -- Installing: /home/jellyfish/ws_moveit/install/moveit_core/include/moveit/robot_trajectory
[153.237s] -- Installing: /home/jellyfish/ws_moveit/install/moveit_core/include/moveit/robot_trajectory/robot_trajectory.h
[153.237s] -- Up-to-date: /home/jellyfish/ws_moveit/install/moveit_core/include
[153.237s] -- Up-to-date: /home/jellyfish/ws_moveit/install/moveit_core/include/moveit
[153.237s] -- Installing: /home/jellyfish/ws_moveit/install/moveit_core/include/moveit/sensor_manager
[153.238s] -- Installing: /home/jellyfish/ws_moveit/install/moveit_core/include/moveit/sensor_manager/sensor_manager.h
[153.238s] -- Up-to-date: /home/jellyfish/ws_moveit/install/moveit_core/include
[153.238s] -- Up-to-date: /home/jellyfish/ws_moveit/install/moveit_core/include/moveit
[153.238s] -- Installing: /home/jellyfish/ws_moveit/install/moveit_core/include/moveit/trajectory_processing
[153.239s] -- Installing: /home/jellyfish/ws_moveit/install/moveit_core/include/moveit/trajectory_processing/time_optimal_trajectory_generation.h
[153.239s] -- Installing: /home/jellyfish/ws_moveit/install/moveit_core/include/moveit/trajectory_processing/time_parameterization.h
[153.239s] -- Installing: /home/jellyfish/ws_moveit/install/moveit_core/include/moveit/trajectory_processing/ruckig_traj_smoothing.h
[153.239s] -- Installing: /home/jellyfish/ws_moveit/install/moveit_core/include/moveit/trajectory_processing/trajectory_tools.h
[153.240s] -- Installing: /home/jellyfish/ws_moveit/install/moveit_core/include/moveit/trajectory_processing/iterative_time_parameterization.h
[153.240s] -- Installing: /home/jellyfish/ws_moveit/install/moveit_core/include/moveit/trajectory_processing/iterative_spline_parameterization.h
[153.240s] -- Up-to-date: /home/jellyfish/ws_moveit/install/moveit_core/include
[153.240s] -- Up-to-date: /home/jellyfish/ws_moveit/install/moveit_core/include/moveit
[153.240s] -- Installing: /home/jellyfish/ws_moveit/install/moveit_core/include/moveit/transforms
[153.240s] -- Installing: /home/jellyfish/ws_moveit/install/moveit_core/include/moveit/transforms/transforms.h
[153.240s] -- Up-to-date: /home/jellyfish/ws_moveit/install/moveit_core/include
[153.240s] -- Up-to-date: /home/jellyfish/ws_moveit/install/moveit_core/include/moveit
[153.240s] -- Installing: /home/jellyfish/ws_moveit/install/moveit_core/include/moveit/utils
[153.241s] -- Installing: /home/jellyfish/ws_moveit/install/moveit_core/include/moveit/utils/moveit_error_code.h
[153.241s] -- Installing: /home/jellyfish/ws_moveit/install/moveit_core/include/moveit/utils/rclcpp_utils.h
[153.241s] -- Installing: /home/jellyfish/ws_moveit/install/moveit_core/include/moveit/utils/robot_model_test_utils.h
[153.241s] -- Installing: /home/jellyfish/ws_moveit/install/moveit_core/include/moveit/utils/lexical_casts.h
[153.241s] -- Installing: /home/jellyfish/ws_moveit/install/moveit_core/include/moveit/utils/message_checks.h
[153.241s] -- Installing: /home/jellyfish/ws_moveit/install/moveit_core/bin/moveit_version
[153.241s] -- Up-to-date: /home/jellyfish/ws_moveit/install/moveit_core/include
[153.241s] -- Up-to-date: /home/jellyfish/ws_moveit/install/moveit_core/include/moveit
[153.241s] -- Installing: /home/jellyfish/ws_moveit/install/moveit_core/include/moveit/collision_detection
[153.242s] -- Installing: /home/jellyfish/ws_moveit/install/moveit_core/include/moveit/collision_detection/allvalid
[153.242s] -- Installing: /home/jellyfish/ws_moveit/install/moveit_core/include/moveit/collision_detection/allvalid/collision_env_allvalid.h
[153.242s] -- Installing: /home/jellyfish/ws_moveit/install/moveit_core/include/moveit/collision_detection/allvalid/collision_detector_allocator_allvalid.h
[153.242s] -- Installing: /home/jellyfish/ws_moveit/install/moveit_core/include/moveit/collision_detection/collision_tools.h
[153.242s] -- Installing: /home/jellyfish/ws_moveit/install/moveit_core/include/moveit/collision_detection/collision_matrix.h
[153.242s] -- Installing: /home/jellyfish/ws_moveit/install/moveit_core/include/moveit/collision_detection/collision_octomap_filter.h
[153.242s] -- Installing: /home/jellyfish/ws_moveit/install/moveit_core/include/moveit/collision_detection/occupancy_map.h
[153.243s] -- Installing: /home/jellyfish/ws_moveit/install/moveit_core/include/moveit/collision_detection/world_diff.h
[153.243s] -- Installing: /home/jellyfish/ws_moveit/install/moveit_core/include/moveit/collision_detection/world.h
[153.243s] -- Installing: /home/jellyfish/ws_moveit/install/moveit_core/include/moveit/collision_detection/test_collision_common_pr2.h
[153.243s] -- Installing: /home/jellyfish/ws_moveit/install/moveit_core/include/moveit/collision_detection/collision_detector_allocator.h
[153.243s] -- Installing: /home/jellyfish/ws_moveit/install/moveit_core/include/moveit/collision_detection/collision_common.h
[153.243s] -- Installing: /home/jellyfish/ws_moveit/install/moveit_core/include/moveit/collision_detection/collision_env.h
[153.243s] -- Installing: /home/jellyfish/ws_moveit/install/moveit_core/include/moveit/collision_detection/test_collision_common_panda.h
[153.244s] -- Installing: /home/jellyfish/ws_moveit/install/moveit_core/include/moveit/collision_detection/collision_plugin.h
[153.244s] -- Installing: /home/jellyfish/ws_moveit/install/moveit_core/include/moveit/collision_detection/collision_plugin_cache.h
[153.244s] -- Installing: /home/jellyfish/ws_moveit/install/moveit_core/include/moveit_collision_detection_export.h
[153.244s] -- Up-to-date: /home/jellyfish/ws_moveit/install/moveit_core/include
[153.244s] -- Up-to-date: /home/jellyfish/ws_moveit/install/moveit_core/include/moveit
[153.244s] -- Installing: /home/jellyfish/ws_moveit/install/moveit_core/include/moveit/collision_detection_bullet
[153.245s] -- Installing: /home/jellyfish/ws_moveit/install/moveit_core/include/moveit/collision_detection_bullet/collision_env_bullet.h
[153.245s] -- Installing: /home/jellyfish/ws_moveit/install/moveit_core/include/moveit/collision_detection_bullet/collision_detector_bullet_plugin_loader.h
[153.245s] -- Installing: /home/jellyfish/ws_moveit/install/moveit_core/include/moveit/collision_detection_bullet/collision_detector_allocator_bullet.h
[153.245s] -- Installing: /home/jellyfish/ws_moveit/install/moveit_core/include/moveit/collision_detection_bullet/bullet_integration
[153.245s] -- Installing: /home/jellyfish/ws_moveit/install/moveit_core/include/moveit/collision_detection_bullet/bullet_integration/basic_types.h
[153.246s] -- Installing: /home/jellyfish/ws_moveit/install/moveit_core/include/moveit/collision_detection_bullet/bullet_integration/ros_bullet_utils.h
[153.246s] -- Installing: /home/jellyfish/ws_moveit/install/moveit_core/include/moveit/collision_detection_bullet/bullet_integration/bullet_utils.h
[153.246s] -- Installing: /home/jellyfish/ws_moveit/install/moveit_core/include/moveit/collision_detection_bullet/bullet_integration/contact_checker_common.h
[153.246s] -- Installing: /home/jellyfish/ws_moveit/install/moveit_core/include/moveit/collision_detection_bullet/bullet_integration/bullet_discrete_bvh_manager.h
[153.246s] -- Installing: /home/jellyfish/ws_moveit/install/moveit_core/include/moveit/collision_detection_bullet/bullet_integration/bullet_bvh_manager.h
[153.246s] -- Installing: /home/jellyfish/ws_moveit/install/moveit_core/include/moveit/collision_detection_bullet/bullet_integration/bullet_cast_bvh_manager.h
[153.246s] -- Installing: /home/jellyfish/ws_moveit/install/moveit_core/include/moveit_collision_detection_bullet_export.h
[153.246s] -- Up-to-date: /home/jellyfish/ws_moveit/install/moveit_core/include
[153.246s] -- Up-to-date: /home/jellyfish/ws_moveit/install/moveit_core/include/moveit
[153.247s] -- Installing: /home/jellyfish/ws_moveit/install/moveit_core/include/moveit/collision_detection_fcl
[153.247s] -- Installing: /home/jellyfish/ws_moveit/install/moveit_core/include/moveit/collision_detection_fcl/collision_env_fcl.h
[153.247s] -- Installing: /home/jellyfish/ws_moveit/install/moveit_core/include/moveit/collision_detection_fcl/collision_detector_allocator_fcl.h
[153.247s] -- Installing: /home/jellyfish/ws_moveit/install/moveit_core/include/moveit/collision_detection_fcl/collision_detector_fcl_plugin_loader.h
[153.247s] -- Installing: /home/jellyfish/ws_moveit/install/moveit_core/include/moveit/collision_detection_fcl/fcl_compat.h
[153.247s] -- Installing: /home/jellyfish/ws_moveit/install/moveit_core/include/moveit/collision_detection_fcl/collision_common.h
[153.247s] -- Installing: /home/jellyfish/ws_moveit/install/moveit_core/include/moveit_collision_detection_fcl_export.h
[153.247s] -- Installing: /home/jellyfish/ws_moveit/install/moveit_core/lib/libcollision_detector_bullet_plugin.so.2.5.5
[153.247s] -- Set runtime path of "/home/jellyfish/ws_moveit/install/moveit_core/lib/libcollision_detector_bullet_plugin.so.2.5.5" to ""
[153.248s] -- Installing: /home/jellyfish/ws_moveit/install/moveit_core/lib/libcollision_detector_bullet_plugin.so
[153.248s] -- Installing: /home/jellyfish/ws_moveit/install/moveit_core/lib/libmoveit_butterworth_filter.so.2.5.5
[153.248s] -- Set runtime path of "/home/jellyfish/ws_moveit/install/moveit_core/lib/libmoveit_butterworth_filter.so.2.5.5" to ""
[153.248s] -- Installing: /home/jellyfish/ws_moveit/install/moveit_core/lib/libmoveit_butterworth_filter.so
[153.248s] -- Installing: /home/jellyfish/ws_moveit/install/moveit_core/lib/libmoveit_collision_distance_field.so.2.5.5
[153.249s] -- Set runtime path of "/home/jellyfish/ws_moveit/install/moveit_core/lib/libmoveit_collision_distance_field.so.2.5.5" to ""
[153.249s] -- Installing: /home/jellyfish/ws_moveit/install/moveit_core/lib/libmoveit_collision_distance_field.so
[153.249s] -- Installing: /home/jellyfish/ws_moveit/install/moveit_core/lib/libmoveit_collision_detection.so.2.5.5
[153.249s] -- Set runtime path of "/home/jellyfish/ws_moveit/install/moveit_core/lib/libmoveit_collision_detection.so.2.5.5" to ""
[153.249s] -- Installing: /home/jellyfish/ws_moveit/install/moveit_core/lib/libmoveit_collision_detection.so
[153.249s] -- Installing: /home/jellyfish/ws_moveit/install/moveit_core/lib/libmoveit_collision_detection_fcl.so.2.5.5
[153.249s] -- Set runtime path of "/home/jellyfish/ws_moveit/install/moveit_core/lib/libmoveit_collision_detection_fcl.so.2.5.5" to ""
[153.249s] -- Installing: /home/jellyfish/ws_moveit/install/moveit_core/lib/libmoveit_collision_detection_fcl.so
[153.250s] -- Installing: /home/jellyfish/ws_moveit/install/moveit_core/lib/libmoveit_collision_detection_bullet.so.2.5.5
[153.250s] -- Set runtime path of "/home/jellyfish/ws_moveit/install/moveit_core/lib/libmoveit_collision_detection_bullet.so.2.5.5" to ""
[153.250s] -- Installing: /home/jellyfish/ws_moveit/install/moveit_core/lib/libmoveit_collision_detection_bullet.so
[153.250s] -- Installing: /home/jellyfish/ws_moveit/install/moveit_core/lib/libmoveit_dynamics_solver.so.2.5.5
[153.250s] -- Set runtime path of "/home/jellyfish/ws_moveit/install/moveit_core/lib/libmoveit_dynamics_solver.so.2.5.5" to ""
[153.250s] -- Installing: /home/jellyfish/ws_moveit/install/moveit_core/lib/libmoveit_dynamics_solver.so
[153.250s] -- Installing: /home/jellyfish/ws_moveit/install/moveit_core/lib/libmoveit_constraint_samplers.so.2.5.5
[153.250s] -- Set runtime path of "/home/jellyfish/ws_moveit/install/moveit_core/lib/libmoveit_constraint_samplers.so.2.5.5" to ""
[153.251s] -- Installing: /home/jellyfish/ws_moveit/install/moveit_core/lib/libmoveit_constraint_samplers.so
[153.251s] -- Installing: /home/jellyfish/ws_moveit/install/moveit_core/lib/libmoveit_distance_field.so.2.5.5
[153.251s] -- Set runtime path of "/home/jellyfish/ws_moveit/install/moveit_core/lib/libmoveit_distance_field.so.2.5.5" to ""
[153.251s] -- Installing: /home/jellyfish/ws_moveit/install/moveit_core/lib/libmoveit_distance_field.so
[153.251s] -- Installing: /home/jellyfish/ws_moveit/install/moveit_core/lib/libmoveit_exceptions.so.2.5.5
[153.251s] -- Set runtime path of "/home/jellyfish/ws_moveit/install/moveit_core/lib/libmoveit_exceptions.so.2.5.5" to ""
[153.252s] -- Installing: /home/jellyfish/ws_moveit/install/moveit_core/lib/libmoveit_exceptions.so
[153.252s] -- Installing: /home/jellyfish/ws_moveit/install/moveit_core/lib/libmoveit_kinematics_base.so
[153.252s] -- Set runtime path of "/home/jellyfish/ws_moveit/install/moveit_core/lib/libmoveit_kinematics_base.so" to ""
[153.252s] -- Installing: /home/jellyfish/ws_moveit/install/moveit_core/lib/libmoveit_kinematic_constraints.so.2.5.5
[153.252s] -- Set runtime path of "/home/jellyfish/ws_moveit/install/moveit_core/lib/libmoveit_kinematic_constraints.so.2.5.5" to ""
[153.253s] -- Installing: /home/jellyfish/ws_moveit/install/moveit_core/lib/libmoveit_kinematic_constraints.so
[153.253s] -- Installing: /home/jellyfish/ws_moveit/install/moveit_core/lib/libmoveit_kinematics_metrics.so.2.5.5
[153.253s] -- Set runtime path of "/home/jellyfish/ws_moveit/install/moveit_core/lib/libmoveit_kinematics_metrics.so.2.5.5" to ""
[153.253s] -- Installing: /home/jellyfish/ws_moveit/install/moveit_core/lib/libmoveit_kinematics_metrics.so
[153.253s] -- Installing: /home/jellyfish/ws_moveit/install/moveit_core/lib/libmoveit_planning_interface.so.2.5.5
[153.254s] -- Set runtime path of "/home/jellyfish/ws_moveit/install/moveit_core/lib/libmoveit_planning_interface.so.2.5.5" to ""
[153.254s] -- Installing: /home/jellyfish/ws_moveit/install/moveit_core/lib/libmoveit_planning_interface.so
[153.254s] -- Installing: /home/jellyfish/ws_moveit/install/moveit_core/lib/libmoveit_planning_scene.so.2.5.5
[153.255s] -- Set runtime path of "/home/jellyfish/ws_moveit/install/moveit_core/lib/libmoveit_planning_scene.so.2.5.5" to ""
[153.255s] -- Installing: /home/jellyfish/ws_moveit/install/moveit_core/lib/libmoveit_planning_scene.so
[153.255s] -- Installing: /home/jellyfish/ws_moveit/install/moveit_core/lib/libmoveit_planning_request_adapter.so.2.5.5
[153.256s] -- Set runtime path of "/home/jellyfish/ws_moveit/install/moveit_core/lib/libmoveit_planning_request_adapter.so.2.5.5" to ""
[153.256s] -- Installing: /home/jellyfish/ws_moveit/install/moveit_core/lib/libmoveit_planning_request_adapter.so
[153.256s] -- Installing: /home/jellyfish/ws_moveit/install/moveit_core/lib/libmoveit_robot_model.so.2.5.5
[153.257s] -- Set runtime path of "/home/jellyfish/ws_moveit/install/moveit_core/lib/libmoveit_robot_model.so.2.5.5" to ""
[153.257s] -- Installing: /home/jellyfish/ws_moveit/install/moveit_core/lib/libmoveit_robot_model.so
[153.257s] -- Installing: /home/jellyfish/ws_moveit/install/moveit_core/lib/libmoveit_robot_state.so.2.5.5
[153.258s] -- Set runtime path of "/home/jellyfish/ws_moveit/install/moveit_core/lib/libmoveit_robot_state.so.2.5.5" to ""
[153.258s] -- Installing: /home/jellyfish/ws_moveit/install/moveit_core/lib/libmoveit_robot_state.so
[153.259s] -- Installing: /home/jellyfish/ws_moveit/install/moveit_core/lib/libmoveit_robot_trajectory.so.2.5.5
[153.259s] -- Set runtime path of "/home/jellyfish/ws_moveit/install/moveit_core/lib/libmoveit_robot_trajectory.so.2.5.5" to ""
[153.259s] -- Installing: /home/jellyfish/ws_moveit/install/moveit_core/lib/libmoveit_robot_trajectory.so
[153.259s] -- Installing: /home/jellyfish/ws_moveit/install/moveit_core/lib/libmoveit_smoothing_base.so.2.5.5
[153.259s] -- Set runtime path of "/home/jellyfish/ws_moveit/install/moveit_core/lib/libmoveit_smoothing_base.so.2.5.5" to ""
[153.260s] -- Installing: /home/jellyfish/ws_moveit/install/moveit_core/lib/libmoveit_smoothing_base.so
[153.260s] -- Installing: /home/jellyfish/ws_moveit/install/moveit_core/lib/libmoveit_test_utils.so.2.5.5
[153.261s] -- Set runtime path of "/home/jellyfish/ws_moveit/install/moveit_core/lib/libmoveit_test_utils.so.2.5.5" to ""
[153.261s] -- Installing: /home/jellyfish/ws_moveit/install/moveit_core/lib/libmoveit_test_utils.so
[153.261s] -- Installing: /home/jellyfish/ws_moveit/install/moveit_core/lib/libmoveit_trajectory_processing.so.2.5.5
[153.262s] -- Set runtime path of "/home/jellyfish/ws_moveit/install/moveit_core/lib/libmoveit_trajectory_processing.so.2.5.5" to ""
[153.262s] -- Installing: /home/jellyfish/ws_moveit/install/moveit_core/lib/libmoveit_trajectory_processing.so
[153.262s] -- Installing: /home/jellyfish/ws_moveit/install/moveit_core/lib/libmoveit_transforms.so.2.5.5
[153.262s] -- Set runtime path of "/home/jellyfish/ws_moveit/install/moveit_core/lib/libmoveit_transforms.so.2.5.5" to ""
[153.262s] -- Installing: /home/jellyfish/ws_moveit/install/moveit_core/lib/libmoveit_transforms.so
[153.262s] -- Installing: /home/jellyfish/ws_moveit/install/moveit_core/lib/libmoveit_utils.so.2.5.5
[153.263s] -- Set runtime path of "/home/jellyfish/ws_moveit/install/moveit_core/lib/libmoveit_utils.so.2.5.5" to ""
[153.263s] -- Installing: /home/jellyfish/ws_moveit/install/moveit_core/lib/libmoveit_utils.so
[153.263s] -- Installing: /home/jellyfish/ws_moveit/install/moveit_core/share/moveit_core/environment/library_path.sh
[153.263s] -- Installing: /home/jellyfish/ws_moveit/install/moveit_core/share/moveit_core/environment/library_path.dsv
[153.263s] -- Installing: /home/jellyfish/ws_moveit/install/moveit_core/share/moveit_core/collision_detector_fcl_description.xml
[153.264s] -- Installing: /home/jellyfish/ws_moveit/install/moveit_core/share/moveit_core/collision_detector_bullet_description.xml
[153.264s] -- Installing: /home/jellyfish/ws_moveit/install/moveit_core/share/moveit_core/filter_plugin_butterworth.xml
[153.264s] -- Installing: /home/jellyfish/ws_moveit/install/moveit_core/share/ament_index/resource_index/package_run_dependencies/moveit_core
[153.264s] -- Installing: /home/jellyfish/ws_moveit/install/moveit_core/share/ament_index/resource_index/parent_prefix_path/moveit_core
[153.264s] -- Installing: /home/jellyfish/ws_moveit/install/moveit_core/share/moveit_core/environment/ament_prefix_path.sh
[153.264s] -- Installing: /home/jellyfish/ws_moveit/install/moveit_core/share/moveit_core/environment/ament_prefix_path.dsv
[153.264s] -- Installing: /home/jellyfish/ws_moveit/install/moveit_core/share/moveit_core/environment/path.sh
[153.265s] -- Installing: /home/jellyfish/ws_moveit/install/moveit_core/share/moveit_core/environment/path.dsv
[153.265s] -- Installing: /home/jellyfish/ws_moveit/install/moveit_core/share/moveit_core/local_setup.bash
[153.265s] -- Installing: /home/jellyfish/ws_moveit/install/moveit_core/share/moveit_core/local_setup.sh
[153.265s] -- Installing: /home/jellyfish/ws_moveit/install/moveit_core/share/moveit_core/local_setup.zsh
[153.265s] -- Installing: /home/jellyfish/ws_moveit/install/moveit_core/share/moveit_core/local_setup.dsv
[153.265s] -- Installing: /home/jellyfish/ws_moveit/install/moveit_core/share/moveit_core/package.dsv
[153.266s] -- Installing: /home/jellyfish/ws_moveit/install/moveit_core/share/ament_index/resource_index/packages/moveit_core
[153.266s] -- Installing: /home/jellyfish/ws_moveit/install/moveit_core/share/ament_index/resource_index/moveit_core__pluginlib__plugin/moveit_core
[153.266s] -- Installing: /home/jellyfish/ws_moveit/install/moveit_core/share/moveit_core/cmake/export_moveit_coreExport.cmake
[153.266s] -- Installing: /home/jellyfish/ws_moveit/install/moveit_core/share/moveit_core/cmake/export_moveit_coreExport-release.cmake
[153.266s] -- Installing: /home/jellyfish/ws_moveit/install/moveit_core/share/moveit_core/cmake/ConfigExtras.cmake
[153.266s] -- Installing: /home/jellyfish/ws_moveit/install/moveit_core/share/moveit_core/cmake/ament_cmake_export_targets-extras.cmake
[153.267s] -- Installing: /home/jellyfish/ws_moveit/install/moveit_core/share/moveit_core/cmake/ament_cmake_export_dependencies-extras.cmake
[153.267s] -- Installing: /home/jellyfish/ws_moveit/install/moveit_core/share/moveit_core/cmake/moveit_coreConfig.cmake
[153.267s] -- Installing: /home/jellyfish/ws_moveit/install/moveit_core/share/moveit_core/cmake/moveit_coreConfig-version.cmake
[153.267s] -- Installing: /home/jellyfish/ws_moveit/install/moveit_core/share/moveit_core/package.xml
[153.271s] Invoked command in '/home/jellyfish/ws_moveit/build/moveit_core' returned '0': AMENT_PREFIX_PATH=/home/jellyfish/ws_moveit/install/moveit_resources_panda_moveit_config:/home/jellyfish/ws_moveit/install/srdfdom:/home/jellyfish/ws_moveit/install/moveit_resources_pr2_description:/home/jellyfish/ws_moveit/install/moveit_resources_panda_description:/home/jellyfish/ws_moveit/install/moveit_common:${AMENT_PREFIX_PATH} CMAKE_PREFIX_PATH=/home/jellyfish/ws_moveit/install/moveit_resources_panda_moveit_config:/home/jellyfish/ws_moveit/install/srdfdom:/home/jellyfish/ws_moveit/install/moveit_resources_pr2_description:/home/jellyfish/ws_moveit/install/moveit_resources_panda_description:/home/jellyfish/ws_moveit/install/moveit_common:/opt/ros/humble LD_LIBRARY_PATH=/home/jellyfish/ws_moveit/install/srdfdom/lib:${LD_LIBRARY_PATH} PYTHONPATH=/home/jellyfish/ws_moveit/install/srdfdom/local/lib/python3.10/dist-packages:${PYTHONPATH} /usr/bin/cmake --install /home/jellyfish/ws_moveit/build/moveit_core
