[0.069s] Invoking command in '/home/jellyfish/ws_moveit/build/moveit_ros_visualization': AMENT_PREFIX_PATH=/home/jellyfish/ws_moveit/install/moveit_ros_planning_interface:/home/jellyfish/ws_moveit/install/moveit_ros_move_group:/home/jellyfish/ws_moveit/install/moveit_ros_warehouse:/home/jellyfish/ws_moveit/install/moveit_ros_robot_interaction:/home/jellyfish/ws_moveit/install/moveit_planners_ompl:/home/jellyfish/ws_moveit/install/moveit_kinematics:/home/jellyfish/ws_moveit/install/moveit_ros_planning:/home/jellyfish/ws_moveit/install/moveit_simple_controller_manager:/home/jellyfish/ws_moveit/install/moveit_ros_occupancy_map_monitor:/home/jellyfish/ws_moveit/install/moveit_core:/home/jellyfish/ws_moveit/install/moveit_resources_panda_moveit_config:/home/jellyfish/ws_moveit/install/moveit_resources_fanuc_moveit_config:/home/jellyfish/ws_moveit/install/moveit_configs_utils:/home/jellyfish/ws_moveit/install/srdfdom:/home/jellyfish/ws_moveit/install/moveit_resources_pr2_description:/home/jellyfish/ws_moveit/install/moveit_resources_panda_description:/home/jellyfish/ws_moveit/install/moveit_resources_fanuc_description:/home/jellyfish/ws_moveit/install/moveit_common:/home/jellyfish/ws_moveit/install/launch_param_builder:${AMENT_PREFIX_PATH} CMAKE_PREFIX_PATH=/home/jellyfish/ws_moveit/install/moveit_ros_planning_interface:/home/jellyfish/ws_moveit/install/moveit_ros_move_group:/home/jellyfish/ws_moveit/install/moveit_ros_warehouse:/home/jellyfish/ws_moveit/install/moveit_ros_robot_interaction:/home/jellyfish/ws_moveit/install/moveit_planners_ompl:/home/jellyfish/ws_moveit/install/moveit_kinematics:/home/jellyfish/ws_moveit/install/moveit_ros_planning:/home/jellyfish/ws_moveit/install/moveit_simple_controller_manager:/home/jellyfish/ws_moveit/install/moveit_ros_occupancy_map_monitor:/home/jellyfish/ws_moveit/install/moveit_core:/home/jellyfish/ws_moveit/install/moveit_resources_panda_moveit_config:/home/jellyfish/ws_moveit/install/moveit_resources_fanuc_moveit_config:/home/jellyfish/ws_moveit/install/srdfdom:/home/jellyfish/ws_moveit/install/moveit_resources_pr2_description:/home/jellyfish/ws_moveit/install/moveit_resources_panda_description:/home/jellyfish/ws_moveit/install/moveit_resources_fanuc_description:/home/jellyfish/ws_moveit/install/moveit_common:/opt/ros/humble LD_LIBRARY_PATH=/home/jellyfish/ws_moveit/install/moveit_ros_planning_interface/lib:/home/jellyfish/ws_moveit/install/moveit_ros_move_group/lib:/home/jellyfish/ws_moveit/install/moveit_ros_warehouse/lib:/home/jellyfish/ws_moveit/install/moveit_ros_robot_interaction/lib:/home/jellyfish/ws_moveit/install/moveit_planners_ompl/lib:/home/jellyfish/ws_moveit/install/moveit_kinematics/lib:/home/jellyfish/ws_moveit/install/moveit_ros_planning/lib:/home/jellyfish/ws_moveit/install/moveit_simple_controller_manager/lib:/home/jellyfish/ws_moveit/install/moveit_ros_occupancy_map_monitor/lib:/home/jellyfish/ws_moveit/install/moveit_core/lib:/home/jellyfish/ws_moveit/install/srdfdom/lib:${LD_LIBRARY_PATH} PATH=/home/jellyfish/ws_moveit/install/moveit_core/bin:${PATH} PYTHONPATH=/home/jellyfish/ws_moveit/install/moveit_configs_utils/lib/python3.10/site-packages:/home/jellyfish/ws_moveit/install/srdfdom/local/lib/python3.10/dist-packages:/home/jellyfish/ws_moveit/install/launch_param_builder/lib/python3.10/site-packages:${PYTHONPATH} /usr/bin/cmake /home/jellyfish/ws_moveit/src/moveit2/moveit_ros/visualization -DCMAKE_BUILD_TYPE=Release -DCMAKE_INSTALL_PREFIX=/home/jellyfish/ws_moveit/install/moveit_ros_visualization
[0.172s] -- The C compiler identification is GNU 11.4.0
[0.251s] -- The CXX compiler identification is GNU 11.4.0
[0.260s] -- Detecting C compiler ABI info
[0.362s] -- Detecting C compiler ABI info - done
[0.381s] -- Check for working C compiler: /usr/bin/cc - skipped
[0.381s] -- Detecting C compile features
[0.382s] -- Detecting C compile features - done
[0.389s] -- Detecting CXX compiler ABI info
[0.513s] -- Detecting CXX compiler ABI info - done
[0.520s] -- Check for working CXX compiler: /usr/bin/c++ - skipped
[0.520s] -- Detecting CXX compile features
[0.520s] -- Detecting CXX compile features - done
[0.523s] -- Found moveit_common: 2.5.5 (/home/jellyfish/ws_moveit/install/moveit_common/share/moveit_common/cmake)
[0.527s] -- Found ament_cmake: 1.3.9 (/opt/ros/humble/share/ament_cmake/cmake)
[0.826s] -- Found Python3: /usr/bin/python3 (found version "3.10.12") found components: Interpreter 
[1.127s] -- Found libdw: /usr/lib/x86_64-linux-gnu/libdw.so  
[1.134s] -- Could NOT find libbfd (missing: LIBBFD_LIBRARY LIBBFD_INCLUDE_DIR) 
[1.134s] -- BACKWARD_HAS_UNWIND=1
[1.134s] -- BACKWARD_HAS_BACKTRACE=0
[1.134s] -- BACKWARD_HAS_BACKTRACE_SYMBOL=0
[1.134s] -- BACKWARD_HAS_DW=1
[1.134s] -- BACKWARD_HAS_BFD=0
[1.135s] -- Found Backward: /opt/ros/humble/share/backward_ros/cmake  
[1.138s] -- Found class_loader: 2.2.0 (/opt/ros/humble/share/class_loader/cmake)
[1.165s] -- Found geometric_shapes: 2.1.3 (/opt/ros/humble/share/geometric_shapes/cmake)
[1.181s] -- Found Boost: /usr/lib/x86_64-linux-gnu/cmake/Boost-1.74.0/BoostConfig.cmake (found version "1.74.0") found components: filesystem 
[1.251s] -- Found rosidl_generator_c: 3.1.5 (/opt/ros/humble/share/rosidl_generator_c/cmake)
[1.261s] -- Found rosidl_adapter: 3.1.5 (/opt/ros/humble/share/rosidl_adapter/cmake)
[1.273s] -- Found rosidl_generator_cpp: 3.1.5 (/opt/ros/humble/share/rosidl_generator_cpp/cmake)
[1.292s] -- Using all available rosidl_typesupport_c: rosidl_typesupport_fastrtps_c;rosidl_typesupport_introspection_c
[1.312s] -- Using all available rosidl_typesupport_cpp: rosidl_typesupport_fastrtps_cpp;rosidl_typesupport_introspection_cpp
[1.523s] -- Found rmw_implementation_cmake: 6.1.2 (/opt/ros/humble/share/rmw_implementation_cmake/cmake)
[1.528s] -- Found rmw_fastrtps_cpp: 6.2.6 (/opt/ros/humble/share/rmw_fastrtps_cpp/cmake)
[1.721s] -- Found OpenSSL: /usr/lib/x86_64-linux-gnu/libcrypto.so (found version "3.0.2")  
[1.750s] -- Found FastRTPS: /opt/ros/humble/include  
[1.810s] -- Using RMW implementation 'rmw_fastrtps_cpp' as default
[1.825s] -- Looking for pthread.h
[1.996s] -- Looking for pthread.h - found
[1.996s] -- Performing Test CMAKE_HAVE_LIBC_PTHREAD
[2.165s] -- Performing Test CMAKE_HAVE_LIBC_PTHREAD - Success
[2.168s] -- Found Threads: TRUE  
[2.510s] -- library: /usr/lib/x86_64-linux-gnu/libcurl.so
[2.785s] -- Found interactive_markers: 2.3.2 (/opt/ros/humble/share/interactive_markers/cmake)
[2.809s] -- Found moveit_ros_planning: 2.5.5 (/home/jellyfish/ws_moveit/install/moveit_ros_planning/share/moveit_ros_planning/cmake)
[2.840s] -- Found Boost: /usr/lib/x86_64-linux-gnu/cmake/Boost-1.74.0/BoostConfig.cmake (found version "1.74.0") found components: system filesystem date_time program_options thread chrono 
[3.290s] -- Found Boost: /usr/lib/x86_64-linux-gnu/cmake/Boost-1.74.0/BoostConfig.cmake (found version "1.74.0") found components: chrono date_time filesystem iostreams program_options regex serialization system thread 
[3.335s] -- Found parameter_traits: 0.3.8 (/opt/ros/humble/share/parameter_traits/cmake)
[3.357s] -- Found Eigen3: TRUE (found version "3.4.0") 
[3.361s] -- Found rclcpp_lifecycle: 16.0.9 (/opt/ros/humble/share/rclcpp_lifecycle/cmake)
[3.434s] -- Ensuring Eigen3 include directory is part of orocos-kdl CMake target
[4.625s] -- Found moveit_ros_planning_interface: 2.5.5 (/home/jellyfish/ws_moveit/install/moveit_ros_planning_interface/share/moveit_ros_planning_interface/cmake)
[4.629s] -- Found Boost: /usr/lib/x86_64-linux-gnu/cmake/Boost-1.74.0/BoostConfig.cmake (found version "1.74.0") found components: date_time filesystem program_options system thread 
[4.803s] -- Found Boost: /usr/lib/x86_64-linux-gnu/cmake/Boost-1.74.0/BoostConfig.cmake (found version "1.74.0") found components: thread system filesystem regex date_time program_options 
[5.031s] -- Found Boost: /usr/lib/x86_64-linux-gnu/cmake/Boost-1.74.0/BoostConfig.cmake (found version "1.74.0") found components: system filesystem date_time program_options thread 
[5.429s] -- Found moveit_ros_robot_interaction: 2.5.5 (/home/jellyfish/ws_moveit/install/moveit_ros_robot_interaction/share/moveit_ros_robot_interaction/cmake)
[5.552s] -- Found rclpy: 3.3.13 (/opt/ros/humble/share/rclpy/cmake)
[5.555s] -- Found rviz2: 11.2.12 (/opt/ros/humble/share/rviz2/cmake)
[5.560s] -- Found rviz_common: 11.2.12 (/opt/ros/humble/share/rviz_common/cmake)
[5.595s] -- Setting OGRE_DIR to: '/opt/ros/humble/share/rviz_ogre_vendor/cmake/../../../opt/rviz_ogre_vendor/lib/OGRE/cmake'
[5.596s] -- Found OGRE
[5.596s] --   static     : OFF
[5.596s] --   components : HLMS;MeshLodGenerator;Overlay;Paging;Property;RTShaderSystem;Terrain;Volume
[5.596s] --   plugins    : Plugin_BSPSceneManager;Plugin_OctreeSceneManager;Plugin_PCZSceneManager;Plugin_ParticleFX;RenderSystem_GL;RenderSystem_GL3Plus;Codec_STBI
[5.596s] --   media      : /opt/ros/humble/opt/rviz_ogre_vendor/share/OGRE/Media
[5.597s] -- OGRE_LIBRARIES: OgreHLMS;OgreMeshLodGenerator;OgreOverlay;OgrePaging;OgreProperty;OgreRTShaderSystem;OgreTerrain;OgreVolume;OgreMain
[5.597s] -- OGRE_LIBRARY_DIRS: /opt/ros/humble/opt/rviz_ogre_vendor/lib
[5.597s] -- OGRE_PLUGINS: Plugin_BSPSceneManager;Plugin_OctreeSceneManager;Plugin_PCZSceneManager;Plugin_ParticleFX;RenderSystem_GL;RenderSystem_GL3Plus;Codec_STBI
[5.597s] -- OGRE_PLUGIN_DIR: /opt/ros/humble/opt/rviz_ogre_vendor/lib/OGRE
[5.598s] -- rviz_ogre_vendor::OgreOverlay for IMPORTED_LOCATION_RELEASE: /opt/ros/humble/opt/rviz_ogre_vendor/lib/libOgreOverlay.so
[5.598s] -- rviz_ogre_vendor::OgreOverlay for IMPORTED_LOCATION_DEBUG: /opt/ros/humble/opt/rviz_ogre_vendor/lib/libOgreOverlay.so
[5.598s] -- rviz_ogre_vendor::OgreMain for IMPORTED_LOCATION_RELEASE: /opt/ros/humble/opt/rviz_ogre_vendor/lib/libOgreMain.so
[5.598s] -- rviz_ogre_vendor::OgreMain for IMPORTED_LOCATION_DEBUG: /opt/ros/humble/opt/rviz_ogre_vendor/lib/libOgreMain.so
[5.616s] -- Found ZLIB: /usr/lib/x86_64-linux-gnu/libz.so (found version "1.2.11") 
[5.624s] -- Found OpenGL: /usr/lib/x86_64-linux-gnu/libOpenGL.so   
[5.839s] -- Found X11: /usr/include   
[5.839s] -- Looking for XOpenDisplay in /usr/lib/x86_64-linux-gnu/libX11.so;/usr/lib/x86_64-linux-gnu/libXext.so
[6.046s] -- Looking for XOpenDisplay in /usr/lib/x86_64-linux-gnu/libX11.so;/usr/lib/x86_64-linux-gnu/libXext.so - found
[6.046s] -- Looking for gethostbyname
[6.212s] -- Looking for gethostbyname - found
[6.212s] -- Looking for connect
[6.419s] -- Looking for connect - found
[6.420s] -- Looking for remove
[6.641s] -- Looking for remove - found
[6.642s] -- Looking for shmat
[6.851s] -- Looking for shmat - found
[6.851s] -- Looking for IceConnectionNumber in ICE
[7.043s] -- Looking for IceConnectionNumber in ICE - found
[7.048s] -- rviz_ogre_vendor::RenderSystem_GL for IMPORTED_LOCATION_RELEASE: _render_system_gl_static_library_abs-NOTFOUND
[7.048s] -- rviz_ogre_vendor::RenderSystem_GL for IMPORTED_LOCATION_DEBUG: _render_system_gl_static_library_abs-NOTFOUND
[7.172s] -- Found rviz_default_plugins: 11.2.12 (/opt/ros/humble/share/rviz_default_plugins/cmake)
[7.603s] -- Found Boost: /usr/lib/x86_64-linux-gnu/cmake/Boost-1.74.0/BoostConfig.cmake (found version "1.74.0") found components: thread date_time system filesystem 
[7.631s] -- Performing Test COMPILER_HAS_HIDDEN_VISIBILITY
[7.828s] -- Performing Test COMPILER_HAS_HIDDEN_VISIBILITY - Success
[7.828s] -- Performing Test COMPILER_HAS_HIDDEN_INLINE_VISIBILITY
[7.976s] -- Performing Test COMPILER_HAS_HIDDEN_INLINE_VISIBILITY - Success
[7.977s] -- Performing Test COMPILER_HAS_DEPRECATED_ATTR
[8.128s] -- Performing Test COMPILER_HAS_DEPRECATED_ATTR - Success
[8.200s] -- Found ament_lint_auto: 0.12.11 (/opt/ros/humble/share/ament_lint_auto/cmake)
[8.241s] -- Added test 'cppcheck' to perform static code analysis on C / C++ code
[8.242s] -- Configured cppcheck include dirs: /home/jellyfish/ws_moveit/src/moveit2/moveit_ros/visualization/rviz_plugin_render_tools/include;/home/jellyfish/ws_moveit/src/moveit2/moveit_ros/visualization/robot_state_rviz_plugin/include;/home/jellyfish/ws_moveit/src/moveit2/moveit_ros/visualization/planning_scene_rviz_plugin/include;/home/jellyfish/ws_moveit/src/moveit2/moveit_ros/visualization/motion_planning_rviz_plugin/include;/home/jellyfish/ws_moveit/src/moveit2/moveit_ros/visualization/trajectory_rviz_plugin/include
[8.242s] -- Configured cppcheck exclude dirs and/or files: 
[8.244s] -- Added test 'lint_cmake' to check CMake code style
[8.246s] -- Added test 'pep257' to check Python code against some of the docstring style conventions in PEP 257
[8.247s] -- Added test 'xmllint' to check XML markup files
[8.250s] -- Configuring done
[8.593s] -- Generating done
[8.598s] -- Build files have been written to: /home/jellyfish/ws_moveit/build/moveit_ros_visualization
[8.623s] Invoked command in '/home/jellyfish/ws_moveit/build/moveit_ros_visualization' returned '0': AMENT_PREFIX_PATH=/home/jellyfish/ws_moveit/install/moveit_ros_planning_interface:/home/jellyfish/ws_moveit/install/moveit_ros_move_group:/home/jellyfish/ws_moveit/install/moveit_ros_warehouse:/home/jellyfish/ws_moveit/install/moveit_ros_robot_interaction:/home/jellyfish/ws_moveit/install/moveit_planners_ompl:/home/jellyfish/ws_moveit/install/moveit_kinematics:/home/jellyfish/ws_moveit/install/moveit_ros_planning:/home/jellyfish/ws_moveit/install/moveit_simple_controller_manager:/home/jellyfish/ws_moveit/install/moveit_ros_occupancy_map_monitor:/home/jellyfish/ws_moveit/install/moveit_core:/home/jellyfish/ws_moveit/install/moveit_resources_panda_moveit_config:/home/jellyfish/ws_moveit/install/moveit_resources_fanuc_moveit_config:/home/jellyfish/ws_moveit/install/moveit_configs_utils:/home/jellyfish/ws_moveit/install/srdfdom:/home/jellyfish/ws_moveit/install/moveit_resources_pr2_description:/home/jellyfish/ws_moveit/install/moveit_resources_panda_description:/home/jellyfish/ws_moveit/install/moveit_resources_fanuc_description:/home/jellyfish/ws_moveit/install/moveit_common:/home/jellyfish/ws_moveit/install/launch_param_builder:${AMENT_PREFIX_PATH} CMAKE_PREFIX_PATH=/home/jellyfish/ws_moveit/install/moveit_ros_planning_interface:/home/jellyfish/ws_moveit/install/moveit_ros_move_group:/home/jellyfish/ws_moveit/install/moveit_ros_warehouse:/home/jellyfish/ws_moveit/install/moveit_ros_robot_interaction:/home/jellyfish/ws_moveit/install/moveit_planners_ompl:/home/jellyfish/ws_moveit/install/moveit_kinematics:/home/jellyfish/ws_moveit/install/moveit_ros_planning:/home/jellyfish/ws_moveit/install/moveit_simple_controller_manager:/home/jellyfish/ws_moveit/install/moveit_ros_occupancy_map_monitor:/home/jellyfish/ws_moveit/install/moveit_core:/home/jellyfish/ws_moveit/install/moveit_resources_panda_moveit_config:/home/jellyfish/ws_moveit/install/moveit_resources_fanuc_moveit_config:/home/jellyfish/ws_moveit/install/srdfdom:/home/jellyfish/ws_moveit/install/moveit_resources_pr2_description:/home/jellyfish/ws_moveit/install/moveit_resources_panda_description:/home/jellyfish/ws_moveit/install/moveit_resources_fanuc_description:/home/jellyfish/ws_moveit/install/moveit_common:/opt/ros/humble LD_LIBRARY_PATH=/home/jellyfish/ws_moveit/install/moveit_ros_planning_interface/lib:/home/jellyfish/ws_moveit/install/moveit_ros_move_group/lib:/home/jellyfish/ws_moveit/install/moveit_ros_warehouse/lib:/home/jellyfish/ws_moveit/install/moveit_ros_robot_interaction/lib:/home/jellyfish/ws_moveit/install/moveit_planners_ompl/lib:/home/jellyfish/ws_moveit/install/moveit_kinematics/lib:/home/jellyfish/ws_moveit/install/moveit_ros_planning/lib:/home/jellyfish/ws_moveit/install/moveit_simple_controller_manager/lib:/home/jellyfish/ws_moveit/install/moveit_ros_occupancy_map_monitor/lib:/home/jellyfish/ws_moveit/install/moveit_core/lib:/home/jellyfish/ws_moveit/install/srdfdom/lib:${LD_LIBRARY_PATH} PATH=/home/jellyfish/ws_moveit/install/moveit_core/bin:${PATH} PYTHONPATH=/home/jellyfish/ws_moveit/install/moveit_configs_utils/lib/python3.10/site-packages:/home/jellyfish/ws_moveit/install/srdfdom/local/lib/python3.10/dist-packages:/home/jellyfish/ws_moveit/install/launch_param_builder/lib/python3.10/site-packages:${PYTHONPATH} /usr/bin/cmake /home/jellyfish/ws_moveit/src/moveit2/moveit_ros/visualization -DCMAKE_BUILD_TYPE=Release -DCMAKE_INSTALL_PREFIX=/home/jellyfish/ws_moveit/install/moveit_ros_visualization
[8.625s] Invoking command in '/home/jellyfish/ws_moveit/build/moveit_ros_visualization': AMENT_PREFIX_PATH=/home/jellyfish/ws_moveit/install/moveit_ros_planning_interface:/home/jellyfish/ws_moveit/install/moveit_ros_move_group:/home/jellyfish/ws_moveit/install/moveit_ros_warehouse:/home/jellyfish/ws_moveit/install/moveit_ros_robot_interaction:/home/jellyfish/ws_moveit/install/moveit_planners_ompl:/home/jellyfish/ws_moveit/install/moveit_kinematics:/home/jellyfish/ws_moveit/install/moveit_ros_planning:/home/jellyfish/ws_moveit/install/moveit_simple_controller_manager:/home/jellyfish/ws_moveit/install/moveit_ros_occupancy_map_monitor:/home/jellyfish/ws_moveit/install/moveit_core:/home/jellyfish/ws_moveit/install/moveit_resources_panda_moveit_config:/home/jellyfish/ws_moveit/install/moveit_resources_fanuc_moveit_config:/home/jellyfish/ws_moveit/install/moveit_configs_utils:/home/jellyfish/ws_moveit/install/srdfdom:/home/jellyfish/ws_moveit/install/moveit_resources_pr2_description:/home/jellyfish/ws_moveit/install/moveit_resources_panda_description:/home/jellyfish/ws_moveit/install/moveit_resources_fanuc_description:/home/jellyfish/ws_moveit/install/moveit_common:/home/jellyfish/ws_moveit/install/launch_param_builder:${AMENT_PREFIX_PATH} CMAKE_PREFIX_PATH=/home/jellyfish/ws_moveit/install/moveit_ros_planning_interface:/home/jellyfish/ws_moveit/install/moveit_ros_move_group:/home/jellyfish/ws_moveit/install/moveit_ros_warehouse:/home/jellyfish/ws_moveit/install/moveit_ros_robot_interaction:/home/jellyfish/ws_moveit/install/moveit_planners_ompl:/home/jellyfish/ws_moveit/install/moveit_kinematics:/home/jellyfish/ws_moveit/install/moveit_ros_planning:/home/jellyfish/ws_moveit/install/moveit_simple_controller_manager:/home/jellyfish/ws_moveit/install/moveit_ros_occupancy_map_monitor:/home/jellyfish/ws_moveit/install/moveit_core:/home/jellyfish/ws_moveit/install/moveit_resources_panda_moveit_config:/home/jellyfish/ws_moveit/install/moveit_resources_fanuc_moveit_config:/home/jellyfish/ws_moveit/install/srdfdom:/home/jellyfish/ws_moveit/install/moveit_resources_pr2_description:/home/jellyfish/ws_moveit/install/moveit_resources_panda_description:/home/jellyfish/ws_moveit/install/moveit_resources_fanuc_description:/home/jellyfish/ws_moveit/install/moveit_common:/opt/ros/humble LD_LIBRARY_PATH=/home/jellyfish/ws_moveit/install/moveit_ros_planning_interface/lib:/home/jellyfish/ws_moveit/install/moveit_ros_move_group/lib:/home/jellyfish/ws_moveit/install/moveit_ros_warehouse/lib:/home/jellyfish/ws_moveit/install/moveit_ros_robot_interaction/lib:/home/jellyfish/ws_moveit/install/moveit_planners_ompl/lib:/home/jellyfish/ws_moveit/install/moveit_kinematics/lib:/home/jellyfish/ws_moveit/install/moveit_ros_planning/lib:/home/jellyfish/ws_moveit/install/moveit_simple_controller_manager/lib:/home/jellyfish/ws_moveit/install/moveit_ros_occupancy_map_monitor/lib:/home/jellyfish/ws_moveit/install/moveit_core/lib:/home/jellyfish/ws_moveit/install/srdfdom/lib:${LD_LIBRARY_PATH} PATH=/home/jellyfish/ws_moveit/install/moveit_core/bin:${PATH} PYTHONPATH=/home/jellyfish/ws_moveit/install/moveit_configs_utils/lib/python3.10/site-packages:/home/jellyfish/ws_moveit/install/srdfdom/local/lib/python3.10/dist-packages:/home/jellyfish/ws_moveit/install/launch_param_builder/lib/python3.10/site-packages:${PYTHONPATH} /usr/bin/cmake --build /home/jellyfish/ws_moveit/build/moveit_ros_visualization -- -j12 -l12
[8.725s] [  1%] [34m[1mAutomatic MOC for target moveit_rviz_plugin_render_tools[0m
[9.122s] [  1%] Built target moveit_rviz_plugin_render_tools_autogen
[9.164s] [  3%] [32mBuilding CXX object rviz_plugin_render_tools/CMakeFiles/moveit_rviz_plugin_render_tools.dir/src/octomap_render.cpp.o[0m
[9.165s] [  5%] [32mBuilding CXX object rviz_plugin_render_tools/CMakeFiles/moveit_rviz_plugin_render_tools.dir/src/planning_link_updater.cpp.o[0m
[9.170s] [  6%] [32mBuilding CXX object rviz_plugin_render_tools/CMakeFiles/moveit_rviz_plugin_render_tools.dir/src/robot_state_visualization.cpp.o[0m
[9.170s] [  8%] [32mBuilding CXX object rviz_plugin_render_tools/CMakeFiles/moveit_rviz_plugin_render_tools.dir/src/trajectory_panel.cpp.o[0m
[9.172s] [ 10%] [32mBuilding CXX object rviz_plugin_render_tools/CMakeFiles/moveit_rviz_plugin_render_tools.dir/src/trajectory_visualization.cpp.o[0m
[9.172s] [ 12%] [32mBuilding CXX object rviz_plugin_render_tools/CMakeFiles/moveit_rviz_plugin_render_tools.dir/src/render_shapes.cpp.o[0m
[9.172s] [ 15%] [32mBuilding CXX object rviz_plugin_render_tools/CMakeFiles/moveit_rviz_plugin_render_tools.dir/src/mesh_shape.cpp.o[0m
[9.173s] [ 15%] [32mBuilding CXX object rviz_plugin_render_tools/CMakeFiles/moveit_rviz_plugin_render_tools.dir/moveit_rviz_plugin_render_tools_autogen/mocs_compilation.cpp.o[0m
[9.173s] [ 17%] [32mBuilding CXX object rviz_plugin_render_tools/CMakeFiles/moveit_rviz_plugin_render_tools.dir/src/planning_scene_render.cpp.o[0m
[28.506s] [ 18%] [32m[1mLinking CXX shared library libmoveit_rviz_plugin_render_tools.so[0m
[31.466s] [ 18%] Built target moveit_rviz_plugin_render_tools
[31.500s] [ 20%] [34m[1mAutomatic MOC for target moveit_robot_state_rviz_plugin_core[0m
[31.517s] [ 22%] [34m[1mAutomatic MOC for target moveit_planning_scene_rviz_plugin_core[0m
[31.773s] [ 22%] Built target moveit_robot_state_rviz_plugin_core_autogen
[31.807s] [ 24%] [32mBuilding CXX object robot_state_rviz_plugin/CMakeFiles/moveit_robot_state_rviz_plugin_core.dir/src/robot_state_display.cpp.o[0m
[31.814s] [ 25%] [32mBuilding CXX object robot_state_rviz_plugin/CMakeFiles/moveit_robot_state_rviz_plugin_core.dir/moveit_robot_state_rviz_plugin_core_autogen/mocs_compilation.cpp.o[0m
[31.934s] [ 25%] Built target moveit_planning_scene_rviz_plugin_core_autogen
[31.980s] [ 27%] [32mBuilding CXX object planning_scene_rviz_plugin/CMakeFiles/moveit_planning_scene_rviz_plugin_core.dir/src/planning_scene_display.cpp.o[0m
[31.984s] [ 29%] [32mBuilding CXX object planning_scene_rviz_plugin/CMakeFiles/moveit_planning_scene_rviz_plugin_core.dir/moveit_planning_scene_rviz_plugin_core_autogen/mocs_compilation.cpp.o[0m
[31.990s] [ 31%] [32mBuilding CXX object planning_scene_rviz_plugin/CMakeFiles/moveit_planning_scene_rviz_plugin_core.dir/src/background_processing.cpp.o[0m
[45.844s] [ 32%] [32m[1mLinking CXX shared library libmoveit_planning_scene_rviz_plugin_core.so[0m
[48.817s] [ 34%] [32m[1mLinking CXX shared library libmoveit_robot_state_rviz_plugin_core.so[0m
[49.466s] [ 34%] Built target moveit_planning_scene_rviz_plugin_core
[49.515s] [ 36%] [34m[1mAutomatic MOC for target moveit_trajectory_rviz_plugin_core[0m
[49.521s] [ 37%] [34m[1mAutomatic MOC for target moveit_planning_scene_rviz_plugin[0m
[49.581s] [ 37%] Built target moveit_planning_scene_rviz_plugin_autogen
[49.626s] [ 39%] [32mBuilding CXX object planning_scene_rviz_plugin/CMakeFiles/moveit_planning_scene_rviz_plugin.dir/src/plugin_init.cpp.o[0m
[49.626s] [ 41%] [32mBuilding CXX object planning_scene_rviz_plugin/CMakeFiles/moveit_planning_scene_rviz_plugin.dir/moveit_planning_scene_rviz_plugin_autogen/mocs_compilation.cpp.o[0m
[49.957s] [ 41%] Built target moveit_trajectory_rviz_plugin_core_autogen
[50.002s] [ 43%] [32mBuilding CXX object trajectory_rviz_plugin/CMakeFiles/moveit_trajectory_rviz_plugin_core.dir/moveit_trajectory_rviz_plugin_core_autogen/mocs_compilation.cpp.o[0m
[50.003s] [ 44%] [32mBuilding CXX object trajectory_rviz_plugin/CMakeFiles/moveit_trajectory_rviz_plugin_core.dir/src/trajectory_display.cpp.o[0m
[52.307s] [ 44%] Built target moveit_robot_state_rviz_plugin_core
[52.335s] [ 46%] [34m[1mAutomatic MOC for target moveit_robot_state_rviz_plugin[0m
[52.377s] [ 46%] Built target moveit_robot_state_rviz_plugin_autogen
[52.409s] [ 48%] [32mBuilding CXX object robot_state_rviz_plugin/CMakeFiles/moveit_robot_state_rviz_plugin.dir/moveit_robot_state_rviz_plugin_autogen/mocs_compilation.cpp.o[0m
[52.409s] [ 50%] [32mBuilding CXX object robot_state_rviz_plugin/CMakeFiles/moveit_robot_state_rviz_plugin.dir/src/plugin_init.cpp.o[0m
[60.042s] [ 51%] [32m[1mLinking CXX shared library libmoveit_trajectory_rviz_plugin_core.so[0m
[61.518s] [ 51%] Built target moveit_trajectory_rviz_plugin_core
[61.558s] [ 53%] [34m[1mAutomatic MOC for target moveit_trajectory_rviz_plugin[0m
[61.609s] [ 53%] Built target moveit_trajectory_rviz_plugin_autogen
[61.641s] [ 56%] [32mBuilding CXX object trajectory_rviz_plugin/CMakeFiles/moveit_trajectory_rviz_plugin.dir/moveit_trajectory_rviz_plugin_autogen/mocs_compilation.cpp.o[0m
[61.641s] [ 56%] [32mBuilding CXX object trajectory_rviz_plugin/CMakeFiles/moveit_trajectory_rviz_plugin.dir/src/plugin_init.cpp.o[0m
[61.766s] [ 58%] [32m[1mLinking CXX shared library libmoveit_planning_scene_rviz_plugin.so[0m
[62.006s] [ 60%] [32m[1mLinking CXX shared library libmoveit_robot_state_rviz_plugin.so[0m
[63.160s] [ 60%] Built target moveit_planning_scene_rviz_plugin
[63.194s] [ 62%] [34m[1mAutomatic MOC for target moveit_motion_planning_rviz_plugin_core[0m
[63.428s] [ 62%] Built target moveit_robot_state_rviz_plugin
[63.956s] [ 62%] Built target moveit_motion_planning_rviz_plugin_core_autogen
[63.971s] [ 67%] [34m[1mGenerating ui_motion_planning_rviz_plugin_frame_joints.h[0m
[63.971s] [ 67%] [34m[1mGenerating ui_motion_planning_rviz_plugin_frame.h[0m
[63.971s] [ 67%] [34m[1mAutomatic RCC for src/icons/icons.qrc[0m
[64.027s] [ 70%] [32mBuilding CXX object motion_planning_rviz_plugin/CMakeFiles/moveit_motion_planning_rviz_plugin_core.dir/moveit_motion_planning_rviz_plugin_core_autogen/mocs_compilation.cpp.o[0m
[64.027s] [ 70%] [32mBuilding CXX object motion_planning_rviz_plugin/CMakeFiles/moveit_motion_planning_rviz_plugin_core.dir/src/motion_planning_frame.cpp.o[0m
[64.028s] [ 79%] [32mBuilding CXX object motion_planning_rviz_plugin/CMakeFiles/moveit_motion_planning_rviz_plugin_core.dir/src/motion_planning_frame_planning.cpp.o[0m
[64.029s] [ 79%] [32mBuilding CXX object motion_planning_rviz_plugin/CMakeFiles/moveit_motion_planning_rviz_plugin_core.dir/src/motion_planning_frame_states.cpp.o[0m
[64.029s] [ 79%] [32mBuilding CXX object motion_planning_rviz_plugin/CMakeFiles/moveit_motion_planning_rviz_plugin_core.dir/src/motion_planning_frame_scenes.cpp.o[0m
[64.029s] [ 79%] [32mBuilding CXX object motion_planning_rviz_plugin/CMakeFiles/moveit_motion_planning_rviz_plugin_core.dir/src/motion_planning_frame_context.cpp.o[0m
[64.029s] [ 79%] [32mBuilding CXX object motion_planning_rviz_plugin/CMakeFiles/moveit_motion_planning_rviz_plugin_core.dir/src/motion_planning_frame_objects.cpp.o[0m
[64.030s] [ 84%] [32mBuilding CXX object motion_planning_rviz_plugin/CMakeFiles/moveit_motion_planning_rviz_plugin_core.dir/src/motion_planning_frame_joints_widget.cpp.o[0m
[64.030s] [ 84%] [32mBuilding CXX object motion_planning_rviz_plugin/CMakeFiles/moveit_motion_planning_rviz_plugin_core.dir/src/motion_planning_display.cpp.o[0m
[64.030s] [ 84%] [32mBuilding CXX object motion_planning_rviz_plugin/CMakeFiles/moveit_motion_planning_rviz_plugin_core.dir/src/motion_planning_param_widget.cpp.o[0m
[64.032s] [ 86%] [32mBuilding CXX object motion_planning_rviz_plugin/CMakeFiles/moveit_motion_planning_rviz_plugin_core.dir/src/motion_planning_frame_manipulation.cpp.o[0m
[77.485s] [ 87%] [32m[1mLinking CXX shared library libmoveit_trajectory_rviz_plugin.so[0m
[79.520s] [ 89%] [32mBuilding CXX object motion_planning_rviz_plugin/CMakeFiles/moveit_motion_planning_rviz_plugin_core.dir/src/interactive_marker_display.cpp.o[0m
[79.888s] [ 89%] Built target moveit_trajectory_rviz_plugin
[79.907s] [ 91%] [32mBuilding CXX object motion_planning_rviz_plugin/CMakeFiles/moveit_motion_planning_rviz_plugin_core.dir/moveit_motion_planning_rviz_plugin_core_autogen/2OST2OT5Q2/qrc_icons.cpp.o[0m
