[0.020s] Invoking command in '/home/jellyfish/ws_moveit/build/moveit_planners_chomp': AMENT_PREFIX_PATH=/home/jellyfish/ws_moveit/install/chomp_motion_planner:/home/jellyfish/ws_moveit/install/moveit_core:/home/jellyfish/ws_moveit/install/moveit_resources_panda_moveit_config:/home/jellyfish/ws_moveit/install/srdfdom:/home/jellyfish/ws_moveit/install/moveit_resources_pr2_description:/home/jellyfish/ws_moveit/install/moveit_resources_panda_description:/home/jellyfish/ws_moveit/install/moveit_common:${AMENT_PREFIX_PATH} CMAKE_PREFIX_PATH=/home/jellyfish/ws_moveit/install/chomp_motion_planner:/home/jellyfish/ws_moveit/install/moveit_core:/home/jellyfish/ws_moveit/install/moveit_resources_panda_moveit_config:/home/jellyfish/ws_moveit/install/srdfdom:/home/jellyfish/ws_moveit/install/moveit_resources_pr2_description:/home/jellyfish/ws_moveit/install/moveit_resources_panda_description:/home/jellyfish/ws_moveit/install/moveit_common:/opt/ros/humble LD_LIBRARY_PATH=/home/jellyfish/ws_moveit/install/chomp_motion_planner/lib:/home/jellyfish/ws_moveit/install/moveit_core/lib:/home/jellyfish/ws_moveit/install/srdfdom/lib:${LD_LIBRARY_PATH} PATH=/home/jellyfish/ws_moveit/install/moveit_core/bin:${PATH} PYTHONPATH=/home/jellyfish/ws_moveit/install/srdfdom/local/lib/python3.10/dist-packages:${PYTHONPATH} /usr/bin/cmake /home/jellyfish/ws_moveit/src/moveit2/moveit_planners/chomp/chomp_interface -DCMAKE_BUILD_TYPE=Release -DCMAKE_INSTALL_PREFIX=/home/jellyfish/ws_moveit/install/moveit_planners_chomp
[0.108s] -- The C compiler identification is GNU 11.4.0
[0.227s] -- The CXX compiler identification is GNU 11.4.0
[0.241s] -- Detecting C compiler ABI info
[0.370s] -- Detecting C compiler ABI info - done
[0.376s] -- Check for working C compiler: /usr/bin/cc - skipped
[0.376s] -- Detecting C compile features
[0.377s] -- Detecting C compile features - done
[0.379s] -- Detecting CXX compiler ABI info
[0.507s] -- Detecting CXX compiler ABI info - done
[0.514s] -- Check for working CXX compiler: /usr/bin/c++ - skipped
[0.514s] -- Detecting CXX compile features
[0.514s] -- Detecting CXX compile features - done
[0.516s] -- Found moveit_common: 2.5.5 (/home/jellyfish/ws_moveit/install/moveit_common/share/moveit_common/cmake)
[0.519s] -- Found ament_cmake: 1.3.9 (/opt/ros/humble/share/ament_cmake/cmake)
[0.711s] -- Found Python3: /usr/bin/python3 (found version "3.10.12") found components: Interpreter 
[0.987s] -- Found libdw: /usr/lib/x86_64-linux-gnu/libdw.so  
[0.993s] -- Could NOT find libbfd (missing: LIBBFD_LIBRARY LIBBFD_INCLUDE_DIR) 
[0.993s] -- BACKWARD_HAS_UNWIND=1
[0.993s] -- BACKWARD_HAS_BACKTRACE=0
[0.993s] -- BACKWARD_HAS_BACKTRACE_SYMBOL=0
[0.993s] -- BACKWARD_HAS_DW=1
[0.993s] -- BACKWARD_HAS_BFD=0
[0.993s] -- Found Backward: /opt/ros/humble/share/backward_ros/cmake  
[0.994s] -- Found moveit_core: 2.5.5 (/home/jellyfish/ws_moveit/install/moveit_core/share/moveit_core/cmake)
[1.342s] -- Found Boost: /usr/lib/x86_64-linux-gnu/cmake/Boost-1.74.0/BoostConfig.cmake (found version "1.74.0") found components: chrono date_time filesystem iostreams program_options regex serialization system thread 
[1.394s] -- Found parameter_traits: 0.3.8 (/opt/ros/humble/share/parameter_traits/cmake)
[1.442s] -- Found rosidl_generator_c: 3.1.5 (/opt/ros/humble/share/rosidl_generator_c/cmake)
[1.448s] -- Found rosidl_adapter: 3.1.5 (/opt/ros/humble/share/rosidl_adapter/cmake)
[1.458s] -- Found rosidl_generator_cpp: 3.1.5 (/opt/ros/humble/share/rosidl_generator_cpp/cmake)
[1.474s] -- Using all available rosidl_typesupport_c: rosidl_typesupport_fastrtps_c;rosidl_typesupport_introspection_c
[1.496s] -- Using all available rosidl_typesupport_cpp: rosidl_typesupport_fastrtps_cpp;rosidl_typesupport_introspection_cpp
[1.575s] -- Found rmw_implementation_cmake: 6.1.2 (/opt/ros/humble/share/rmw_implementation_cmake/cmake)
[1.580s] -- Found rmw_fastrtps_cpp: 6.2.6 (/opt/ros/humble/share/rmw_fastrtps_cpp/cmake)
[1.734s] -- Found OpenSSL: /usr/lib/x86_64-linux-gnu/libcrypto.so (found version "3.0.2")  
[1.761s] -- Found FastRTPS: /opt/ros/humble/include  
[1.820s] -- Using RMW implementation 'rmw_fastrtps_cpp' as default
[1.833s] -- Found Threads: TRUE  
[2.014s] -- Found Eigen3: TRUE (found version "3.4.0") 
[2.017s] -- Found rclcpp_lifecycle: 16.0.9 (/opt/ros/humble/share/rclcpp_lifecycle/cmake)
[2.066s] -- Found Boost: /usr/lib/x86_64-linux-gnu/cmake/Boost-1.74.0/BoostConfig.cmake (found version "1.74.0") found components: filesystem 
[2.288s] -- library: /usr/lib/x86_64-linux-gnu/libcurl.so
[2.622s] -- Ensuring Eigen3 include directory is part of orocos-kdl CMake target
[3.693s] -- Found chomp_motion_planner: 2.5.5 (/home/jellyfish/ws_moveit/install/chomp_motion_planner/share/chomp_motion_planner/cmake)
[3.703s] -- Found ament_lint_auto: 0.12.11 (/opt/ros/humble/share/ament_lint_auto/cmake)
[3.719s] -- Added test 'cppcheck' to perform static code analysis on C / C++ code
[3.719s] -- Configured cppcheck include dirs: /home/jellyfish/ws_moveit/src/moveit2/moveit_planners/chomp/chomp_interface/include
[3.720s] -- Configured cppcheck exclude dirs and/or files: 
[3.720s] -- Added test 'xmllint' to check XML markup files
[3.722s] -- Configuring done
[3.765s] -- Generating done
[3.767s] -- Build files have been written to: /home/jellyfish/ws_moveit/build/moveit_planners_chomp
[3.783s] Invoked command in '/home/jellyfish/ws_moveit/build/moveit_planners_chomp' returned '0': AMENT_PREFIX_PATH=/home/jellyfish/ws_moveit/install/chomp_motion_planner:/home/jellyfish/ws_moveit/install/moveit_core:/home/jellyfish/ws_moveit/install/moveit_resources_panda_moveit_config:/home/jellyfish/ws_moveit/install/srdfdom:/home/jellyfish/ws_moveit/install/moveit_resources_pr2_description:/home/jellyfish/ws_moveit/install/moveit_resources_panda_description:/home/jellyfish/ws_moveit/install/moveit_common:${AMENT_PREFIX_PATH} CMAKE_PREFIX_PATH=/home/jellyfish/ws_moveit/install/chomp_motion_planner:/home/jellyfish/ws_moveit/install/moveit_core:/home/jellyfish/ws_moveit/install/moveit_resources_panda_moveit_config:/home/jellyfish/ws_moveit/install/srdfdom:/home/jellyfish/ws_moveit/install/moveit_resources_pr2_description:/home/jellyfish/ws_moveit/install/moveit_resources_panda_description:/home/jellyfish/ws_moveit/install/moveit_common:/opt/ros/humble LD_LIBRARY_PATH=/home/jellyfish/ws_moveit/install/chomp_motion_planner/lib:/home/jellyfish/ws_moveit/install/moveit_core/lib:/home/jellyfish/ws_moveit/install/srdfdom/lib:${LD_LIBRARY_PATH} PATH=/home/jellyfish/ws_moveit/install/moveit_core/bin:${PATH} PYTHONPATH=/home/jellyfish/ws_moveit/install/srdfdom/local/lib/python3.10/dist-packages:${PYTHONPATH} /usr/bin/cmake /home/jellyfish/ws_moveit/src/moveit2/moveit_planners/chomp/chomp_interface -DCMAKE_BUILD_TYPE=Release -DCMAKE_INSTALL_PREFIX=/home/jellyfish/ws_moveit/install/moveit_planners_chomp
[3.784s] Invoking command in '/home/jellyfish/ws_moveit/build/moveit_planners_chomp': AMENT_PREFIX_PATH=/home/jellyfish/ws_moveit/install/chomp_motion_planner:/home/jellyfish/ws_moveit/install/moveit_core:/home/jellyfish/ws_moveit/install/moveit_resources_panda_moveit_config:/home/jellyfish/ws_moveit/install/srdfdom:/home/jellyfish/ws_moveit/install/moveit_resources_pr2_description:/home/jellyfish/ws_moveit/install/moveit_resources_panda_description:/home/jellyfish/ws_moveit/install/moveit_common:${AMENT_PREFIX_PATH} CMAKE_PREFIX_PATH=/home/jellyfish/ws_moveit/install/chomp_motion_planner:/home/jellyfish/ws_moveit/install/moveit_core:/home/jellyfish/ws_moveit/install/moveit_resources_panda_moveit_config:/home/jellyfish/ws_moveit/install/srdfdom:/home/jellyfish/ws_moveit/install/moveit_resources_pr2_description:/home/jellyfish/ws_moveit/install/moveit_resources_panda_description:/home/jellyfish/ws_moveit/install/moveit_common:/opt/ros/humble LD_LIBRARY_PATH=/home/jellyfish/ws_moveit/install/chomp_motion_planner/lib:/home/jellyfish/ws_moveit/install/moveit_core/lib:/home/jellyfish/ws_moveit/install/srdfdom/lib:${LD_LIBRARY_PATH} PATH=/home/jellyfish/ws_moveit/install/moveit_core/bin:${PATH} PYTHONPATH=/home/jellyfish/ws_moveit/install/srdfdom/local/lib/python3.10/dist-packages:${PYTHONPATH} /usr/bin/cmake --build /home/jellyfish/ws_moveit/build/moveit_planners_chomp -- -j12 -l12
[3.855s] [ 20%] [32mBuilding CXX object CMakeFiles/moveit_chomp_interface.dir/src/chomp_planning_context.cpp.o[0m
[3.861s] [ 40%] [32mBuilding CXX object CMakeFiles/moveit_chomp_interface.dir/src/chomp_interface.cpp.o[0m
[10.524s] [ 60%] [32m[1mLinking CXX shared library libmoveit_chomp_interface.so[0m
[10.761s] [ 60%] Built target moveit_chomp_interface
[10.808s] [ 80%] [32mBuilding CXX object CMakeFiles/moveit_chomp_planner_plugin.dir/src/chomp_plugin.cpp.o[0m
[19.657s] [100%] [32m[1mLinking CXX shared library libmoveit_chomp_planner_plugin.so[0m
[19.850s] [100%] Built target moveit_chomp_planner_plugin
[19.864s] Invoked command in '/home/jellyfish/ws_moveit/build/moveit_planners_chomp' returned '0': AMENT_PREFIX_PATH=/home/jellyfish/ws_moveit/install/chomp_motion_planner:/home/jellyfish/ws_moveit/install/moveit_core:/home/jellyfish/ws_moveit/install/moveit_resources_panda_moveit_config:/home/jellyfish/ws_moveit/install/srdfdom:/home/jellyfish/ws_moveit/install/moveit_resources_pr2_description:/home/jellyfish/ws_moveit/install/moveit_resources_panda_description:/home/jellyfish/ws_moveit/install/moveit_common:${AMENT_PREFIX_PATH} CMAKE_PREFIX_PATH=/home/jellyfish/ws_moveit/install/chomp_motion_planner:/home/jellyfish/ws_moveit/install/moveit_core:/home/jellyfish/ws_moveit/install/moveit_resources_panda_moveit_config:/home/jellyfish/ws_moveit/install/srdfdom:/home/jellyfish/ws_moveit/install/moveit_resources_pr2_description:/home/jellyfish/ws_moveit/install/moveit_resources_panda_description:/home/jellyfish/ws_moveit/install/moveit_common:/opt/ros/humble LD_LIBRARY_PATH=/home/jellyfish/ws_moveit/install/chomp_motion_planner/lib:/home/jellyfish/ws_moveit/install/moveit_core/lib:/home/jellyfish/ws_moveit/install/srdfdom/lib:${LD_LIBRARY_PATH} PATH=/home/jellyfish/ws_moveit/install/moveit_core/bin:${PATH} PYTHONPATH=/home/jellyfish/ws_moveit/install/srdfdom/local/lib/python3.10/dist-packages:${PYTHONPATH} /usr/bin/cmake --build /home/jellyfish/ws_moveit/build/moveit_planners_chomp -- -j12 -l12
[19.915s] Invoking command in '/home/jellyfish/ws_moveit/build/moveit_planners_chomp': AMENT_PREFIX_PATH=/home/jellyfish/ws_moveit/install/chomp_motion_planner:/home/jellyfish/ws_moveit/install/moveit_core:/home/jellyfish/ws_moveit/install/moveit_resources_panda_moveit_config:/home/jellyfish/ws_moveit/install/srdfdom:/home/jellyfish/ws_moveit/install/moveit_resources_pr2_description:/home/jellyfish/ws_moveit/install/moveit_resources_panda_description:/home/jellyfish/ws_moveit/install/moveit_common:${AMENT_PREFIX_PATH} CMAKE_PREFIX_PATH=/home/jellyfish/ws_moveit/install/chomp_motion_planner:/home/jellyfish/ws_moveit/install/moveit_core:/home/jellyfish/ws_moveit/install/moveit_resources_panda_moveit_config:/home/jellyfish/ws_moveit/install/srdfdom:/home/jellyfish/ws_moveit/install/moveit_resources_pr2_description:/home/jellyfish/ws_moveit/install/moveit_resources_panda_description:/home/jellyfish/ws_moveit/install/moveit_common:/opt/ros/humble LD_LIBRARY_PATH=/home/jellyfish/ws_moveit/install/chomp_motion_planner/lib:/home/jellyfish/ws_moveit/install/moveit_core/lib:/home/jellyfish/ws_moveit/install/srdfdom/lib:${LD_LIBRARY_PATH} PATH=/home/jellyfish/ws_moveit/install/moveit_core/bin:${PATH} PYTHONPATH=/home/jellyfish/ws_moveit/install/srdfdom/local/lib/python3.10/dist-packages:${PYTHONPATH} /usr/bin/cmake --install /home/jellyfish/ws_moveit/build/moveit_planners_chomp
[19.923s] -- Install configuration: "Release"
[19.924s] -- Installing: /home/jellyfish/ws_moveit/install/moveit_planners_chomp/lib/libmoveit_chomp_interface.so.2.5.5
[19.924s] -- Set runtime path of "/home/jellyfish/ws_moveit/install/moveit_planners_chomp/lib/libmoveit_chomp_interface.so.2.5.5" to ""
[19.924s] -- Installing: /home/jellyfish/ws_moveit/install/moveit_planners_chomp/lib/libmoveit_chomp_interface.so
[19.924s] -- Installing: /home/jellyfish/ws_moveit/install/moveit_planners_chomp/lib/libmoveit_chomp_planner_plugin.so
[19.925s] -- Set runtime path of "/home/jellyfish/ws_moveit/install/moveit_planners_chomp/lib/libmoveit_chomp_planner_plugin.so" to ""
[19.925s] -- Installing: /home/jellyfish/ws_moveit/install/moveit_planners_chomp/share/moveit_planners_chomp/environment/library_path.sh
[19.925s] -- Installing: /home/jellyfish/ws_moveit/install/moveit_planners_chomp/share/moveit_planners_chomp/environment/library_path.dsv
[19.925s] -- Installing: /home/jellyfish/ws_moveit/install/moveit_planners_chomp/share/moveit_planners_chomp/chomp_interface_plugin_description.xml
[19.925s] -- Installing: /home/jellyfish/ws_moveit/install/moveit_planners_chomp/share/ament_index/resource_index/package_run_dependencies/moveit_planners_chomp
[19.926s] -- Installing: /home/jellyfish/ws_moveit/install/moveit_planners_chomp/share/ament_index/resource_index/parent_prefix_path/moveit_planners_chomp
[19.926s] -- Installing: /home/jellyfish/ws_moveit/install/moveit_planners_chomp/share/moveit_planners_chomp/environment/ament_prefix_path.sh
[19.926s] -- Installing: /home/jellyfish/ws_moveit/install/moveit_planners_chomp/share/moveit_planners_chomp/environment/ament_prefix_path.dsv
[19.926s] -- Installing: /home/jellyfish/ws_moveit/install/moveit_planners_chomp/share/moveit_planners_chomp/environment/path.sh
[19.926s] -- Installing: /home/jellyfish/ws_moveit/install/moveit_planners_chomp/share/moveit_planners_chomp/environment/path.dsv
[19.927s] -- Installing: /home/jellyfish/ws_moveit/install/moveit_planners_chomp/share/moveit_planners_chomp/local_setup.bash
[19.927s] -- Installing: /home/jellyfish/ws_moveit/install/moveit_planners_chomp/share/moveit_planners_chomp/local_setup.sh
[19.927s] -- Installing: /home/jellyfish/ws_moveit/install/moveit_planners_chomp/share/moveit_planners_chomp/local_setup.zsh
[19.927s] -- Installing: /home/jellyfish/ws_moveit/install/moveit_planners_chomp/share/moveit_planners_chomp/local_setup.dsv
[19.927s] -- Installing: /home/jellyfish/ws_moveit/install/moveit_planners_chomp/share/moveit_planners_chomp/package.dsv
[19.927s] -- Installing: /home/jellyfish/ws_moveit/install/moveit_planners_chomp/share/ament_index/resource_index/packages/moveit_planners_chomp
[19.928s] -- Installing: /home/jellyfish/ws_moveit/install/moveit_planners_chomp/share/ament_index/resource_index/moveit_core__pluginlib__plugin/moveit_planners_chomp
[19.928s] -- Installing: /home/jellyfish/ws_moveit/install/moveit_planners_chomp/share/moveit_planners_chomp/cmake/moveit_planners_chompTargetsExport.cmake
[19.928s] -- Installing: /home/jellyfish/ws_moveit/install/moveit_planners_chomp/share/moveit_planners_chomp/cmake/moveit_planners_chompTargetsExport-release.cmake
[19.928s] -- Installing: /home/jellyfish/ws_moveit/install/moveit_planners_chomp/share/moveit_planners_chomp/cmake/ament_cmake_export_targets-extras.cmake
[19.929s] -- Installing: /home/jellyfish/ws_moveit/install/moveit_planners_chomp/share/moveit_planners_chomp/cmake/ament_cmake_export_dependencies-extras.cmake
[19.929s] -- Installing: /home/jellyfish/ws_moveit/install/moveit_planners_chomp/share/moveit_planners_chomp/cmake/moveit_planners_chompConfig.cmake
[19.929s] -- Installing: /home/jellyfish/ws_moveit/install/moveit_planners_chomp/share/moveit_planners_chomp/cmake/moveit_planners_chompConfig-version.cmake
[19.929s] -- Installing: /home/jellyfish/ws_moveit/install/moveit_planners_chomp/share/moveit_planners_chomp/package.xml
[19.931s] Invoked command in '/home/jellyfish/ws_moveit/build/moveit_planners_chomp' returned '0': AMENT_PREFIX_PATH=/home/jellyfish/ws_moveit/install/chomp_motion_planner:/home/jellyfish/ws_moveit/install/moveit_core:/home/jellyfish/ws_moveit/install/moveit_resources_panda_moveit_config:/home/jellyfish/ws_moveit/install/srdfdom:/home/jellyfish/ws_moveit/install/moveit_resources_pr2_description:/home/jellyfish/ws_moveit/install/moveit_resources_panda_description:/home/jellyfish/ws_moveit/install/moveit_common:${AMENT_PREFIX_PATH} CMAKE_PREFIX_PATH=/home/jellyfish/ws_moveit/install/chomp_motion_planner:/home/jellyfish/ws_moveit/install/moveit_core:/home/jellyfish/ws_moveit/install/moveit_resources_panda_moveit_config:/home/jellyfish/ws_moveit/install/srdfdom:/home/jellyfish/ws_moveit/install/moveit_resources_pr2_description:/home/jellyfish/ws_moveit/install/moveit_resources_panda_description:/home/jellyfish/ws_moveit/install/moveit_common:/opt/ros/humble LD_LIBRARY_PATH=/home/jellyfish/ws_moveit/install/chomp_motion_planner/lib:/home/jellyfish/ws_moveit/install/moveit_core/lib:/home/jellyfish/ws_moveit/install/srdfdom/lib:${LD_LIBRARY_PATH} PATH=/home/jellyfish/ws_moveit/install/moveit_core/bin:${PATH} PYTHONPATH=/home/jellyfish/ws_moveit/install/srdfdom/local/lib/python3.10/dist-packages:${PYTHONPATH} /usr/bin/cmake --install /home/jellyfish/ws_moveit/build/moveit_planners_chomp
